[0.064s] Invoking command in '/home/kaushal/kaushal/moveit_ws/build/hello_moveit': AMENT_PREFIX_PATH=/home/kaushal/kaushal/moveit_ws/install/moveit_configs_utils:/home/kaushal/kaushal/moveit_ws/install/launch_param_builder:/home/kaushal/kaushal/moveit_ws/install/lifted_arm_config:/home/kaushal/kaushal/moveit_ws/install/ur_description:/home/kaushal/kaushal/moveit_ws/install/pilz_industrial_motion_planner_testutils:/home/kaushal/kaushal/moveit_ws/install/moveit_runtime:/home/kaushal/kaushal/moveit_ws/install/moveit2_tutorials:/home/kaushal/kaushal/moveit_ws/install/moveit:/home/kaushal/kaushal/moveit_ws/install/moveit_planners:/home/kaushal/kaushal/moveit_ws/install/pilz_industrial_motion_planner:/home/kaushal/kaushal/moveit_ws/install/moveit_visual_tools:/home/kaushal/kaushal/moveit_ws/install/moveit_task_constructor_visualization:/home/kaushal/kaushal/moveit_ws/install/moveit_task_constructor_demo:/home/kaushal/kaushal/moveit_ws/install/moveit_task_constructor_capabilities:/home/kaushal/kaushal/moveit_ws/install/moveit_task_constructor_core:/home/kaushal/kaushal/moveit_ws/install/moveit_ros_control_interface:/home/kaushal/kaushal/moveit_ws/install/moveit_plugins:/home/kaushal/kaushal/moveit_ws/install/moveit_simple_controller_manager:/home/kaushal/kaushal/moveit_ws/install/moveit_setup_assistant:/home/kaushal/kaushal/moveit_ws/install/moveit_setup_srdf_plugins:/home/kaushal/kaushal/moveit_ws/install/moveit_setup_core_plugins:/home/kaushal/kaushal/moveit_ws/install/moveit_setup_controllers:/home/kaushal/kaushal/moveit_ws/install/moveit_setup_app_plugins:/home/kaushal/kaushal/moveit_ws/install/moveit_setup_framework:/home/kaushal/kaushal/moveit_ws/install/moveit_servo:/home/kaushal/kaushal/moveit_ws/install/moveit_ros:/home/kaushal/kaushal/moveit_ws/install/moveit_ros_visualization:/home/kaushal/kaushal/moveit_ws/install/moveit_hybrid_planning:/home/kaushal/kaushal/moveit_ws/install/hello_moveit:/home/kaushal/kaushal/moveit_ws/install/moveit_ros_planning_interface:/home/kaushal/kaushal/moveit_ws/install/moveit_ros_benchmarks:/home/kaushal/kaushal/moveit_ws/install/moveit_ros_warehouse:/home/kaushal/kaushal/moveit_ws/install/moveit_ros_robot_interaction:/home/kaushal/kaushal/moveit_ws/install/moveit_ros_perception:/home/kaushal/kaushal/moveit_ws/install/moveit_resources_prbt_pg70_support:/home/kaushal/kaushal/moveit_ws/install/moveit_resources_prbt_moveit_config:/home/kaushal/kaushal/moveit_ws/install/moveit_ros_move_group:/home/kaushal/kaushal/moveit_ws/install/moveit_planners_ompl:/home/kaushal/kaushal/moveit_ws/install/moveit_ros_planning:/home/kaushal/kaushal/moveit_ws/install/moveit_ros_occupancy_map_monitor:/home/kaushal/kaushal/moveit_ws/install/moveit_resources_prbt_ikfast_manipulator_plugin:/home/kaushal/kaushal/moveit_ws/install/moveit_planners_chomp:/home/kaushal/kaushal/moveit_ws/install/moveit_kinematics:/home/kaushal/kaushal/moveit_ws/install/moveit_chomp_optimizer_adapter:/home/kaushal/kaushal/moveit_ws/install/chomp_motion_planner:/home/kaushal/kaushal/moveit_ws/install/moveit_core:/home/kaushal/kaushal/moveit_ws/install/srdfdom:/home/kaushal/kaushal/moveit_ws/install/rviz_marker_tools:/home/kaushal/kaushal/moveit_ws/install/rosparam_shortcuts:/home/kaushal/kaushal/moveit_ws/install/moveit_task_constructor_msgs:/home/kaushal/kaushal/moveit_ws/install/moveit_resources_prbt_support:/home/kaushal/kaushal/moveit_ws/install/moveit_resources:/home/kaushal/kaushal/moveit_ws/install/moveit_resources_pr2_description:/home/kaushal/kaushal/moveit_ws/install/moveit_resources_panda_moveit_config:/home/kaushal/kaushal/moveit_ws/install/moveit_resources_panda_description:/home/kaushal/kaushal/moveit_ws/install/moveit_resources_fanuc_moveit_config:/home/kaushal/kaushal/moveit_ws/install/moveit_resources_fanuc_description:/home/kaushal/kaushal/moveit_ws/install/moveit_common:/opt/ros/humble CMAKE_PREFIX_PATH=/home/kaushal/kaushal/moveit_ws/install/moveit_ros_planning_interface:/home/kaushal/kaushal/moveit_ws/install/moveit_ros_move_group:/home/kaushal/kaushal/moveit_ws/install/moveit_visual_tools:/home/kaushal/kaushal/moveit_ws/install/moveit_ros_warehouse:/home/kaushal/kaushal/moveit_ws/install/moveit_planners_ompl:/home/kaushal/kaushal/moveit_ws/install/moveit_kinematics:/home/kaushal/kaushal/moveit_ws/install/moveit_ros_planning:/home/kaushal/kaushal/moveit_ws/install/moveit_simple_controller_manager:/home/kaushal/kaushal/moveit_ws/install/moveit_ros_occupancy_map_monitor:/home/kaushal/kaushal/moveit_ws/install/moveit_core:/home/kaushal/kaushal/moveit_ws/install/moveit_resources_panda_moveit_config:/home/kaushal/kaushal/moveit_ws/install/moveit_resources_fanuc_moveit_config:/home/kaushal/kaushal/moveit_ws/install/srdfdom:/home/kaushal/kaushal/moveit_ws/install/moveit_resources_pr2_description:/home/kaushal/kaushal/moveit_ws/install/moveit_resources_panda_description:/home/kaushal/kaushal/moveit_ws/install/moveit_resources_fanuc_description:/home/kaushal/kaushal/moveit_ws/install/moveit_common:/home/kaushal/kaushal/moveit_ws/install/lifted_arm_config:/home/kaushal/kaushal/moveit_ws/install/ur_description:/home/kaushal/kaushal/moveit_ws/install/pilz_industrial_motion_planner_testutils:/home/kaushal/kaushal/moveit_ws/install/moveit_runtime:/home/kaushal/kaushal/moveit_ws/install/moveit2_tutorials:/home/kaushal/kaushal/moveit_ws/install/moveit:/home/kaushal/kaushal/moveit_ws/install/moveit_planners:/home/kaushal/kaushal/moveit_ws/install/pilz_industrial_motion_planner:/home/kaushal/kaushal/moveit_ws/install/moveit_task_constructor_visualization:/home/kaushal/kaushal/moveit_ws/install/moveit_task_constructor_demo:/home/kaushal/kaushal/moveit_ws/install/moveit_task_constructor_capabilities:/home/kaushal/kaushal/moveit_ws/install/moveit_task_constructor_core:/home/kaushal/kaushal/moveit_ws/install/moveit_ros_control_interface:/home/kaushal/kaushal/moveit_ws/install/moveit_plugins:/home/kaushal/kaushal/moveit_ws/install/moveit_setup_assistant:/home/kaushal/kaushal/moveit_ws/install/moveit_setup_srdf_plugins:/home/kaushal/kaushal/moveit_ws/install/moveit_setup_core_plugins:/home/kaushal/kaushal/moveit_ws/install/moveit_setup_controllers:/home/kaushal/kaushal/moveit_ws/install/moveit_setup_app_plugins:/home/kaushal/kaushal/moveit_ws/install/moveit_setup_framework:/home/kaushal/kaushal/moveit_ws/install/moveit_servo:/home/kaushal/kaushal/moveit_ws/install/moveit_ros:/home/kaushal/kaushal/moveit_ws/install/moveit_ros_visualization:/home/kaushal/kaushal/moveit_ws/install/moveit_hybrid_planning:/home/kaushal/kaushal/moveit_ws/install/hello_moveit:/home/kaushal/kaushal/moveit_ws/install/moveit_ros_benchmarks:/home/kaushal/kaushal/moveit_ws/install/moveit_ros_robot_interaction:/home/kaushal/kaushal/moveit_ws/install/moveit_ros_perception:/home/kaushal/kaushal/moveit_ws/install/moveit_resources_prbt_pg70_support:/home/kaushal/kaushal/moveit_ws/install/moveit_resources_prbt_moveit_config:/home/kaushal/kaushal/moveit_ws/install/moveit_resources_prbt_ikfast_manipulator_plugin:/home/kaushal/kaushal/moveit_ws/install/moveit_planners_chomp:/home/kaushal/kaushal/moveit_ws/install/moveit_chomp_optimizer_adapter:/home/kaushal/kaushal/moveit_ws/install/chomp_motion_planner:/home/kaushal/kaushal/moveit_ws/install/rviz_marker_tools:/home/kaushal/kaushal/moveit_ws/install/rosparam_shortcuts:/home/kaushal/kaushal/moveit_ws/install/moveit_task_constructor_msgs:/home/kaushal/kaushal/moveit_ws/install/moveit_resources_prbt_support:/home/kaushal/kaushal/moveit_ws/install/moveit_resources:/home/kaushal/kaushal/moveit_ws/install/moveit_configs_utils:/home/kaushal/kaushal/moveit_ws/install/launch_param_builder:/opt/ros/humble LD_LIBRARY_PATH=/home/kaushal/kaushal/moveit_ws/install/moveit_ros_planning_interface/lib:/home/kaushal/kaushal/moveit_ws/install/moveit_ros_move_group/lib:/home/kaushal/kaushal/moveit_ws/install/moveit_visual_tools/lib:/home/kaushal/kaushal/moveit_ws/install/moveit_ros_warehouse/lib:/home/kaushal/kaushal/moveit_ws/install/moveit_planners_ompl/lib:/home/kaushal/kaushal/moveit_ws/install/moveit_kinematics/lib:/home/kaushal/kaushal/moveit_ws/install/moveit_ros_planning/lib:/home/kaushal/kaushal/moveit_ws/install/moveit_simple_controller_manager/lib:/home/kaushal/kaushal/moveit_ws/install/moveit_ros_occupancy_map_monitor/lib:/home/kaushal/kaushal/moveit_ws/install/moveit_core/lib:/home/kaushal/kaushal/moveit_ws/install/srdfdom/lib:/home/kaushal/kaushal/moveit_ws/install/pilz_industrial_motion_planner_testutils/lib:/home/kaushal/kaushal/moveit_ws/install/pilz_industrial_motion_planner/lib:/home/kaushal/kaushal/moveit_ws/install/moveit_task_constructor_visualization/lib:/home/kaushal/kaushal/moveit_ws/install/moveit_task_constructor_demo/lib:/home/kaushal/kaushal/moveit_ws/install/moveit_task_constructor_capabilities/lib:/home/kaushal/kaushal/moveit_ws/install/moveit_task_constructor_core/lib:/home/kaushal/kaushal/moveit_ws/install/moveit_ros_control_interface/lib:/home/kaushal/kaushal/moveit_ws/install/moveit_setup_assistant/lib:/home/kaushal/kaushal/moveit_ws/install/moveit_setup_srdf_plugins/lib:/home/kaushal/kaushal/moveit_ws/install/moveit_setup_core_plugins/lib:/home/kaushal/kaushal/moveit_ws/install/moveit_setup_controllers/lib:/home/kaushal/kaushal/moveit_ws/install/moveit_setup_app_plugins/lib:/home/kaushal/kaushal/moveit_ws/install/moveit_setup_framework/lib:/home/kaushal/kaushal/moveit_ws/install/moveit_servo/lib:/home/kaushal/kaushal/moveit_ws/install/moveit_ros_visualization/lib:/home/kaushal/kaushal/moveit_ws/install/moveit_hybrid_planning/lib:/home/kaushal/kaushal/moveit_ws/install/moveit_ros_benchmarks/lib:/home/kaushal/kaushal/moveit_ws/install/moveit_ros_robot_interaction/lib:/home/kaushal/kaushal/moveit_ws/install/moveit_ros_perception/lib:/home/kaushal/kaushal/moveit_ws/install/moveit_resources_prbt_ikfast_manipulator_plugin/lib:/home/kaushal/kaushal/moveit_ws/install/moveit_planners_chomp/lib:/home/kaushal/kaushal/moveit_ws/install/moveit_chomp_optimizer_adapter/lib:/home/kaushal/kaushal/moveit_ws/install/chomp_motion_planner/lib:/home/kaushal/kaushal/moveit_ws/install/rviz_marker_tools/lib:/home/kaushal/kaushal/moveit_ws/install/rosparam_shortcuts/lib:/home/kaushal/kaushal/moveit_ws/install/moveit_task_constructor_msgs/lib:/opt/ros/humble/opt/rviz_ogre_vendor/lib:/opt/ros/humble/lib/x86_64-linux-gnu:/opt/ros/humble/lib PYTHONPATH=/home/kaushal/kaushal/moveit_ws/install/moveit_configs_utils/lib/python3.10/site-packages:/home/kaushal/kaushal/moveit_ws/install/launch_param_builder/lib/python3.10/site-packages:/home/kaushal/kaushal/moveit_ws/install/moveit_task_constructor_core/local/lib/python3.10/dist-packages:/home/kaushal/kaushal/moveit_ws/install/srdfdom/local/lib/python3.10/dist-packages:/home/kaushal/kaushal/moveit_ws/install/moveit_task_constructor_msgs/local/lib/python3.10/dist-packages:/opt/ros/humble/lib/python3.10/site-packages:/opt/ros/humble/local/lib/python3.10/dist-packages /usr/bin/cmake --build /home/kaushal/kaushal/moveit_ws/build/hello_moveit -- -j16 -l16
[0.128s] [35m[1mConsolidate compiler generated dependencies of target hello_moveit[0m
[0.161s] [ 50%] [32mBuilding CXX object CMakeFiles/hello_moveit.dir/src/hello_moveit.cpp.o[0m
[6.017s] [01m[K/home/kaushal/kaushal/moveit_ws/src/hello_moveit/src/hello_moveit/src/hello_moveit.cpp:[m[K In lambda function:
[6.017s] [01m[K/home/kaushal/kaushal/moveit_ws/src/hello_moveit/src/hello_moveit/src/hello_moveit.cpp:69:5:[m[K [01;31m[Kerror: [m[K‘[01m[KMoveGroupInterface[m[K’ has not been declared
[6.017s]    69 |     [01;31m[KMoveGroupInterface[m[K::Plan msg;
[6.017s]       |     [01;31m[K^~~~~~~~~~~~~~~~~~[m[K
[6.018s] [01m[K/home/kaushal/kaushal/moveit_ws/src/hello_moveit/src/hello_moveit/src/hello_moveit.cpp:70:65:[m[K [01;31m[Kerror: [m[K‘[01m[Kmsg[m[K’ was not declared in this scope
[6.018s]    70 |     auto const ok = static_cast<bool>(move_group_interface.plan([01;31m[Kmsg[m[K));
[6.018s]       |                                                                 [01;31m[K^~~[m[K
[6.018s] [01m[K/home/kaushal/kaushal/moveit_ws/src/hello_moveit/src/hello_moveit/src/hello_moveit.cpp:70:65:[m[K [01;36m[Knote: [m[Ksuggested alternatives:
[6.018s] In file included from [01m[K/opt/ros/humble/include/builtin_interfaces/builtin_interfaces/msg/duration.hpp:7[m[K,
[6.019s]                  from [01m[K/opt/ros/humble/include/rclcpp/rclcpp/duration.hpp:20[m[K,
[6.019s]                  from [01m[K/opt/ros/humble/include/rclcpp/rclcpp/qos.hpp:20[m[K,
[6.019s]                  from [01m[K/opt/ros/humble/include/rclcpp/rclcpp/node_interfaces/node_graph_interface.hpp:32[m[K,
[6.019s]                  from [01m[K/opt/ros/humble/include/rclcpp/rclcpp/client.hpp:42[m[K,
[6.019s]                  from [01m[K/opt/ros/humble/include/rclcpp/rclcpp/callback_group.hpp:24[m[K,
[6.019s]                  from [01m[K/opt/ros/humble/include/rclcpp/rclcpp/any_executable.hpp:20[m[K,
[6.019s]                  from [01m[K/opt/ros/humble/include/rclcpp/rclcpp/memory_strategy.hpp:25[m[K,
[6.019s]                  from [01m[K/opt/ros/humble/include/rclcpp/rclcpp/memory_strategies.hpp:18[m[K,
[6.019s]                  from [01m[K/opt/ros/humble/include/rclcpp/rclcpp/executor_options.hpp:20[m[K,
[6.019s]                  from [01m[K/opt/ros/humble/include/rclcpp/rclcpp/executor.hpp:37[m[K,
[6.019s]                  from [01m[K/opt/ros/humble/include/rclcpp/rclcpp/executors/multi_threaded_executor.hpp:25[m[K,
[6.019s]                  from [01m[K/opt/ros/humble/include/rclcpp/rclcpp/executors.hpp:21[m[K,
[6.019s]                  from [01m[K/opt/ros/humble/include/rclcpp/rclcpp/rclcpp.hpp:155[m[K,
[6.019s]                  from [01m[K/home/kaushal/kaushal/moveit_ws/src/hello_moveit/src/hello_moveit/src/hello_moveit.cpp:4[m[K:
[6.019s] [01m[K/opt/ros/humble/include/builtin_interfaces/builtin_interfaces/msg/detail/duration__struct.hpp:27:11:[m[K [01;36m[Knote: [m[K  ‘[01m[Kbuiltin_interfaces::msg[m[K’
[6.019s]    27 | namespace [01;36m[Kmsg[m[K
[6.019s]       |           [01;36m[K^~~[m[K
[6.019s] In file included from [01m[K/opt/ros/humble/include/rcl_interfaces/rcl_interfaces/msg/set_parameters_result.hpp:7[m[K,
[6.019s]                  from [01m[K/opt/ros/humble/include/rclcpp/rclcpp/qos_overriding_options.hpp:28[m[K,
[6.019s]                  from [01m[K/opt/ros/humble/include/rclcpp/rclcpp/subscription_options.hpp:30[m[K,
[6.019s]                  from [01m[K/opt/ros/humble/include/rclcpp/rclcpp/subscription.hpp:45[m[K,
[6.020s]                  from [01m[K/opt/ros/humble/include/rclcpp/rclcpp/any_executable.hpp:25[m[K,
[6.020s]                  from [01m[K/opt/ros/humble/include/rclcpp/rclcpp/memory_strategy.hpp:25[m[K,
[6.020s]                  from [01m[K/opt/ros/humble/include/rclcpp/rclcpp/memory_strategies.hpp:18[m[K,
[6.020s]                  from [01m[K/opt/ros/humble/include/rclcpp/rclcpp/executor_options.hpp:20[m[K,
[6.020s]                  from [01m[K/opt/ros/humble/include/rclcpp/rclcpp/executor.hpp:37[m[K,
[6.020s]                  from [01m[K/opt/ros/humble/include/rclcpp/rclcpp/executors/multi_threaded_executor.hpp:25[m[K,
[6.020s]                  from [01m[K/opt/ros/humble/include/rclcpp/rclcpp/executors.hpp:21[m[K,
[6.020s]                  from [01m[K/opt/ros/humble/include/rclcpp/rclcpp/rclcpp.hpp:155[m[K,
[6.020s]                  from [01m[K/home/kaushal/kaushal/moveit_ws/src/hello_moveit/src/hello_moveit/src/hello_moveit.cpp:4[m[K:
[6.020s] [01m[K/opt/ros/humble/include/rcl_interfaces/rcl_interfaces/msg/detail/set_parameters_result__struct.hpp:27:11:[m[K [01;36m[Knote: [m[K  ‘[01m[Krcl_interfaces::msg[m[K’
[6.020s]    27 | namespace [01;36m[Kmsg[m[K
[6.020s]       |           [01;36m[K^~~[m[K
[6.020s] In file included from [01m[K/opt/ros/humble/include/statistics_msgs/statistics_msgs/msg/detail/metrics_message__struct.hpp:23[m[K,
[6.020s]                  from [01m[K/opt/ros/humble/include/statistics_msgs/statistics_msgs/msg/metrics_message.hpp:7[m[K,
[6.020s]                  from [01m[K/opt/ros/humble/include/libstatistics_collector/libstatistics_collector/collector/generate_statistics_message.hpp:21[m[K,
[6.020s]                  from [01m[K/opt/ros/humble/include/rclcpp/rclcpp/topic_statistics/subscription_topic_statistics.hpp:23[m[K,
[6.020s]                  from [01m[K/opt/ros/humble/include/rclcpp/rclcpp/subscription.hpp:50[m[K,
[6.020s]                  from [01m[K/opt/ros/humble/include/rclcpp/rclcpp/any_executable.hpp:25[m[K,
[6.020s]                  from [01m[K/opt/ros/humble/include/rclcpp/rclcpp/memory_strategy.hpp:25[m[K,
[6.020s]                  from [01m[K/opt/ros/humble/include/rclcpp/rclcpp/memory_strategies.hpp:18[m[K,
[6.020s]                  from [01m[K/opt/ros/humble/include/rclcpp/rclcpp/executor_options.hpp:20[m[K,
[6.020s]                  from [01m[K/opt/ros/humble/include/rclcpp/rclcpp/executor.hpp:37[m[K,
[6.020s]                  from [01m[K/opt/ros/humble/include/rclcpp/rclcpp/executors/multi_threaded_executor.hpp:25[m[K,
[6.021s]                  from [01m[K/opt/ros/humble/include/rclcpp/rclcpp/executors.hpp:21[m[K,
[6.021s]                  from [01m[K/opt/ros/humble/include/rclcpp/rclcpp/rclcpp.hpp:155[m[K,
[6.021s]                  from [01m[K/home/kaushal/kaushal/moveit_ws/src/hello_moveit/src/hello_moveit/src/hello_moveit.cpp:4[m[K:
[6.021s] [01m[K/opt/ros/humble/include/statistics_msgs/statistics_msgs/msg/detail/statistic_data_point__struct.hpp:27:11:[m[K [01;36m[Knote: [m[K  ‘[01m[Kstatistics_msgs::msg[m[K’
[6.021s]    27 | namespace [01;36m[Kmsg[m[K
[6.021s]       |           [01;36m[K^~~[m[K
[6.021s] In file included from [01m[K/opt/ros/humble/include/moveit_msgs/moveit_msgs/msg/joint_limits.hpp:7[m[K,
[6.021s]                  from [01m[K/home/kaushal/kaushal/moveit_ws/install/moveit_core/include/moveit/robot_model/joint_model.h:44[m[K,
[6.021s]                  from [01m[K/home/kaushal/kaushal/moveit_ws/install/moveit_core/include/moveit/robot_model/joint_model_group.h:40[m[K,
[6.021s]                  from [01m[K/home/kaushal/kaushal/moveit_ws/install/moveit_core/include/moveit/robot_model/robot_model.h:45[m[K,
[6.021s]                  from [01m[K/home/kaushal/kaushal/moveit_ws/install/moveit_core/include/moveit/robot_state/robot_state.h:40[m[K,
[6.021s]                  from [01m[K/home/kaushal/kaushal/moveit_ws/install/moveit_ros_planning_interface/include/moveit/move_group_interface/move_group_interface.h:41[m[K,
[6.021s]                  from [01m[K/home/kaushal/kaushal/moveit_ws/src/hello_moveit/src/hello_moveit/src/hello_moveit.cpp:5[m[K:
[6.021s] [01m[K/opt/ros/humble/include/moveit_msgs/moveit_msgs/msg/detail/joint_limits__struct.hpp:27:11:[m[K [01;36m[Knote: [m[K  ‘[01m[Kmoveit_msgs::msg[m[K’
[6.021s]    27 | namespace [01;36m[Kmsg[m[K
[6.021s]       |           [01;36m[K^~~[m[K
[6.021s] In file included from [01m[K/opt/ros/humble/include/geometry_msgs/geometry_msgs/msg/detail/pose__struct.hpp:20[m[K,
[6.021s]                  from [01m[K/opt/ros/humble/include/geometry_msgs/geometry_msgs/msg/pose.hpp:7[m[K,
[6.021s]                  from [01m[K/home/kaushal/kaushal/moveit_ws/install/moveit_core/include/moveit/kinematics_base/kinematics_base.h:39[m[K,
[6.021s]                  from [01m[K/home/kaushal/kaushal/moveit_ws/install/moveit_core/include/moveit/robot_model/joint_model_group.h:42[m[K,
[6.022s]                  from [01m[K/home/kaushal/kaushal/moveit_ws/install/moveit_core/include/moveit/robot_model/robot_model.h:45[m[K,
[6.022s]                  from [01m[K/home/kaushal/kaushal/moveit_ws/install/moveit_core/include/moveit/robot_state/robot_state.h:40[m[K,
[6.022s]                  from [01m[K/home/kaushal/kaushal/moveit_ws/install/moveit_ros_planning_interface/include/moveit/move_group_interface/move_group_interface.h:41[m[K,
[6.022s]                  from [01m[K/home/kaushal/kaushal/moveit_ws/src/hello_moveit/src/hello_moveit/src/hello_moveit.cpp:5[m[K:
[6.022s] [01m[K/opt/ros/humble/include/geometry_msgs/geometry_msgs/msg/detail/point__struct.hpp:27:11:[m[K [01;36m[Knote: [m[K  ‘[01m[Kgeometry_msgs::msg[m[K’
[6.022s]    27 | namespace [01;36m[Kmsg[m[K
[6.022s]       |           [01;36m[K^~~[m[K
[6.022s] In file included from [01m[K/opt/ros/humble/include/geometry_msgs/geometry_msgs/msg/detail/transform_stamped__struct.hpp:20[m[K,
[6.022s]                  from [01m[K/opt/ros/humble/include/geometry_msgs/geometry_msgs/msg/transform_stamped.hpp:7[m[K,
[6.022s]                  from [01m[K/home/kaushal/kaushal/moveit_ws/install/moveit_core/include/moveit/transforms/transforms.h:39[m[K,
[6.022s]                  from [01m[K/home/kaushal/kaushal/moveit_ws/install/moveit_core/include/moveit/robot_state/attached_body.h:40[m[K,
[6.022s]                  from [01m[K/home/kaushal/kaushal/moveit_ws/install/moveit_core/include/moveit/robot_state/robot_state.h:41[m[K,
[6.022s]                  from [01m[K/home/kaushal/kaushal/moveit_ws/install/moveit_ros_planning_interface/include/moveit/move_group_interface/move_group_interface.h:41[m[K,
[6.022s]                  from [01m[K/home/kaushal/kaushal/moveit_ws/src/hello_moveit/src/hello_moveit/src/hello_moveit.cpp:5[m[K:
[6.022s] [01m[K/opt/ros/humble/include/std_msgs/std_msgs/msg/detail/header__struct.hpp:31:11:[m[K [01;36m[Knote: [m[K  ‘[01m[Kstd_msgs::msg[m[K’
[6.022s]    31 | namespace [01;36m[Kmsg[m[K
[6.022s]       |           [01;36m[K^~~[m[K
[6.022s] In file included from [01m[K/opt/ros/humble/include/trajectory_msgs/trajectory_msgs/msg/detail/joint_trajectory__struct.hpp:22[m[K,
[6.022s]                  from [01m[K/opt/ros/humble/include/trajectory_msgs/trajectory_msgs/msg/joint_trajectory.hpp:7[m[K,
[6.022s]                  from [01m[K/home/kaushal/kaushal/moveit_ws/install/moveit_core/include/moveit/robot_state/attached_body.h:43[m[K,
[6.023s]                  from [01m[K/home/kaushal/kaushal/moveit_ws/install/moveit_core/include/moveit/robot_state/robot_state.h:41[m[K,
[6.023s]                  from [01m[K/home/kaushal/kaushal/moveit_ws/install/moveit_ros_planning_interface/include/moveit/move_group_interface/move_group_interface.h:41[m[K,
[6.023s]                  from [01m[K/home/kaushal/kaushal/moveit_ws/src/hello_moveit/src/hello_moveit/src/hello_moveit.cpp:5[m[K:
[6.023s] [01m[K/opt/ros/humble/include/trajectory_msgs/trajectory_msgs/msg/detail/joint_trajectory_point__struct.hpp:31:11:[m[K [01;36m[Knote: [m[K  ‘[01m[Ktrajectory_msgs::msg[m[K’
[6.023s]    31 | namespace [01;36m[Kmsg[m[K
[6.023s]       |           [01;36m[K^~~[m[K
[6.023s] In file included from [01m[K/opt/ros/humble/include/sensor_msgs/sensor_msgs/msg/joint_state.hpp:7[m[K,
[6.023s]                  from [01m[K/home/kaushal/kaushal/moveit_ws/install/moveit_core/include/moveit/robot_state/robot_state.h:43[m[K,
[6.023s]                  from [01m[K/home/kaushal/kaushal/moveit_ws/install/moveit_ros_planning_interface/include/moveit/move_group_interface/move_group_interface.h:41[m[K,
[6.023s]                  from [01m[K/home/kaushal/kaushal/moveit_ws/src/hello_moveit/src/hello_moveit/src/hello_moveit.cpp:5[m[K:
[6.023s] [01m[K/opt/ros/humble/include/sensor_msgs/sensor_msgs/msg/detail/joint_state__struct.hpp:31:11:[m[K [01;36m[Knote: [m[K  ‘[01m[Ksensor_msgs::msg[m[K’
[6.023s]    31 | namespace [01;36m[Kmsg[m[K
[6.023s]       |           [01;36m[K^~~[m[K
[6.023s] In file included from [01m[K/opt/ros/humble/include/visualization_msgs/visualization_msgs/msg/detail/marker__struct.hpp:35[m[K,
[6.023s]                  from [01m[K/opt/ros/humble/include/visualization_msgs/visualization_msgs/msg/detail/marker_array__struct.hpp:20[m[K,
[6.023s]                  from [01m[K/opt/ros/humble/include/visualization_msgs/visualization_msgs/msg/marker_array.hpp:7[m[K,
[6.024s]                  from [01m[K/home/kaushal/kaushal/moveit_ws/install/moveit_core/include/moveit/robot_state/robot_state.h:44[m[K,
[6.024s]                  from [01m[K/home/kaushal/kaushal/moveit_ws/install/moveit_ros_planning_interface/include/moveit/move_group_interface/move_group_interface.h:41[m[K,
[6.024s]                  from [01m[K/home/kaushal/kaushal/moveit_ws/src/hello_moveit/src/hello_moveit/src/hello_moveit.cpp:5[m[K:
[6.024s] [01m[K/opt/ros/humble/include/visualization_msgs/visualization_msgs/msg/detail/uv_coordinate__struct.hpp:27:11:[m[K [01;36m[Knote: [m[K  ‘[01m[Kvisualization_msgs::msg[m[K’
[6.024s]    27 | namespace [01;36m[Kmsg[m[K
[6.024s]       |           [01;36m[K^~~[m[K
[6.024s] In file included from [01m[K/opt/ros/humble/include/moveit_msgs/moveit_msgs/msg/detail/collision_object__struct.hpp:28[m[K,
[6.024s]                  from [01m[K/opt/ros/humble/include/moveit_msgs/moveit_msgs/msg/detail/attached_collision_object__struct.hpp:20[m[K,
[6.024s]                  from [01m[K/opt/ros/humble/include/moveit_msgs/moveit_msgs/msg/detail/robot_state__struct.hpp:24[m[K,
[6.024s]                  from [01m[K/opt/ros/humble/include/moveit_msgs/moveit_msgs/msg/robot_state.hpp:7[m[K,
[6.024s]                  from [01m[K/home/kaushal/kaushal/moveit_ws/install/moveit_ros_planning_interface/include/moveit/move_group_interface/move_group_interface.h:44[m[K,
[6.024s]                  from [01m[K/home/kaushal/kaushal/moveit_ws/src/hello_moveit/src/hello_moveit/src/hello_moveit.cpp:5[m[K:
[6.024s] [01m[K/opt/ros/humble/include/object_recognition_msgs/object_recognition_msgs/msg/detail/object_type__struct.hpp:27:11:[m[K [01;36m[Knote: [m[K  ‘[01m[Kobject_recognition_msgs::msg[m[K’
[6.024s]    27 | namespace [01;36m[Kmsg[m[K
[6.024s]       |           [01;36m[K^~~[m[K
[6.024s] In file included from [01m[K/opt/ros/humble/include/moveit_msgs/moveit_msgs/msg/detail/collision_object__struct.hpp:30[m[K,
[6.024s]                  from [01m[K/opt/ros/humble/include/moveit_msgs/moveit_msgs/msg/detail/attached_collision_object__struct.hpp:20[m[K,
[6.024s]                  from [01m[K/opt/ros/humble/include/moveit_msgs/moveit_msgs/msg/detail/robot_state__struct.hpp:24[m[K,
[6.024s]                  from [01m[K/opt/ros/humble/include/moveit_msgs/moveit_msgs/msg/robot_state.hpp:7[m[K,
[6.024s]                  from [01m[K/home/kaushal/kaushal/moveit_ws/install/moveit_ros_planning_interface/include/moveit/move_group_interface/move_group_interface.h:44[m[K,
[6.024s]                  from [01m[K/home/kaushal/kaushal/moveit_ws/src/hello_moveit/src/hello_moveit/src/hello_moveit.cpp:5[m[K:
[6.024s] [01m[K/opt/ros/humble/include/shape_msgs/shape_msgs/msg/detail/solid_primitive__struct.hpp:31:11:[m[K [01;36m[Knote: [m[K  ‘[01m[Kshape_msgs::msg[m[K’
[6.024s]    31 | namespace [01;36m[Kmsg[m[K
[6.025s]       |           [01;36m[K^~~[m[K
[6.025s] In file included from [01m[K/opt/ros/humble/include/octomap_msgs/octomap_msgs/msg/detail/octomap_with_pose__struct.hpp:24[m[K,
[6.025s]                  from [01m[K/opt/ros/humble/include/moveit_msgs/moveit_msgs/msg/detail/planning_scene_world__struct.hpp:22[m[K,
[6.025s]                  from [01m[K/opt/ros/humble/include/moveit_msgs/moveit_msgs/msg/detail/planning_scene__struct.hpp:32[m[K,
[6.025s]                  from [01m[K/opt/ros/humble/include/moveit_msgs/moveit_msgs/msg/detail/planning_options__struct.hpp:20[m[K,
[6.025s]                  from [01m[K/opt/ros/humble/include/moveit_msgs/moveit_msgs/action/detail/move_group__struct.hpp:22[m[K,
[6.025s]                  from [01m[K/opt/ros/humble/include/moveit_msgs/moveit_msgs/action/move_group.hpp:7[m[K,
[6.025s]                  from [01m[K/home/kaushal/kaushal/moveit_ws/install/moveit_ros_planning_interface/include/moveit/move_group_interface/move_group_interface.h:52[m[K,
[6.025s]                  from [01m[K/home/kaushal/kaushal/moveit_ws/src/hello_moveit/src/hello_moveit/src/hello_moveit.cpp:5[m[K:
[6.025s] [01m[K/opt/ros/humble/include/octomap_msgs/octomap_msgs/msg/detail/octomap__struct.hpp:31:11:[m[K [01;36m[Knote: [m[K  ‘[01m[Koctomap_msgs::msg[m[K’
[6.025s]    31 | namespace [01;36m[Kmsg[m[K
[6.025s]       |           [01;36m[K^~~[m[K
[6.025s] In file included from [01m[K/opt/ros/humble/include/moveit_msgs/moveit_msgs/action/detail/move_group__struct.hpp:439[m[K,
[6.025s]                  from [01m[K/opt/ros/humble/include/moveit_msgs/moveit_msgs/action/move_group.hpp:7[m[K,
[6.025s]                  from [01m[K/home/kaushal/kaushal/moveit_ws/install/moveit_ros_planning_interface/include/moveit/move_group_interface/move_group_interface.h:52[m[K,
[6.025s]                  from [01m[K/home/kaushal/kaushal/moveit_ws/src/hello_moveit/src/hello_moveit/src/hello_moveit.cpp:5[m[K:
[6.025s] [01m[K/opt/ros/humble/include/unique_identifier_msgs/unique_identifier_msgs/msg/detail/uuid__struct.hpp:27:11:[m[K [01;36m[Knote: [m[K  ‘[01m[Kunique_identifier_msgs::msg[m[K’
[6.025s]    27 | namespace [01;36m[Kmsg[m[K
[6.025s]       |           [01;36m[K^~~[m[K
[6.025s] In file included from [01m[K/opt/ros/humble/include/action_msgs/action_msgs/srv/detail/cancel_goal__struct.hpp:20[m[K,
[6.025s]                  from [01m[K/opt/ros/humble/include/action_msgs/action_msgs/srv/cancel_goal.hpp:7[m[K,
[6.025s]                  from [01m[K/opt/ros/humble/include/moveit_msgs/moveit_msgs/action/detail/move_group__struct.hpp:1099[m[K,
[6.026s]                  from [01m[K/opt/ros/humble/include/moveit_msgs/moveit_msgs/action/move_group.hpp:7[m[K,
[6.026s]                  from [01m[K/home/kaushal/kaushal/moveit_ws/install/moveit_ros_planning_interface/include/moveit/move_group_interface/move_group_interface.h:52[m[K,
[6.026s]                  from [01m[K/home/kaushal/kaushal/moveit_ws/src/hello_moveit/src/hello_moveit/src/hello_moveit.cpp:5[m[K:
[6.026s] [01m[K/opt/ros/humble/include/action_msgs/action_msgs/msg/detail/goal_info__struct.hpp:33:11:[m[K [01;36m[Knote: [m[K  ‘[01m[Kaction_msgs::msg[m[K’
[6.026s]    33 | namespace [01;36m[Kmsg[m[K
[6.026s]       |           [01;36m[K^~~[m[K
[6.026s] In file included from [01m[K/opt/ros/humble/include/tf2_msgs/tf2_msgs/msg/tf_message.hpp:7[m[K,
[6.026s]                  from [01m[K/opt/ros/humble/include/tf2_ros/tf2_ros/transform_listener.h:44[m[K,
[6.026s]                  from [01m[K/home/kaushal/kaushal/moveit_ws/install/moveit_ros_planning/include/moveit/planning_scene_monitor/planning_scene_monitor.h:41[m[K,
[6.026s]                  from [01m[K/home/kaushal/kaushal/moveit_ws/install/moveit_visual_tools/include/moveit_visual_tools/moveit_visual_tools.h:44[m[K,
[6.026s]                  from [01m[K/home/kaushal/kaushal/moveit_ws/src/hello_moveit/src/hello_moveit/src/hello_moveit.cpp:6[m[K:
[6.026s] [01m[K/opt/ros/humble/include/tf2_msgs/tf2_msgs/msg/detail/tf_message__struct.hpp:31:11:[m[K [01;36m[Knote: [m[K  ‘[01m[Ktf2_msgs::msg[m[K’
[6.026s]    31 | namespace [01;36m[Kmsg[m[K
[6.026s]       |           [01;36m[K^~~[m[K
[6.026s] In file included from [01m[K/opt/ros/humble/include/graph_msgs/graph_msgs/msg/detail/geometry_graph__struct.hpp:24[m[K,
[6.026s]                  from [01m[K/opt/ros/humble/include/graph_msgs/graph_msgs/msg/geometry_graph.hpp:7[m[K,
[6.026s]                  from [01m[K/home/kaushal/kaushal/moveit_ws/install/moveit_visual_tools/include/moveit_visual_tools/moveit_visual_tools.h:56[m[K,
[6.026s]                  from [01m[K/home/kaushal/kaushal/moveit_ws/src/hello_moveit/src/hello_moveit/src/hello_moveit.cpp:6[m[K:
[6.026s] [01m[K/opt/ros/humble/include/graph_msgs/graph_msgs/msg/detail/edges__struct.hpp:27:11:[m[K [01;36m[Knote: [m[K  ‘[01m[Kgraph_msgs::msg[m[K’
[6.026s]    27 | namespace [01;36m[Kmsg[m[K
[6.026s]       |           [01;36m[K^~~[m[K
[7.882s] gmake[2]: *** [CMakeFiles/hello_moveit.dir/build.make:76: CMakeFiles/hello_moveit.dir/src/hello_moveit.cpp.o] Error 1
[7.883s] gmake[1]: *** [CMakeFiles/Makefile2:137: CMakeFiles/hello_moveit.dir/all] Error 2
[7.883s] gmake: *** [Makefile:146: all] Error 2
[7.886s] Invoked command in '/home/kaushal/kaushal/moveit_ws/build/hello_moveit' returned '2': AMENT_PREFIX_PATH=/home/kaushal/kaushal/moveit_ws/install/moveit_configs_utils:/home/kaushal/kaushal/moveit_ws/install/launch_param_builder:/home/kaushal/kaushal/moveit_ws/install/lifted_arm_config:/home/kaushal/kaushal/moveit_ws/install/ur_description:/home/kaushal/kaushal/moveit_ws/install/pilz_industrial_motion_planner_testutils:/home/kaushal/kaushal/moveit_ws/install/moveit_runtime:/home/kaushal/kaushal/moveit_ws/install/moveit2_tutorials:/home/kaushal/kaushal/moveit_ws/install/moveit:/home/kaushal/kaushal/moveit_ws/install/moveit_planners:/home/kaushal/kaushal/moveit_ws/install/pilz_industrial_motion_planner:/home/kaushal/kaushal/moveit_ws/install/moveit_visual_tools:/home/kaushal/kaushal/moveit_ws/install/moveit_task_constructor_visualization:/home/kaushal/kaushal/moveit_ws/install/moveit_task_constructor_demo:/home/kaushal/kaushal/moveit_ws/install/moveit_task_constructor_capabilities:/home/kaushal/kaushal/moveit_ws/install/moveit_task_constructor_core:/home/kaushal/kaushal/moveit_ws/install/moveit_ros_control_interface:/home/kaushal/kaushal/moveit_ws/install/moveit_plugins:/home/kaushal/kaushal/moveit_ws/install/moveit_simple_controller_manager:/home/kaushal/kaushal/moveit_ws/install/moveit_setup_assistant:/home/kaushal/kaushal/moveit_ws/install/moveit_setup_srdf_plugins:/home/kaushal/kaushal/moveit_ws/install/moveit_setup_core_plugins:/home/kaushal/kaushal/moveit_ws/install/moveit_setup_controllers:/home/kaushal/kaushal/moveit_ws/install/moveit_setup_app_plugins:/home/kaushal/kaushal/moveit_ws/install/moveit_setup_framework:/home/kaushal/kaushal/moveit_ws/install/moveit_servo:/home/kaushal/kaushal/moveit_ws/install/moveit_ros:/home/kaushal/kaushal/moveit_ws/install/moveit_ros_visualization:/home/kaushal/kaushal/moveit_ws/install/moveit_hybrid_planning:/home/kaushal/kaushal/moveit_ws/install/hello_moveit:/home/kaushal/kaushal/moveit_ws/install/moveit_ros_planning_interface:/home/kaushal/kaushal/moveit_ws/install/moveit_ros_benchmarks:/home/kaushal/kaushal/moveit_ws/install/moveit_ros_warehouse:/home/kaushal/kaushal/moveit_ws/install/moveit_ros_robot_interaction:/home/kaushal/kaushal/moveit_ws/install/moveit_ros_perception:/home/kaushal/kaushal/moveit_ws/install/moveit_resources_prbt_pg70_support:/home/kaushal/kaushal/moveit_ws/install/moveit_resources_prbt_moveit_config:/home/kaushal/kaushal/moveit_ws/install/moveit_ros_move_group:/home/kaushal/kaushal/moveit_ws/install/moveit_planners_ompl:/home/kaushal/kaushal/moveit_ws/install/moveit_ros_planning:/home/kaushal/kaushal/moveit_ws/install/moveit_ros_occupancy_map_monitor:/home/kaushal/kaushal/moveit_ws/install/moveit_resources_prbt_ikfast_manipulator_plugin:/home/kaushal/kaushal/moveit_ws/install/moveit_planners_chomp:/home/kaushal/kaushal/moveit_ws/install/moveit_kinematics:/home/kaushal/kaushal/moveit_ws/install/moveit_chomp_optimizer_adapter:/home/kaushal/kaushal/moveit_ws/install/chomp_motion_planner:/home/kaushal/kaushal/moveit_ws/install/moveit_core:/home/kaushal/kaushal/moveit_ws/install/srdfdom:/home/kaushal/kaushal/moveit_ws/install/rviz_marker_tools:/home/kaushal/kaushal/moveit_ws/install/rosparam_shortcuts:/home/kaushal/kaushal/moveit_ws/install/moveit_task_constructor_msgs:/home/kaushal/kaushal/moveit_ws/install/moveit_resources_prbt_support:/home/kaushal/kaushal/moveit_ws/install/moveit_resources:/home/kaushal/kaushal/moveit_ws/install/moveit_resources_pr2_description:/home/kaushal/kaushal/moveit_ws/install/moveit_resources_panda_moveit_config:/home/kaushal/kaushal/moveit_ws/install/moveit_resources_panda_description:/home/kaushal/kaushal/moveit_ws/install/moveit_resources_fanuc_moveit_config:/home/kaushal/kaushal/moveit_ws/install/moveit_resources_fanuc_description:/home/kaushal/kaushal/moveit_ws/install/moveit_common:/opt/ros/humble CMAKE_PREFIX_PATH=/home/kaushal/kaushal/moveit_ws/install/moveit_ros_planning_interface:/home/kaushal/kaushal/moveit_ws/install/moveit_ros_move_group:/home/kaushal/kaushal/moveit_ws/install/moveit_visual_tools:/home/kaushal/kaushal/moveit_ws/install/moveit_ros_warehouse:/home/kaushal/kaushal/moveit_ws/install/moveit_planners_ompl:/home/kaushal/kaushal/moveit_ws/install/moveit_kinematics:/home/kaushal/kaushal/moveit_ws/install/moveit_ros_planning:/home/kaushal/kaushal/moveit_ws/install/moveit_simple_controller_manager:/home/kaushal/kaushal/moveit_ws/install/moveit_ros_occupancy_map_monitor:/home/kaushal/kaushal/moveit_ws/install/moveit_core:/home/kaushal/kaushal/moveit_ws/install/moveit_resources_panda_moveit_config:/home/kaushal/kaushal/moveit_ws/install/moveit_resources_fanuc_moveit_config:/home/kaushal/kaushal/moveit_ws/install/srdfdom:/home/kaushal/kaushal/moveit_ws/install/moveit_resources_pr2_description:/home/kaushal/kaushal/moveit_ws/install/moveit_resources_panda_description:/home/kaushal/kaushal/moveit_ws/install/moveit_resources_fanuc_description:/home/kaushal/kaushal/moveit_ws/install/moveit_common:/home/kaushal/kaushal/moveit_ws/install/lifted_arm_config:/home/kaushal/kaushal/moveit_ws/install/ur_description:/home/kaushal/kaushal/moveit_ws/install/pilz_industrial_motion_planner_testutils:/home/kaushal/kaushal/moveit_ws/install/moveit_runtime:/home/kaushal/kaushal/moveit_ws/install/moveit2_tutorials:/home/kaushal/kaushal/moveit_ws/install/moveit:/home/kaushal/kaushal/moveit_ws/install/moveit_planners:/home/kaushal/kaushal/moveit_ws/install/pilz_industrial_motion_planner:/home/kaushal/kaushal/moveit_ws/install/moveit_task_constructor_visualization:/home/kaushal/kaushal/moveit_ws/install/moveit_task_constructor_demo:/home/kaushal/kaushal/moveit_ws/install/moveit_task_constructor_capabilities:/home/kaushal/kaushal/moveit_ws/install/moveit_task_constructor_core:/home/kaushal/kaushal/moveit_ws/install/moveit_ros_control_interface:/home/kaushal/kaushal/moveit_ws/install/moveit_plugins:/home/kaushal/kaushal/moveit_ws/install/moveit_setup_assistant:/home/kaushal/kaushal/moveit_ws/install/moveit_setup_srdf_plugins:/home/kaushal/kaushal/moveit_ws/install/moveit_setup_core_plugins:/home/kaushal/kaushal/moveit_ws/install/moveit_setup_controllers:/home/kaushal/kaushal/moveit_ws/install/moveit_setup_app_plugins:/home/kaushal/kaushal/moveit_ws/install/moveit_setup_framework:/home/kaushal/kaushal/moveit_ws/install/moveit_servo:/home/kaushal/kaushal/moveit_ws/install/moveit_ros:/home/kaushal/kaushal/moveit_ws/install/moveit_ros_visualization:/home/kaushal/kaushal/moveit_ws/install/moveit_hybrid_planning:/home/kaushal/kaushal/moveit_ws/install/hello_moveit:/home/kaushal/kaushal/moveit_ws/install/moveit_ros_benchmarks:/home/kaushal/kaushal/moveit_ws/install/moveit_ros_robot_interaction:/home/kaushal/kaushal/moveit_ws/install/moveit_ros_perception:/home/kaushal/kaushal/moveit_ws/install/moveit_resources_prbt_pg70_support:/home/kaushal/kaushal/moveit_ws/install/moveit_resources_prbt_moveit_config:/home/kaushal/kaushal/moveit_ws/install/moveit_resources_prbt_ikfast_manipulator_plugin:/home/kaushal/kaushal/moveit_ws/install/moveit_planners_chomp:/home/kaushal/kaushal/moveit_ws/install/moveit_chomp_optimizer_adapter:/home/kaushal/kaushal/moveit_ws/install/chomp_motion_planner:/home/kaushal/kaushal/moveit_ws/install/rviz_marker_tools:/home/kaushal/kaushal/moveit_ws/install/rosparam_shortcuts:/home/kaushal/kaushal/moveit_ws/install/moveit_task_constructor_msgs:/home/kaushal/kaushal/moveit_ws/install/moveit_resources_prbt_support:/home/kaushal/kaushal/moveit_ws/install/moveit_resources:/home/kaushal/kaushal/moveit_ws/install/moveit_configs_utils:/home/kaushal/kaushal/moveit_ws/install/launch_param_builder:/opt/ros/humble LD_LIBRARY_PATH=/home/kaushal/kaushal/moveit_ws/install/moveit_ros_planning_interface/lib:/home/kaushal/kaushal/moveit_ws/install/moveit_ros_move_group/lib:/home/kaushal/kaushal/moveit_ws/install/moveit_visual_tools/lib:/home/kaushal/kaushal/moveit_ws/install/moveit_ros_warehouse/lib:/home/kaushal/kaushal/moveit_ws/install/moveit_planners_ompl/lib:/home/kaushal/kaushal/moveit_ws/install/moveit_kinematics/lib:/home/kaushal/kaushal/moveit_ws/install/moveit_ros_planning/lib:/home/kaushal/kaushal/moveit_ws/install/moveit_simple_controller_manager/lib:/home/kaushal/kaushal/moveit_ws/install/moveit_ros_occupancy_map_monitor/lib:/home/kaushal/kaushal/moveit_ws/install/moveit_core/lib:/home/kaushal/kaushal/moveit_ws/install/srdfdom/lib:/home/kaushal/kaushal/moveit_ws/install/pilz_industrial_motion_planner_testutils/lib:/home/kaushal/kaushal/moveit_ws/install/pilz_industrial_motion_planner/lib:/home/kaushal/kaushal/moveit_ws/install/moveit_task_constructor_visualization/lib:/home/kaushal/kaushal/moveit_ws/install/moveit_task_constructor_demo/lib:/home/kaushal/kaushal/moveit_ws/install/moveit_task_constructor_capabilities/lib:/home/kaushal/kaushal/moveit_ws/install/moveit_task_constructor_core/lib:/home/kaushal/kaushal/moveit_ws/install/moveit_ros_control_interface/lib:/home/kaushal/kaushal/moveit_ws/install/moveit_setup_assistant/lib:/home/kaushal/kaushal/moveit_ws/install/moveit_setup_srdf_plugins/lib:/home/kaushal/kaushal/moveit_ws/install/moveit_setup_core_plugins/lib:/home/kaushal/kaushal/moveit_ws/install/moveit_setup_controllers/lib:/home/kaushal/kaushal/moveit_ws/install/moveit_setup_app_plugins/lib:/home/kaushal/kaushal/moveit_ws/install/moveit_setup_framework/lib:/home/kaushal/kaushal/moveit_ws/install/moveit_servo/lib:/home/kaushal/kaushal/moveit_ws/install/moveit_ros_visualization/lib:/home/kaushal/kaushal/moveit_ws/install/moveit_hybrid_planning/lib:/home/kaushal/kaushal/moveit_ws/install/moveit_ros_benchmarks/lib:/home/kaushal/kaushal/moveit_ws/install/moveit_ros_robot_interaction/lib:/home/kaushal/kaushal/moveit_ws/install/moveit_ros_perception/lib:/home/kaushal/kaushal/moveit_ws/install/moveit_resources_prbt_ikfast_manipulator_plugin/lib:/home/kaushal/kaushal/moveit_ws/install/moveit_planners_chomp/lib:/home/kaushal/kaushal/moveit_ws/install/moveit_chomp_optimizer_adapter/lib:/home/kaushal/kaushal/moveit_ws/install/chomp_motion_planner/lib:/home/kaushal/kaushal/moveit_ws/install/rviz_marker_tools/lib:/home/kaushal/kaushal/moveit_ws/install/rosparam_shortcuts/lib:/home/kaushal/kaushal/moveit_ws/install/moveit_task_constructor_msgs/lib:/opt/ros/humble/opt/rviz_ogre_vendor/lib:/opt/ros/humble/lib/x86_64-linux-gnu:/opt/ros/humble/lib PYTHONPATH=/home/kaushal/kaushal/moveit_ws/install/moveit_configs_utils/lib/python3.10/site-packages:/home/kaushal/kaushal/moveit_ws/install/launch_param_builder/lib/python3.10/site-packages:/home/kaushal/kaushal/moveit_ws/install/moveit_task_constructor_core/local/lib/python3.10/dist-packages:/home/kaushal/kaushal/moveit_ws/install/srdfdom/local/lib/python3.10/dist-packages:/home/kaushal/kaushal/moveit_ws/install/moveit_task_constructor_msgs/local/lib/python3.10/dist-packages:/opt/ros/humble/lib/python3.10/site-packages:/opt/ros/humble/local/lib/python3.10/dist-packages /usr/bin/cmake --build /home/kaushal/kaushal/moveit_ws/build/hello_moveit -- -j16 -l16
