[0.000000] (-) TimerEvent: {}
[0.000559] (-) JobUnselected: {'identifier': 'cartesian_motion'}
[0.000831] (-) JobUnselected: {'identifier': 'chomp_motion_planner'}
[0.000877] (-) JobUnselected: {'identifier': 'hello_moveit'}
[0.000903] (-) JobUnselected: {'identifier': 'launch_param_builder'}
[0.000927] (-) JobUnselected: {'identifier': 'lifted_arm_config'}
[0.000949] (-) JobUnselected: {'identifier': 'moveit'}
[0.000972] (-) JobUnselected: {'identifier': 'moveit2_tutorials'}
[0.000994] (-) JobUnselected: {'identifier': 'moveit_chomp_optimizer_adapter'}
[0.001016] (-) JobUnselected: {'identifier': 'moveit_common'}
[0.001037] (-) JobUnselected: {'identifier': 'moveit_configs_utils'}
[0.001062] (-) JobUnselected: {'identifier': 'moveit_core'}
[0.001094] (-) JobUnselected: {'identifier': 'moveit_hybrid_planning'}
[0.001117] (-) JobUnselected: {'identifier': 'moveit_kinematics'}
[0.001139] (-) JobUnselected: {'identifier': 'moveit_planners'}
[0.001161] (-) JobUnselected: {'identifier': 'moveit_planners_chomp'}
[0.001183] (-) JobUnselected: {'identifier': 'moveit_planners_ompl'}
[0.001205] (-) JobUnselected: {'identifier': 'moveit_plugins'}
[0.001227] (-) JobUnselected: {'identifier': 'moveit_resources'}
[0.001249] (-) JobUnselected: {'identifier': 'moveit_resources_fanuc_description'}
[0.001268] (-) JobUnselected: {'identifier': 'moveit_resources_fanuc_moveit_config'}
[0.001287] (-) JobUnselected: {'identifier': 'moveit_resources_panda_description'}
[0.001306] (-) JobUnselected: {'identifier': 'moveit_resources_panda_moveit_config'}
[0.001324] (-) JobUnselected: {'identifier': 'moveit_resources_pr2_description'}
[0.001342] (-) JobUnselected: {'identifier': 'moveit_resources_prbt_ikfast_manipulator_plugin'}
[0.001360] (-) JobUnselected: {'identifier': 'moveit_resources_prbt_moveit_config'}
[0.001378] (-) JobUnselected: {'identifier': 'moveit_resources_prbt_pg70_support'}
[0.001396] (-) JobUnselected: {'identifier': 'moveit_resources_prbt_support'}
[0.001414] (-) JobUnselected: {'identifier': 'moveit_ros'}
[0.001432] (-) JobUnselected: {'identifier': 'moveit_ros_benchmarks'}
[0.001460] (-) JobUnselected: {'identifier': 'moveit_ros_control_interface'}
[0.001480] (-) JobUnselected: {'identifier': 'moveit_ros_move_group'}
[0.001502] (-) JobUnselected: {'identifier': 'moveit_ros_occupancy_map_monitor'}
[0.001524] (-) JobUnselected: {'identifier': 'moveit_ros_perception'}
[0.001542] (-) JobUnselected: {'identifier': 'moveit_ros_planning'}
[0.001561] (-) JobUnselected: {'identifier': 'moveit_ros_planning_interface'}
[0.001579] (-) JobUnselected: {'identifier': 'moveit_ros_robot_interaction'}
[0.001596] (-) JobUnselected: {'identifier': 'moveit_ros_visualization'}
[0.001614] (-) JobUnselected: {'identifier': 'moveit_ros_warehouse'}
[0.001633] (-) JobUnselected: {'identifier': 'moveit_runtime'}
[0.001650] (-) JobUnselected: {'identifier': 'moveit_servo'}
[0.001669] (-) JobUnselected: {'identifier': 'moveit_setup_app_plugins'}
[0.001687] (-) JobUnselected: {'identifier': 'moveit_setup_assistant'}
[0.001704] (-) JobUnselected: {'identifier': 'moveit_setup_controllers'}
[0.001723] (-) JobUnselected: {'identifier': 'moveit_setup_core_plugins'}
[0.001740] (-) JobUnselected: {'identifier': 'moveit_setup_framework'}
[0.001758] (-) JobUnselected: {'identifier': 'moveit_setup_srdf_plugins'}
[0.001776] (-) JobUnselected: {'identifier': 'moveit_simple_controller_manager'}
[0.001793] (-) JobUnselected: {'identifier': 'moveit_task_constructor_capabilities'}
[0.001812] (-) JobUnselected: {'identifier': 'moveit_task_constructor_core'}
[0.001830] (-) JobUnselected: {'identifier': 'moveit_task_constructor_demo'}
[0.001848] (-) JobUnselected: {'identifier': 'moveit_task_constructor_msgs'}
[0.001865] (-) JobUnselected: {'identifier': 'moveit_task_constructor_visualization'}
[0.001884] (-) JobUnselected: {'identifier': 'moveit_visual_tools'}
[0.001902] (-) JobUnselected: {'identifier': 'pilz_industrial_motion_planner'}
[0.001920] (-) JobUnselected: {'identifier': 'pilz_industrial_motion_planner_testutils'}
[0.001938] (-) JobUnselected: {'identifier': 'rosparam_shortcuts'}
[0.001966] (-) JobUnselected: {'identifier': 'rviz_marker_tools'}
[0.001985] (-) JobUnselected: {'identifier': 'srdfdom'}
[0.002003] (-) JobUnselected: {'identifier': 'ur_description'}
[0.002022] (-) EventReactorShutdown: {}
