[  2%] Built target gtest_main
[  4%] Built target gtest
[  9%] Built target gmock_main
[ 10%] Built target gmock
[ 13%] Built target planning_context_loader_base
[ 21%] Built target joint_limits_common
[ 26%] Built target trajectory_generation_common
[ 28%] Built target unittest_joint_limits_container
[ 31%] Built target unittest_joint_limit
[ 33%] Built target unittest_cartesian_limits_aggregator
[ 36%] Built target unittest_joint_limits_validator
[ 38%] Built target pilz_industrial_motion_planner
[ 40%] Built target unittest_joint_limits_aggregator
[ 43%] Built target pilz_industrial_motion_planner_test_utils
[ 50%] Built target command_list_manager
[ 51%] Built target planning_context_loader_lin
[ 56%] Built target planning_context_loader_circ
[ 61%] Built target planning_context_loader_ptp
[ 65%] Built target unittest_velocity_profile_atrap
[ 67%] Built target unittest_pilz_industrial_motion_planner
[ 69%] Built target unittest_get_solver_tip_frame
[ 73%] Built target unittest_trajectory_generator
[ 75%] Built target unittest_trajectory_functions
[ 78%] Built target unittest_trajectory_generator_ptp
[ 80%] Built target unittest_pilz_industrial_motion_planner_direct
[ 83%] Built target unittest_trajectory_generator_common
[ 86%] Built target sequence_capability
[ 92%] Built target unittest_trajectory_blender_transition_window
[ 92%] Built target unittest_trajectory_generator_circ
[ 95%] Built target unittest_planning_context_loaders
[ 97%] Built target unittest_planning_context
[100%] Built target unittest_trajectory_generator_lin
