[  2%] Built target gmock_main
[  6%] Built target gmock
[ 10%] Built target gtest_main
[ 10%] Built target gtest
[ 13%] Built target planning_context_loader_base
[ 21%] Built target joint_limits_common
[ 26%] Built target trajectory_generation_common
[ 28%] Built target unittest_joint_limits_container
[ 31%] Built target unittest_joint_limits_validator
[ 36%] Built target unittest_joint_limit
[ 36%] Built target unittest_cartesian_limits_aggregator
[ 38%] Built target pilz_industrial_motion_planner
[ 40%] Built target unittest_joint_limits_aggregator
[ 44%] Built target command_list_manager
[ 46%] Built target pilz_industrial_motion_planner_test_utils
[ 54%] Built target planning_context_loader_circ
[ 56%] Built target planning_context_loader_ptp
[ 61%] Built target planning_context_loader_lin
[ 65%] Built target unittest_velocity_profile_atrap
[ 67%] Built target unittest_get_solver_tip_frame
[ 69%] Built target unittest_pilz_industrial_motion_planner
[ 73%] Built target unittest_trajectory_generator
[ 78%] Built target unittest_trajectory_functions
[ 78%] Built target unittest_planning_context_loaders
[ 80%] Built target unittest_pilz_industrial_motion_planner_direct
[ 83%] Built target unittest_trajectory_generator_common
[ 85%] Built target unittest_trajectory_generator_circ
[ 87%] Built target unittest_planning_context
[ 91%] Built target sequence_capability
[ 93%] Built target unittest_trajectory_generator_ptp
[ 97%] Built target unittest_trajectory_blender_transition_window
[100%] Built target unittest_trajectory_generator_lin
