[35m[1mConsolidate compiler generated dependencies of target lifted_arm_test[0m
[35m[1mConsolidate compiler generated dependencies of target cartesian_waypoints[0m
[ 33%] Built target hello_moveit
[ 50%] [32mBuilding CXX object CMakeFiles/lifted_arm_test.dir/src/lifted_arm_test.cpp.o[0m
[ 83%] Built target cartesian_waypoints
In file included from [01m[K/opt/ros/humble/include/rclcpp/rclcpp/logging.hpp:24[m[K,
                 from [01m[K/opt/ros/humble/include/rclcpp/rclcpp/client.hpp:40[m[K,
                 from [01m[K/opt/ros/humble/include/rclcpp/rclcpp/callback_group.hpp:24[m[K,
                 from [01m[K/opt/ros/humble/include/rclcpp/rclcpp/any_executable.hpp:20[m[K,
                 from [01m[K/opt/ros/humble/include/rclcpp/rclcpp/memory_strategy.hpp:25[m[K,
                 from [01m[K/opt/ros/humble/include/rclcpp/rclcpp/memory_strategies.hpp:18[m[K,
                 from [01m[K/opt/ros/humble/include/rclcpp/rclcpp/executor_options.hpp:20[m[K,
                 from [01m[K/opt/ros/humble/include/rclcpp/rclcpp/executor.hpp:37[m[K,
                 from [01m[K/opt/ros/humble/include/rclcpp/rclcpp/executors/multi_threaded_executor.hpp:25[m[K,
                 from [01m[K/opt/ros/humble/include/rclcpp/rclcpp/executors.hpp:21[m[K,
                 from [01m[K/opt/ros/humble/include/rclcpp/rclcpp/rclcpp.hpp:155[m[K,
                 from [01m[K/home/kaushal/kaushal/moveit_ws/src/hello_moveit/src/hello_moveit/src/lifted_arm_test.cpp:3[m[K:
[01m[K/home/kaushal/kaushal/moveit_ws/src/hello_moveit/src/hello_moveit/src/lifted_arm_test.cpp:[m[K In function ‘[01m[Kint main(int, char**)[m[K’:
[01m[K/home/kaushal/kaushal/moveit_ws/src/hello_moveit/src/hello_moveit/src/lifted_arm_test.cpp:27:23:[m[K [01;35m[Kwarning: [m[Ktoo many arguments for format [[01;35m[K]8;;https://gcc.gnu.org/onlinedocs/gcc/Warning-Options.html#index-Wformat-extra-args-Wformat-extra-args]8;;[m[K]
   27 |   RCLCPP_INFO(logger, [01;35m[K"End Effector name: "[m[K, end_effector_name);
      |                       [01;35m[K^~~~~~~~~~~~~~~~~~~~~[m[K
[100%] [32m[1mLinking CXX executable lifted_arm_test[0m
[100%] Built target lifted_arm_test
-- Install configuration: ""
-- Up-to-date: /home/kaushal/kaushal/moveit_ws/install/hello_moveit/lib/hello_moveit/hello_moveit
-- Installing: /home/kaushal/kaushal/moveit_ws/install/hello_moveit/lib/hello_moveit/cartesian_waypoints
-- Set runtime path of "/home/kaushal/kaushal/moveit_ws/install/hello_moveit/lib/hello_moveit/cartesian_waypoints" to ""
-- Installing: /home/kaushal/kaushal/moveit_ws/install/hello_moveit/lib/hello_moveit/lifted_arm_test
-- Set runtime path of "/home/kaushal/kaushal/moveit_ws/install/hello_moveit/lib/hello_moveit/lifted_arm_test" to ""
-- Up-to-date: /home/kaushal/kaushal/moveit_ws/install/hello_moveit/share/ament_index/resource_index/package_run_dependencies/hello_moveit
-- Up-to-date: /home/kaushal/kaushal/moveit_ws/install/hello_moveit/share/ament_index/resource_index/parent_prefix_path/hello_moveit
-- Up-to-date: /home/kaushal/kaushal/moveit_ws/install/hello_moveit/share/hello_moveit/environment/ament_prefix_path.sh
-- Up-to-date: /home/kaushal/kaushal/moveit_ws/install/hello_moveit/share/hello_moveit/environment/ament_prefix_path.dsv
-- Up-to-date: /home/kaushal/kaushal/moveit_ws/install/hello_moveit/share/hello_moveit/environment/path.sh
-- Up-to-date: /home/kaushal/kaushal/moveit_ws/install/hello_moveit/share/hello_moveit/environment/path.dsv
-- Up-to-date: /home/kaushal/kaushal/moveit_ws/install/hello_moveit/share/hello_moveit/local_setup.bash
-- Up-to-date: /home/kaushal/kaushal/moveit_ws/install/hello_moveit/share/hello_moveit/local_setup.sh
-- Up-to-date: /home/kaushal/kaushal/moveit_ws/install/hello_moveit/share/hello_moveit/local_setup.zsh
-- Up-to-date: /home/kaushal/kaushal/moveit_ws/install/hello_moveit/share/hello_moveit/local_setup.dsv
-- Installing: /home/kaushal/kaushal/moveit_ws/install/hello_moveit/share/hello_moveit/package.dsv
-- Up-to-date: /home/kaushal/kaushal/moveit_ws/install/hello_moveit/share/ament_index/resource_index/packages/hello_moveit
-- Up-to-date: /home/kaushal/kaushal/moveit_ws/install/hello_moveit/share/hello_moveit/cmake/hello_moveitConfig.cmake
-- Up-to-date: /home/kaushal/kaushal/moveit_ws/install/hello_moveit/share/hello_moveit/cmake/hello_moveitConfig-version.cmake
-- Up-to-date: /home/kaushal/kaushal/moveit_ws/install/hello_moveit/share/hello_moveit/package.xml
