[0.055s] Invoking command in '/home/kaushal/kaushal/moveit_ws/build/moveit_task_constructor_core': AMENT_PREFIX_PATH=/home/kaushal/kaushal/moveit_ws/install/moveit_planners:/home/kaushal/kaushal/moveit_ws/install/pilz_industrial_motion_planner:/home/kaushal/kaushal/moveit_ws/install/moveit_resources_prbt_pg70_support:/home/kaushal/kaushal/moveit_ws/install/moveit_ros_planning_interface:/home/kaushal/kaushal/moveit_ws/install/moveit_resources_prbt_moveit_config:/home/kaushal/kaushal/moveit_ws/install/moveit_ros_move_group:/home/kaushal/kaushal/moveit_ws/install/moveit_ros_warehouse:/home/kaushal/kaushal/moveit_ws/install/moveit_planners_ompl:/home/kaushal/kaushal/moveit_ws/install/moveit_kinematics:/home/kaushal/kaushal/moveit_ws/install/moveit_ros_planning:/home/kaushal/kaushal/moveit_ws/install/moveit_planners_chomp:/home/kaushal/kaushal/moveit_ws/install/pilz_industrial_motion_planner_testutils:/home/kaushal/kaushal/moveit_ws/install/moveit_simple_controller_manager:/home/kaushal/kaushal/moveit_ws/install/moveit_ros_occupancy_map_monitor:/home/kaushal/kaushal/moveit_ws/install/moveit_resources_prbt_ikfast_manipulator_plugin:/home/kaushal/kaushal/moveit_ws/install/chomp_motion_planner:/home/kaushal/kaushal/moveit_ws/install/moveit_core:/home/kaushal/kaushal/moveit_ws/install/rviz_marker_tools:/home/kaushal/kaushal/moveit_ws/install/moveit_resources_panda_moveit_config:/home/kaushal/kaushal/moveit_ws/install/moveit_resources_fanuc_moveit_config:/home/kaushal/kaushal/moveit_ws/install/moveit_configs_utils:/home/kaushal/kaushal/moveit_ws/install/srdfdom:/home/kaushal/kaushal/moveit_ws/install/moveit_task_constructor_msgs:/home/kaushal/kaushal/moveit_ws/install/moveit_resources_prbt_support:/home/kaushal/kaushal/moveit_ws/install/moveit_resources_pr2_description:/home/kaushal/kaushal/moveit_ws/install/moveit_resources_panda_description:/home/kaushal/kaushal/moveit_ws/install/moveit_resources_fanuc_description:/home/kaushal/kaushal/moveit_ws/install/moveit_common:/home/kaushal/kaushal/moveit_ws/install/launch_param_builder:${AMENT_PREFIX_PATH} CMAKE_PREFIX_PATH=/home/kaushal/kaushal/moveit_ws/install/moveit_planners:/home/kaushal/kaushal/moveit_ws/install/pilz_industrial_motion_planner:/home/kaushal/kaushal/moveit_ws/install/moveit_resources_prbt_pg70_support:/home/kaushal/kaushal/moveit_ws/install/moveit_ros_planning_interface:/home/kaushal/kaushal/moveit_ws/install/moveit_resources_prbt_moveit_config:/home/kaushal/kaushal/moveit_ws/install/moveit_ros_move_group:/home/kaushal/kaushal/moveit_ws/install/moveit_ros_warehouse:/home/kaushal/kaushal/moveit_ws/install/moveit_planners_ompl:/home/kaushal/kaushal/moveit_ws/install/moveit_kinematics:/home/kaushal/kaushal/moveit_ws/install/moveit_ros_planning:/home/kaushal/kaushal/moveit_ws/install/moveit_planners_chomp:/home/kaushal/kaushal/moveit_ws/install/pilz_industrial_motion_planner_testutils:/home/kaushal/kaushal/moveit_ws/install/moveit_simple_controller_manager:/home/kaushal/kaushal/moveit_ws/install/moveit_ros_occupancy_map_monitor:/home/kaushal/kaushal/moveit_ws/install/moveit_resources_prbt_ikfast_manipulator_plugin:/home/kaushal/kaushal/moveit_ws/install/chomp_motion_planner:/home/kaushal/kaushal/moveit_ws/install/moveit_core:/home/kaushal/kaushal/moveit_ws/install/rviz_marker_tools:/home/kaushal/kaushal/moveit_ws/install/moveit_resources_panda_moveit_config:/home/kaushal/kaushal/moveit_ws/install/moveit_resources_fanuc_moveit_config:/home/kaushal/kaushal/moveit_ws/install/srdfdom:/home/kaushal/kaushal/moveit_ws/install/moveit_task_constructor_msgs:/home/kaushal/kaushal/moveit_ws/install/moveit_resources_prbt_support:/home/kaushal/kaushal/moveit_ws/install/moveit_resources_pr2_description:/home/kaushal/kaushal/moveit_ws/install/moveit_resources_panda_description:/home/kaushal/kaushal/moveit_ws/install/moveit_resources_fanuc_description:/home/kaushal/kaushal/moveit_ws/install/moveit_common:/opt/ros/humble LD_LIBRARY_PATH=/home/kaushal/kaushal/moveit_ws/install/pilz_industrial_motion_planner/lib:/home/kaushal/kaushal/moveit_ws/install/moveit_ros_planning_interface/lib:/home/kaushal/kaushal/moveit_ws/install/moveit_ros_move_group/lib:/home/kaushal/kaushal/moveit_ws/install/moveit_ros_warehouse/lib:/home/kaushal/kaushal/moveit_ws/install/moveit_planners_ompl/lib:/home/kaushal/kaushal/moveit_ws/install/moveit_kinematics/lib:/home/kaushal/kaushal/moveit_ws/install/moveit_ros_planning/lib:/home/kaushal/kaushal/moveit_ws/install/moveit_planners_chomp/lib:/home/kaushal/kaushal/moveit_ws/install/pilz_industrial_motion_planner_testutils/lib:/home/kaushal/kaushal/moveit_ws/install/moveit_simple_controller_manager/lib:/home/kaushal/kaushal/moveit_ws/install/moveit_ros_occupancy_map_monitor/lib:/home/kaushal/kaushal/moveit_ws/install/moveit_resources_prbt_ikfast_manipulator_plugin/lib:/home/kaushal/kaushal/moveit_ws/install/chomp_motion_planner/lib:/home/kaushal/kaushal/moveit_ws/install/moveit_core/lib:/home/kaushal/kaushal/moveit_ws/install/rviz_marker_tools/lib:/home/kaushal/kaushal/moveit_ws/install/srdfdom/lib:/home/kaushal/kaushal/moveit_ws/install/moveit_task_constructor_msgs/lib:${LD_LIBRARY_PATH} PATH=/home/kaushal/kaushal/moveit_ws/install/moveit_core/bin:${PATH} PYTHONPATH=/home/kaushal/kaushal/moveit_ws/install/moveit_configs_utils/lib/python3.10/site-packages:/home/kaushal/kaushal/moveit_ws/install/srdfdom/local/lib/python3.10/dist-packages:/home/kaushal/kaushal/moveit_ws/install/moveit_task_constructor_msgs/local/lib/python3.10/dist-packages:/home/kaushal/kaushal/moveit_ws/install/launch_param_builder/lib/python3.10/site-packages:${PYTHONPATH} /usr/bin/cmake --build /home/kaushal/kaushal/moveit_ws/build/moveit_task_constructor_core -- -j16 -l16
[0.122s] [  7%] Built target gtest
[0.122s] [  7%] Built target gtest_main
[0.122s] [  7%] Built target gmock_main
[0.122s] [ 10%] Built target gmock
[0.129s] [ 10%] Built target ament_cmake_python_copy_moveit
[0.162s] [ 11%] [32m[1mLinking CXX shared library libmoveit_task_constructor_core.so[0m
[0.337s] running egg_info
[0.338s] writing moveit.egg-info/PKG-INFO
[0.338s] writing dependency_links to moveit.egg-info/dependency_links.txt
[0.339s] writing top-level names to moveit.egg-info/top_level.txt
[0.341s] reading manifest file 'moveit.egg-info/SOURCES.txt'
[0.349s] writing manifest file 'moveit.egg-info/SOURCES.txt'
[0.384s] [ 11%] Built target ament_cmake_python_build_moveit_egg
[0.999s] [ 29%] Built target moveit_task_constructor_core
[1.041s] [ 30%] [32m[1mLinking CXX shared library libgtest_utils.so[0m
[1.061s] [ 31%] [32m[1mLinking CXX shared library libmoveit_task_constructor_core_stages.so[0m
[1.629s] [ 35%] Built target gtest_utils
[1.999s] [ 55%] Built target moveit_task_constructor_core_stages
[2.044s] [ 57%] [32m[1mLinking CXX shared library libmoveit_task_constructor_core_stage_plugins.so[0m
[2.045s] [ 57%] [32m[1mLinking CXX executable moveit_task_constructor_core-test-properties[0m
[2.045s] [ 58%] [32m[1mLinking CXX executable moveit_task_constructor_core-test-cost-queue[0m
[2.053s] [ 64%] [32m[1mLinking CXX executable moveit_task_constructor_core-test-serial[0m
[2.054s] [ 64%] [32m[1mLinking CXX executable pick_pr2[0m
[2.054s] [ 64%] [32m[1mLinking CXX executable pick_ur5[0m
[2.054s] [ 64%] [32m[1mLinking CXX executable moveit_task_constructor_core-test-pruning[0m
[2.054s] [ 65%] [32m[1mLinking CXX executable moveit_task_constructor_core-test-interface-state[0m
[2.054s] [ 65%] [32m[1mLinking CXX executable moveit_task_constructor_core-test-stage[0m
[2.054s] [ 67%] [32m[1mLinking CXX executable moveit_task_constructor_core-test-move-to[0m
[2.054s] [ 68%] [32m[1mLinking CXX executable moveit_task_constructor_core-test-move-relative[0m
[2.054s] [ 69%] [32m[1mLinking CXX executable moveit_task_constructor_core-test-fallback[0m
[2.055s] [ 70%] [32m[1mLinking CXX executable moveit_task_constructor_core-test-mockups[0m
[2.055s] [ 71%] [32m[1mLinking CXX executable moveit_task_constructor_core-test-container[0m
[2.063s] [ 72%] [32m[1mLinking CXX executable moveit_task_constructor_core-test-cost-terms[0m
[2.075s] [ 74%] [32m[1mLinking CXX shared module pymoveit_mtc.cpython-310-x86_64-linux-gnu.so[0m
[2.789s] [ 75%] Built target moveit_task_constructor_core_stage_plugins
[2.912s] [ 76%] [32m[1mLinking CXX executable pick_pa10[0m
[3.678s] [ 77%] Built target moveit_task_constructor_core-test-cost-queue
[3.781s] [ 78%] Built target pick_ur5
[3.828s] [ 80%] Built target moveit_task_constructor_core-test-properties
[3.837s] [ 81%] Built target moveit_task_constructor_core-test-mockups
[3.915s] [ 82%] Built target moveit_task_constructor_core-test-pruning
[3.933s] [ 83%] Built target pick_pr2
[3.995s] [ 84%] Built target moveit_task_constructor_core-test-serial
[5.070s] [ 85%] Built target moveit_task_constructor_core-test-fallback
[5.782s] [ 87%] Built target moveit_task_constructor_core-test-interface-state
[5.923s] [ 88%] Built target moveit_task_constructor_core-test-container
[6.718s] [ 89%] Built target moveit_task_constructor_core-test-stage
[6.732s] [ 90%] Built target moveit_task_constructor_core-test-cost-terms
[6.775s] [ 91%] Built target moveit_task_constructor_core-test-move-relative
[6.817s] [ 92%] Built target moveit_task_constructor_core-test-move-to
[6.849s] [ 94%] Built target pick_pa10
[7.228s] lto-wrapper: warning: using serial compilation of 12 LTRANS jobs
[15.493s] [100%] Built target pymoveit_mtc
[15.506s] Invoked command in '/home/kaushal/kaushal/moveit_ws/build/moveit_task_constructor_core' returned '0': AMENT_PREFIX_PATH=/home/kaushal/kaushal/moveit_ws/install/moveit_planners:/home/kaushal/kaushal/moveit_ws/install/pilz_industrial_motion_planner:/home/kaushal/kaushal/moveit_ws/install/moveit_resources_prbt_pg70_support:/home/kaushal/kaushal/moveit_ws/install/moveit_ros_planning_interface:/home/kaushal/kaushal/moveit_ws/install/moveit_resources_prbt_moveit_config:/home/kaushal/kaushal/moveit_ws/install/moveit_ros_move_group:/home/kaushal/kaushal/moveit_ws/install/moveit_ros_warehouse:/home/kaushal/kaushal/moveit_ws/install/moveit_planners_ompl:/home/kaushal/kaushal/moveit_ws/install/moveit_kinematics:/home/kaushal/kaushal/moveit_ws/install/moveit_ros_planning:/home/kaushal/kaushal/moveit_ws/install/moveit_planners_chomp:/home/kaushal/kaushal/moveit_ws/install/pilz_industrial_motion_planner_testutils:/home/kaushal/kaushal/moveit_ws/install/moveit_simple_controller_manager:/home/kaushal/kaushal/moveit_ws/install/moveit_ros_occupancy_map_monitor:/home/kaushal/kaushal/moveit_ws/install/moveit_resources_prbt_ikfast_manipulator_plugin:/home/kaushal/kaushal/moveit_ws/install/chomp_motion_planner:/home/kaushal/kaushal/moveit_ws/install/moveit_core:/home/kaushal/kaushal/moveit_ws/install/rviz_marker_tools:/home/kaushal/kaushal/moveit_ws/install/moveit_resources_panda_moveit_config:/home/kaushal/kaushal/moveit_ws/install/moveit_resources_fanuc_moveit_config:/home/kaushal/kaushal/moveit_ws/install/moveit_configs_utils:/home/kaushal/kaushal/moveit_ws/install/srdfdom:/home/kaushal/kaushal/moveit_ws/install/moveit_task_constructor_msgs:/home/kaushal/kaushal/moveit_ws/install/moveit_resources_prbt_support:/home/kaushal/kaushal/moveit_ws/install/moveit_resources_pr2_description:/home/kaushal/kaushal/moveit_ws/install/moveit_resources_panda_description:/home/kaushal/kaushal/moveit_ws/install/moveit_resources_fanuc_description:/home/kaushal/kaushal/moveit_ws/install/moveit_common:/home/kaushal/kaushal/moveit_ws/install/launch_param_builder:${AMENT_PREFIX_PATH} CMAKE_PREFIX_PATH=/home/kaushal/kaushal/moveit_ws/install/moveit_planners:/home/kaushal/kaushal/moveit_ws/install/pilz_industrial_motion_planner:/home/kaushal/kaushal/moveit_ws/install/moveit_resources_prbt_pg70_support:/home/kaushal/kaushal/moveit_ws/install/moveit_ros_planning_interface:/home/kaushal/kaushal/moveit_ws/install/moveit_resources_prbt_moveit_config:/home/kaushal/kaushal/moveit_ws/install/moveit_ros_move_group:/home/kaushal/kaushal/moveit_ws/install/moveit_ros_warehouse:/home/kaushal/kaushal/moveit_ws/install/moveit_planners_ompl:/home/kaushal/kaushal/moveit_ws/install/moveit_kinematics:/home/kaushal/kaushal/moveit_ws/install/moveit_ros_planning:/home/kaushal/kaushal/moveit_ws/install/moveit_planners_chomp:/home/kaushal/kaushal/moveit_ws/install/pilz_industrial_motion_planner_testutils:/home/kaushal/kaushal/moveit_ws/install/moveit_simple_controller_manager:/home/kaushal/kaushal/moveit_ws/install/moveit_ros_occupancy_map_monitor:/home/kaushal/kaushal/moveit_ws/install/moveit_resources_prbt_ikfast_manipulator_plugin:/home/kaushal/kaushal/moveit_ws/install/chomp_motion_planner:/home/kaushal/kaushal/moveit_ws/install/moveit_core:/home/kaushal/kaushal/moveit_ws/install/rviz_marker_tools:/home/kaushal/kaushal/moveit_ws/install/moveit_resources_panda_moveit_config:/home/kaushal/kaushal/moveit_ws/install/moveit_resources_fanuc_moveit_config:/home/kaushal/kaushal/moveit_ws/install/srdfdom:/home/kaushal/kaushal/moveit_ws/install/moveit_task_constructor_msgs:/home/kaushal/kaushal/moveit_ws/install/moveit_resources_prbt_support:/home/kaushal/kaushal/moveit_ws/install/moveit_resources_pr2_description:/home/kaushal/kaushal/moveit_ws/install/moveit_resources_panda_description:/home/kaushal/kaushal/moveit_ws/install/moveit_resources_fanuc_description:/home/kaushal/kaushal/moveit_ws/install/moveit_common:/opt/ros/humble LD_LIBRARY_PATH=/home/kaushal/kaushal/moveit_ws/install/pilz_industrial_motion_planner/lib:/home/kaushal/kaushal/moveit_ws/install/moveit_ros_planning_interface/lib:/home/kaushal/kaushal/moveit_ws/install/moveit_ros_move_group/lib:/home/kaushal/kaushal/moveit_ws/install/moveit_ros_warehouse/lib:/home/kaushal/kaushal/moveit_ws/install/moveit_planners_ompl/lib:/home/kaushal/kaushal/moveit_ws/install/moveit_kinematics/lib:/home/kaushal/kaushal/moveit_ws/install/moveit_ros_planning/lib:/home/kaushal/kaushal/moveit_ws/install/moveit_planners_chomp/lib:/home/kaushal/kaushal/moveit_ws/install/pilz_industrial_motion_planner_testutils/lib:/home/kaushal/kaushal/moveit_ws/install/moveit_simple_controller_manager/lib:/home/kaushal/kaushal/moveit_ws/install/moveit_ros_occupancy_map_monitor/lib:/home/kaushal/kaushal/moveit_ws/install/moveit_resources_prbt_ikfast_manipulator_plugin/lib:/home/kaushal/kaushal/moveit_ws/install/chomp_motion_planner/lib:/home/kaushal/kaushal/moveit_ws/install/moveit_core/lib:/home/kaushal/kaushal/moveit_ws/install/rviz_marker_tools/lib:/home/kaushal/kaushal/moveit_ws/install/srdfdom/lib:/home/kaushal/kaushal/moveit_ws/install/moveit_task_constructor_msgs/lib:${LD_LIBRARY_PATH} PATH=/home/kaushal/kaushal/moveit_ws/install/moveit_core/bin:${PATH} PYTHONPATH=/home/kaushal/kaushal/moveit_ws/install/moveit_configs_utils/lib/python3.10/site-packages:/home/kaushal/kaushal/moveit_ws/install/srdfdom/local/lib/python3.10/dist-packages:/home/kaushal/kaushal/moveit_ws/install/moveit_task_constructor_msgs/local/lib/python3.10/dist-packages:/home/kaushal/kaushal/moveit_ws/install/launch_param_builder/lib/python3.10/site-packages:${PYTHONPATH} /usr/bin/cmake --build /home/kaushal/kaushal/moveit_ws/build/moveit_task_constructor_core -- -j16 -l16
[15.509s] Invoking command in '/home/kaushal/kaushal/moveit_ws/build/moveit_task_constructor_core': AMENT_PREFIX_PATH=/home/kaushal/kaushal/moveit_ws/install/moveit_planners:/home/kaushal/kaushal/moveit_ws/install/pilz_industrial_motion_planner:/home/kaushal/kaushal/moveit_ws/install/moveit_resources_prbt_pg70_support:/home/kaushal/kaushal/moveit_ws/install/moveit_ros_planning_interface:/home/kaushal/kaushal/moveit_ws/install/moveit_resources_prbt_moveit_config:/home/kaushal/kaushal/moveit_ws/install/moveit_ros_move_group:/home/kaushal/kaushal/moveit_ws/install/moveit_ros_warehouse:/home/kaushal/kaushal/moveit_ws/install/moveit_planners_ompl:/home/kaushal/kaushal/moveit_ws/install/moveit_kinematics:/home/kaushal/kaushal/moveit_ws/install/moveit_ros_planning:/home/kaushal/kaushal/moveit_ws/install/moveit_planners_chomp:/home/kaushal/kaushal/moveit_ws/install/pilz_industrial_motion_planner_testutils:/home/kaushal/kaushal/moveit_ws/install/moveit_simple_controller_manager:/home/kaushal/kaushal/moveit_ws/install/moveit_ros_occupancy_map_monitor:/home/kaushal/kaushal/moveit_ws/install/moveit_resources_prbt_ikfast_manipulator_plugin:/home/kaushal/kaushal/moveit_ws/install/chomp_motion_planner:/home/kaushal/kaushal/moveit_ws/install/moveit_core:/home/kaushal/kaushal/moveit_ws/install/rviz_marker_tools:/home/kaushal/kaushal/moveit_ws/install/moveit_resources_panda_moveit_config:/home/kaushal/kaushal/moveit_ws/install/moveit_resources_fanuc_moveit_config:/home/kaushal/kaushal/moveit_ws/install/moveit_configs_utils:/home/kaushal/kaushal/moveit_ws/install/srdfdom:/home/kaushal/kaushal/moveit_ws/install/moveit_task_constructor_msgs:/home/kaushal/kaushal/moveit_ws/install/moveit_resources_prbt_support:/home/kaushal/kaushal/moveit_ws/install/moveit_resources_pr2_description:/home/kaushal/kaushal/moveit_ws/install/moveit_resources_panda_description:/home/kaushal/kaushal/moveit_ws/install/moveit_resources_fanuc_description:/home/kaushal/kaushal/moveit_ws/install/moveit_common:/home/kaushal/kaushal/moveit_ws/install/launch_param_builder:${AMENT_PREFIX_PATH} CMAKE_PREFIX_PATH=/home/kaushal/kaushal/moveit_ws/install/moveit_planners:/home/kaushal/kaushal/moveit_ws/install/pilz_industrial_motion_planner:/home/kaushal/kaushal/moveit_ws/install/moveit_resources_prbt_pg70_support:/home/kaushal/kaushal/moveit_ws/install/moveit_ros_planning_interface:/home/kaushal/kaushal/moveit_ws/install/moveit_resources_prbt_moveit_config:/home/kaushal/kaushal/moveit_ws/install/moveit_ros_move_group:/home/kaushal/kaushal/moveit_ws/install/moveit_ros_warehouse:/home/kaushal/kaushal/moveit_ws/install/moveit_planners_ompl:/home/kaushal/kaushal/moveit_ws/install/moveit_kinematics:/home/kaushal/kaushal/moveit_ws/install/moveit_ros_planning:/home/kaushal/kaushal/moveit_ws/install/moveit_planners_chomp:/home/kaushal/kaushal/moveit_ws/install/pilz_industrial_motion_planner_testutils:/home/kaushal/kaushal/moveit_ws/install/moveit_simple_controller_manager:/home/kaushal/kaushal/moveit_ws/install/moveit_ros_occupancy_map_monitor:/home/kaushal/kaushal/moveit_ws/install/moveit_resources_prbt_ikfast_manipulator_plugin:/home/kaushal/kaushal/moveit_ws/install/chomp_motion_planner:/home/kaushal/kaushal/moveit_ws/install/moveit_core:/home/kaushal/kaushal/moveit_ws/install/rviz_marker_tools:/home/kaushal/kaushal/moveit_ws/install/moveit_resources_panda_moveit_config:/home/kaushal/kaushal/moveit_ws/install/moveit_resources_fanuc_moveit_config:/home/kaushal/kaushal/moveit_ws/install/srdfdom:/home/kaushal/kaushal/moveit_ws/install/moveit_task_constructor_msgs:/home/kaushal/kaushal/moveit_ws/install/moveit_resources_prbt_support:/home/kaushal/kaushal/moveit_ws/install/moveit_resources_pr2_description:/home/kaushal/kaushal/moveit_ws/install/moveit_resources_panda_description:/home/kaushal/kaushal/moveit_ws/install/moveit_resources_fanuc_description:/home/kaushal/kaushal/moveit_ws/install/moveit_common:/opt/ros/humble LD_LIBRARY_PATH=/home/kaushal/kaushal/moveit_ws/install/pilz_industrial_motion_planner/lib:/home/kaushal/kaushal/moveit_ws/install/moveit_ros_planning_interface/lib:/home/kaushal/kaushal/moveit_ws/install/moveit_ros_move_group/lib:/home/kaushal/kaushal/moveit_ws/install/moveit_ros_warehouse/lib:/home/kaushal/kaushal/moveit_ws/install/moveit_planners_ompl/lib:/home/kaushal/kaushal/moveit_ws/install/moveit_kinematics/lib:/home/kaushal/kaushal/moveit_ws/install/moveit_ros_planning/lib:/home/kaushal/kaushal/moveit_ws/install/moveit_planners_chomp/lib:/home/kaushal/kaushal/moveit_ws/install/pilz_industrial_motion_planner_testutils/lib:/home/kaushal/kaushal/moveit_ws/install/moveit_simple_controller_manager/lib:/home/kaushal/kaushal/moveit_ws/install/moveit_ros_occupancy_map_monitor/lib:/home/kaushal/kaushal/moveit_ws/install/moveit_resources_prbt_ikfast_manipulator_plugin/lib:/home/kaushal/kaushal/moveit_ws/install/chomp_motion_planner/lib:/home/kaushal/kaushal/moveit_ws/install/moveit_core/lib:/home/kaushal/kaushal/moveit_ws/install/rviz_marker_tools/lib:/home/kaushal/kaushal/moveit_ws/install/srdfdom/lib:/home/kaushal/kaushal/moveit_ws/install/moveit_task_constructor_msgs/lib:${LD_LIBRARY_PATH} PATH=/home/kaushal/kaushal/moveit_ws/install/moveit_core/bin:${PATH} PYTHONPATH=/home/kaushal/kaushal/moveit_ws/install/moveit_configs_utils/lib/python3.10/site-packages:/home/kaushal/kaushal/moveit_ws/install/srdfdom/local/lib/python3.10/dist-packages:/home/kaushal/kaushal/moveit_ws/install/moveit_task_constructor_msgs/local/lib/python3.10/dist-packages:/home/kaushal/kaushal/moveit_ws/install/launch_param_builder/lib/python3.10/site-packages:${PYTHONPATH} /usr/bin/cmake --install /home/kaushal/kaushal/moveit_ws/build/moveit_task_constructor_core
[15.517s] -- Install configuration: "Release"
[15.519s] -- Installing: /home/kaushal/kaushal/moveit_ws/install/moveit_task_constructor_core/lib/libmoveit_task_constructor_core_stages.so
[15.521s] -- Set runtime path of "/home/kaushal/kaushal/moveit_ws/install/moveit_task_constructor_core/lib/libmoveit_task_constructor_core_stages.so" to ""
[15.521s] -- Installing: /home/kaushal/kaushal/moveit_ws/install/moveit_task_constructor_core/lib/libmoveit_task_constructor_core_stage_plugins.so
[15.522s] -- Set runtime path of "/home/kaushal/kaushal/moveit_ws/install/moveit_task_constructor_core/lib/libmoveit_task_constructor_core_stage_plugins.so" to ""
[15.522s] -- Installing: /home/kaushal/kaushal/moveit_ws/install/moveit_task_constructor_core/lib/libmoveit_task_constructor_core.so
[15.525s] -- Set runtime path of "/home/kaushal/kaushal/moveit_ws/install/moveit_task_constructor_core/lib/libmoveit_task_constructor_core.so" to ""
[15.525s] -- Up-to-date: /home/kaushal/kaushal/moveit_ws/install/moveit_task_constructor_core/share/moveit_task_constructor_core/environment/pythonpath.sh
[15.525s] -- Up-to-date: /home/kaushal/kaushal/moveit_ws/install/moveit_task_constructor_core/share/moveit_task_constructor_core/environment/pythonpath.dsv
[15.526s] -- Up-to-date: /home/kaushal/kaushal/moveit_ws/install/moveit_task_constructor_core/local/lib/python3.10/dist-packages/moveit-0.1.3-py3.10.egg-info
[15.526s] -- Installing: /home/kaushal/kaushal/moveit_ws/install/moveit_task_constructor_core/local/lib/python3.10/dist-packages/moveit-0.1.3-py3.10.egg-info/PKG-INFO
[15.526s] -- Installing: /home/kaushal/kaushal/moveit_ws/install/moveit_task_constructor_core/local/lib/python3.10/dist-packages/moveit-0.1.3-py3.10.egg-info/SOURCES.txt
[15.526s] -- Installing: /home/kaushal/kaushal/moveit_ws/install/moveit_task_constructor_core/local/lib/python3.10/dist-packages/moveit-0.1.3-py3.10.egg-info/dependency_links.txt
[15.526s] -- Installing: /home/kaushal/kaushal/moveit_ws/install/moveit_task_constructor_core/local/lib/python3.10/dist-packages/moveit-0.1.3-py3.10.egg-info/top_level.txt
[15.526s] -- Up-to-date: /home/kaushal/kaushal/moveit_ws/install/moveit_task_constructor_core/local/lib/python3.10/dist-packages/moveit
[15.526s] -- Up-to-date: /home/kaushal/kaushal/moveit_ws/install/moveit_task_constructor_core/local/lib/python3.10/dist-packages/moveit/task_constructor
[15.527s] -- Up-to-date: /home/kaushal/kaushal/moveit_ws/install/moveit_task_constructor_core/local/lib/python3.10/dist-packages/moveit/task_constructor/core.py
[15.527s] -- Up-to-date: /home/kaushal/kaushal/moveit_ws/install/moveit_task_constructor_core/local/lib/python3.10/dist-packages/moveit/task_constructor/__init__.py
[15.527s] -- Up-to-date: /home/kaushal/kaushal/moveit_ws/install/moveit_task_constructor_core/local/lib/python3.10/dist-packages/moveit/task_constructor/stages.py
[15.527s] -- Up-to-date: /home/kaushal/kaushal/moveit_ws/install/moveit_task_constructor_core/local/lib/python3.10/dist-packages/moveit/__init__.py
[15.554s] Listing '/home/kaushal/kaushal/moveit_ws/install/moveit_task_constructor_core/local/lib/python3.10/dist-packages/moveit'...
[15.554s] Listing '/home/kaushal/kaushal/moveit_ws/install/moveit_task_constructor_core/local/lib/python3.10/dist-packages/moveit/task_constructor'...
[15.557s] -- Up-to-date: /home/kaushal/kaushal/moveit_ws/install/moveit_task_constructor_core/include/moveit/python/pybind11
[15.558s] -- Up-to-date: /home/kaushal/kaushal/moveit_ws/install/moveit_task_constructor_core/include/moveit/python/pybind11/numpy.h
[15.558s] -- Up-to-date: /home/kaushal/kaushal/moveit_ws/install/moveit_task_constructor_core/include/moveit/python/pybind11/complex.h
[15.558s] -- Up-to-date: /home/kaushal/kaushal/moveit_ws/install/moveit_task_constructor_core/include/moveit/python/pybind11/gil_safe_call_once.h
[15.558s] -- Up-to-date: /home/kaushal/kaushal/moveit_ws/install/moveit_task_constructor_core/include/moveit/python/pybind11/pybind11.h
[15.558s] -- Up-to-date: /home/kaushal/kaushal/moveit_ws/install/moveit_task_constructor_core/include/moveit/python/pybind11/cast.h
[15.558s] -- Up-to-date: /home/kaushal/kaushal/moveit_ws/install/moveit_task_constructor_core/include/moveit/python/pybind11/type_caster_pyobject_ptr.h
[15.558s] -- Up-to-date: /home/kaushal/kaushal/moveit_ws/install/moveit_task_constructor_core/include/moveit/python/pybind11/trampoline_self_life_support.h
[15.558s] -- Up-to-date: /home/kaushal/kaushal/moveit_ws/install/moveit_task_constructor_core/include/moveit/python/pybind11/gil.h
[15.558s] -- Up-to-date: /home/kaushal/kaushal/moveit_ws/install/moveit_task_constructor_core/include/moveit/python/pybind11/options.h
[15.558s] -- Up-to-date: /home/kaushal/kaushal/moveit_ws/install/moveit_task_constructor_core/include/moveit/python/pybind11/iostream.h
[15.559s] -- Up-to-date: /home/kaushal/kaushal/moveit_ws/install/moveit_task_constructor_core/include/moveit/python/pybind11/eval.h
[15.559s] -- Up-to-date: /home/kaushal/kaushal/moveit_ws/install/moveit_task_constructor_core/include/moveit/python/pybind11/functional.h
[15.559s] -- Up-to-date: /home/kaushal/kaushal/moveit_ws/install/moveit_task_constructor_core/include/moveit/python/pybind11/attr.h
[15.559s] -- Up-to-date: /home/kaushal/kaushal/moveit_ws/install/moveit_task_constructor_core/include/moveit/python/pybind11/chrono.h
[15.559s] -- Up-to-date: /home/kaushal/kaushal/moveit_ws/install/moveit_task_constructor_core/include/moveit/python/pybind11/common.h
[15.559s] -- Up-to-date: /home/kaushal/kaushal/moveit_ws/install/moveit_task_constructor_core/include/moveit/python/pybind11/eigen.h
[15.559s] -- Up-to-date: /home/kaushal/kaushal/moveit_ws/install/moveit_task_constructor_core/include/moveit/python/pybind11/smart_holder.h
[15.559s] -- Up-to-date: /home/kaushal/kaushal/moveit_ws/install/moveit_task_constructor_core/include/moveit/python/pybind11/typing.h
[15.559s] -- Up-to-date: /home/kaushal/kaushal/moveit_ws/install/moveit_task_constructor_core/include/moveit/python/pybind11/detail
[15.559s] -- Up-to-date: /home/kaushal/kaushal/moveit_ws/install/moveit_task_constructor_core/include/moveit/python/pybind11/detail/smart_holder_poc.h
[15.559s] -- Up-to-date: /home/kaushal/kaushal/moveit_ws/install/moveit_task_constructor_core/include/moveit/python/pybind11/detail/internals.h
[15.559s] -- Up-to-date: /home/kaushal/kaushal/moveit_ws/install/moveit_task_constructor_core/include/moveit/python/pybind11/detail/smart_holder_type_casters.h
[15.559s] -- Up-to-date: /home/kaushal/kaushal/moveit_ws/install/moveit_task_constructor_core/include/moveit/python/pybind11/detail/type_caster_odr_guard.h
[15.560s] -- Up-to-date: /home/kaushal/kaushal/moveit_ws/install/moveit_task_constructor_core/include/moveit/python/pybind11/detail/common.h
[15.560s] -- Up-to-date: /home/kaushal/kaushal/moveit_ws/install/moveit_task_constructor_core/include/moveit/python/pybind11/detail/typeid.h
[15.560s] -- Up-to-date: /home/kaushal/kaushal/moveit_ws/install/moveit_task_constructor_core/include/moveit/python/pybind11/detail/dynamic_raw_ptr_cast_if_possible.h
[15.560s] -- Up-to-date: /home/kaushal/kaushal/moveit_ws/install/moveit_task_constructor_core/include/moveit/python/pybind11/detail/class.h
[15.560s] -- Up-to-date: /home/kaushal/kaushal/moveit_ws/install/moveit_task_constructor_core/include/moveit/python/pybind11/detail/smart_holder_sfinae_hooks_only.h
[15.560s] -- Up-to-date: /home/kaushal/kaushal/moveit_ws/install/moveit_task_constructor_core/include/moveit/python/pybind11/detail/init.h
[15.560s] -- Up-to-date: /home/kaushal/kaushal/moveit_ws/install/moveit_task_constructor_core/include/moveit/python/pybind11/detail/descr.h
[15.560s] -- Up-to-date: /home/kaushal/kaushal/moveit_ws/install/moveit_task_constructor_core/include/moveit/python/pybind11/detail/type_caster_base.h
[15.560s] -- Up-to-date: /home/kaushal/kaushal/moveit_ws/install/moveit_task_constructor_core/include/moveit/python/pybind11/embed.h
[15.560s] -- Up-to-date: /home/kaushal/kaushal/moveit_ws/install/moveit_task_constructor_core/include/moveit/python/pybind11/stl_bind.h
[15.560s] -- Up-to-date: /home/kaushal/kaushal/moveit_ws/install/moveit_task_constructor_core/include/moveit/python/pybind11/stl
[15.560s] -- Up-to-date: /home/kaushal/kaushal/moveit_ws/install/moveit_task_constructor_core/include/moveit/python/pybind11/stl/filesystem.h
[15.560s] -- Up-to-date: /home/kaushal/kaushal/moveit_ws/install/moveit_task_constructor_core/include/moveit/python/pybind11/buffer_info.h
[15.560s] -- Up-to-date: /home/kaushal/kaushal/moveit_ws/install/moveit_task_constructor_core/include/moveit/python/pybind11/stl.h
[15.560s] -- Up-to-date: /home/kaushal/kaushal/moveit_ws/install/moveit_task_constructor_core/include/moveit/python/pybind11/pytypes.h
[15.560s] -- Up-to-date: /home/kaushal/kaushal/moveit_ws/install/moveit_task_constructor_core/include/moveit/python/pybind11/eigen
[15.560s] -- Up-to-date: /home/kaushal/kaushal/moveit_ws/install/moveit_task_constructor_core/include/moveit/python/pybind11/eigen/matrix.h
[15.560s] -- Up-to-date: /home/kaushal/kaushal/moveit_ws/install/moveit_task_constructor_core/include/moveit/python/pybind11/eigen/common.h
[15.560s] -- Up-to-date: /home/kaushal/kaushal/moveit_ws/install/moveit_task_constructor_core/include/moveit/python/pybind11/eigen/tensor.h
[15.561s] -- Up-to-date: /home/kaushal/kaushal/moveit_ws/install/moveit_task_constructor_core/include/moveit/python/pybind11/operators.h
[15.561s] -- Up-to-date: /home/kaushal/kaushal/moveit_ws/install/moveit_task_constructor_core/share/moveit_task_constructor_core/cmake/pybind11Config.cmake
[15.561s] -- Up-to-date: /home/kaushal/kaushal/moveit_ws/install/moveit_task_constructor_core/share/moveit_task_constructor_core/cmake/pybind11ConfigVersion.cmake
[15.561s] -- Up-to-date: /home/kaushal/kaushal/moveit_ws/install/moveit_task_constructor_core/share/moveit_task_constructor_core/cmake/FindPythonLibsNew.cmake
[15.561s] -- Up-to-date: /home/kaushal/kaushal/moveit_ws/install/moveit_task_constructor_core/share/moveit_task_constructor_core/cmake/pybind11Common.cmake
[15.561s] -- Up-to-date: /home/kaushal/kaushal/moveit_ws/install/moveit_task_constructor_core/share/moveit_task_constructor_core/cmake/pybind11Tools.cmake
[15.561s] -- Up-to-date: /home/kaushal/kaushal/moveit_ws/install/moveit_task_constructor_core/share/moveit_task_constructor_core/cmake/pybind11NewTools.cmake
[15.561s] -- Up-to-date: /home/kaushal/kaushal/moveit_ws/install/moveit_task_constructor_core/share/moveit_task_constructor_core/cmake/pybind11Targets.cmake
[15.561s] -- Up-to-date: /home/kaushal/kaushal/moveit_ws/install/moveit_task_constructor_core/share/pkgconfig/pybind11.pc
[15.561s] -- Installing: /home/kaushal/kaushal/moveit_ws/install/moveit_task_constructor_core/local/lib/python3.10/dist-packages/pymoveit_mtc.cpython-310-x86_64-linux-gnu.so
[15.562s] -- Set runtime path of "/home/kaushal/kaushal/moveit_ws/install/moveit_task_constructor_core/local/lib/python3.10/dist-packages/pymoveit_mtc.cpython-310-x86_64-linux-gnu.so" to ""
[15.563s] -- Up-to-date: /home/kaushal/kaushal/moveit_ws/install/moveit_task_constructor_core/include
[15.563s] -- Up-to-date: /home/kaushal/kaushal/moveit_ws/install/moveit_task_constructor_core/include/moveit
[15.563s] -- Up-to-date: /home/kaushal/kaushal/moveit_ws/install/moveit_task_constructor_core/include/moveit/python
[15.563s] -- Up-to-date: /home/kaushal/kaushal/moveit_ws/install/moveit_task_constructor_core/include/moveit/python/task_constructor
[15.563s] -- Up-to-date: /home/kaushal/kaushal/moveit_ws/install/moveit_task_constructor_core/include/moveit/python/task_constructor/properties.h
[15.563s] -- Up-to-date: /home/kaushal/kaushal/moveit_ws/install/moveit_task_constructor_core/include/moveit/task_constructor
[15.563s] -- Up-to-date: /home/kaushal/kaushal/moveit_ws/install/moveit_task_constructor_core/include/moveit/task_constructor/solvers
[15.564s] -- Up-to-date: /home/kaushal/kaushal/moveit_ws/install/moveit_task_constructor_core/include/moveit/task_constructor/solvers/multi_planner.h
[15.564s] -- Up-to-date: /home/kaushal/kaushal/moveit_ws/install/moveit_task_constructor_core/include/moveit/task_constructor/solvers/cartesian_path.h
[15.564s] -- Up-to-date: /home/kaushal/kaushal/moveit_ws/install/moveit_task_constructor_core/include/moveit/task_constructor/solvers/planner_interface.h
[15.564s] -- Up-to-date: /home/kaushal/kaushal/moveit_ws/install/moveit_task_constructor_core/include/moveit/task_constructor/solvers/joint_interpolation.h
[15.564s] -- Up-to-date: /home/kaushal/kaushal/moveit_ws/install/moveit_task_constructor_core/include/moveit/task_constructor/solvers/pipeline_planner.h
[15.564s] -- Up-to-date: /home/kaushal/kaushal/moveit_ws/install/moveit_task_constructor_core/include/moveit/task_constructor/properties.h
[15.564s] -- Up-to-date: /home/kaushal/kaushal/moveit_ws/install/moveit_task_constructor_core/include/moveit/task_constructor/stages
[15.564s] -- Up-to-date: /home/kaushal/kaushal/moveit_ws/install/moveit_task_constructor_core/include/moveit/task_constructor/stages/fix_collision_objects.h
[15.564s] -- Up-to-date: /home/kaushal/kaushal/moveit_ws/install/moveit_task_constructor_core/include/moveit/task_constructor/stages/passthrough.h
[15.564s] -- Up-to-date: /home/kaushal/kaushal/moveit_ws/install/moveit_task_constructor_core/include/moveit/task_constructor/stages/generate_pose.h
[15.564s] -- Up-to-date: /home/kaushal/kaushal/moveit_ws/install/moveit_task_constructor_core/include/moveit/task_constructor/stages/modify_planning_scene.h
[15.565s] -- Up-to-date: /home/kaushal/kaushal/moveit_ws/install/moveit_task_constructor_core/include/moveit/task_constructor/stages/simple_grasp.h
[15.565s] -- Up-to-date: /home/kaushal/kaushal/moveit_ws/install/moveit_task_constructor_core/include/moveit/task_constructor/stages/move_to.h
[15.565s] -- Up-to-date: /home/kaushal/kaushal/moveit_ws/install/moveit_task_constructor_core/include/moveit/task_constructor/stages/noop.h
[15.565s] -- Up-to-date: /home/kaushal/kaushal/moveit_ws/install/moveit_task_constructor_core/include/moveit/task_constructor/stages/compute_ik.h
[15.565s] -- Up-to-date: /home/kaushal/kaushal/moveit_ws/install/moveit_task_constructor_core/include/moveit/task_constructor/stages/move_relative.h
[15.565s] -- Up-to-date: /home/kaushal/kaushal/moveit_ws/install/moveit_task_constructor_core/include/moveit/task_constructor/stages/generate_grasp_pose.h
[15.565s] -- Up-to-date: /home/kaushal/kaushal/moveit_ws/install/moveit_task_constructor_core/include/moveit/task_constructor/stages/pick.h
[15.565s] -- Up-to-date: /home/kaushal/kaushal/moveit_ws/install/moveit_task_constructor_core/include/moveit/task_constructor/stages/connect.h
[15.565s] -- Up-to-date: /home/kaushal/kaushal/moveit_ws/install/moveit_task_constructor_core/include/moveit/task_constructor/stages/predicate_filter.h
[15.565s] -- Up-to-date: /home/kaushal/kaushal/moveit_ws/install/moveit_task_constructor_core/include/moveit/task_constructor/stages/fixed_state.h
[15.565s] -- Up-to-date: /home/kaushal/kaushal/moveit_ws/install/moveit_task_constructor_core/include/moveit/task_constructor/stages/fixed_cartesian_poses.h
[15.565s] -- Up-to-date: /home/kaushal/kaushal/moveit_ws/install/moveit_task_constructor_core/include/moveit/task_constructor/stages/generate_place_pose.h
[15.565s] -- Up-to-date: /home/kaushal/kaushal/moveit_ws/install/moveit_task_constructor_core/include/moveit/task_constructor/stages/current_state.h
[15.565s] -- Up-to-date: /home/kaushal/kaushal/moveit_ws/install/moveit_task_constructor_core/include/moveit/task_constructor/stages/generate_random_pose.h
[15.566s] -- Up-to-date: /home/kaushal/kaushal/moveit_ws/install/moveit_task_constructor_core/include/moveit/task_constructor/introspection.h
[15.566s] -- Up-to-date: /home/kaushal/kaushal/moveit_ws/install/moveit_task_constructor_core/include/moveit/task_constructor/task.h
[15.566s] -- Up-to-date: /home/kaushal/kaushal/moveit_ws/install/moveit_task_constructor_core/include/moveit/task_constructor/storage.h
[15.566s] -- Up-to-date: /home/kaushal/kaushal/moveit_ws/install/moveit_task_constructor_core/include/moveit/task_constructor/moveit_compat.h
[15.566s] -- Up-to-date: /home/kaushal/kaushal/moveit_ws/install/moveit_task_constructor_core/include/moveit/task_constructor/utils.h
[15.566s] -- Up-to-date: /home/kaushal/kaushal/moveit_ws/install/moveit_task_constructor_core/include/moveit/task_constructor/stage.h
[15.566s] -- Up-to-date: /home/kaushal/kaushal/moveit_ws/install/moveit_task_constructor_core/include/moveit/task_constructor/container.h
[15.566s] -- Up-to-date: /home/kaushal/kaushal/moveit_ws/install/moveit_task_constructor_core/include/moveit/task_constructor/stages.h
[15.566s] -- Up-to-date: /home/kaushal/kaushal/moveit_ws/install/moveit_task_constructor_core/include/moveit/task_constructor/marker_tools.h
[15.566s] -- Up-to-date: /home/kaushal/kaushal/moveit_ws/install/moveit_task_constructor_core/include/moveit/task_constructor/cost_queue.h
[15.566s] -- Up-to-date: /home/kaushal/kaushal/moveit_ws/install/moveit_task_constructor_core/include/moveit/task_constructor/cost_terms.h
[15.566s] -- Up-to-date: /home/kaushal/kaushal/moveit_ws/install/moveit_task_constructor_core/include/moveit/task_constructor/type_traits.h
[15.567s] -- Up-to-date: /home/kaushal/kaushal/moveit_ws/install/moveit_task_constructor_core/include/moveit/task_constructor/merge.h
[15.567s] -- Up-to-date: /home/kaushal/kaushal/moveit_ws/install/moveit_task_constructor_core/include/moveit/task_constructor/trajectory_execution_info.h
[15.567s] -- Up-to-date: /home/kaushal/kaushal/moveit_ws/install/moveit_task_constructor_core/include/moveit/task_constructor/solvers.h
[15.567s] -- Up-to-date: /home/kaushal/kaushal/moveit_ws/install/moveit_task_constructor_core/share/moveit_task_constructor_core/motion_planning_stages_plugin_description.xml
[15.567s] -- Up-to-date: /home/kaushal/kaushal/moveit_ws/install/moveit_task_constructor_core/share/moveit_task_constructor_core/environment/library_path.sh
[15.567s] -- Up-to-date: /home/kaushal/kaushal/moveit_ws/install/moveit_task_constructor_core/share/moveit_task_constructor_core/environment/library_path.dsv
[15.567s] -- Up-to-date: /home/kaushal/kaushal/moveit_ws/install/moveit_task_constructor_core/share/ament_index/resource_index/package_run_dependencies/moveit_task_constructor_core
[15.567s] -- Up-to-date: /home/kaushal/kaushal/moveit_ws/install/moveit_task_constructor_core/share/ament_index/resource_index/parent_prefix_path/moveit_task_constructor_core
[15.567s] -- Up-to-date: /home/kaushal/kaushal/moveit_ws/install/moveit_task_constructor_core/share/moveit_task_constructor_core/environment/ament_prefix_path.sh
[15.567s] -- Up-to-date: /home/kaushal/kaushal/moveit_ws/install/moveit_task_constructor_core/share/moveit_task_constructor_core/environment/ament_prefix_path.dsv
[15.567s] -- Up-to-date: /home/kaushal/kaushal/moveit_ws/install/moveit_task_constructor_core/share/moveit_task_constructor_core/environment/path.sh
[15.567s] -- Up-to-date: /home/kaushal/kaushal/moveit_ws/install/moveit_task_constructor_core/share/moveit_task_constructor_core/environment/path.dsv
[15.567s] -- Up-to-date: /home/kaushal/kaushal/moveit_ws/install/moveit_task_constructor_core/share/moveit_task_constructor_core/local_setup.bash
[15.567s] -- Up-to-date: /home/kaushal/kaushal/moveit_ws/install/moveit_task_constructor_core/share/moveit_task_constructor_core/local_setup.sh
[15.567s] -- Up-to-date: /home/kaushal/kaushal/moveit_ws/install/moveit_task_constructor_core/share/moveit_task_constructor_core/local_setup.zsh
[15.567s] -- Up-to-date: /home/kaushal/kaushal/moveit_ws/install/moveit_task_constructor_core/share/moveit_task_constructor_core/local_setup.dsv
[15.567s] -- Installing: /home/kaushal/kaushal/moveit_ws/install/moveit_task_constructor_core/share/moveit_task_constructor_core/package.dsv
[15.568s] -- Up-to-date: /home/kaushal/kaushal/moveit_ws/install/moveit_task_constructor_core/share/ament_index/resource_index/packages/moveit_task_constructor_core
[15.568s] -- Up-to-date: /home/kaushal/kaushal/moveit_ws/install/moveit_task_constructor_core/share/ament_index/resource_index/moveit_task_constructor_core__pluginlib__plugin/moveit_task_constructor_core
[15.568s] -- Up-to-date: /home/kaushal/kaushal/moveit_ws/install/moveit_task_constructor_core/share/moveit_task_constructor_core/cmake/moveit_task_constructor_coreTargetsExport.cmake
[15.568s] -- Up-to-date: /home/kaushal/kaushal/moveit_ws/install/moveit_task_constructor_core/share/moveit_task_constructor_core/cmake/moveit_task_constructor_coreTargetsExport-release.cmake
[15.568s] -- Up-to-date: /home/kaushal/kaushal/moveit_ws/install/moveit_task_constructor_core/share/moveit_task_constructor_core/cmake/ament_cmake_export_targets-extras.cmake
[15.568s] -- Up-to-date: /home/kaushal/kaushal/moveit_ws/install/moveit_task_constructor_core/share/moveit_task_constructor_core/cmake/ament_cmake_export_dependencies-extras.cmake
[15.568s] -- Up-to-date: /home/kaushal/kaushal/moveit_ws/install/moveit_task_constructor_core/share/moveit_task_constructor_core/cmake/moveit_task_constructor_coreConfig.cmake
[15.568s] -- Up-to-date: /home/kaushal/kaushal/moveit_ws/install/moveit_task_constructor_core/share/moveit_task_constructor_core/cmake/moveit_task_constructor_coreConfig-version.cmake
[15.568s] -- Up-to-date: /home/kaushal/kaushal/moveit_ws/install/moveit_task_constructor_core/share/moveit_task_constructor_core/package.xml
[15.569s] Invoked command in '/home/kaushal/kaushal/moveit_ws/build/moveit_task_constructor_core' returned '0': AMENT_PREFIX_PATH=/home/kaushal/kaushal/moveit_ws/install/moveit_planners:/home/kaushal/kaushal/moveit_ws/install/pilz_industrial_motion_planner:/home/kaushal/kaushal/moveit_ws/install/moveit_resources_prbt_pg70_support:/home/kaushal/kaushal/moveit_ws/install/moveit_ros_planning_interface:/home/kaushal/kaushal/moveit_ws/install/moveit_resources_prbt_moveit_config:/home/kaushal/kaushal/moveit_ws/install/moveit_ros_move_group:/home/kaushal/kaushal/moveit_ws/install/moveit_ros_warehouse:/home/kaushal/kaushal/moveit_ws/install/moveit_planners_ompl:/home/kaushal/kaushal/moveit_ws/install/moveit_kinematics:/home/kaushal/kaushal/moveit_ws/install/moveit_ros_planning:/home/kaushal/kaushal/moveit_ws/install/moveit_planners_chomp:/home/kaushal/kaushal/moveit_ws/install/pilz_industrial_motion_planner_testutils:/home/kaushal/kaushal/moveit_ws/install/moveit_simple_controller_manager:/home/kaushal/kaushal/moveit_ws/install/moveit_ros_occupancy_map_monitor:/home/kaushal/kaushal/moveit_ws/install/moveit_resources_prbt_ikfast_manipulator_plugin:/home/kaushal/kaushal/moveit_ws/install/chomp_motion_planner:/home/kaushal/kaushal/moveit_ws/install/moveit_core:/home/kaushal/kaushal/moveit_ws/install/rviz_marker_tools:/home/kaushal/kaushal/moveit_ws/install/moveit_resources_panda_moveit_config:/home/kaushal/kaushal/moveit_ws/install/moveit_resources_fanuc_moveit_config:/home/kaushal/kaushal/moveit_ws/install/moveit_configs_utils:/home/kaushal/kaushal/moveit_ws/install/srdfdom:/home/kaushal/kaushal/moveit_ws/install/moveit_task_constructor_msgs:/home/kaushal/kaushal/moveit_ws/install/moveit_resources_prbt_support:/home/kaushal/kaushal/moveit_ws/install/moveit_resources_pr2_description:/home/kaushal/kaushal/moveit_ws/install/moveit_resources_panda_description:/home/kaushal/kaushal/moveit_ws/install/moveit_resources_fanuc_description:/home/kaushal/kaushal/moveit_ws/install/moveit_common:/home/kaushal/kaushal/moveit_ws/install/launch_param_builder:${AMENT_PREFIX_PATH} CMAKE_PREFIX_PATH=/home/kaushal/kaushal/moveit_ws/install/moveit_planners:/home/kaushal/kaushal/moveit_ws/install/pilz_industrial_motion_planner:/home/kaushal/kaushal/moveit_ws/install/moveit_resources_prbt_pg70_support:/home/kaushal/kaushal/moveit_ws/install/moveit_ros_planning_interface:/home/kaushal/kaushal/moveit_ws/install/moveit_resources_prbt_moveit_config:/home/kaushal/kaushal/moveit_ws/install/moveit_ros_move_group:/home/kaushal/kaushal/moveit_ws/install/moveit_ros_warehouse:/home/kaushal/kaushal/moveit_ws/install/moveit_planners_ompl:/home/kaushal/kaushal/moveit_ws/install/moveit_kinematics:/home/kaushal/kaushal/moveit_ws/install/moveit_ros_planning:/home/kaushal/kaushal/moveit_ws/install/moveit_planners_chomp:/home/kaushal/kaushal/moveit_ws/install/pilz_industrial_motion_planner_testutils:/home/kaushal/kaushal/moveit_ws/install/moveit_simple_controller_manager:/home/kaushal/kaushal/moveit_ws/install/moveit_ros_occupancy_map_monitor:/home/kaushal/kaushal/moveit_ws/install/moveit_resources_prbt_ikfast_manipulator_plugin:/home/kaushal/kaushal/moveit_ws/install/chomp_motion_planner:/home/kaushal/kaushal/moveit_ws/install/moveit_core:/home/kaushal/kaushal/moveit_ws/install/rviz_marker_tools:/home/kaushal/kaushal/moveit_ws/install/moveit_resources_panda_moveit_config:/home/kaushal/kaushal/moveit_ws/install/moveit_resources_fanuc_moveit_config:/home/kaushal/kaushal/moveit_ws/install/srdfdom:/home/kaushal/kaushal/moveit_ws/install/moveit_task_constructor_msgs:/home/kaushal/kaushal/moveit_ws/install/moveit_resources_prbt_support:/home/kaushal/kaushal/moveit_ws/install/moveit_resources_pr2_description:/home/kaushal/kaushal/moveit_ws/install/moveit_resources_panda_description:/home/kaushal/kaushal/moveit_ws/install/moveit_resources_fanuc_description:/home/kaushal/kaushal/moveit_ws/install/moveit_common:/opt/ros/humble LD_LIBRARY_PATH=/home/kaushal/kaushal/moveit_ws/install/pilz_industrial_motion_planner/lib:/home/kaushal/kaushal/moveit_ws/install/moveit_ros_planning_interface/lib:/home/kaushal/kaushal/moveit_ws/install/moveit_ros_move_group/lib:/home/kaushal/kaushal/moveit_ws/install/moveit_ros_warehouse/lib:/home/kaushal/kaushal/moveit_ws/install/moveit_planners_ompl/lib:/home/kaushal/kaushal/moveit_ws/install/moveit_kinematics/lib:/home/kaushal/kaushal/moveit_ws/install/moveit_ros_planning/lib:/home/kaushal/kaushal/moveit_ws/install/moveit_planners_chomp/lib:/home/kaushal/kaushal/moveit_ws/install/pilz_industrial_motion_planner_testutils/lib:/home/kaushal/kaushal/moveit_ws/install/moveit_simple_controller_manager/lib:/home/kaushal/kaushal/moveit_ws/install/moveit_ros_occupancy_map_monitor/lib:/home/kaushal/kaushal/moveit_ws/install/moveit_resources_prbt_ikfast_manipulator_plugin/lib:/home/kaushal/kaushal/moveit_ws/install/chomp_motion_planner/lib:/home/kaushal/kaushal/moveit_ws/install/moveit_core/lib:/home/kaushal/kaushal/moveit_ws/install/rviz_marker_tools/lib:/home/kaushal/kaushal/moveit_ws/install/srdfdom/lib:/home/kaushal/kaushal/moveit_ws/install/moveit_task_constructor_msgs/lib:${LD_LIBRARY_PATH} PATH=/home/kaushal/kaushal/moveit_ws/install/moveit_core/bin:${PATH} PYTHONPATH=/home/kaushal/kaushal/moveit_ws/install/moveit_configs_utils/lib/python3.10/site-packages:/home/kaushal/kaushal/moveit_ws/install/srdfdom/local/lib/python3.10/dist-packages:/home/kaushal/kaushal/moveit_ws/install/moveit_task_constructor_msgs/local/lib/python3.10/dist-packages:/home/kaushal/kaushal/moveit_ws/install/launch_param_builder/lib/python3.10/site-packages:${PYTHONPATH} /usr/bin/cmake --install /home/kaushal/kaushal/moveit_ws/build/moveit_task_constructor_core
