[0.069s] Invoking command in '/home/kaushal/kaushal/moveit_ws/build/moveit_resources_panda_description': CMAKE_PREFIX_PATH=${CMAKE_PREFIX_PATH}:/home/kaushal/kaushal/moveit_ws/install/moveit_configs_utils:/home/kaushal/kaushal/moveit_ws/install/launch_param_builder:/opt/ros/humble /usr/bin/cmake --build /home/kaushal/kaushal/moveit_ws/build/moveit_resources_panda_description -- -j16 -l16
[0.330s] Invoked command in '/home/kaushal/kaushal/moveit_ws/build/moveit_resources_panda_description' returned '0': CMAKE_PREFIX_PATH=${CMAKE_PREFIX_PATH}:/home/kaushal/kaushal/moveit_ws/install/moveit_configs_utils:/home/kaushal/kaushal/moveit_ws/install/launch_param_builder:/opt/ros/humble /usr/bin/cmake --build /home/kaushal/kaushal/moveit_ws/build/moveit_resources_panda_description -- -j16 -l16
[0.332s] Invoking command in '/home/kaushal/kaushal/moveit_ws/build/moveit_resources_panda_description': CMAKE_PREFIX_PATH=${CMAKE_PREFIX_PATH}:/home/kaushal/kaushal/moveit_ws/install/moveit_configs_utils:/home/kaushal/kaushal/moveit_ws/install/launch_param_builder:/opt/ros/humble /usr/bin/cmake --install /home/kaushal/kaushal/moveit_ws/build/moveit_resources_panda_description
[0.344s] -- Install configuration: "Debug"
[0.344s] -- Up-to-date: /home/kaushal/kaushal/moveit_ws/install/moveit_resources_panda_description/share/ament_index/resource_index/package_run_dependencies/moveit_resources_panda_description
[0.346s] -- Up-to-date: /home/kaushal/kaushal/moveit_ws/install/moveit_resources_panda_description/share/ament_index/resource_index/parent_prefix_path/moveit_resources_panda_description
[0.346s] -- Up-to-date: /home/kaushal/kaushal/moveit_ws/install/moveit_resources_panda_description/share/moveit_resources_panda_description/environment/ament_prefix_path.sh
[0.346s] -- Up-to-date: /home/kaushal/kaushal/moveit_ws/install/moveit_resources_panda_description/share/moveit_resources_panda_description/environment/ament_prefix_path.dsv
[0.347s] -- Up-to-date: /home/kaushal/kaushal/moveit_ws/install/moveit_resources_panda_description/share/moveit_resources_panda_description/environment/path.sh
[0.347s] -- Up-to-date: /home/kaushal/kaushal/moveit_ws/install/moveit_resources_panda_description/share/moveit_resources_panda_description/environment/path.dsv
[0.347s] -- Up-to-date: /home/kaushal/kaushal/moveit_ws/install/moveit_resources_panda_description/share/moveit_resources_panda_description/local_setup.bash
[0.347s] -- Up-to-date: /home/kaushal/kaushal/moveit_ws/install/moveit_resources_panda_description/share/moveit_resources_panda_description/local_setup.sh
[0.347s] -- Up-to-date: /home/kaushal/kaushal/moveit_ws/install/moveit_resources_panda_description/share/moveit_resources_panda_description/local_setup.zsh
[0.347s] -- Up-to-date: /home/kaushal/kaushal/moveit_ws/install/moveit_resources_panda_description/share/moveit_resources_panda_description/local_setup.dsv
[0.347s] -- Installing: /home/kaushal/kaushal/moveit_ws/install/moveit_resources_panda_description/share/moveit_resources_panda_description/package.dsv
[0.348s] -- Up-to-date: /home/kaushal/kaushal/moveit_ws/install/moveit_resources_panda_description/share/ament_index/resource_index/packages/moveit_resources_panda_description
[0.351s] -- Up-to-date: /home/kaushal/kaushal/moveit_ws/install/moveit_resources_panda_description/share/moveit_resources_panda_description/cmake/moveit_resources_panda_descriptionConfig.cmake
[0.351s] -- Up-to-date: /home/kaushal/kaushal/moveit_ws/install/moveit_resources_panda_description/share/moveit_resources_panda_description/cmake/moveit_resources_panda_descriptionConfig-version.cmake
[0.351s] -- Up-to-date: /home/kaushal/kaushal/moveit_ws/install/moveit_resources_panda_description/share/moveit_resources_panda_description/package.xml
[0.351s] -- Up-to-date: /home/kaushal/kaushal/moveit_ws/install/moveit_resources_panda_description/share/moveit_resources_panda_description/meshes
[0.351s] -- Up-to-date: /home/kaushal/kaushal/moveit_ws/install/moveit_resources_panda_description/share/moveit_resources_panda_description/meshes/visual
[0.351s] -- Up-to-date: /home/kaushal/kaushal/moveit_ws/install/moveit_resources_panda_description/share/moveit_resources_panda_description/meshes/visual/link3.dae
[0.352s] -- Up-to-date: /home/kaushal/kaushal/moveit_ws/install/moveit_resources_panda_description/share/moveit_resources_panda_description/meshes/visual/hand.dae
[0.353s] -- Up-to-date: /home/kaushal/kaushal/moveit_ws/install/moveit_resources_panda_description/share/moveit_resources_panda_description/meshes/visual/finger.dae
[0.353s] -- Up-to-date: /home/kaushal/kaushal/moveit_ws/install/moveit_resources_panda_description/share/moveit_resources_panda_description/meshes/visual/link1.dae
[0.353s] -- Up-to-date: /home/kaushal/kaushal/moveit_ws/install/moveit_resources_panda_description/share/moveit_resources_panda_description/meshes/visual/link7.dae
[0.353s] -- Up-to-date: /home/kaushal/kaushal/moveit_ws/install/moveit_resources_panda_description/share/moveit_resources_panda_description/meshes/visual/link2.dae
[0.353s] -- Up-to-date: /home/kaushal/kaushal/moveit_ws/install/moveit_resources_panda_description/share/moveit_resources_panda_description/meshes/visual/link0.dae
[0.353s] -- Up-to-date: /home/kaushal/kaushal/moveit_ws/install/moveit_resources_panda_description/share/moveit_resources_panda_description/meshes/visual/link4.dae
[0.353s] -- Up-to-date: /home/kaushal/kaushal/moveit_ws/install/moveit_resources_panda_description/share/moveit_resources_panda_description/meshes/visual/link5.dae
[0.353s] -- Up-to-date: /home/kaushal/kaushal/moveit_ws/install/moveit_resources_panda_description/share/moveit_resources_panda_description/meshes/visual/link6.dae
[0.353s] -- Up-to-date: /home/kaushal/kaushal/moveit_ws/install/moveit_resources_panda_description/share/moveit_resources_panda_description/meshes/collision
[0.353s] -- Up-to-date: /home/kaushal/kaushal/moveit_ws/install/moveit_resources_panda_description/share/moveit_resources_panda_description/meshes/collision/finger.stl
[0.356s] -- Up-to-date: /home/kaushal/kaushal/moveit_ws/install/moveit_resources_panda_description/share/moveit_resources_panda_description/meshes/collision/link7.stl
[0.356s] -- Up-to-date: /home/kaushal/kaushal/moveit_ws/install/moveit_resources_panda_description/share/moveit_resources_panda_description/meshes/collision/link2.stl
[0.356s] -- Up-to-date: /home/kaushal/kaushal/moveit_ws/install/moveit_resources_panda_description/share/moveit_resources_panda_description/meshes/collision/link1.stl
[0.356s] -- Up-to-date: /home/kaushal/kaushal/moveit_ws/install/moveit_resources_panda_description/share/moveit_resources_panda_description/meshes/collision/link3.stl
[0.356s] -- Up-to-date: /home/kaushal/kaushal/moveit_ws/install/moveit_resources_panda_description/share/moveit_resources_panda_description/meshes/collision/link5.stl
[0.356s] -- Up-to-date: /home/kaushal/kaushal/moveit_ws/install/moveit_resources_panda_description/share/moveit_resources_panda_description/meshes/collision/link6.stl
[0.356s] -- Up-to-date: /home/kaushal/kaushal/moveit_ws/install/moveit_resources_panda_description/share/moveit_resources_panda_description/meshes/collision/link4.stl
[0.356s] -- Up-to-date: /home/kaushal/kaushal/moveit_ws/install/moveit_resources_panda_description/share/moveit_resources_panda_description/meshes/collision/hand.stl
[0.356s] -- Up-to-date: /home/kaushal/kaushal/moveit_ws/install/moveit_resources_panda_description/share/moveit_resources_panda_description/meshes/collision/link0.stl
[0.356s] -- Up-to-date: /home/kaushal/kaushal/moveit_ws/install/moveit_resources_panda_description/share/moveit_resources_panda_description/urdf
[0.356s] -- Up-to-date: /home/kaushal/kaushal/moveit_ws/install/moveit_resources_panda_description/share/moveit_resources_panda_description/urdf/panda.urdf
[0.398s] Invoked command in '/home/kaushal/kaushal/moveit_ws/build/moveit_resources_panda_description' returned '0': CMAKE_PREFIX_PATH=${CMAKE_PREFIX_PATH}:/home/kaushal/kaushal/moveit_ws/install/moveit_configs_utils:/home/kaushal/kaushal/moveit_ws/install/launch_param_builder:/opt/ros/humble /usr/bin/cmake --install /home/kaushal/kaushal/moveit_ws/build/moveit_resources_panda_description
