[35m[1mConsolidate compiler generated dependencies of target cartesian_planner[0m
[ 50%] [32mBuilding CXX object CMakeFiles/cartesian_planner.dir/src/cartesian_planner.cpp.o[0m
[01m[K/home/kaushal/kaushal/moveit_ws/src/cartesian_motion/src/cartesian_planner.cpp:[m[K In function ‘[01m[Kint main(int, char**)[m[K’:
[01m[K/home/kaushal/kaushal/moveit_ws/src/cartesian_motion/src/cartesian_planner.cpp:146:8:[m[K [01;35m[Kwarning: [m[Kunused variable ‘[01m[Kjmg[m[K’ [[01;35m[K]8;;https://gcc.gnu.org/onlinedocs/gcc/Warning-Options.html#index-Wunused-variable-Wunused-variable]8;;[m[K]
  146 |   auto [01;35m[Kjmg[m[K = move_group_interface.getRobotModel()->getJointModelGroup("lifted_arm");
      |        [01;35m[K^~~[m[K
[100%] [32m[1mLinking CXX executable cartesian_planner[0m
[100%] Built target cartesian_planner
-- Install configuration: ""
-- Installing: /home/kaushal/kaushal/moveit_ws/install/cartesian_motion/lib/cartesian_motion/cartesian_planner
-- Set runtime path of "/home/kaushal/kaushal/moveit_ws/install/cartesian_motion/lib/cartesian_motion/cartesian_planner" to ""
-- Up-to-date: /home/kaushal/kaushal/moveit_ws/install/cartesian_motion/share/ament_index/resource_index/package_run_dependencies/cartesian_motion
-- Up-to-date: /home/kaushal/kaushal/moveit_ws/install/cartesian_motion/share/ament_index/resource_index/parent_prefix_path/cartesian_motion
-- Up-to-date: /home/kaushal/kaushal/moveit_ws/install/cartesian_motion/share/cartesian_motion/environment/ament_prefix_path.sh
-- Up-to-date: /home/kaushal/kaushal/moveit_ws/install/cartesian_motion/share/cartesian_motion/environment/ament_prefix_path.dsv
-- Up-to-date: /home/kaushal/kaushal/moveit_ws/install/cartesian_motion/share/cartesian_motion/environment/path.sh
-- Up-to-date: /home/kaushal/kaushal/moveit_ws/install/cartesian_motion/share/cartesian_motion/environment/path.dsv
-- Up-to-date: /home/kaushal/kaushal/moveit_ws/install/cartesian_motion/share/cartesian_motion/local_setup.bash
-- Up-to-date: /home/kaushal/kaushal/moveit_ws/install/cartesian_motion/share/cartesian_motion/local_setup.sh
-- Up-to-date: /home/kaushal/kaushal/moveit_ws/install/cartesian_motion/share/cartesian_motion/local_setup.zsh
-- Up-to-date: /home/kaushal/kaushal/moveit_ws/install/cartesian_motion/share/cartesian_motion/local_setup.dsv
-- Installing: /home/kaushal/kaushal/moveit_ws/install/cartesian_motion/share/cartesian_motion/package.dsv
-- Up-to-date: /home/kaushal/kaushal/moveit_ws/install/cartesian_motion/share/ament_index/resource_index/packages/cartesian_motion
-- Up-to-date: /home/kaushal/kaushal/moveit_ws/install/cartesian_motion/share/cartesian_motion/cmake/cartesian_motionConfig.cmake
-- Up-to-date: /home/kaushal/kaushal/moveit_ws/install/cartesian_motion/share/cartesian_motion/cmake/cartesian_motionConfig-version.cmake
-- Up-to-date: /home/kaushal/kaushal/moveit_ws/install/cartesian_motion/share/cartesian_motion/package.xml
