[0.030s] Invoking command in '/home/kaushal/kaushal/moveit_ws/build/moveit_common': CMAKE_PREFIX_PATH=/opt/ros/humble /usr/bin/cmake --build /home/kaushal/kaushal/moveit_ws/build/moveit_common -- -j16 -l16
[0.256s] Invoked command in '/home/kaushal/kaushal/moveit_ws/build/moveit_common' returned '0': CMAKE_PREFIX_PATH=/opt/ros/humble /usr/bin/cmake --build /home/kaushal/kaushal/moveit_ws/build/moveit_common -- -j16 -l16
[0.265s] Invoking command in '/home/kaushal/kaushal/moveit_ws/build/moveit_common': CMAKE_PREFIX_PATH=/opt/ros/humble /usr/bin/cmake --install /home/kaushal/kaushal/moveit_ws/build/moveit_common
[0.274s] -- Install configuration: "Debug"
[0.274s] -- Up-to-date: /home/kaushal/kaushal/moveit_ws/install/moveit_common/share/ament_index/resource_index/package_run_dependencies/moveit_common
[0.274s] -- Up-to-date: /home/kaushal/kaushal/moveit_ws/install/moveit_common/share/ament_index/resource_index/parent_prefix_path/moveit_common
[0.274s] -- Up-to-date: /home/kaushal/kaushal/moveit_ws/install/moveit_common/share/moveit_common/environment/ament_prefix_path.sh
[0.275s] -- Up-to-date: /home/kaushal/kaushal/moveit_ws/install/moveit_common/share/moveit_common/environment/ament_prefix_path.dsv
[0.276s] -- Up-to-date: /home/kaushal/kaushal/moveit_ws/install/moveit_common/share/moveit_common/environment/path.sh
[0.276s] -- Up-to-date: /home/kaushal/kaushal/moveit_ws/install/moveit_common/share/moveit_common/environment/path.dsv
[0.276s] -- Up-to-date: /home/kaushal/kaushal/moveit_ws/install/moveit_common/share/moveit_common/local_setup.bash
[0.276s] -- Up-to-date: /home/kaushal/kaushal/moveit_ws/install/moveit_common/share/moveit_common/local_setup.sh
[0.276s] -- Up-to-date: /home/kaushal/kaushal/moveit_ws/install/moveit_common/share/moveit_common/local_setup.zsh
[0.277s] -- Up-to-date: /home/kaushal/kaushal/moveit_ws/install/moveit_common/share/moveit_common/local_setup.dsv
[0.277s] -- Installing: /home/kaushal/kaushal/moveit_ws/install/moveit_common/share/moveit_common/package.dsv
[0.277s] -- Up-to-date: /home/kaushal/kaushal/moveit_ws/install/moveit_common/share/ament_index/resource_index/packages/moveit_common
[0.277s] -- Up-to-date: /home/kaushal/kaushal/moveit_ws/install/moveit_common/share/moveit_common/cmake/moveit_common-extras.cmake
[0.277s] -- Up-to-date: /home/kaushal/kaushal/moveit_ws/install/moveit_common/share/moveit_common/cmake/moveit_commonConfig.cmake
[0.277s] -- Up-to-date: /home/kaushal/kaushal/moveit_ws/install/moveit_common/share/moveit_common/cmake/moveit_commonConfig-version.cmake
[0.277s] -- Up-to-date: /home/kaushal/kaushal/moveit_ws/install/moveit_common/share/moveit_common/package.xml
[0.282s] -- Up-to-date: /home/kaushal/kaushal/moveit_ws/install/moveit_common/share/moveit_common/cmake
[0.282s] -- Up-to-date: /home/kaushal/kaushal/moveit_ws/install/moveit_common/share/moveit_common/cmake/moveit_package.cmake
[0.346s] Invoked command in '/home/kaushal/kaushal/moveit_ws/build/moveit_common' returned '0': CMAKE_PREFIX_PATH=/opt/ros/humble /usr/bin/cmake --install /home/kaushal/kaushal/moveit_ws/build/moveit_common
