[  3%] Built target gmock
[  5%] Built target gtest
[ 10%] Built target gtest_main
[ 10%] Built target gmock_main
[ 10%] Built target ament_cmake_python_copy_moveit
[ 11%] [32m[1mLinking CXX shared library libmoveit_task_constructor_core.so[0m
running egg_info
writing moveit.egg-info/PKG-INFO
writing dependency_links to moveit.egg-info/dependency_links.txt
writing top-level names to moveit.egg-info/top_level.txt
reading manifest file 'moveit.egg-info/SOURCES.txt'
writing manifest file 'moveit.egg-info/SOURCES.txt'
[ 11%] Built target ament_cmake_python_build_moveit_egg
[ 29%] Built target moveit_task_constructor_core
[ 30%] [32m[1mLinking CXX shared library libgtest_utils.so[0m
[ 31%] [32m[1mLinking CXX shared library libmoveit_task_constructor_core_stages.so[0m
[ 35%] Built target gtest_utils
[ 55%] Built target moveit_task_constructor_core_stages
[ 56%] [32m[1mLinking CXX executable moveit_task_constructor_core-test-properties[0m
[ 57%] [32m[1mLinking CXX shared library libmoveit_task_constructor_core_stage_plugins.so[0m
[ 58%] [32m[1mLinking CXX executable moveit_task_constructor_core-test-move-relative[0m
[ 60%] [32m[1mLinking CXX executable moveit_task_constructor_core-test-serial[0m
[ 61%] [32m[1mLinking CXX executable moveit_task_constructor_core-test-stage[0m
[ 63%] [32m[1mLinking CXX executable moveit_task_constructor_core-test-container[0m
[ 63%] [32m[1mLinking CXX executable moveit_task_constructor_core-test-pruning[0m
[ 64%] [32m[1mLinking CXX executable moveit_task_constructor_core-test-interface-state[0m
[ 65%] [32m[1mLinking CXX executable moveit_task_constructor_core-test-cost-terms[0m
[ 67%] [32m[1mLinking CXX executable moveit_task_constructor_core-test-cost-queue[0m
[ 68%] [32m[1mLinking CXX executable moveit_task_constructor_core-test-fallback[0m
[ 69%] [32m[1mLinking CXX executable pick_ur5[0m
[ 70%] [32m[1mLinking CXX executable moveit_task_constructor_core-test-move-to[0m
[ 71%] [32m[1mLinking CXX executable pick_pr2[0m
[ 72%] [32m[1mLinking CXX executable moveit_task_constructor_core-test-mockups[0m
[ 74%] [32mBuilding CXX object python/bindings/CMakeFiles/pymoveit_mtc.dir/src/core.cpp.o[0m
[ 75%] Built target moveit_task_constructor_core_stage_plugins
[ 76%] [32m[1mLinking CXX executable pick_pa10[0m
[ 77%] Built target moveit_task_constructor_core-test-serial
[ 78%] Built target moveit_task_constructor_core-test-properties
[ 80%] Built target moveit_task_constructor_core-test-pruning
[ 81%] Built target moveit_task_constructor_core-test-cost-queue
[ 82%] Built target pick_ur5
[ 83%] Built target pick_pr2
[ 84%] Built target moveit_task_constructor_core-test-mockups
[ 85%] Built target moveit_task_constructor_core-test-fallback
[ 87%] Built target moveit_task_constructor_core-test-container
[ 88%] Built target moveit_task_constructor_core-test-interface-state
