[0.021s] Invoking command in '/home/kaushal/kaushal/moveit_ws/build/moveit_kinematics': AMENT_PREFIX_PATH=/home/kaushal/kaushal/moveit_ws/install/moveit_ros_planning:/home/kaushal/kaushal/moveit_ws/install/moveit_ros_occupancy_map_monitor:/home/kaushal/kaushal/moveit_ws/install/moveit_core:/home/kaushal/kaushal/moveit_ws/install/moveit_resources_panda_moveit_config:/home/kaushal/kaushal/moveit_ws/install/moveit_resources_fanuc_moveit_config:/home/kaushal/kaushal/moveit_ws/install/moveit_configs_utils:/home/kaushal/kaushal/moveit_ws/install/srdfdom:/home/kaushal/kaushal/moveit_ws/install/moveit_resources_pr2_description:/home/kaushal/kaushal/moveit_ws/install/moveit_resources_panda_description:/home/kaushal/kaushal/moveit_ws/install/moveit_resources_fanuc_description:/home/kaushal/kaushal/moveit_ws/install/moveit_common:/home/kaushal/kaushal/moveit_ws/install/launch_param_builder:${AMENT_PREFIX_PATH} CMAKE_PREFIX_PATH=/home/kaushal/kaushal/moveit_ws/install/moveit_ros_planning:/home/kaushal/kaushal/moveit_ws/install/moveit_ros_occupancy_map_monitor:/home/kaushal/kaushal/moveit_ws/install/moveit_core:/home/kaushal/kaushal/moveit_ws/install/moveit_resources_panda_moveit_config:/home/kaushal/kaushal/moveit_ws/install/moveit_resources_fanuc_moveit_config:/home/kaushal/kaushal/moveit_ws/install/srdfdom:/home/kaushal/kaushal/moveit_ws/install/moveit_resources_pr2_description:/home/kaushal/kaushal/moveit_ws/install/moveit_resources_panda_description:/home/kaushal/kaushal/moveit_ws/install/moveit_resources_fanuc_description:/home/kaushal/kaushal/moveit_ws/install/moveit_common:/opt/ros/humble LD_LIBRARY_PATH=/home/kaushal/kaushal/moveit_ws/install/moveit_ros_planning/lib:/home/kaushal/kaushal/moveit_ws/install/moveit_ros_occupancy_map_monitor/lib:/home/kaushal/kaushal/moveit_ws/install/moveit_core/lib:/home/kaushal/kaushal/moveit_ws/install/srdfdom/lib:${LD_LIBRARY_PATH} PATH=/home/kaushal/kaushal/moveit_ws/install/moveit_core/bin:${PATH} PYTHONPATH=/home/kaushal/kaushal/moveit_ws/install/moveit_configs_utils/lib/python3.10/site-packages:/home/kaushal/kaushal/moveit_ws/install/srdfdom/local/lib/python3.10/dist-packages:/home/kaushal/kaushal/moveit_ws/install/launch_param_builder/lib/python3.10/site-packages:${PYTHONPATH} /usr/bin/cmake --build /home/kaushal/kaushal/moveit_ws/build/moveit_kinematics -- -j16 -l16
[0.082s] [ 10%] Built target gtest
[0.082s] [ 21%] Built target gtest_main
[0.091s] [ 31%] Built target moveit_cached_ik_kinematics_base
[0.093s] [ 42%] Built target moveit_srv_kinematics_plugin
[0.096s] [ 57%] Built target moveit_kdl_kinematics_plugin
[0.097s] [ 68%] Built target moveit_lma_kinematics_plugin
[0.104s] [ 78%] Built target benchmark_ik
[0.134s] [ 89%] Built target test_kinematics_plugin
[0.135s] [100%] Built target moveit_cached_ik_kinematics_plugin
[0.149s] Invoked command in '/home/kaushal/kaushal/moveit_ws/build/moveit_kinematics' returned '0': AMENT_PREFIX_PATH=/home/kaushal/kaushal/moveit_ws/install/moveit_ros_planning:/home/kaushal/kaushal/moveit_ws/install/moveit_ros_occupancy_map_monitor:/home/kaushal/kaushal/moveit_ws/install/moveit_core:/home/kaushal/kaushal/moveit_ws/install/moveit_resources_panda_moveit_config:/home/kaushal/kaushal/moveit_ws/install/moveit_resources_fanuc_moveit_config:/home/kaushal/kaushal/moveit_ws/install/moveit_configs_utils:/home/kaushal/kaushal/moveit_ws/install/srdfdom:/home/kaushal/kaushal/moveit_ws/install/moveit_resources_pr2_description:/home/kaushal/kaushal/moveit_ws/install/moveit_resources_panda_description:/home/kaushal/kaushal/moveit_ws/install/moveit_resources_fanuc_description:/home/kaushal/kaushal/moveit_ws/install/moveit_common:/home/kaushal/kaushal/moveit_ws/install/launch_param_builder:${AMENT_PREFIX_PATH} CMAKE_PREFIX_PATH=/home/kaushal/kaushal/moveit_ws/install/moveit_ros_planning:/home/kaushal/kaushal/moveit_ws/install/moveit_ros_occupancy_map_monitor:/home/kaushal/kaushal/moveit_ws/install/moveit_core:/home/kaushal/kaushal/moveit_ws/install/moveit_resources_panda_moveit_config:/home/kaushal/kaushal/moveit_ws/install/moveit_resources_fanuc_moveit_config:/home/kaushal/kaushal/moveit_ws/install/srdfdom:/home/kaushal/kaushal/moveit_ws/install/moveit_resources_pr2_description:/home/kaushal/kaushal/moveit_ws/install/moveit_resources_panda_description:/home/kaushal/kaushal/moveit_ws/install/moveit_resources_fanuc_description:/home/kaushal/kaushal/moveit_ws/install/moveit_common:/opt/ros/humble LD_LIBRARY_PATH=/home/kaushal/kaushal/moveit_ws/install/moveit_ros_planning/lib:/home/kaushal/kaushal/moveit_ws/install/moveit_ros_occupancy_map_monitor/lib:/home/kaushal/kaushal/moveit_ws/install/moveit_core/lib:/home/kaushal/kaushal/moveit_ws/install/srdfdom/lib:${LD_LIBRARY_PATH} PATH=/home/kaushal/kaushal/moveit_ws/install/moveit_core/bin:${PATH} PYTHONPATH=/home/kaushal/kaushal/moveit_ws/install/moveit_configs_utils/lib/python3.10/site-packages:/home/kaushal/kaushal/moveit_ws/install/srdfdom/local/lib/python3.10/dist-packages:/home/kaushal/kaushal/moveit_ws/install/launch_param_builder/lib/python3.10/site-packages:${PYTHONPATH} /usr/bin/cmake --build /home/kaushal/kaushal/moveit_ws/build/moveit_kinematics -- -j16 -l16
[0.152s] Invoking command in '/home/kaushal/kaushal/moveit_ws/build/moveit_kinematics': AMENT_PREFIX_PATH=/home/kaushal/kaushal/moveit_ws/install/moveit_ros_planning:/home/kaushal/kaushal/moveit_ws/install/moveit_ros_occupancy_map_monitor:/home/kaushal/kaushal/moveit_ws/install/moveit_core:/home/kaushal/kaushal/moveit_ws/install/moveit_resources_panda_moveit_config:/home/kaushal/kaushal/moveit_ws/install/moveit_resources_fanuc_moveit_config:/home/kaushal/kaushal/moveit_ws/install/moveit_configs_utils:/home/kaushal/kaushal/moveit_ws/install/srdfdom:/home/kaushal/kaushal/moveit_ws/install/moveit_resources_pr2_description:/home/kaushal/kaushal/moveit_ws/install/moveit_resources_panda_description:/home/kaushal/kaushal/moveit_ws/install/moveit_resources_fanuc_description:/home/kaushal/kaushal/moveit_ws/install/moveit_common:/home/kaushal/kaushal/moveit_ws/install/launch_param_builder:${AMENT_PREFIX_PATH} CMAKE_PREFIX_PATH=/home/kaushal/kaushal/moveit_ws/install/moveit_ros_planning:/home/kaushal/kaushal/moveit_ws/install/moveit_ros_occupancy_map_monitor:/home/kaushal/kaushal/moveit_ws/install/moveit_core:/home/kaushal/kaushal/moveit_ws/install/moveit_resources_panda_moveit_config:/home/kaushal/kaushal/moveit_ws/install/moveit_resources_fanuc_moveit_config:/home/kaushal/kaushal/moveit_ws/install/srdfdom:/home/kaushal/kaushal/moveit_ws/install/moveit_resources_pr2_description:/home/kaushal/kaushal/moveit_ws/install/moveit_resources_panda_description:/home/kaushal/kaushal/moveit_ws/install/moveit_resources_fanuc_description:/home/kaushal/kaushal/moveit_ws/install/moveit_common:/opt/ros/humble LD_LIBRARY_PATH=/home/kaushal/kaushal/moveit_ws/install/moveit_ros_planning/lib:/home/kaushal/kaushal/moveit_ws/install/moveit_ros_occupancy_map_monitor/lib:/home/kaushal/kaushal/moveit_ws/install/moveit_core/lib:/home/kaushal/kaushal/moveit_ws/install/srdfdom/lib:${LD_LIBRARY_PATH} PATH=/home/kaushal/kaushal/moveit_ws/install/moveit_core/bin:${PATH} PYTHONPATH=/home/kaushal/kaushal/moveit_ws/install/moveit_configs_utils/lib/python3.10/site-packages:/home/kaushal/kaushal/moveit_ws/install/srdfdom/local/lib/python3.10/dist-packages:/home/kaushal/kaushal/moveit_ws/install/launch_param_builder/lib/python3.10/site-packages:${PYTHONPATH} /usr/bin/cmake --install /home/kaushal/kaushal/moveit_ws/build/moveit_kinematics
[0.159s] -- Install configuration: "Release"
[0.160s] -- Up-to-date: /home/kaushal/kaushal/moveit_ws/install/moveit_kinematics/share/moveit_kinematics/kdl_kinematics_plugin_description.xml
[0.160s] -- Up-to-date: /home/kaushal/kaushal/moveit_ws/install/moveit_kinematics/share/moveit_kinematics/lma_kinematics_plugin_description.xml
[0.160s] -- Up-to-date: /home/kaushal/kaushal/moveit_ws/install/moveit_kinematics/share/moveit_kinematics/srv_kinematics_plugin_description.xml
[0.160s] -- Up-to-date: /home/kaushal/kaushal/moveit_ws/install/moveit_kinematics/share/moveit_kinematics/cached_ik_kinematics_plugin_description.xml
[0.160s] -- Up-to-date: /home/kaushal/kaushal/moveit_ws/install/moveit_kinematics/include
[0.160s] -- Up-to-date: /home/kaushal/kaushal/moveit_ws/install/moveit_kinematics/include/moveit
[0.160s] -- Up-to-date: /home/kaushal/kaushal/moveit_ws/install/moveit_kinematics/include/moveit/cached_ik_kinematics_plugin
[0.160s] -- Up-to-date: /home/kaushal/kaushal/moveit_ws/install/moveit_kinematics/include/moveit/cached_ik_kinematics_plugin/cached_ik_kinematics_plugin-inl.h
[0.160s] -- Up-to-date: /home/kaushal/kaushal/moveit_ws/install/moveit_kinematics/include/moveit/cached_ik_kinematics_plugin/cached_ik_kinematics_plugin.h
[0.160s] -- Up-to-date: /home/kaushal/kaushal/moveit_ws/install/moveit_kinematics/include/moveit/cached_ik_kinematics_plugin/detail
[0.160s] -- Up-to-date: /home/kaushal/kaushal/moveit_ws/install/moveit_kinematics/include/moveit/cached_ik_kinematics_plugin/detail/GreedyKCenters.h
[0.161s] -- Up-to-date: /home/kaushal/kaushal/moveit_ws/install/moveit_kinematics/include/moveit/cached_ik_kinematics_plugin/detail/NearestNeighborsGNAT.h
[0.161s] -- Up-to-date: /home/kaushal/kaushal/moveit_ws/install/moveit_kinematics/include/moveit/cached_ik_kinematics_plugin/detail/NearestNeighbors.h
[0.161s] -- Up-to-date: /home/kaushal/kaushal/moveit_ws/install/moveit_kinematics/share/moveit_kinematics/launch
[0.161s] -- Up-to-date: /home/kaushal/kaushal/moveit_ws/install/moveit_kinematics/share/moveit_kinematics/launch/measure_ik_call_cost.launch
[0.161s] -- Up-to-date: /home/kaushal/kaushal/moveit_ws/install/moveit_kinematics/lib/moveit_kinematics/auto_create_ikfast_moveit_plugin.sh
[0.162s] -- Up-to-date: /home/kaushal/kaushal/moveit_ws/install/moveit_kinematics/lib/moveit_kinematics/create_ikfast_moveit_plugin.py
[0.162s] -- Up-to-date: /home/kaushal/kaushal/moveit_ws/install/moveit_kinematics/lib/moveit_kinematics/round_collada_numbers.py
[0.162s] -- Up-to-date: /home/kaushal/kaushal/moveit_ws/install/moveit_kinematics/share/moveit_kinematics/ikfast_kinematics_plugin/templates
[0.162s] -- Up-to-date: /home/kaushal/kaushal/moveit_ws/install/moveit_kinematics/share/moveit_kinematics/ikfast_kinematics_plugin/templates/ikfast61_moveit_plugin_template.cpp
[0.162s] -- Up-to-date: /home/kaushal/kaushal/moveit_ws/install/moveit_kinematics/share/moveit_kinematics/ikfast_kinematics_plugin/templates/CMakeLists.txt
[0.162s] -- Up-to-date: /home/kaushal/kaushal/moveit_ws/install/moveit_kinematics/share/moveit_kinematics/ikfast_kinematics_plugin/templates/ikfast.h
[0.162s] -- Up-to-date: /home/kaushal/kaushal/moveit_ws/install/moveit_kinematics/include
[0.163s] -- Up-to-date: /home/kaushal/kaushal/moveit_ws/install/moveit_kinematics/include/moveit
[0.163s] -- Up-to-date: /home/kaushal/kaushal/moveit_ws/install/moveit_kinematics/include/moveit/kdl_kinematics_plugin
[0.163s] -- Up-to-date: /home/kaushal/kaushal/moveit_ws/install/moveit_kinematics/include/moveit/kdl_kinematics_plugin/chainiksolver_vel_mimic_svd.hpp
[0.164s] -- Up-to-date: /home/kaushal/kaushal/moveit_ws/install/moveit_kinematics/include/moveit/kdl_kinematics_plugin/kdl_kinematics_plugin.h
[0.164s] -- Up-to-date: /home/kaushal/kaushal/moveit_ws/install/moveit_kinematics/include/moveit/kdl_kinematics_plugin/joint_mimic.hpp
[0.164s] -- Up-to-date: /home/kaushal/kaushal/moveit_ws/install/moveit_kinematics/include
[0.164s] -- Up-to-date: /home/kaushal/kaushal/moveit_ws/install/moveit_kinematics/include/moveit
[0.164s] -- Up-to-date: /home/kaushal/kaushal/moveit_ws/install/moveit_kinematics/include/moveit/lma_kinematics_plugin
[0.164s] -- Up-to-date: /home/kaushal/kaushal/moveit_ws/install/moveit_kinematics/include/moveit/lma_kinematics_plugin/lma_kinematics_plugin.h
[0.165s] -- Up-to-date: /home/kaushal/kaushal/moveit_ws/install/moveit_kinematics/include
[0.165s] -- Up-to-date: /home/kaushal/kaushal/moveit_ws/install/moveit_kinematics/include/moveit
[0.165s] -- Up-to-date: /home/kaushal/kaushal/moveit_ws/install/moveit_kinematics/include/moveit/srv_kinematics_plugin
[0.165s] -- Up-to-date: /home/kaushal/kaushal/moveit_ws/install/moveit_kinematics/include/moveit/srv_kinematics_plugin/srv_kinematics_plugin.h
[0.166s] -- Up-to-date: /home/kaushal/kaushal/moveit_ws/install/moveit_kinematics/share/moveit_kinematics/config
[0.166s] -- Up-to-date: /home/kaushal/kaushal/moveit_ws/install/moveit_kinematics/share/moveit_kinematics/config/panda-kdl-singular-test.yaml
[0.166s] -- Up-to-date: /home/kaushal/kaushal/moveit_ws/install/moveit_kinematics/share/moveit_kinematics/config/panda-kdl-test.yaml
[0.166s] -- Up-to-date: /home/kaushal/kaushal/moveit_ws/install/moveit_kinematics/share/moveit_kinematics/config/panda-lma-test.yaml
[0.166s] -- Up-to-date: /home/kaushal/kaushal/moveit_ws/install/moveit_kinematics/share/moveit_kinematics/config/panda-lma-singular-test.yaml
[0.166s] -- Up-to-date: /home/kaushal/kaushal/moveit_ws/install/moveit_kinematics/share/moveit_kinematics/config/fanuc-lma-test.yaml
[0.166s] -- Up-to-date: /home/kaushal/kaushal/moveit_ws/install/moveit_kinematics/share/moveit_kinematics/config/fanuc-lma-singular-test.yaml
[0.166s] -- Up-to-date: /home/kaushal/kaushal/moveit_ws/install/moveit_kinematics/share/moveit_kinematics/config/fanuc-kdl-test.yaml
[0.166s] -- Up-to-date: /home/kaushal/kaushal/moveit_ws/install/moveit_kinematics/share/moveit_kinematics/config/fanuc-kdl-singular-test.yaml
[0.166s] -- Up-to-date: /home/kaushal/kaushal/moveit_ws/install/moveit_kinematics/share/moveit_kinematics/launch
[0.166s] -- Up-to-date: /home/kaushal/kaushal/moveit_ws/install/moveit_kinematics/share/moveit_kinematics/launch/fanuc-lma.test.py
[0.166s] -- Up-to-date: /home/kaushal/kaushal/moveit_ws/install/moveit_kinematics/share/moveit_kinematics/launch/fanuc-kdl.test.py
[0.166s] -- Up-to-date: /home/kaushal/kaushal/moveit_ws/install/moveit_kinematics/share/moveit_kinematics/launch/fanuc-kdl-singular.test.py
[0.166s] -- Up-to-date: /home/kaushal/kaushal/moveit_ws/install/moveit_kinematics/share/moveit_kinematics/launch/panda-lma-singular.test.py
[0.166s] -- Up-to-date: /home/kaushal/kaushal/moveit_ws/install/moveit_kinematics/share/moveit_kinematics/launch/fanuc-lma-singular.test.py
[0.166s] -- Up-to-date: /home/kaushal/kaushal/moveit_ws/install/moveit_kinematics/share/moveit_kinematics/launch/panda-kdl.test.py
[0.167s] -- Up-to-date: /home/kaushal/kaushal/moveit_ws/install/moveit_kinematics/share/moveit_kinematics/launch/panda-kdl-singular.test.py
[0.167s] -- Up-to-date: /home/kaushal/kaushal/moveit_ws/install/moveit_kinematics/share/moveit_kinematics/launch/panda-lma.test.py
[0.167s] -- Up-to-date: /home/kaushal/kaushal/moveit_ws/install/moveit_kinematics/lib/moveit_kinematics/benchmark_ik
[0.167s] -- Up-to-date: /home/kaushal/kaushal/moveit_ws/install/moveit_kinematics/lib/moveit_kinematics/test_kinematics_plugin
[0.167s] -- Up-to-date: /home/kaushal/kaushal/moveit_ws/install/moveit_kinematics/lib/libmoveit_cached_ik_kinematics_base.so.2.5.9
[0.167s] -- Up-to-date: /home/kaushal/kaushal/moveit_ws/install/moveit_kinematics/lib/libmoveit_cached_ik_kinematics_base.so
[0.167s] -- Up-to-date: /home/kaushal/kaushal/moveit_ws/install/moveit_kinematics/lib/libmoveit_cached_ik_kinematics_plugin.so.2.5.9
[0.167s] -- Up-to-date: /home/kaushal/kaushal/moveit_ws/install/moveit_kinematics/lib/libmoveit_cached_ik_kinematics_plugin.so
[0.167s] -- Up-to-date: /home/kaushal/kaushal/moveit_ws/install/moveit_kinematics/lib/libmoveit_kdl_kinematics_plugin.so
[0.168s] -- Up-to-date: /home/kaushal/kaushal/moveit_ws/install/moveit_kinematics/lib/libmoveit_lma_kinematics_plugin.so.2.5.9
[0.168s] -- Up-to-date: /home/kaushal/kaushal/moveit_ws/install/moveit_kinematics/lib/libmoveit_lma_kinematics_plugin.so
[0.168s] -- Up-to-date: /home/kaushal/kaushal/moveit_ws/install/moveit_kinematics/lib/libmoveit_srv_kinematics_plugin.so.2.5.9
[0.168s] -- Up-to-date: /home/kaushal/kaushal/moveit_ws/install/moveit_kinematics/lib/libmoveit_srv_kinematics_plugin.so
[0.168s] -- Up-to-date: /home/kaushal/kaushal/moveit_ws/install/moveit_kinematics/share/moveit_kinematics/environment/library_path.sh
[0.168s] -- Up-to-date: /home/kaushal/kaushal/moveit_ws/install/moveit_kinematics/share/moveit_kinematics/environment/library_path.dsv
[0.168s] -- Up-to-date: /home/kaushal/kaushal/moveit_ws/install/moveit_kinematics/share/ament_index/resource_index/package_run_dependencies/moveit_kinematics
[0.168s] -- Up-to-date: /home/kaushal/kaushal/moveit_ws/install/moveit_kinematics/share/ament_index/resource_index/parent_prefix_path/moveit_kinematics
[0.168s] -- Up-to-date: /home/kaushal/kaushal/moveit_ws/install/moveit_kinematics/share/moveit_kinematics/environment/ament_prefix_path.sh
[0.168s] -- Up-to-date: /home/kaushal/kaushal/moveit_ws/install/moveit_kinematics/share/moveit_kinematics/environment/ament_prefix_path.dsv
[0.168s] -- Up-to-date: /home/kaushal/kaushal/moveit_ws/install/moveit_kinematics/share/moveit_kinematics/environment/path.sh
[0.168s] -- Up-to-date: /home/kaushal/kaushal/moveit_ws/install/moveit_kinematics/share/moveit_kinematics/environment/path.dsv
[0.168s] -- Up-to-date: /home/kaushal/kaushal/moveit_ws/install/moveit_kinematics/share/moveit_kinematics/local_setup.bash
[0.169s] -- Up-to-date: /home/kaushal/kaushal/moveit_ws/install/moveit_kinematics/share/moveit_kinematics/local_setup.sh
[0.169s] -- Up-to-date: /home/kaushal/kaushal/moveit_ws/install/moveit_kinematics/share/moveit_kinematics/local_setup.zsh
[0.169s] -- Up-to-date: /home/kaushal/kaushal/moveit_ws/install/moveit_kinematics/share/moveit_kinematics/local_setup.dsv
[0.169s] -- Installing: /home/kaushal/kaushal/moveit_ws/install/moveit_kinematics/share/moveit_kinematics/package.dsv
[0.169s] -- Up-to-date: /home/kaushal/kaushal/moveit_ws/install/moveit_kinematics/share/ament_index/resource_index/packages/moveit_kinematics
[0.169s] -- Up-to-date: /home/kaushal/kaushal/moveit_ws/install/moveit_kinematics/share/ament_index/resource_index/moveit_core__pluginlib__plugin/moveit_kinematics
[0.169s] -- Up-to-date: /home/kaushal/kaushal/moveit_ws/install/moveit_kinematics/share/moveit_kinematics/cmake/export_moveit_kinematicsExport.cmake
[0.169s] -- Up-to-date: /home/kaushal/kaushal/moveit_ws/install/moveit_kinematics/share/moveit_kinematics/cmake/export_moveit_kinematicsExport-release.cmake
[0.169s] -- Up-to-date: /home/kaushal/kaushal/moveit_ws/install/moveit_kinematics/share/moveit_kinematics/cmake/ConfigExtras.cmake
[0.169s] -- Up-to-date: /home/kaushal/kaushal/moveit_ws/install/moveit_kinematics/share/moveit_kinematics/cmake/ament_cmake_export_targets-extras.cmake
[0.169s] -- Up-to-date: /home/kaushal/kaushal/moveit_ws/install/moveit_kinematics/share/moveit_kinematics/cmake/ament_cmake_export_dependencies-extras.cmake
[0.170s] -- Up-to-date: /home/kaushal/kaushal/moveit_ws/install/moveit_kinematics/share/moveit_kinematics/cmake/moveit_kinematicsConfig.cmake
[0.170s] -- Up-to-date: /home/kaushal/kaushal/moveit_ws/install/moveit_kinematics/share/moveit_kinematics/cmake/moveit_kinematicsConfig-version.cmake
[0.170s] -- Up-to-date: /home/kaushal/kaushal/moveit_ws/install/moveit_kinematics/share/moveit_kinematics/package.xml
[0.179s] Invoked command in '/home/kaushal/kaushal/moveit_ws/build/moveit_kinematics' returned '0': AMENT_PREFIX_PATH=/home/kaushal/kaushal/moveit_ws/install/moveit_ros_planning:/home/kaushal/kaushal/moveit_ws/install/moveit_ros_occupancy_map_monitor:/home/kaushal/kaushal/moveit_ws/install/moveit_core:/home/kaushal/kaushal/moveit_ws/install/moveit_resources_panda_moveit_config:/home/kaushal/kaushal/moveit_ws/install/moveit_resources_fanuc_moveit_config:/home/kaushal/kaushal/moveit_ws/install/moveit_configs_utils:/home/kaushal/kaushal/moveit_ws/install/srdfdom:/home/kaushal/kaushal/moveit_ws/install/moveit_resources_pr2_description:/home/kaushal/kaushal/moveit_ws/install/moveit_resources_panda_description:/home/kaushal/kaushal/moveit_ws/install/moveit_resources_fanuc_description:/home/kaushal/kaushal/moveit_ws/install/moveit_common:/home/kaushal/kaushal/moveit_ws/install/launch_param_builder:${AMENT_PREFIX_PATH} CMAKE_PREFIX_PATH=/home/kaushal/kaushal/moveit_ws/install/moveit_ros_planning:/home/kaushal/kaushal/moveit_ws/install/moveit_ros_occupancy_map_monitor:/home/kaushal/kaushal/moveit_ws/install/moveit_core:/home/kaushal/kaushal/moveit_ws/install/moveit_resources_panda_moveit_config:/home/kaushal/kaushal/moveit_ws/install/moveit_resources_fanuc_moveit_config:/home/kaushal/kaushal/moveit_ws/install/srdfdom:/home/kaushal/kaushal/moveit_ws/install/moveit_resources_pr2_description:/home/kaushal/kaushal/moveit_ws/install/moveit_resources_panda_description:/home/kaushal/kaushal/moveit_ws/install/moveit_resources_fanuc_description:/home/kaushal/kaushal/moveit_ws/install/moveit_common:/opt/ros/humble LD_LIBRARY_PATH=/home/kaushal/kaushal/moveit_ws/install/moveit_ros_planning/lib:/home/kaushal/kaushal/moveit_ws/install/moveit_ros_occupancy_map_monitor/lib:/home/kaushal/kaushal/moveit_ws/install/moveit_core/lib:/home/kaushal/kaushal/moveit_ws/install/srdfdom/lib:${LD_LIBRARY_PATH} PATH=/home/kaushal/kaushal/moveit_ws/install/moveit_core/bin:${PATH} PYTHONPATH=/home/kaushal/kaushal/moveit_ws/install/moveit_configs_utils/lib/python3.10/site-packages:/home/kaushal/kaushal/moveit_ws/install/srdfdom/local/lib/python3.10/dist-packages:/home/kaushal/kaushal/moveit_ws/install/launch_param_builder/lib/python3.10/site-packages:${PYTHONPATH} /usr/bin/cmake --install /home/kaushal/kaushal/moveit_ws/build/moveit_kinematics
