[0.060s] Invoking command in '/home/kaushal/kaushal/moveit_ws/build/hello_moveit': AMENT_PREFIX_PATH=/home/kaushal/kaushal/moveit_ws/install/moveit_configs_utils:/home/kaushal/kaushal/moveit_ws/install/launch_param_builder:/home/kaushal/kaushal/moveit_ws/install/lifted_arm_config:/home/kaushal/kaushal/moveit_ws/install/ur_description:/home/kaushal/kaushal/moveit_ws/install/pilz_industrial_motion_planner_testutils:/home/kaushal/kaushal/moveit_ws/install/moveit_runtime:/home/kaushal/kaushal/moveit_ws/install/moveit2_tutorials:/home/kaushal/kaushal/moveit_ws/install/moveit:/home/kaushal/kaushal/moveit_ws/install/moveit_planners:/home/kaushal/kaushal/moveit_ws/install/pilz_industrial_motion_planner:/home/kaushal/kaushal/moveit_ws/install/moveit_visual_tools:/home/kaushal/kaushal/moveit_ws/install/moveit_task_constructor_visualization:/home/kaushal/kaushal/moveit_ws/install/moveit_task_constructor_demo:/home/kaushal/kaushal/moveit_ws/install/moveit_task_constructor_capabilities:/home/kaushal/kaushal/moveit_ws/install/moveit_task_constructor_core:/home/kaushal/kaushal/moveit_ws/install/moveit_ros_control_interface:/home/kaushal/kaushal/moveit_ws/install/moveit_plugins:/home/kaushal/kaushal/moveit_ws/install/moveit_simple_controller_manager:/home/kaushal/kaushal/moveit_ws/install/moveit_setup_assistant:/home/kaushal/kaushal/moveit_ws/install/moveit_setup_srdf_plugins:/home/kaushal/kaushal/moveit_ws/install/moveit_setup_core_plugins:/home/kaushal/kaushal/moveit_ws/install/moveit_setup_controllers:/home/kaushal/kaushal/moveit_ws/install/moveit_setup_app_plugins:/home/kaushal/kaushal/moveit_ws/install/moveit_setup_framework:/home/kaushal/kaushal/moveit_ws/install/moveit_servo:/home/kaushal/kaushal/moveit_ws/install/moveit_ros:/home/kaushal/kaushal/moveit_ws/install/moveit_ros_visualization:/home/kaushal/kaushal/moveit_ws/install/moveit_hybrid_planning:/home/kaushal/kaushal/moveit_ws/install/hello_moveit:/home/kaushal/kaushal/moveit_ws/install/moveit_ros_planning_interface:/home/kaushal/kaushal/moveit_ws/install/moveit_ros_benchmarks:/home/kaushal/kaushal/moveit_ws/install/moveit_ros_warehouse:/home/kaushal/kaushal/moveit_ws/install/moveit_ros_robot_interaction:/home/kaushal/kaushal/moveit_ws/install/moveit_ros_perception:/home/kaushal/kaushal/moveit_ws/install/moveit_resources_prbt_pg70_support:/home/kaushal/kaushal/moveit_ws/install/moveit_resources_prbt_moveit_config:/home/kaushal/kaushal/moveit_ws/install/moveit_ros_move_group:/home/kaushal/kaushal/moveit_ws/install/moveit_planners_ompl:/home/kaushal/kaushal/moveit_ws/install/moveit_ros_planning:/home/kaushal/kaushal/moveit_ws/install/moveit_ros_occupancy_map_monitor:/home/kaushal/kaushal/moveit_ws/install/moveit_resources_prbt_ikfast_manipulator_plugin:/home/kaushal/kaushal/moveit_ws/install/moveit_planners_chomp:/home/kaushal/kaushal/moveit_ws/install/moveit_kinematics:/home/kaushal/kaushal/moveit_ws/install/moveit_chomp_optimizer_adapter:/home/kaushal/kaushal/moveit_ws/install/chomp_motion_planner:/home/kaushal/kaushal/moveit_ws/install/moveit_core:/home/kaushal/kaushal/moveit_ws/install/srdfdom:/home/kaushal/kaushal/moveit_ws/install/rviz_marker_tools:/home/kaushal/kaushal/moveit_ws/install/rosparam_shortcuts:/home/kaushal/kaushal/moveit_ws/install/moveit_task_constructor_msgs:/home/kaushal/kaushal/moveit_ws/install/moveit_resources_prbt_support:/home/kaushal/kaushal/moveit_ws/install/moveit_resources:/home/kaushal/kaushal/moveit_ws/install/moveit_resources_pr2_description:/home/kaushal/kaushal/moveit_ws/install/moveit_resources_panda_moveit_config:/home/kaushal/kaushal/moveit_ws/install/moveit_resources_panda_description:/home/kaushal/kaushal/moveit_ws/install/moveit_resources_fanuc_moveit_config:/home/kaushal/kaushal/moveit_ws/install/moveit_resources_fanuc_description:/home/kaushal/kaushal/moveit_ws/install/moveit_common:/opt/ros/humble CMAKE_PREFIX_PATH=/home/kaushal/kaushal/moveit_ws/install/moveit_ros_planning_interface:/home/kaushal/kaushal/moveit_ws/install/moveit_ros_move_group:/home/kaushal/kaushal/moveit_ws/install/moveit_ros_warehouse:/home/kaushal/kaushal/moveit_ws/install/moveit_planners_ompl:/home/kaushal/kaushal/moveit_ws/install/moveit_kinematics:/home/kaushal/kaushal/moveit_ws/install/moveit_ros_planning:/home/kaushal/kaushal/moveit_ws/install/moveit_simple_controller_manager:/home/kaushal/kaushal/moveit_ws/install/moveit_ros_occupancy_map_monitor:/home/kaushal/kaushal/moveit_ws/install/moveit_core:/home/kaushal/kaushal/moveit_ws/install/moveit_resources_panda_moveit_config:/home/kaushal/kaushal/moveit_ws/install/moveit_resources_fanuc_moveit_config:/home/kaushal/kaushal/moveit_ws/install/srdfdom:/home/kaushal/kaushal/moveit_ws/install/moveit_resources_pr2_description:/home/kaushal/kaushal/moveit_ws/install/moveit_resources_panda_description:/home/kaushal/kaushal/moveit_ws/install/moveit_resources_fanuc_description:/home/kaushal/kaushal/moveit_ws/install/moveit_common:/home/kaushal/kaushal/moveit_ws/install/lifted_arm_config:/home/kaushal/kaushal/moveit_ws/install/ur_description:/home/kaushal/kaushal/moveit_ws/install/pilz_industrial_motion_planner_testutils:/home/kaushal/kaushal/moveit_ws/install/moveit_runtime:/home/kaushal/kaushal/moveit_ws/install/moveit2_tutorials:/home/kaushal/kaushal/moveit_ws/install/moveit:/home/kaushal/kaushal/moveit_ws/install/moveit_planners:/home/kaushal/kaushal/moveit_ws/install/pilz_industrial_motion_planner:/home/kaushal/kaushal/moveit_ws/install/moveit_visual_tools:/home/kaushal/kaushal/moveit_ws/install/moveit_task_constructor_visualization:/home/kaushal/kaushal/moveit_ws/install/moveit_task_constructor_demo:/home/kaushal/kaushal/moveit_ws/install/moveit_task_constructor_capabilities:/home/kaushal/kaushal/moveit_ws/install/moveit_task_constructor_core:/home/kaushal/kaushal/moveit_ws/install/moveit_ros_control_interface:/home/kaushal/kaushal/moveit_ws/install/moveit_plugins:/home/kaushal/kaushal/moveit_ws/install/moveit_setup_assistant:/home/kaushal/kaushal/moveit_ws/install/moveit_setup_srdf_plugins:/home/kaushal/kaushal/moveit_ws/install/moveit_setup_core_plugins:/home/kaushal/kaushal/moveit_ws/install/moveit_setup_controllers:/home/kaushal/kaushal/moveit_ws/install/moveit_setup_app_plugins:/home/kaushal/kaushal/moveit_ws/install/moveit_setup_framework:/home/kaushal/kaushal/moveit_ws/install/moveit_servo:/home/kaushal/kaushal/moveit_ws/install/moveit_ros:/home/kaushal/kaushal/moveit_ws/install/moveit_ros_visualization:/home/kaushal/kaushal/moveit_ws/install/moveit_hybrid_planning:/home/kaushal/kaushal/moveit_ws/install/hello_moveit:/home/kaushal/kaushal/moveit_ws/install/moveit_ros_benchmarks:/home/kaushal/kaushal/moveit_ws/install/moveit_ros_robot_interaction:/home/kaushal/kaushal/moveit_ws/install/moveit_ros_perception:/home/kaushal/kaushal/moveit_ws/install/moveit_resources_prbt_pg70_support:/home/kaushal/kaushal/moveit_ws/install/moveit_resources_prbt_moveit_config:/home/kaushal/kaushal/moveit_ws/install/moveit_resources_prbt_ikfast_manipulator_plugin:/home/kaushal/kaushal/moveit_ws/install/moveit_planners_chomp:/home/kaushal/kaushal/moveit_ws/install/moveit_chomp_optimizer_adapter:/home/kaushal/kaushal/moveit_ws/install/chomp_motion_planner:/home/kaushal/kaushal/moveit_ws/install/rviz_marker_tools:/home/kaushal/kaushal/moveit_ws/install/rosparam_shortcuts:/home/kaushal/kaushal/moveit_ws/install/moveit_task_constructor_msgs:/home/kaushal/kaushal/moveit_ws/install/moveit_resources_prbt_support:/home/kaushal/kaushal/moveit_ws/install/moveit_resources:/home/kaushal/kaushal/moveit_ws/install/moveit_configs_utils:/home/kaushal/kaushal/moveit_ws/install/launch_param_builder:/opt/ros/humble LD_LIBRARY_PATH=/home/kaushal/kaushal/moveit_ws/install/moveit_ros_planning_interface/lib:/home/kaushal/kaushal/moveit_ws/install/moveit_ros_move_group/lib:/home/kaushal/kaushal/moveit_ws/install/moveit_ros_warehouse/lib:/home/kaushal/kaushal/moveit_ws/install/moveit_planners_ompl/lib:/home/kaushal/kaushal/moveit_ws/install/moveit_kinematics/lib:/home/kaushal/kaushal/moveit_ws/install/moveit_ros_planning/lib:/home/kaushal/kaushal/moveit_ws/install/moveit_simple_controller_manager/lib:/home/kaushal/kaushal/moveit_ws/install/moveit_ros_occupancy_map_monitor/lib:/home/kaushal/kaushal/moveit_ws/install/moveit_core/lib:/home/kaushal/kaushal/moveit_ws/install/srdfdom/lib:/home/kaushal/kaushal/moveit_ws/install/pilz_industrial_motion_planner_testutils/lib:/home/kaushal/kaushal/moveit_ws/install/pilz_industrial_motion_planner/lib:/home/kaushal/kaushal/moveit_ws/install/moveit_visual_tools/lib:/home/kaushal/kaushal/moveit_ws/install/moveit_task_constructor_visualization/lib:/home/kaushal/kaushal/moveit_ws/install/moveit_task_constructor_demo/lib:/home/kaushal/kaushal/moveit_ws/install/moveit_task_constructor_capabilities/lib:/home/kaushal/kaushal/moveit_ws/install/moveit_task_constructor_core/lib:/home/kaushal/kaushal/moveit_ws/install/moveit_ros_control_interface/lib:/home/kaushal/kaushal/moveit_ws/install/moveit_setup_assistant/lib:/home/kaushal/kaushal/moveit_ws/install/moveit_setup_srdf_plugins/lib:/home/kaushal/kaushal/moveit_ws/install/moveit_setup_core_plugins/lib:/home/kaushal/kaushal/moveit_ws/install/moveit_setup_controllers/lib:/home/kaushal/kaushal/moveit_ws/install/moveit_setup_app_plugins/lib:/home/kaushal/kaushal/moveit_ws/install/moveit_setup_framework/lib:/home/kaushal/kaushal/moveit_ws/install/moveit_servo/lib:/home/kaushal/kaushal/moveit_ws/install/moveit_ros_visualization/lib:/home/kaushal/kaushal/moveit_ws/install/moveit_hybrid_planning/lib:/home/kaushal/kaushal/moveit_ws/install/moveit_ros_benchmarks/lib:/home/kaushal/kaushal/moveit_ws/install/moveit_ros_robot_interaction/lib:/home/kaushal/kaushal/moveit_ws/install/moveit_ros_perception/lib:/home/kaushal/kaushal/moveit_ws/install/moveit_resources_prbt_ikfast_manipulator_plugin/lib:/home/kaushal/kaushal/moveit_ws/install/moveit_planners_chomp/lib:/home/kaushal/kaushal/moveit_ws/install/moveit_chomp_optimizer_adapter/lib:/home/kaushal/kaushal/moveit_ws/install/chomp_motion_planner/lib:/home/kaushal/kaushal/moveit_ws/install/rviz_marker_tools/lib:/home/kaushal/kaushal/moveit_ws/install/rosparam_shortcuts/lib:/home/kaushal/kaushal/moveit_ws/install/moveit_task_constructor_msgs/lib:/opt/ros/humble/opt/rviz_ogre_vendor/lib:/opt/ros/humble/lib/x86_64-linux-gnu:/opt/ros/humble/lib PYTHONPATH=/home/kaushal/kaushal/moveit_ws/install/moveit_configs_utils/lib/python3.10/site-packages:/home/kaushal/kaushal/moveit_ws/install/launch_param_builder/lib/python3.10/site-packages:/home/kaushal/kaushal/moveit_ws/install/moveit_task_constructor_core/local/lib/python3.10/dist-packages:/home/kaushal/kaushal/moveit_ws/install/srdfdom/local/lib/python3.10/dist-packages:/home/kaushal/kaushal/moveit_ws/install/moveit_task_constructor_msgs/local/lib/python3.10/dist-packages:/opt/ros/humble/lib/python3.10/site-packages:/opt/ros/humble/local/lib/python3.10/dist-packages /usr/bin/cmake --build /home/kaushal/kaushal/moveit_ws/build/hello_moveit -- -j16 -l16
[0.093s] -- Found ament_cmake: 1.3.11 (/opt/ros/humble/share/ament_cmake/cmake)
[0.195s] -- Found moveit_ros_planning_interface: 2.5.9 (/home/kaushal/kaushal/moveit_ws/install/moveit_ros_planning_interface/share/moveit_ros_planning_interface/cmake)
[0.203s] -- Found Boost: /usr/lib/x86_64-linux-gnu/cmake/Boost-1.74.0/BoostConfig.cmake (found version "1.74.0") found components: date_time filesystem program_options system thread 
[0.226s] -- Found rosidl_generator_c: 3.1.6 (/opt/ros/humble/share/rosidl_generator_c/cmake)
[0.227s] -- Found rosidl_adapter: 3.1.6 (/opt/ros/humble/share/rosidl_adapter/cmake)
[0.232s] -- Found rosidl_generator_cpp: 3.1.6 (/opt/ros/humble/share/rosidl_generator_cpp/cmake)
[0.240s] -- Using all available rosidl_typesupport_c: rosidl_typesupport_fastrtps_c;rosidl_typesupport_introspection_c
[0.250s] -- Using all available rosidl_typesupport_cpp: rosidl_typesupport_fastrtps_cpp;rosidl_typesupport_introspection_cpp
[0.379s] -- Found Boost: /usr/lib/x86_64-linux-gnu/cmake/Boost-1.74.0/BoostConfig.cmake (found version "1.74.0") found components: chrono date_time filesystem iostreams program_options regex serialization system thread 
[0.404s] -- Found parameter_traits: 0.5.0 (/opt/ros/humble/share/parameter_traits/cmake)
[0.425s] -- Found rmw_implementation_cmake: 6.1.2 (/opt/ros/humble/share/rmw_implementation_cmake/cmake)
[0.427s] -- Found rmw_fastrtps_cpp: 6.2.7 (/opt/ros/humble/share/rmw_fastrtps_cpp/cmake)
[0.543s] -- Using RMW implementation 'rmw_fastrtps_cpp' as default
[0.576s] -- Found rclcpp_lifecycle: 16.0.12 (/opt/ros/humble/share/rclcpp_lifecycle/cmake)
[0.591s] -- Found Boost: /usr/lib/x86_64-linux-gnu/cmake/Boost-1.74.0/BoostConfig.cmake (found version "1.74.0") found components: filesystem 
[0.631s] -- library: /usr/lib/x86_64-linux-gnu/libcurl.so
[0.651s] -- Ensuring Eigen3 include directory is part of orocos-kdl CMake target
[0.736s] -- Found Boost: /usr/lib/x86_64-linux-gnu/cmake/Boost-1.74.0/BoostConfig.cmake (found version "1.74.0") found components: system filesystem date_time program_options thread chrono 
[0.758s] -- Found Boost: /usr/lib/x86_64-linux-gnu/cmake/Boost-1.74.0/BoostConfig.cmake (found version "1.74.0") found components: thread system filesystem regex date_time program_options 
[0.772s] -- Found Boost: /usr/lib/x86_64-linux-gnu/cmake/Boost-1.74.0/BoostConfig.cmake (found version "1.74.0") found components: system filesystem date_time program_options thread 
[0.795s] -- Found ament_lint_auto: 0.12.12 (/opt/ros/humble/share/ament_lint_auto/cmake)
[0.851s] -- Added test 'cppcheck' to perform static code analysis on C / C++ code
[0.851s] -- Configured cppcheck include dirs: $<BUILD_INTERFACE:/home/kaushal/kaushal/moveit_ws/src/hello_moveit/src/hello_moveit/include>
[0.851s] -- Configured cppcheck exclude dirs and/or files: 
[0.852s] -- Added test 'lint_cmake' to check CMake code style
[0.852s] -- Added test 'uncrustify' to check C / C++ code style
[0.852s] -- Configured uncrustify additional arguments: 
[0.852s] -- Added test 'xmllint' to check XML markup files
[0.853s] -- Configuring done
[0.879s] -- Generating done
[0.884s] -- Build files have been written to: /home/kaushal/kaushal/moveit_ws/build/hello_moveit
[0.923s] [35m[1mConsolidate compiler generated dependencies of target hello_moveit[0m
[0.950s] [ 50%] [32mBuilding CXX object CMakeFiles/hello_moveit.dir/src/hello_moveit.cpp.o[0m
[4.621s] [01m[K/home/kaushal/kaushal/moveit_ws/src/hello_moveit/src/hello_moveit/src/hello_moveit.cpp:[m[K In lambda function:
[4.621s] [01m[K/home/kaushal/kaushal/moveit_ws/src/hello_moveit/src/hello_moveit/src/hello_moveit.cpp:22:20:[m[K [01;31m[Kerror: [m[K‘[01m[Kgeometry_msgs::msgs[m[K’ has not been declared
[4.621s]    22 |     geometry_msgs::[01;31m[Kmsgs[m[K::msg::Pose msg;
[4.621s]       |                    [01;31m[K^~~~[m[K
[4.622s] [01m[K/home/kaushal/kaushal/moveit_ws/src/hello_moveit/src/hello_moveit/src/hello_moveit.cpp:23:5:[m[K [01;31m[Kerror: [m[K‘[01m[Kmsg[m[K’ was not declared in this scope
[4.623s]    23 |     [01;31m[Kmsg[m[K.orientation.w = 1.0;
[4.623s]       |     [01;31m[K^~~[m[K
[4.623s] [01m[K/home/kaushal/kaushal/moveit_ws/src/hello_moveit/src/hello_moveit/src/hello_moveit.cpp:23:5:[m[K [01;36m[Knote: [m[Ksuggested alternatives:
[4.623s] In file included from [01m[K/opt/ros/humble/include/builtin_interfaces/builtin_interfaces/msg/duration.hpp:7[m[K,
[4.623s]                  from [01m[K/opt/ros/humble/include/rclcpp/rclcpp/duration.hpp:20[m[K,
[4.623s]                  from [01m[K/opt/ros/humble/include/rclcpp/rclcpp/qos.hpp:20[m[K,
[4.623s]                  from [01m[K/opt/ros/humble/include/rclcpp/rclcpp/node_interfaces/node_graph_interface.hpp:32[m[K,
[4.623s]                  from [01m[K/opt/ros/humble/include/rclcpp/rclcpp/client.hpp:42[m[K,
[4.623s]                  from [01m[K/opt/ros/humble/include/rclcpp/rclcpp/callback_group.hpp:24[m[K,
[4.623s]                  from [01m[K/opt/ros/humble/include/rclcpp/rclcpp/any_executable.hpp:20[m[K,
[4.623s]                  from [01m[K/opt/ros/humble/include/rclcpp/rclcpp/memory_strategy.hpp:25[m[K,
[4.623s]                  from [01m[K/opt/ros/humble/include/rclcpp/rclcpp/memory_strategies.hpp:18[m[K,
[4.623s]                  from [01m[K/opt/ros/humble/include/rclcpp/rclcpp/executor_options.hpp:20[m[K,
[4.623s]                  from [01m[K/opt/ros/humble/include/rclcpp/rclcpp/executor.hpp:37[m[K,
[4.623s]                  from [01m[K/opt/ros/humble/include/rclcpp/rclcpp/executors/multi_threaded_executor.hpp:25[m[K,
[4.623s]                  from [01m[K/opt/ros/humble/include/rclcpp/rclcpp/executors.hpp:21[m[K,
[4.624s]                  from [01m[K/opt/ros/humble/include/rclcpp/rclcpp/rclcpp.hpp:155[m[K,
[4.624s]                  from [01m[K/home/kaushal/kaushal/moveit_ws/src/hello_moveit/src/hello_moveit/src/hello_moveit.cpp:3[m[K:
[4.624s] [01m[K/opt/ros/humble/include/builtin_interfaces/builtin_interfaces/msg/detail/duration__struct.hpp:27:11:[m[K [01;36m[Knote: [m[K  ‘[01m[Kbuiltin_interfaces::msg[m[K’
[4.624s]    27 | namespace [01;36m[Kmsg[m[K
[4.624s]       |           [01;36m[K^~~[m[K
[4.624s] In file included from [01m[K/opt/ros/humble/include/rcl_interfaces/rcl_interfaces/msg/set_parameters_result.hpp:7[m[K,
[4.625s]                  from [01m[K/opt/ros/humble/include/rclcpp/rclcpp/qos_overriding_options.hpp:28[m[K,
[4.625s]                  from [01m[K/opt/ros/humble/include/rclcpp/rclcpp/subscription_options.hpp:30[m[K,
[4.625s]                  from [01m[K/opt/ros/humble/include/rclcpp/rclcpp/subscription.hpp:45[m[K,
[4.625s]                  from [01m[K/opt/ros/humble/include/rclcpp/rclcpp/any_executable.hpp:25[m[K,
[4.625s]                  from [01m[K/opt/ros/humble/include/rclcpp/rclcpp/memory_strategy.hpp:25[m[K,
[4.625s]                  from [01m[K/opt/ros/humble/include/rclcpp/rclcpp/memory_strategies.hpp:18[m[K,
[4.625s]                  from [01m[K/opt/ros/humble/include/rclcpp/rclcpp/executor_options.hpp:20[m[K,
[4.625s]                  from [01m[K/opt/ros/humble/include/rclcpp/rclcpp/executor.hpp:37[m[K,
[4.625s]                  from [01m[K/opt/ros/humble/include/rclcpp/rclcpp/executors/multi_threaded_executor.hpp:25[m[K,
[4.625s]                  from [01m[K/opt/ros/humble/include/rclcpp/rclcpp/executors.hpp:21[m[K,
[4.625s]                  from [01m[K/opt/ros/humble/include/rclcpp/rclcpp/rclcpp.hpp:155[m[K,
[4.625s]                  from [01m[K/home/kaushal/kaushal/moveit_ws/src/hello_moveit/src/hello_moveit/src/hello_moveit.cpp:3[m[K:
[4.625s] [01m[K/opt/ros/humble/include/rcl_interfaces/rcl_interfaces/msg/detail/set_parameters_result__struct.hpp:27:11:[m[K [01;36m[Knote: [m[K  ‘[01m[Krcl_interfaces::msg[m[K’
[4.625s]    27 | namespace [01;36m[Kmsg[m[K
[4.625s]       |           [01;36m[K^~~[m[K
[4.625s] In file included from [01m[K/opt/ros/humble/include/statistics_msgs/statistics_msgs/msg/detail/metrics_message__struct.hpp:23[m[K,
[4.625s]                  from [01m[K/opt/ros/humble/include/statistics_msgs/statistics_msgs/msg/metrics_message.hpp:7[m[K,
[4.625s]                  from [01m[K/opt/ros/humble/include/libstatistics_collector/libstatistics_collector/collector/generate_statistics_message.hpp:21[m[K,
[4.625s]                  from [01m[K/opt/ros/humble/include/rclcpp/rclcpp/topic_statistics/subscription_topic_statistics.hpp:23[m[K,
[4.625s]                  from [01m[K/opt/ros/humble/include/rclcpp/rclcpp/subscription.hpp:50[m[K,
[4.625s]                  from [01m[K/opt/ros/humble/include/rclcpp/rclcpp/any_executable.hpp:25[m[K,
[4.625s]                  from [01m[K/opt/ros/humble/include/rclcpp/rclcpp/memory_strategy.hpp:25[m[K,
[4.626s]                  from [01m[K/opt/ros/humble/include/rclcpp/rclcpp/memory_strategies.hpp:18[m[K,
[4.626s]                  from [01m[K/opt/ros/humble/include/rclcpp/rclcpp/executor_options.hpp:20[m[K,
[4.626s]                  from [01m[K/opt/ros/humble/include/rclcpp/rclcpp/executor.hpp:37[m[K,
[4.626s]                  from [01m[K/opt/ros/humble/include/rclcpp/rclcpp/executors/multi_threaded_executor.hpp:25[m[K,
[4.626s]                  from [01m[K/opt/ros/humble/include/rclcpp/rclcpp/executors.hpp:21[m[K,
[4.626s]                  from [01m[K/opt/ros/humble/include/rclcpp/rclcpp/rclcpp.hpp:155[m[K,
[4.626s]                  from [01m[K/home/kaushal/kaushal/moveit_ws/src/hello_moveit/src/hello_moveit/src/hello_moveit.cpp:3[m[K:
[4.626s] [01m[K/opt/ros/humble/include/statistics_msgs/statistics_msgs/msg/detail/statistic_data_point__struct.hpp:27:11:[m[K [01;36m[Knote: [m[K  ‘[01m[Kstatistics_msgs::msg[m[K’
[4.626s]    27 | namespace [01;36m[Kmsg[m[K
[4.626s]       |           [01;36m[K^~~[m[K
[4.626s] In file included from [01m[K/opt/ros/humble/include/moveit_msgs/moveit_msgs/msg/joint_limits.hpp:7[m[K,
[4.626s]                  from [01m[K/home/kaushal/kaushal/moveit_ws/install/moveit_core/include/moveit/robot_model/joint_model.h:44[m[K,
[4.626s]                  from [01m[K/home/kaushal/kaushal/moveit_ws/install/moveit_core/include/moveit/robot_model/joint_model_group.h:40[m[K,
[4.626s]                  from [01m[K/home/kaushal/kaushal/moveit_ws/install/moveit_core/include/moveit/robot_model/robot_model.h:45[m[K,
[4.626s]                  from [01m[K/home/kaushal/kaushal/moveit_ws/install/moveit_core/include/moveit/robot_state/robot_state.h:40[m[K,
[4.626s]                  from [01m[K/home/kaushal/kaushal/moveit_ws/install/moveit_ros_planning_interface/include/moveit/move_group_interface/move_group_interface.h:41[m[K,
[4.626s]                  from [01m[K/home/kaushal/kaushal/moveit_ws/src/hello_moveit/src/hello_moveit/src/hello_moveit.cpp:4[m[K:
[4.626s] [01m[K/opt/ros/humble/include/moveit_msgs/moveit_msgs/msg/detail/joint_limits__struct.hpp:27:11:[m[K [01;36m[Knote: [m[K  ‘[01m[Kmoveit_msgs::msg[m[K’
[4.626s]    27 | namespace [01;36m[Kmsg[m[K
[4.627s]       |           [01;36m[K^~~[m[K
[4.627s] In file included from [01m[K/opt/ros/humble/include/geometry_msgs/geometry_msgs/msg/detail/pose__struct.hpp:20[m[K,
[4.627s]                  from [01m[K/opt/ros/humble/include/geometry_msgs/geometry_msgs/msg/pose.hpp:7[m[K,
[4.627s]                  from [01m[K/home/kaushal/kaushal/moveit_ws/install/moveit_core/include/moveit/kinematics_base/kinematics_base.h:39[m[K,
[4.627s]                  from [01m[K/home/kaushal/kaushal/moveit_ws/install/moveit_core/include/moveit/robot_model/joint_model_group.h:42[m[K,
[4.627s]                  from [01m[K/home/kaushal/kaushal/moveit_ws/install/moveit_core/include/moveit/robot_model/robot_model.h:45[m[K,
[4.627s]                  from [01m[K/home/kaushal/kaushal/moveit_ws/install/moveit_core/include/moveit/robot_state/robot_state.h:40[m[K,
[4.627s]                  from [01m[K/home/kaushal/kaushal/moveit_ws/install/moveit_ros_planning_interface/include/moveit/move_group_interface/move_group_interface.h:41[m[K,
[4.627s]                  from [01m[K/home/kaushal/kaushal/moveit_ws/src/hello_moveit/src/hello_moveit/src/hello_moveit.cpp:4[m[K:
[4.627s] [01m[K/opt/ros/humble/include/geometry_msgs/geometry_msgs/msg/detail/point__struct.hpp:27:11:[m[K [01;36m[Knote: [m[K  ‘[01m[Kgeometry_msgs::msg[m[K’
[4.627s]    27 | namespace [01;36m[Kmsg[m[K
[4.627s]       |           [01;36m[K^~~[m[K
[4.627s] In file included from [01m[K/opt/ros/humble/include/geometry_msgs/geometry_msgs/msg/detail/transform_stamped__struct.hpp:20[m[K,
[4.627s]                  from [01m[K/opt/ros/humble/include/geometry_msgs/geometry_msgs/msg/transform_stamped.hpp:7[m[K,
[4.627s]                  from [01m[K/home/kaushal/kaushal/moveit_ws/install/moveit_core/include/moveit/transforms/transforms.h:39[m[K,
[4.627s]                  from [01m[K/home/kaushal/kaushal/moveit_ws/install/moveit_core/include/moveit/robot_state/attached_body.h:40[m[K,
[4.627s]                  from [01m[K/home/kaushal/kaushal/moveit_ws/install/moveit_core/include/moveit/robot_state/robot_state.h:41[m[K,
[4.627s]                  from [01m[K/home/kaushal/kaushal/moveit_ws/install/moveit_ros_planning_interface/include/moveit/move_group_interface/move_group_interface.h:41[m[K,
[4.627s]                  from [01m[K/home/kaushal/kaushal/moveit_ws/src/hello_moveit/src/hello_moveit/src/hello_moveit.cpp:4[m[K:
[4.627s] [01m[K/opt/ros/humble/include/std_msgs/std_msgs/msg/detail/header__struct.hpp:31:11:[m[K [01;36m[Knote: [m[K  ‘[01m[Kstd_msgs::msg[m[K’
[4.627s]    31 | namespace [01;36m[Kmsg[m[K
[4.627s]       |           [01;36m[K^~~[m[K
[4.627s] In file included from [01m[K/opt/ros/humble/include/trajectory_msgs/trajectory_msgs/msg/detail/joint_trajectory__struct.hpp:22[m[K,
[4.628s]                  from [01m[K/opt/ros/humble/include/trajectory_msgs/trajectory_msgs/msg/joint_trajectory.hpp:7[m[K,
[4.628s]                  from [01m[K/home/kaushal/kaushal/moveit_ws/install/moveit_core/include/moveit/robot_state/attached_body.h:43[m[K,
[4.628s]                  from [01m[K/home/kaushal/kaushal/moveit_ws/install/moveit_core/include/moveit/robot_state/robot_state.h:41[m[K,
[4.628s]                  from [01m[K/home/kaushal/kaushal/moveit_ws/install/moveit_ros_planning_interface/include/moveit/move_group_interface/move_group_interface.h:41[m[K,
[4.628s]                  from [01m[K/home/kaushal/kaushal/moveit_ws/src/hello_moveit/src/hello_moveit/src/hello_moveit.cpp:4[m[K:
[4.628s] [01m[K/opt/ros/humble/include/trajectory_msgs/trajectory_msgs/msg/detail/joint_trajectory_point__struct.hpp:31:11:[m[K [01;36m[Knote: [m[K  ‘[01m[Ktrajectory_msgs::msg[m[K’
[4.628s]    31 | namespace [01;36m[Kmsg[m[K
[4.628s]       |           [01;36m[K^~~[m[K
[4.628s] In file included from [01m[K/opt/ros/humble/include/sensor_msgs/sensor_msgs/msg/joint_state.hpp:7[m[K,
[4.628s]                  from [01m[K/home/kaushal/kaushal/moveit_ws/install/moveit_core/include/moveit/robot_state/robot_state.h:43[m[K,
[4.628s]                  from [01m[K/home/kaushal/kaushal/moveit_ws/install/moveit_ros_planning_interface/include/moveit/move_group_interface/move_group_interface.h:41[m[K,
[4.628s]                  from [01m[K/home/kaushal/kaushal/moveit_ws/src/hello_moveit/src/hello_moveit/src/hello_moveit.cpp:4[m[K:
[4.628s] [01m[K/opt/ros/humble/include/sensor_msgs/sensor_msgs/msg/detail/joint_state__struct.hpp:31:11:[m[K [01;36m[Knote: [m[K  ‘[01m[Ksensor_msgs::msg[m[K’
[4.628s]    31 | namespace [01;36m[Kmsg[m[K
[4.628s]       |           [01;36m[K^~~[m[K
[4.628s] In file included from [01m[K/opt/ros/humble/include/visualization_msgs/visualization_msgs/msg/detail/marker__struct.hpp:35[m[K,
[4.628s]                  from [01m[K/opt/ros/humble/include/visualization_msgs/visualization_msgs/msg/detail/marker_array__struct.hpp:20[m[K,
[4.628s]                  from [01m[K/opt/ros/humble/include/visualization_msgs/visualization_msgs/msg/marker_array.hpp:7[m[K,
[4.628s]                  from [01m[K/home/kaushal/kaushal/moveit_ws/install/moveit_core/include/moveit/robot_state/robot_state.h:44[m[K,
[4.628s]                  from [01m[K/home/kaushal/kaushal/moveit_ws/install/moveit_ros_planning_interface/include/moveit/move_group_interface/move_group_interface.h:41[m[K,
[4.628s]                  from [01m[K/home/kaushal/kaushal/moveit_ws/src/hello_moveit/src/hello_moveit/src/hello_moveit.cpp:4[m[K:
[4.629s] [01m[K/opt/ros/humble/include/visualization_msgs/visualization_msgs/msg/detail/uv_coordinate__struct.hpp:27:11:[m[K [01;36m[Knote: [m[K  ‘[01m[Kvisualization_msgs::msg[m[K’
[4.629s]    27 | namespace [01;36m[Kmsg[m[K
[4.629s]       |           [01;36m[K^~~[m[K
[4.629s] In file included from [01m[K/opt/ros/humble/include/moveit_msgs/moveit_msgs/msg/detail/collision_object__struct.hpp:28[m[K,
[4.629s]                  from [01m[K/opt/ros/humble/include/moveit_msgs/moveit_msgs/msg/detail/attached_collision_object__struct.hpp:20[m[K,
[4.629s]                  from [01m[K/opt/ros/humble/include/moveit_msgs/moveit_msgs/msg/detail/robot_state__struct.hpp:24[m[K,
[4.629s]                  from [01m[K/opt/ros/humble/include/moveit_msgs/moveit_msgs/msg/robot_state.hpp:7[m[K,
[4.629s]                  from [01m[K/home/kaushal/kaushal/moveit_ws/install/moveit_ros_planning_interface/include/moveit/move_group_interface/move_group_interface.h:44[m[K,
[4.629s]                  from [01m[K/home/kaushal/kaushal/moveit_ws/src/hello_moveit/src/hello_moveit/src/hello_moveit.cpp:4[m[K:
[4.629s] [01m[K/opt/ros/humble/include/object_recognition_msgs/object_recognition_msgs/msg/detail/object_type__struct.hpp:27:11:[m[K [01;36m[Knote: [m[K  ‘[01m[Kobject_recognition_msgs::msg[m[K’
[4.629s]    27 | namespace [01;36m[Kmsg[m[K
[4.629s]       |           [01;36m[K^~~[m[K
[4.629s] In file included from [01m[K/opt/ros/humble/include/moveit_msgs/moveit_msgs/msg/detail/collision_object__struct.hpp:30[m[K,
[4.629s]                  from [01m[K/opt/ros/humble/include/moveit_msgs/moveit_msgs/msg/detail/attached_collision_object__struct.hpp:20[m[K,
[4.629s]                  from [01m[K/opt/ros/humble/include/moveit_msgs/moveit_msgs/msg/detail/robot_state__struct.hpp:24[m[K,
[4.629s]                  from [01m[K/opt/ros/humble/include/moveit_msgs/moveit_msgs/msg/robot_state.hpp:7[m[K,
[4.629s]                  from [01m[K/home/kaushal/kaushal/moveit_ws/install/moveit_ros_planning_interface/include/moveit/move_group_interface/move_group_interface.h:44[m[K,
[4.629s]                  from [01m[K/home/kaushal/kaushal/moveit_ws/src/hello_moveit/src/hello_moveit/src/hello_moveit.cpp:4[m[K:
[4.629s] [01m[K/opt/ros/humble/include/shape_msgs/shape_msgs/msg/detail/solid_primitive__struct.hpp:31:11:[m[K [01;36m[Knote: [m[K  ‘[01m[Kshape_msgs::msg[m[K’
[4.629s]    31 | namespace [01;36m[Kmsg[m[K
[4.629s]       |           [01;36m[K^~~[m[K
[4.629s] In file included from [01m[K/opt/ros/humble/include/octomap_msgs/octomap_msgs/msg/detail/octomap_with_pose__struct.hpp:24[m[K,
[4.629s]                  from [01m[K/opt/ros/humble/include/moveit_msgs/moveit_msgs/msg/detail/planning_scene_world__struct.hpp:22[m[K,
[4.630s]                  from [01m[K/opt/ros/humble/include/moveit_msgs/moveit_msgs/msg/detail/planning_scene__struct.hpp:32[m[K,
[4.630s]                  from [01m[K/opt/ros/humble/include/moveit_msgs/moveit_msgs/msg/detail/planning_options__struct.hpp:20[m[K,
[4.630s]                  from [01m[K/opt/ros/humble/include/moveit_msgs/moveit_msgs/action/detail/move_group__struct.hpp:22[m[K,
[4.630s]                  from [01m[K/opt/ros/humble/include/moveit_msgs/moveit_msgs/action/move_group.hpp:7[m[K,
[4.630s]                  from [01m[K/home/kaushal/kaushal/moveit_ws/install/moveit_ros_planning_interface/include/moveit/move_group_interface/move_group_interface.h:52[m[K,
[4.630s]                  from [01m[K/home/kaushal/kaushal/moveit_ws/src/hello_moveit/src/hello_moveit/src/hello_moveit.cpp:4[m[K:
[4.630s] [01m[K/opt/ros/humble/include/octomap_msgs/octomap_msgs/msg/detail/octomap__struct.hpp:31:11:[m[K [01;36m[Knote: [m[K  ‘[01m[Koctomap_msgs::msg[m[K’
[4.630s]    31 | namespace [01;36m[Kmsg[m[K
[4.630s]       |           [01;36m[K^~~[m[K
[4.630s] In file included from [01m[K/opt/ros/humble/include/moveit_msgs/moveit_msgs/action/detail/move_group__struct.hpp:439[m[K,
[4.630s]                  from [01m[K/opt/ros/humble/include/moveit_msgs/moveit_msgs/action/move_group.hpp:7[m[K,
[4.630s]                  from [01m[K/home/kaushal/kaushal/moveit_ws/install/moveit_ros_planning_interface/include/moveit/move_group_interface/move_group_interface.h:52[m[K,
[4.630s]                  from [01m[K/home/kaushal/kaushal/moveit_ws/src/hello_moveit/src/hello_moveit/src/hello_moveit.cpp:4[m[K:
[4.630s] [01m[K/opt/ros/humble/include/unique_identifier_msgs/unique_identifier_msgs/msg/detail/uuid__struct.hpp:27:11:[m[K [01;36m[Knote: [m[K  ‘[01m[Kunique_identifier_msgs::msg[m[K’
[4.630s]    27 | namespace [01;36m[Kmsg[m[K
[4.630s]       |           [01;36m[K^~~[m[K
[4.630s] In file included from [01m[K/opt/ros/humble/include/action_msgs/action_msgs/srv/detail/cancel_goal__struct.hpp:20[m[K,
[4.630s]                  from [01m[K/opt/ros/humble/include/action_msgs/action_msgs/srv/cancel_goal.hpp:7[m[K,
[4.630s]                  from [01m[K/opt/ros/humble/include/moveit_msgs/moveit_msgs/action/detail/move_group__struct.hpp:1099[m[K,
[4.630s]                  from [01m[K/opt/ros/humble/include/moveit_msgs/moveit_msgs/action/move_group.hpp:7[m[K,
[4.630s]                  from [01m[K/home/kaushal/kaushal/moveit_ws/install/moveit_ros_planning_interface/include/moveit/move_group_interface/move_group_interface.h:52[m[K,
[4.631s]                  from [01m[K/home/kaushal/kaushal/moveit_ws/src/hello_moveit/src/hello_moveit/src/hello_moveit.cpp:4[m[K:
[4.631s] [01m[K/opt/ros/humble/include/action_msgs/action_msgs/msg/detail/goal_info__struct.hpp:33:11:[m[K [01;36m[Knote: [m[K  ‘[01m[Kaction_msgs::msg[m[K’
[4.631s]    33 | namespace [01;36m[Kmsg[m[K
[4.631s]       |           [01;36m[K^~~[m[K
[4.631s] [01m[K/home/kaushal/kaushal/moveit_ws/src/hello_moveit/src/hello_moveit/src/hello_moveit.cpp:[m[K In lambda function:
[4.631s] [01m[K/home/kaushal/kaushal/moveit_ws/src/hello_moveit/src/hello_moveit/src/hello_moveit.cpp:33:13:[m[K [01;31m[Kerror: [m[K‘[01m[Kmoveit::planning_interfaces[m[K’ has not been declared
[4.631s]    33 |     moveit::[01;31m[Kplanning_interfaces[m[K::MoveGroupInterface::Plan msg;
[4.631s]       |             [01;31m[K^~~~~~~~~~~~~~~~~~~[m[K
[4.631s] [01m[K/home/kaushal/kaushal/moveit_ws/src/hello_moveit/src/hello_moveit/src/hello_moveit.cpp:34:65:[m[K [01;31m[Kerror: [m[K‘[01m[Kmsg[m[K’ was not declared in this scope
[4.631s]    34 |     auto const ok = static_cast<bool>(move_group_interface.plan([01;31m[Kmsg[m[K));
[4.631s]       |                                                                 [01;31m[K^~~[m[K
[4.631s] [01m[K/home/kaushal/kaushal/moveit_ws/src/hello_moveit/src/hello_moveit/src/hello_moveit.cpp:34:65:[m[K [01;36m[Knote: [m[Ksuggested alternatives:
[4.631s] In file included from [01m[K/opt/ros/humble/include/builtin_interfaces/builtin_interfaces/msg/duration.hpp:7[m[K,
[4.631s]                  from [01m[K/opt/ros/humble/include/rclcpp/rclcpp/duration.hpp:20[m[K,
[4.631s]                  from [01m[K/opt/ros/humble/include/rclcpp/rclcpp/qos.hpp:20[m[K,
[4.631s]                  from [01m[K/opt/ros/humble/include/rclcpp/rclcpp/node_interfaces/node_graph_interface.hpp:32[m[K,
[4.631s]                  from [01m[K/opt/ros/humble/include/rclcpp/rclcpp/client.hpp:42[m[K,
[4.631s]                  from [01m[K/opt/ros/humble/include/rclcpp/rclcpp/callback_group.hpp:24[m[K,
[4.631s]                  from [01m[K/opt/ros/humble/include/rclcpp/rclcpp/any_executable.hpp:20[m[K,
[4.631s]                  from [01m[K/opt/ros/humble/include/rclcpp/rclcpp/memory_strategy.hpp:25[m[K,
[4.631s]                  from [01m[K/opt/ros/humble/include/rclcpp/rclcpp/memory_strategies.hpp:18[m[K,
[4.631s]                  from [01m[K/opt/ros/humble/include/rclcpp/rclcpp/executor_options.hpp:20[m[K,
[4.631s]                  from [01m[K/opt/ros/humble/include/rclcpp/rclcpp/executor.hpp:37[m[K,
[4.632s]                  from [01m[K/opt/ros/humble/include/rclcpp/rclcpp/executors/multi_threaded_executor.hpp:25[m[K,
[4.632s]                  from [01m[K/opt/ros/humble/include/rclcpp/rclcpp/executors.hpp:21[m[K,
[4.632s]                  from [01m[K/opt/ros/humble/include/rclcpp/rclcpp/rclcpp.hpp:155[m[K,
[4.632s]                  from [01m[K/home/kaushal/kaushal/moveit_ws/src/hello_moveit/src/hello_moveit/src/hello_moveit.cpp:3[m[K:
[4.632s] [01m[K/opt/ros/humble/include/builtin_interfaces/builtin_interfaces/msg/detail/duration__struct.hpp:27:11:[m[K [01;36m[Knote: [m[K  ‘[01m[Kbuiltin_interfaces::msg[m[K’
[4.632s]    27 | namespace [01;36m[Kmsg[m[K
[4.632s]       |           [01;36m[K^~~[m[K
[4.632s] In file included from [01m[K/opt/ros/humble/include/rcl_interfaces/rcl_interfaces/msg/set_parameters_result.hpp:7[m[K,
[4.632s]                  from [01m[K/opt/ros/humble/include/rclcpp/rclcpp/qos_overriding_options.hpp:28[m[K,
[4.632s]                  from [01m[K/opt/ros/humble/include/rclcpp/rclcpp/subscription_options.hpp:30[m[K,
[4.632s]                  from [01m[K/opt/ros/humble/include/rclcpp/rclcpp/subscription.hpp:45[m[K,
[4.632s]                  from [01m[K/opt/ros/humble/include/rclcpp/rclcpp/any_executable.hpp:25[m[K,
[4.632s]                  from [01m[K/opt/ros/humble/include/rclcpp/rclcpp/memory_strategy.hpp:25[m[K,
[4.632s]                  from [01m[K/opt/ros/humble/include/rclcpp/rclcpp/memory_strategies.hpp:18[m[K,
[4.632s]                  from [01m[K/opt/ros/humble/include/rclcpp/rclcpp/executor_options.hpp:20[m[K,
[4.632s]                  from [01m[K/opt/ros/humble/include/rclcpp/rclcpp/executor.hpp:37[m[K,
[4.632s]                  from [01m[K/opt/ros/humble/include/rclcpp/rclcpp/executors/multi_threaded_executor.hpp:25[m[K,
[4.632s]                  from [01m[K/opt/ros/humble/include/rclcpp/rclcpp/executors.hpp:21[m[K,
[4.632s]                  from [01m[K/opt/ros/humble/include/rclcpp/rclcpp/rclcpp.hpp:155[m[K,
[4.632s]                  from [01m[K/home/kaushal/kaushal/moveit_ws/src/hello_moveit/src/hello_moveit/src/hello_moveit.cpp:3[m[K:
[4.632s] [01m[K/opt/ros/humble/include/rcl_interfaces/rcl_interfaces/msg/detail/set_parameters_result__struct.hpp:27:11:[m[K [01;36m[Knote: [m[K  ‘[01m[Krcl_interfaces::msg[m[K’
[4.632s]    27 | namespace [01;36m[Kmsg[m[K
[4.633s]       |           [01;36m[K^~~[m[K
[4.633s] In file included from [01m[K/opt/ros/humble/include/statistics_msgs/statistics_msgs/msg/detail/metrics_message__struct.hpp:23[m[K,
[4.633s]                  from [01m[K/opt/ros/humble/include/statistics_msgs/statistics_msgs/msg/metrics_message.hpp:7[m[K,
[4.633s]                  from [01m[K/opt/ros/humble/include/libstatistics_collector/libstatistics_collector/collector/generate_statistics_message.hpp:21[m[K,
[4.633s]                  from [01m[K/opt/ros/humble/include/rclcpp/rclcpp/topic_statistics/subscription_topic_statistics.hpp:23[m[K,
[4.633s]                  from [01m[K/opt/ros/humble/include/rclcpp/rclcpp/subscription.hpp:50[m[K,
[4.633s]                  from [01m[K/opt/ros/humble/include/rclcpp/rclcpp/any_executable.hpp:25[m[K,
[4.633s]                  from [01m[K/opt/ros/humble/include/rclcpp/rclcpp/memory_strategy.hpp:25[m[K,
[4.633s]                  from [01m[K/opt/ros/humble/include/rclcpp/rclcpp/memory_strategies.hpp:18[m[K,
[4.633s]                  from [01m[K/opt/ros/humble/include/rclcpp/rclcpp/executor_options.hpp:20[m[K,
[4.633s]                  from [01m[K/opt/ros/humble/include/rclcpp/rclcpp/executor.hpp:37[m[K,
[4.633s]                  from [01m[K/opt/ros/humble/include/rclcpp/rclcpp/executors/multi_threaded_executor.hpp:25[m[K,
[4.633s]                  from [01m[K/opt/ros/humble/include/rclcpp/rclcpp/executors.hpp:21[m[K,
[4.633s]                  from [01m[K/opt/ros/humble/include/rclcpp/rclcpp/rclcpp.hpp:155[m[K,
[4.633s]                  from [01m[K/home/kaushal/kaushal/moveit_ws/src/hello_moveit/src/hello_moveit/src/hello_moveit.cpp:3[m[K:
[4.633s] [01m[K/opt/ros/humble/include/statistics_msgs/statistics_msgs/msg/detail/statistic_data_point__struct.hpp:27:11:[m[K [01;36m[Knote: [m[K  ‘[01m[Kstatistics_msgs::msg[m[K’
[4.633s]    27 | namespace [01;36m[Kmsg[m[K
[4.633s]       |           [01;36m[K^~~[m[K
[4.633s] In file included from [01m[K/opt/ros/humble/include/moveit_msgs/moveit_msgs/msg/joint_limits.hpp:7[m[K,
[4.633s]                  from [01m[K/home/kaushal/kaushal/moveit_ws/install/moveit_core/include/moveit/robot_model/joint_model.h:44[m[K,
[4.633s]                  from [01m[K/home/kaushal/kaushal/moveit_ws/install/moveit_core/include/moveit/robot_model/joint_model_group.h:40[m[K,
[4.633s]                  from [01m[K/home/kaushal/kaushal/moveit_ws/install/moveit_core/include/moveit/robot_model/robot_model.h:45[m[K,
[4.633s]                  from [01m[K/home/kaushal/kaushal/moveit_ws/install/moveit_core/include/moveit/robot_state/robot_state.h:40[m[K,
[4.633s]                  from [01m[K/home/kaushal/kaushal/moveit_ws/install/moveit_ros_planning_interface/include/moveit/move_group_interface/move_group_interface.h:41[m[K,
[4.633s]                  from [01m[K/home/kaushal/kaushal/moveit_ws/src/hello_moveit/src/hello_moveit/src/hello_moveit.cpp:4[m[K:
[4.634s] [01m[K/opt/ros/humble/include/moveit_msgs/moveit_msgs/msg/detail/joint_limits__struct.hpp:27:11:[m[K [01;36m[Knote: [m[K  ‘[01m[Kmoveit_msgs::msg[m[K’
[4.634s]    27 | namespace [01;36m[Kmsg[m[K
[4.634s]       |           [01;36m[K^~~[m[K
[4.634s] In file included from [01m[K/opt/ros/humble/include/geometry_msgs/geometry_msgs/msg/detail/pose__struct.hpp:20[m[K,
[4.634s]                  from [01m[K/opt/ros/humble/include/geometry_msgs/geometry_msgs/msg/pose.hpp:7[m[K,
[4.634s]                  from [01m[K/home/kaushal/kaushal/moveit_ws/install/moveit_core/include/moveit/kinematics_base/kinematics_base.h:39[m[K,
[4.634s]                  from [01m[K/home/kaushal/kaushal/moveit_ws/install/moveit_core/include/moveit/robot_model/joint_model_group.h:42[m[K,
[4.634s]                  from [01m[K/home/kaushal/kaushal/moveit_ws/install/moveit_core/include/moveit/robot_model/robot_model.h:45[m[K,
[4.634s]                  from [01m[K/home/kaushal/kaushal/moveit_ws/install/moveit_core/include/moveit/robot_state/robot_state.h:40[m[K,
[4.634s]                  from [01m[K/home/kaushal/kaushal/moveit_ws/install/moveit_ros_planning_interface/include/moveit/move_group_interface/move_group_interface.h:41[m[K,
[4.634s]                  from [01m[K/home/kaushal/kaushal/moveit_ws/src/hello_moveit/src/hello_moveit/src/hello_moveit.cpp:4[m[K:
[4.634s] [01m[K/opt/ros/humble/include/geometry_msgs/geometry_msgs/msg/detail/point__struct.hpp:27:11:[m[K [01;36m[Knote: [m[K  ‘[01m[Kgeometry_msgs::msg[m[K’
[4.634s]    27 | namespace [01;36m[Kmsg[m[K
[4.634s]       |           [01;36m[K^~~[m[K
[4.634s] In file included from [01m[K/opt/ros/humble/include/geometry_msgs/geometry_msgs/msg/detail/transform_stamped__struct.hpp:20[m[K,
[4.634s]                  from [01m[K/opt/ros/humble/include/geometry_msgs/geometry_msgs/msg/transform_stamped.hpp:7[m[K,
[4.634s]                  from [01m[K/home/kaushal/kaushal/moveit_ws/install/moveit_core/include/moveit/transforms/transforms.h:39[m[K,
[4.634s]                  from [01m[K/home/kaushal/kaushal/moveit_ws/install/moveit_core/include/moveit/robot_state/attached_body.h:40[m[K,
[4.634s]                  from [01m[K/home/kaushal/kaushal/moveit_ws/install/moveit_core/include/moveit/robot_state/robot_state.h:41[m[K,
[4.634s]                  from [01m[K/home/kaushal/kaushal/moveit_ws/install/moveit_ros_planning_interface/include/moveit/move_group_interface/move_group_interface.h:41[m[K,
[4.634s]                  from [01m[K/home/kaushal/kaushal/moveit_ws/src/hello_moveit/src/hello_moveit/src/hello_moveit.cpp:4[m[K:
[4.634s] [01m[K/opt/ros/humble/include/std_msgs/std_msgs/msg/detail/header__struct.hpp:31:11:[m[K [01;36m[Knote: [m[K  ‘[01m[Kstd_msgs::msg[m[K’
[4.634s]    31 | namespace [01;36m[Kmsg[m[K
[4.634s]       |           [01;36m[K^~~[m[K
[4.635s] In file included from [01m[K/opt/ros/humble/include/trajectory_msgs/trajectory_msgs/msg/detail/joint_trajectory__struct.hpp:22[m[K,
[4.635s]                  from [01m[K/opt/ros/humble/include/trajectory_msgs/trajectory_msgs/msg/joint_trajectory.hpp:7[m[K,
[4.635s]                  from [01m[K/home/kaushal/kaushal/moveit_ws/install/moveit_core/include/moveit/robot_state/attached_body.h:43[m[K,
[4.635s]                  from [01m[K/home/kaushal/kaushal/moveit_ws/install/moveit_core/include/moveit/robot_state/robot_state.h:41[m[K,
[4.635s]                  from [01m[K/home/kaushal/kaushal/moveit_ws/install/moveit_ros_planning_interface/include/moveit/move_group_interface/move_group_interface.h:41[m[K,
[4.635s]                  from [01m[K/home/kaushal/kaushal/moveit_ws/src/hello_moveit/src/hello_moveit/src/hello_moveit.cpp:4[m[K:
[4.635s] [01m[K/opt/ros/humble/include/trajectory_msgs/trajectory_msgs/msg/detail/joint_trajectory_point__struct.hpp:31:11:[m[K [01;36m[Knote: [m[K  ‘[01m[Ktrajectory_msgs::msg[m[K’
[4.635s]    31 | namespace [01;36m[Kmsg[m[K
[4.635s]       |           [01;36m[K^~~[m[K
[4.635s] In file included from [01m[K/opt/ros/humble/include/sensor_msgs/sensor_msgs/msg/joint_state.hpp:7[m[K,
[4.635s]                  from [01m[K/home/kaushal/kaushal/moveit_ws/install/moveit_core/include/moveit/robot_state/robot_state.h:43[m[K,
[4.635s]                  from [01m[K/home/kaushal/kaushal/moveit_ws/install/moveit_ros_planning_interface/include/moveit/move_group_interface/move_group_interface.h:41[m[K,
[4.635s]                  from [01m[K/home/kaushal/kaushal/moveit_ws/src/hello_moveit/src/hello_moveit/src/hello_moveit.cpp:4[m[K:
[4.635s] [01m[K/opt/ros/humble/include/sensor_msgs/sensor_msgs/msg/detail/joint_state__struct.hpp:31:11:[m[K [01;36m[Knote: [m[K  ‘[01m[Ksensor_msgs::msg[m[K’
[4.635s]    31 | namespace [01;36m[Kmsg[m[K
[4.635s]       |           [01;36m[K^~~[m[K
[4.635s] In file included from [01m[K/opt/ros/humble/include/visualization_msgs/visualization_msgs/msg/detail/marker__struct.hpp:35[m[K,
[4.635s]                  from [01m[K/opt/ros/humble/include/visualization_msgs/visualization_msgs/msg/detail/marker_array__struct.hpp:20[m[K,
[4.635s]                  from [01m[K/opt/ros/humble/include/visualization_msgs/visualization_msgs/msg/marker_array.hpp:7[m[K,
[4.635s]                  from [01m[K/home/kaushal/kaushal/moveit_ws/install/moveit_core/include/moveit/robot_state/robot_state.h:44[m[K,
[4.635s]                  from [01m[K/home/kaushal/kaushal/moveit_ws/install/moveit_ros_planning_interface/include/moveit/move_group_interface/move_group_interface.h:41[m[K,
[4.635s]                  from [01m[K/home/kaushal/kaushal/moveit_ws/src/hello_moveit/src/hello_moveit/src/hello_moveit.cpp:4[m[K:
[4.635s] [01m[K/opt/ros/humble/include/visualization_msgs/visualization_msgs/msg/detail/uv_coordinate__struct.hpp:27:11:[m[K [01;36m[Knote: [m[K  ‘[01m[Kvisualization_msgs::msg[m[K’
[4.635s]    27 | namespace [01;36m[Kmsg[m[K
[4.636s]       |           [01;36m[K^~~[m[K
[4.636s] In file included from [01m[K/opt/ros/humble/include/moveit_msgs/moveit_msgs/msg/detail/collision_object__struct.hpp:28[m[K,
[4.636s]                  from [01m[K/opt/ros/humble/include/moveit_msgs/moveit_msgs/msg/detail/attached_collision_object__struct.hpp:20[m[K,
[4.636s]                  from [01m[K/opt/ros/humble/include/moveit_msgs/moveit_msgs/msg/detail/robot_state__struct.hpp:24[m[K,
[4.636s]                  from [01m[K/opt/ros/humble/include/moveit_msgs/moveit_msgs/msg/robot_state.hpp:7[m[K,
[4.636s]                  from [01m[K/home/kaushal/kaushal/moveit_ws/install/moveit_ros_planning_interface/include/moveit/move_group_interface/move_group_interface.h:44[m[K,
[4.636s]                  from [01m[K/home/kaushal/kaushal/moveit_ws/src/hello_moveit/src/hello_moveit/src/hello_moveit.cpp:4[m[K:
[4.636s] [01m[K/opt/ros/humble/include/object_recognition_msgs/object_recognition_msgs/msg/detail/object_type__struct.hpp:27:11:[m[K [01;36m[Knote: [m[K  ‘[01m[Kobject_recognition_msgs::msg[m[K’
[4.636s]    27 | namespace [01;36m[Kmsg[m[K
[4.636s]       |           [01;36m[K^~~[m[K
[4.636s] In file included from [01m[K/opt/ros/humble/include/moveit_msgs/moveit_msgs/msg/detail/collision_object__struct.hpp:30[m[K,
[4.636s]                  from [01m[K/opt/ros/humble/include/moveit_msgs/moveit_msgs/msg/detail/attached_collision_object__struct.hpp:20[m[K,
[4.636s]                  from [01m[K/opt/ros/humble/include/moveit_msgs/moveit_msgs/msg/detail/robot_state__struct.hpp:24[m[K,
[4.636s]                  from [01m[K/opt/ros/humble/include/moveit_msgs/moveit_msgs/msg/robot_state.hpp:7[m[K,
[4.636s]                  from [01m[K/home/kaushal/kaushal/moveit_ws/install/moveit_ros_planning_interface/include/moveit/move_group_interface/move_group_interface.h:44[m[K,
[4.636s]                  from [01m[K/home/kaushal/kaushal/moveit_ws/src/hello_moveit/src/hello_moveit/src/hello_moveit.cpp:4[m[K:
[4.636s] [01m[K/opt/ros/humble/include/shape_msgs/shape_msgs/msg/detail/solid_primitive__struct.hpp:31:11:[m[K [01;36m[Knote: [m[K  ‘[01m[Kshape_msgs::msg[m[K’
[4.636s]    31 | namespace [01;36m[Kmsg[m[K
[4.636s]       |           [01;36m[K^~~[m[K
[4.636s] In file included from [01m[K/opt/ros/humble/include/octomap_msgs/octomap_msgs/msg/detail/octomap_with_pose__struct.hpp:24[m[K,
[4.637s]                  from [01m[K/opt/ros/humble/include/moveit_msgs/moveit_msgs/msg/detail/planning_scene_world__struct.hpp:22[m[K,
[4.637s]                  from [01m[K/opt/ros/humble/include/moveit_msgs/moveit_msgs/msg/detail/planning_scene__struct.hpp:32[m[K,
[4.637s]                  from [01m[K/opt/ros/humble/include/moveit_msgs/moveit_msgs/msg/detail/planning_options__struct.hpp:20[m[K,
[4.637s]                  from [01m[K/opt/ros/humble/include/moveit_msgs/moveit_msgs/action/detail/move_group__struct.hpp:22[m[K,
[4.637s]                  from [01m[K/opt/ros/humble/include/moveit_msgs/moveit_msgs/action/move_group.hpp:7[m[K,
[4.637s]                  from [01m[K/home/kaushal/kaushal/moveit_ws/install/moveit_ros_planning_interface/include/moveit/move_group_interface/move_group_interface.h:52[m[K,
[4.637s]                  from [01m[K/home/kaushal/kaushal/moveit_ws/src/hello_moveit/src/hello_moveit/src/hello_moveit.cpp:4[m[K:
[4.637s] [01m[K/opt/ros/humble/include/octomap_msgs/octomap_msgs/msg/detail/octomap__struct.hpp:31:11:[m[K [01;36m[Knote: [m[K  ‘[01m[Koctomap_msgs::msg[m[K’
[4.637s]    31 | namespace [01;36m[Kmsg[m[K
[4.637s]       |           [01;36m[K^~~[m[K
[4.637s] In file included from [01m[K/opt/ros/humble/include/moveit_msgs/moveit_msgs/action/detail/move_group__struct.hpp:439[m[K,
[4.637s]                  from [01m[K/opt/ros/humble/include/moveit_msgs/moveit_msgs/action/move_group.hpp:7[m[K,
[4.637s]                  from [01m[K/home/kaushal/kaushal/moveit_ws/install/moveit_ros_planning_interface/include/moveit/move_group_interface/move_group_interface.h:52[m[K,
[4.637s]                  from [01m[K/home/kaushal/kaushal/moveit_ws/src/hello_moveit/src/hello_moveit/src/hello_moveit.cpp:4[m[K:
[4.637s] [01m[K/opt/ros/humble/include/unique_identifier_msgs/unique_identifier_msgs/msg/detail/uuid__struct.hpp:27:11:[m[K [01;36m[Knote: [m[K  ‘[01m[Kunique_identifier_msgs::msg[m[K’
[4.637s]    27 | namespace [01;36m[Kmsg[m[K
[4.637s]       |           [01;36m[K^~~[m[K
[4.637s] In file included from [01m[K/opt/ros/humble/include/action_msgs/action_msgs/srv/detail/cancel_goal__struct.hpp:20[m[K,
[4.637s]                  from [01m[K/opt/ros/humble/include/action_msgs/action_msgs/srv/cancel_goal.hpp:7[m[K,
[4.637s]                  from [01m[K/opt/ros/humble/include/moveit_msgs/moveit_msgs/action/detail/move_group__struct.hpp:1099[m[K,
[4.637s]                  from [01m[K/opt/ros/humble/include/moveit_msgs/moveit_msgs/action/move_group.hpp:7[m[K,
[4.637s]                  from [01m[K/home/kaushal/kaushal/moveit_ws/install/moveit_ros_planning_interface/include/moveit/move_group_interface/move_group_interface.h:52[m[K,
[4.637s]                  from [01m[K/home/kaushal/kaushal/moveit_ws/src/hello_moveit/src/hello_moveit/src/hello_moveit.cpp:4[m[K:
[4.637s] [01m[K/opt/ros/humble/include/action_msgs/action_msgs/msg/detail/goal_info__struct.hpp:33:11:[m[K [01;36m[Knote: [m[K  ‘[01m[Kaction_msgs::msg[m[K’
[4.638s]    33 | namespace [01;36m[Kmsg[m[K
[4.638s]       |           [01;36m[K^~~[m[K
[6.553s] gmake[2]: *** [CMakeFiles/hello_moveit.dir/build.make:76: CMakeFiles/hello_moveit.dir/src/hello_moveit.cpp.o] Error 1
[6.553s] gmake[1]: *** [CMakeFiles/Makefile2:137: CMakeFiles/hello_moveit.dir/all] Error 2
[6.553s] gmake: *** [Makefile:146: all] Error 2
[6.556s] Invoked command in '/home/kaushal/kaushal/moveit_ws/build/hello_moveit' returned '2': AMENT_PREFIX_PATH=/home/kaushal/kaushal/moveit_ws/install/moveit_configs_utils:/home/kaushal/kaushal/moveit_ws/install/launch_param_builder:/home/kaushal/kaushal/moveit_ws/install/lifted_arm_config:/home/kaushal/kaushal/moveit_ws/install/ur_description:/home/kaushal/kaushal/moveit_ws/install/pilz_industrial_motion_planner_testutils:/home/kaushal/kaushal/moveit_ws/install/moveit_runtime:/home/kaushal/kaushal/moveit_ws/install/moveit2_tutorials:/home/kaushal/kaushal/moveit_ws/install/moveit:/home/kaushal/kaushal/moveit_ws/install/moveit_planners:/home/kaushal/kaushal/moveit_ws/install/pilz_industrial_motion_planner:/home/kaushal/kaushal/moveit_ws/install/moveit_visual_tools:/home/kaushal/kaushal/moveit_ws/install/moveit_task_constructor_visualization:/home/kaushal/kaushal/moveit_ws/install/moveit_task_constructor_demo:/home/kaushal/kaushal/moveit_ws/install/moveit_task_constructor_capabilities:/home/kaushal/kaushal/moveit_ws/install/moveit_task_constructor_core:/home/kaushal/kaushal/moveit_ws/install/moveit_ros_control_interface:/home/kaushal/kaushal/moveit_ws/install/moveit_plugins:/home/kaushal/kaushal/moveit_ws/install/moveit_simple_controller_manager:/home/kaushal/kaushal/moveit_ws/install/moveit_setup_assistant:/home/kaushal/kaushal/moveit_ws/install/moveit_setup_srdf_plugins:/home/kaushal/kaushal/moveit_ws/install/moveit_setup_core_plugins:/home/kaushal/kaushal/moveit_ws/install/moveit_setup_controllers:/home/kaushal/kaushal/moveit_ws/install/moveit_setup_app_plugins:/home/kaushal/kaushal/moveit_ws/install/moveit_setup_framework:/home/kaushal/kaushal/moveit_ws/install/moveit_servo:/home/kaushal/kaushal/moveit_ws/install/moveit_ros:/home/kaushal/kaushal/moveit_ws/install/moveit_ros_visualization:/home/kaushal/kaushal/moveit_ws/install/moveit_hybrid_planning:/home/kaushal/kaushal/moveit_ws/install/hello_moveit:/home/kaushal/kaushal/moveit_ws/install/moveit_ros_planning_interface:/home/kaushal/kaushal/moveit_ws/install/moveit_ros_benchmarks:/home/kaushal/kaushal/moveit_ws/install/moveit_ros_warehouse:/home/kaushal/kaushal/moveit_ws/install/moveit_ros_robot_interaction:/home/kaushal/kaushal/moveit_ws/install/moveit_ros_perception:/home/kaushal/kaushal/moveit_ws/install/moveit_resources_prbt_pg70_support:/home/kaushal/kaushal/moveit_ws/install/moveit_resources_prbt_moveit_config:/home/kaushal/kaushal/moveit_ws/install/moveit_ros_move_group:/home/kaushal/kaushal/moveit_ws/install/moveit_planners_ompl:/home/kaushal/kaushal/moveit_ws/install/moveit_ros_planning:/home/kaushal/kaushal/moveit_ws/install/moveit_ros_occupancy_map_monitor:/home/kaushal/kaushal/moveit_ws/install/moveit_resources_prbt_ikfast_manipulator_plugin:/home/kaushal/kaushal/moveit_ws/install/moveit_planners_chomp:/home/kaushal/kaushal/moveit_ws/install/moveit_kinematics:/home/kaushal/kaushal/moveit_ws/install/moveit_chomp_optimizer_adapter:/home/kaushal/kaushal/moveit_ws/install/chomp_motion_planner:/home/kaushal/kaushal/moveit_ws/install/moveit_core:/home/kaushal/kaushal/moveit_ws/install/srdfdom:/home/kaushal/kaushal/moveit_ws/install/rviz_marker_tools:/home/kaushal/kaushal/moveit_ws/install/rosparam_shortcuts:/home/kaushal/kaushal/moveit_ws/install/moveit_task_constructor_msgs:/home/kaushal/kaushal/moveit_ws/install/moveit_resources_prbt_support:/home/kaushal/kaushal/moveit_ws/install/moveit_resources:/home/kaushal/kaushal/moveit_ws/install/moveit_resources_pr2_description:/home/kaushal/kaushal/moveit_ws/install/moveit_resources_panda_moveit_config:/home/kaushal/kaushal/moveit_ws/install/moveit_resources_panda_description:/home/kaushal/kaushal/moveit_ws/install/moveit_resources_fanuc_moveit_config:/home/kaushal/kaushal/moveit_ws/install/moveit_resources_fanuc_description:/home/kaushal/kaushal/moveit_ws/install/moveit_common:/opt/ros/humble CMAKE_PREFIX_PATH=/home/kaushal/kaushal/moveit_ws/install/moveit_ros_planning_interface:/home/kaushal/kaushal/moveit_ws/install/moveit_ros_move_group:/home/kaushal/kaushal/moveit_ws/install/moveit_ros_warehouse:/home/kaushal/kaushal/moveit_ws/install/moveit_planners_ompl:/home/kaushal/kaushal/moveit_ws/install/moveit_kinematics:/home/kaushal/kaushal/moveit_ws/install/moveit_ros_planning:/home/kaushal/kaushal/moveit_ws/install/moveit_simple_controller_manager:/home/kaushal/kaushal/moveit_ws/install/moveit_ros_occupancy_map_monitor:/home/kaushal/kaushal/moveit_ws/install/moveit_core:/home/kaushal/kaushal/moveit_ws/install/moveit_resources_panda_moveit_config:/home/kaushal/kaushal/moveit_ws/install/moveit_resources_fanuc_moveit_config:/home/kaushal/kaushal/moveit_ws/install/srdfdom:/home/kaushal/kaushal/moveit_ws/install/moveit_resources_pr2_description:/home/kaushal/kaushal/moveit_ws/install/moveit_resources_panda_description:/home/kaushal/kaushal/moveit_ws/install/moveit_resources_fanuc_description:/home/kaushal/kaushal/moveit_ws/install/moveit_common:/home/kaushal/kaushal/moveit_ws/install/lifted_arm_config:/home/kaushal/kaushal/moveit_ws/install/ur_description:/home/kaushal/kaushal/moveit_ws/install/pilz_industrial_motion_planner_testutils:/home/kaushal/kaushal/moveit_ws/install/moveit_runtime:/home/kaushal/kaushal/moveit_ws/install/moveit2_tutorials:/home/kaushal/kaushal/moveit_ws/install/moveit:/home/kaushal/kaushal/moveit_ws/install/moveit_planners:/home/kaushal/kaushal/moveit_ws/install/pilz_industrial_motion_planner:/home/kaushal/kaushal/moveit_ws/install/moveit_visual_tools:/home/kaushal/kaushal/moveit_ws/install/moveit_task_constructor_visualization:/home/kaushal/kaushal/moveit_ws/install/moveit_task_constructor_demo:/home/kaushal/kaushal/moveit_ws/install/moveit_task_constructor_capabilities:/home/kaushal/kaushal/moveit_ws/install/moveit_task_constructor_core:/home/kaushal/kaushal/moveit_ws/install/moveit_ros_control_interface:/home/kaushal/kaushal/moveit_ws/install/moveit_plugins:/home/kaushal/kaushal/moveit_ws/install/moveit_setup_assistant:/home/kaushal/kaushal/moveit_ws/install/moveit_setup_srdf_plugins:/home/kaushal/kaushal/moveit_ws/install/moveit_setup_core_plugins:/home/kaushal/kaushal/moveit_ws/install/moveit_setup_controllers:/home/kaushal/kaushal/moveit_ws/install/moveit_setup_app_plugins:/home/kaushal/kaushal/moveit_ws/install/moveit_setup_framework:/home/kaushal/kaushal/moveit_ws/install/moveit_servo:/home/kaushal/kaushal/moveit_ws/install/moveit_ros:/home/kaushal/kaushal/moveit_ws/install/moveit_ros_visualization:/home/kaushal/kaushal/moveit_ws/install/moveit_hybrid_planning:/home/kaushal/kaushal/moveit_ws/install/hello_moveit:/home/kaushal/kaushal/moveit_ws/install/moveit_ros_benchmarks:/home/kaushal/kaushal/moveit_ws/install/moveit_ros_robot_interaction:/home/kaushal/kaushal/moveit_ws/install/moveit_ros_perception:/home/kaushal/kaushal/moveit_ws/install/moveit_resources_prbt_pg70_support:/home/kaushal/kaushal/moveit_ws/install/moveit_resources_prbt_moveit_config:/home/kaushal/kaushal/moveit_ws/install/moveit_resources_prbt_ikfast_manipulator_plugin:/home/kaushal/kaushal/moveit_ws/install/moveit_planners_chomp:/home/kaushal/kaushal/moveit_ws/install/moveit_chomp_optimizer_adapter:/home/kaushal/kaushal/moveit_ws/install/chomp_motion_planner:/home/kaushal/kaushal/moveit_ws/install/rviz_marker_tools:/home/kaushal/kaushal/moveit_ws/install/rosparam_shortcuts:/home/kaushal/kaushal/moveit_ws/install/moveit_task_constructor_msgs:/home/kaushal/kaushal/moveit_ws/install/moveit_resources_prbt_support:/home/kaushal/kaushal/moveit_ws/install/moveit_resources:/home/kaushal/kaushal/moveit_ws/install/moveit_configs_utils:/home/kaushal/kaushal/moveit_ws/install/launch_param_builder:/opt/ros/humble LD_LIBRARY_PATH=/home/kaushal/kaushal/moveit_ws/install/moveit_ros_planning_interface/lib:/home/kaushal/kaushal/moveit_ws/install/moveit_ros_move_group/lib:/home/kaushal/kaushal/moveit_ws/install/moveit_ros_warehouse/lib:/home/kaushal/kaushal/moveit_ws/install/moveit_planners_ompl/lib:/home/kaushal/kaushal/moveit_ws/install/moveit_kinematics/lib:/home/kaushal/kaushal/moveit_ws/install/moveit_ros_planning/lib:/home/kaushal/kaushal/moveit_ws/install/moveit_simple_controller_manager/lib:/home/kaushal/kaushal/moveit_ws/install/moveit_ros_occupancy_map_monitor/lib:/home/kaushal/kaushal/moveit_ws/install/moveit_core/lib:/home/kaushal/kaushal/moveit_ws/install/srdfdom/lib:/home/kaushal/kaushal/moveit_ws/install/pilz_industrial_motion_planner_testutils/lib:/home/kaushal/kaushal/moveit_ws/install/pilz_industrial_motion_planner/lib:/home/kaushal/kaushal/moveit_ws/install/moveit_visual_tools/lib:/home/kaushal/kaushal/moveit_ws/install/moveit_task_constructor_visualization/lib:/home/kaushal/kaushal/moveit_ws/install/moveit_task_constructor_demo/lib:/home/kaushal/kaushal/moveit_ws/install/moveit_task_constructor_capabilities/lib:/home/kaushal/kaushal/moveit_ws/install/moveit_task_constructor_core/lib:/home/kaushal/kaushal/moveit_ws/install/moveit_ros_control_interface/lib:/home/kaushal/kaushal/moveit_ws/install/moveit_setup_assistant/lib:/home/kaushal/kaushal/moveit_ws/install/moveit_setup_srdf_plugins/lib:/home/kaushal/kaushal/moveit_ws/install/moveit_setup_core_plugins/lib:/home/kaushal/kaushal/moveit_ws/install/moveit_setup_controllers/lib:/home/kaushal/kaushal/moveit_ws/install/moveit_setup_app_plugins/lib:/home/kaushal/kaushal/moveit_ws/install/moveit_setup_framework/lib:/home/kaushal/kaushal/moveit_ws/install/moveit_servo/lib:/home/kaushal/kaushal/moveit_ws/install/moveit_ros_visualization/lib:/home/kaushal/kaushal/moveit_ws/install/moveit_hybrid_planning/lib:/home/kaushal/kaushal/moveit_ws/install/moveit_ros_benchmarks/lib:/home/kaushal/kaushal/moveit_ws/install/moveit_ros_robot_interaction/lib:/home/kaushal/kaushal/moveit_ws/install/moveit_ros_perception/lib:/home/kaushal/kaushal/moveit_ws/install/moveit_resources_prbt_ikfast_manipulator_plugin/lib:/home/kaushal/kaushal/moveit_ws/install/moveit_planners_chomp/lib:/home/kaushal/kaushal/moveit_ws/install/moveit_chomp_optimizer_adapter/lib:/home/kaushal/kaushal/moveit_ws/install/chomp_motion_planner/lib:/home/kaushal/kaushal/moveit_ws/install/rviz_marker_tools/lib:/home/kaushal/kaushal/moveit_ws/install/rosparam_shortcuts/lib:/home/kaushal/kaushal/moveit_ws/install/moveit_task_constructor_msgs/lib:/opt/ros/humble/opt/rviz_ogre_vendor/lib:/opt/ros/humble/lib/x86_64-linux-gnu:/opt/ros/humble/lib PYTHONPATH=/home/kaushal/kaushal/moveit_ws/install/moveit_configs_utils/lib/python3.10/site-packages:/home/kaushal/kaushal/moveit_ws/install/launch_param_builder/lib/python3.10/site-packages:/home/kaushal/kaushal/moveit_ws/install/moveit_task_constructor_core/local/lib/python3.10/dist-packages:/home/kaushal/kaushal/moveit_ws/install/srdfdom/local/lib/python3.10/dist-packages:/home/kaushal/kaushal/moveit_ws/install/moveit_task_constructor_msgs/local/lib/python3.10/dist-packages:/opt/ros/humble/lib/python3.10/site-packages:/opt/ros/humble/local/lib/python3.10/dist-packages /usr/bin/cmake --build /home/kaushal/kaushal/moveit_ws/build/hello_moveit -- -j16 -l16
