[0.267s] Invoking command in '/home/kaushal/kaushal/moveit_ws/build/moveit_resources_fanuc_description': CMAKE_PREFIX_PATH=${CMAKE_PREFIX_PATH}:/home/kaushal/kaushal/moveit_ws/install/moveit_configs_utils:/home/kaushal/kaushal/moveit_ws/install/launch_param_builder:/opt/ros/humble /usr/bin/cmake --build /home/kaushal/kaushal/moveit_ws/build/moveit_resources_fanuc_description -- -j16 -l16
[0.405s] Invoked command in '/home/kaushal/kaushal/moveit_ws/build/moveit_resources_fanuc_description' returned '0': CMAKE_PREFIX_PATH=${CMAKE_PREFIX_PATH}:/home/kaushal/kaushal/moveit_ws/install/moveit_configs_utils:/home/kaushal/kaushal/moveit_ws/install/launch_param_builder:/opt/ros/humble /usr/bin/cmake --build /home/kaushal/kaushal/moveit_ws/build/moveit_resources_fanuc_description -- -j16 -l16
[0.407s] Invoking command in '/home/kaushal/kaushal/moveit_ws/build/moveit_resources_fanuc_description': CMAKE_PREFIX_PATH=${CMAKE_PREFIX_PATH}:/home/kaushal/kaushal/moveit_ws/install/moveit_configs_utils:/home/kaushal/kaushal/moveit_ws/install/launch_param_builder:/opt/ros/humble /usr/bin/cmake --install /home/kaushal/kaushal/moveit_ws/build/moveit_resources_fanuc_description
[0.442s] -- Install configuration: "Debug"
[0.442s] -- Up-to-date: /home/kaushal/kaushal/moveit_ws/install/moveit_resources_fanuc_description/share/ament_index/resource_index/package_run_dependencies/moveit_resources_fanuc_description
[0.442s] -- Up-to-date: /home/kaushal/kaushal/moveit_ws/install/moveit_resources_fanuc_description/share/ament_index/resource_index/parent_prefix_path/moveit_resources_fanuc_description
[0.443s] -- Up-to-date: /home/kaushal/kaushal/moveit_ws/install/moveit_resources_fanuc_description/share/moveit_resources_fanuc_description/environment/ament_prefix_path.sh
[0.443s] -- Up-to-date: /home/kaushal/kaushal/moveit_ws/install/moveit_resources_fanuc_description/share/moveit_resources_fanuc_description/environment/ament_prefix_path.dsv
[0.443s] -- Up-to-date: /home/kaushal/kaushal/moveit_ws/install/moveit_resources_fanuc_description/share/moveit_resources_fanuc_description/environment/path.sh
[0.443s] -- Up-to-date: /home/kaushal/kaushal/moveit_ws/install/moveit_resources_fanuc_description/share/moveit_resources_fanuc_description/environment/path.dsv
[0.443s] -- Up-to-date: /home/kaushal/kaushal/moveit_ws/install/moveit_resources_fanuc_description/share/moveit_resources_fanuc_description/local_setup.bash
[0.443s] -- Up-to-date: /home/kaushal/kaushal/moveit_ws/install/moveit_resources_fanuc_description/share/moveit_resources_fanuc_description/local_setup.sh
[0.444s] -- Up-to-date: /home/kaushal/kaushal/moveit_ws/install/moveit_resources_fanuc_description/share/moveit_resources_fanuc_description/local_setup.zsh
[0.444s] -- Up-to-date: /home/kaushal/kaushal/moveit_ws/install/moveit_resources_fanuc_description/share/moveit_resources_fanuc_description/local_setup.dsv
[0.444s] -- Installing: /home/kaushal/kaushal/moveit_ws/install/moveit_resources_fanuc_description/share/moveit_resources_fanuc_description/package.dsv
[0.445s] -- Up-to-date: /home/kaushal/kaushal/moveit_ws/install/moveit_resources_fanuc_description/share/ament_index/resource_index/packages/moveit_resources_fanuc_description
[0.445s] -- Up-to-date: /home/kaushal/kaushal/moveit_ws/install/moveit_resources_fanuc_description/share/moveit_resources_fanuc_description/cmake/moveit_resources_fanuc_descriptionConfig.cmake
[0.445s] -- Up-to-date: /home/kaushal/kaushal/moveit_ws/install/moveit_resources_fanuc_description/share/moveit_resources_fanuc_description/cmake/moveit_resources_fanuc_descriptionConfig-version.cmake
[0.445s] -- Up-to-date: /home/kaushal/kaushal/moveit_ws/install/moveit_resources_fanuc_description/share/moveit_resources_fanuc_description/package.xml
[0.446s] -- Up-to-date: /home/kaushal/kaushal/moveit_ws/install/moveit_resources_fanuc_description/share/moveit_resources_fanuc_description/meshes
[0.446s] -- Up-to-date: /home/kaushal/kaushal/moveit_ws/install/moveit_resources_fanuc_description/share/moveit_resources_fanuc_description/meshes/visual
[0.446s] -- Up-to-date: /home/kaushal/kaushal/moveit_ws/install/moveit_resources_fanuc_description/share/moveit_resources_fanuc_description/meshes/visual/link_4.stl
[0.446s] -- Up-to-date: /home/kaushal/kaushal/moveit_ws/install/moveit_resources_fanuc_description/share/moveit_resources_fanuc_description/meshes/visual/link_1.stl
[0.446s] -- Up-to-date: /home/kaushal/kaushal/moveit_ws/install/moveit_resources_fanuc_description/share/moveit_resources_fanuc_description/meshes/visual/link_6.stl
[0.446s] -- Up-to-date: /home/kaushal/kaushal/moveit_ws/install/moveit_resources_fanuc_description/share/moveit_resources_fanuc_description/meshes/visual/base_link.stl
[0.446s] -- Up-to-date: /home/kaushal/kaushal/moveit_ws/install/moveit_resources_fanuc_description/share/moveit_resources_fanuc_description/meshes/visual/link_2.stl
[0.446s] -- Up-to-date: /home/kaushal/kaushal/moveit_ws/install/moveit_resources_fanuc_description/share/moveit_resources_fanuc_description/meshes/visual/link_5.stl
[0.446s] -- Up-to-date: /home/kaushal/kaushal/moveit_ws/install/moveit_resources_fanuc_description/share/moveit_resources_fanuc_description/meshes/visual/link_3.stl
[0.446s] -- Up-to-date: /home/kaushal/kaushal/moveit_ws/install/moveit_resources_fanuc_description/share/moveit_resources_fanuc_description/meshes/collision
[0.447s] -- Up-to-date: /home/kaushal/kaushal/moveit_ws/install/moveit_resources_fanuc_description/share/moveit_resources_fanuc_description/meshes/collision/link_4.stl
[0.447s] -- Up-to-date: /home/kaushal/kaushal/moveit_ws/install/moveit_resources_fanuc_description/share/moveit_resources_fanuc_description/meshes/collision/link_1.stl
[0.447s] -- Up-to-date: /home/kaushal/kaushal/moveit_ws/install/moveit_resources_fanuc_description/share/moveit_resources_fanuc_description/meshes/collision/link_6.stl
[0.447s] -- Up-to-date: /home/kaushal/kaushal/moveit_ws/install/moveit_resources_fanuc_description/share/moveit_resources_fanuc_description/meshes/collision/base_link.stl
[0.447s] -- Up-to-date: /home/kaushal/kaushal/moveit_ws/install/moveit_resources_fanuc_description/share/moveit_resources_fanuc_description/meshes/collision/link_2.stl
[0.447s] -- Up-to-date: /home/kaushal/kaushal/moveit_ws/install/moveit_resources_fanuc_description/share/moveit_resources_fanuc_description/meshes/collision/link_5.stl
[0.447s] -- Up-to-date: /home/kaushal/kaushal/moveit_ws/install/moveit_resources_fanuc_description/share/moveit_resources_fanuc_description/meshes/collision/link_3.stl
[0.447s] -- Up-to-date: /home/kaushal/kaushal/moveit_ws/install/moveit_resources_fanuc_description/share/moveit_resources_fanuc_description/urdf
[0.447s] -- Up-to-date: /home/kaushal/kaushal/moveit_ws/install/moveit_resources_fanuc_description/share/moveit_resources_fanuc_description/urdf/fanuc.urdf
[0.465s] Invoked command in '/home/kaushal/kaushal/moveit_ws/build/moveit_resources_fanuc_description' returned '0': CMAKE_PREFIX_PATH=${CMAKE_PREFIX_PATH}:/home/kaushal/kaushal/moveit_ws/install/moveit_configs_utils:/home/kaushal/kaushal/moveit_ws/install/launch_param_builder:/opt/ros/humble /usr/bin/cmake --install /home/kaushal/kaushal/moveit_ws/build/moveit_resources_fanuc_description
