[0.258s] Invoking command in '/home/kaushal/kaushal/moveit_ws/build/moveit_task_constructor_msgs': CMAKE_PREFIX_PATH=${CMAKE_PREFIX_PATH}:/home/kaushal/kaushal/moveit_ws/install/moveit_configs_utils:/home/kaushal/kaushal/moveit_ws/install/launch_param_builder:/opt/ros/humble /usr/bin/cmake --build /home/kaushal/kaushal/moveit_ws/build/moveit_task_constructor_msgs -- -j16 -l16
[0.337s] [  0%] Built target moveit_task_constructor_msgs__cpp
[0.340s] [ 12%] Built target moveit_task_constructor_msgs__rosidl_generator_c
[0.360s] [ 12%] Built target ament_cmake_python_copy_moveit_task_constructor_msgs
[0.382s] [ 24%] Built target moveit_task_constructor_msgs__rosidl_typesupport_cpp
[0.387s] [ 48%] Built target moveit_task_constructor_msgs__rosidl_typesupport_c
[0.387s] [ 48%] Built target moveit_task_constructor_msgs__rosidl_typesupport_introspection_cpp
[0.387s] [ 59%] Built target moveit_task_constructor_msgs__rosidl_typesupport_fastrtps_cpp
[0.387s] [ 71%] Built target moveit_task_constructor_msgs__rosidl_typesupport_introspection_c
[0.392s] [ 83%] Built target moveit_task_constructor_msgs__rosidl_typesupport_fastrtps_c
[0.450s] [ 83%] Built target moveit_task_constructor_msgs
[0.462s] [ 84%] Built target moveit_task_constructor_msgs__py
[0.505s] [ 95%] Built target moveit_task_constructor_msgs__rosidl_generator_py
[0.546s] [ 99%] Built target moveit_task_constructor_msgs__rosidl_typesupport_c__pyext
[0.546s] [100%] Built target moveit_task_constructor_msgs__rosidl_typesupport_introspection_c__pyext
[0.546s] [100%] Built target moveit_task_constructor_msgs__rosidl_typesupport_fastrtps_c__pyext
[0.607s] running egg_info
[0.610s] writing moveit_task_constructor_msgs.egg-info/PKG-INFO
[0.610s] writing dependency_links to moveit_task_constructor_msgs.egg-info/dependency_links.txt
[0.610s] writing top-level names to moveit_task_constructor_msgs.egg-info/top_level.txt
[0.611s] reading manifest file 'moveit_task_constructor_msgs.egg-info/SOURCES.txt'
[0.611s] writing manifest file 'moveit_task_constructor_msgs.egg-info/SOURCES.txt'
[0.652s] [100%] Built target ament_cmake_python_build_moveit_task_constructor_msgs_egg
[0.675s] Invoked command in '/home/kaushal/kaushal/moveit_ws/build/moveit_task_constructor_msgs' returned '0': CMAKE_PREFIX_PATH=${CMAKE_PREFIX_PATH}:/home/kaushal/kaushal/moveit_ws/install/moveit_configs_utils:/home/kaushal/kaushal/moveit_ws/install/launch_param_builder:/opt/ros/humble /usr/bin/cmake --build /home/kaushal/kaushal/moveit_ws/build/moveit_task_constructor_msgs -- -j16 -l16
[0.681s] Invoking command in '/home/kaushal/kaushal/moveit_ws/build/moveit_task_constructor_msgs': CMAKE_PREFIX_PATH=${CMAKE_PREFIX_PATH}:/home/kaushal/kaushal/moveit_ws/install/moveit_configs_utils:/home/kaushal/kaushal/moveit_ws/install/launch_param_builder:/opt/ros/humble /usr/bin/cmake --install /home/kaushal/kaushal/moveit_ws/build/moveit_task_constructor_msgs
[0.702s] -- Install configuration: "Debug"
[0.702s] -- Up-to-date: /home/kaushal/kaushal/moveit_ws/install/moveit_task_constructor_msgs/share/ament_index/resource_index/rosidl_interfaces/moveit_task_constructor_msgs
[0.702s] -- Up-to-date: /home/kaushal/kaushal/moveit_ws/install/moveit_task_constructor_msgs/include/moveit_task_constructor_msgs/moveit_task_constructor_msgs
[0.702s] -- Up-to-date: /home/kaushal/kaushal/moveit_ws/install/moveit_task_constructor_msgs/include/moveit_task_constructor_msgs/moveit_task_constructor_msgs/action
[0.702s] -- Up-to-date: /home/kaushal/kaushal/moveit_ws/install/moveit_task_constructor_msgs/include/moveit_task_constructor_msgs/moveit_task_constructor_msgs/action/execute_task_solution.h
[0.703s] -- Up-to-date: /home/kaushal/kaushal/moveit_ws/install/moveit_task_constructor_msgs/include/moveit_task_constructor_msgs/moveit_task_constructor_msgs/action/detail
[0.703s] -- Up-to-date: /home/kaushal/kaushal/moveit_ws/install/moveit_task_constructor_msgs/include/moveit_task_constructor_msgs/moveit_task_constructor_msgs/action/detail/execute_task_solution__functions.c
[0.703s] -- Up-to-date: /home/kaushal/kaushal/moveit_ws/install/moveit_task_constructor_msgs/include/moveit_task_constructor_msgs/moveit_task_constructor_msgs/action/detail/execute_task_solution__type_support.h
[0.705s] -- Up-to-date: /home/kaushal/kaushal/moveit_ws/install/moveit_task_constructor_msgs/include/moveit_task_constructor_msgs/moveit_task_constructor_msgs/action/detail/execute_task_solution__functions.h
[0.706s] -- Up-to-date: /home/kaushal/kaushal/moveit_ws/install/moveit_task_constructor_msgs/include/moveit_task_constructor_msgs/moveit_task_constructor_msgs/action/detail/execute_task_solution__struct.h
[0.706s] -- Up-to-date: /home/kaushal/kaushal/moveit_ws/install/moveit_task_constructor_msgs/include/moveit_task_constructor_msgs/moveit_task_constructor_msgs/srv
[0.706s] -- Up-to-date: /home/kaushal/kaushal/moveit_ws/install/moveit_task_constructor_msgs/include/moveit_task_constructor_msgs/moveit_task_constructor_msgs/srv/get_solution.h
[0.706s] -- Up-to-date: /home/kaushal/kaushal/moveit_ws/install/moveit_task_constructor_msgs/include/moveit_task_constructor_msgs/moveit_task_constructor_msgs/srv/detail
[0.706s] -- Up-to-date: /home/kaushal/kaushal/moveit_ws/install/moveit_task_constructor_msgs/include/moveit_task_constructor_msgs/moveit_task_constructor_msgs/srv/detail/get_solution__type_support.h
[0.706s] -- Up-to-date: /home/kaushal/kaushal/moveit_ws/install/moveit_task_constructor_msgs/include/moveit_task_constructor_msgs/moveit_task_constructor_msgs/srv/detail/get_solution__functions.c
[0.706s] -- Up-to-date: /home/kaushal/kaushal/moveit_ws/install/moveit_task_constructor_msgs/include/moveit_task_constructor_msgs/moveit_task_constructor_msgs/srv/detail/get_solution__struct.h
[0.706s] -- Up-to-date: /home/kaushal/kaushal/moveit_ws/install/moveit_task_constructor_msgs/include/moveit_task_constructor_msgs/moveit_task_constructor_msgs/srv/detail/get_solution__functions.h
[0.706s] -- Up-to-date: /home/kaushal/kaushal/moveit_ws/install/moveit_task_constructor_msgs/include/moveit_task_constructor_msgs/moveit_task_constructor_msgs/msg
[0.707s] -- Up-to-date: /home/kaushal/kaushal/moveit_ws/install/moveit_task_constructor_msgs/include/moveit_task_constructor_msgs/moveit_task_constructor_msgs/msg/property.h
[0.707s] -- Up-to-date: /home/kaushal/kaushal/moveit_ws/install/moveit_task_constructor_msgs/include/moveit_task_constructor_msgs/moveit_task_constructor_msgs/msg/task_statistics.h
[0.708s] -- Up-to-date: /home/kaushal/kaushal/moveit_ws/install/moveit_task_constructor_msgs/include/moveit_task_constructor_msgs/moveit_task_constructor_msgs/msg/solution_info.h
[0.708s] -- Up-to-date: /home/kaushal/kaushal/moveit_ws/install/moveit_task_constructor_msgs/include/moveit_task_constructor_msgs/moveit_task_constructor_msgs/msg/rosidl_generator_c__visibility_control.h
[0.708s] -- Up-to-date: /home/kaushal/kaushal/moveit_ws/install/moveit_task_constructor_msgs/include/moveit_task_constructor_msgs/moveit_task_constructor_msgs/msg/sub_solution.h
[0.708s] -- Up-to-date: /home/kaushal/kaushal/moveit_ws/install/moveit_task_constructor_msgs/include/moveit_task_constructor_msgs/moveit_task_constructor_msgs/msg/sub_trajectory.h
[0.708s] -- Up-to-date: /home/kaushal/kaushal/moveit_ws/install/moveit_task_constructor_msgs/include/moveit_task_constructor_msgs/moveit_task_constructor_msgs/msg/task_description.h
[0.708s] -- Up-to-date: /home/kaushal/kaushal/moveit_ws/install/moveit_task_constructor_msgs/include/moveit_task_constructor_msgs/moveit_task_constructor_msgs/msg/stage_statistics.h
[0.708s] -- Up-to-date: /home/kaushal/kaushal/moveit_ws/install/moveit_task_constructor_msgs/include/moveit_task_constructor_msgs/moveit_task_constructor_msgs/msg/detail
[0.708s] -- Up-to-date: /home/kaushal/kaushal/moveit_ws/install/moveit_task_constructor_msgs/include/moveit_task_constructor_msgs/moveit_task_constructor_msgs/msg/detail/trajectory_execution_info__functions.c
[0.708s] -- Up-to-date: /home/kaushal/kaushal/moveit_ws/install/moveit_task_constructor_msgs/include/moveit_task_constructor_msgs/moveit_task_constructor_msgs/msg/detail/property__type_support.h
[0.708s] -- Up-to-date: /home/kaushal/kaushal/moveit_ws/install/moveit_task_constructor_msgs/include/moveit_task_constructor_msgs/moveit_task_constructor_msgs/msg/detail/solution__struct.h
[0.709s] -- Up-to-date: /home/kaushal/kaushal/moveit_ws/install/moveit_task_constructor_msgs/include/moveit_task_constructor_msgs/moveit_task_constructor_msgs/msg/detail/solution_info__functions.c
[0.709s] -- Up-to-date: /home/kaushal/kaushal/moveit_ws/install/moveit_task_constructor_msgs/include/moveit_task_constructor_msgs/moveit_task_constructor_msgs/msg/detail/task_description__functions.h
[0.709s] -- Up-to-date: /home/kaushal/kaushal/moveit_ws/install/moveit_task_constructor_msgs/include/moveit_task_constructor_msgs/moveit_task_constructor_msgs/msg/detail/trajectory_execution_info__struct.h
[0.709s] -- Up-to-date: /home/kaushal/kaushal/moveit_ws/install/moveit_task_constructor_msgs/include/moveit_task_constructor_msgs/moveit_task_constructor_msgs/msg/detail/sub_solution__struct.h
[0.709s] -- Up-to-date: /home/kaushal/kaushal/moveit_ws/install/moveit_task_constructor_msgs/include/moveit_task_constructor_msgs/moveit_task_constructor_msgs/msg/detail/solution_info__struct.h
[0.711s] -- Up-to-date: /home/kaushal/kaushal/moveit_ws/install/moveit_task_constructor_msgs/include/moveit_task_constructor_msgs/moveit_task_constructor_msgs/msg/detail/solution_info__type_support.h
[0.711s] -- Up-to-date: /home/kaushal/kaushal/moveit_ws/install/moveit_task_constructor_msgs/include/moveit_task_constructor_msgs/moveit_task_constructor_msgs/msg/detail/property__functions.c
[0.711s] -- Up-to-date: /home/kaushal/kaushal/moveit_ws/install/moveit_task_constructor_msgs/include/moveit_task_constructor_msgs/moveit_task_constructor_msgs/msg/detail/sub_solution__functions.c
[0.711s] -- Up-to-date: /home/kaushal/kaushal/moveit_ws/install/moveit_task_constructor_msgs/include/moveit_task_constructor_msgs/moveit_task_constructor_msgs/msg/detail/task_description__functions.c
[0.711s] -- Up-to-date: /home/kaushal/kaushal/moveit_ws/install/moveit_task_constructor_msgs/include/moveit_task_constructor_msgs/moveit_task_constructor_msgs/msg/detail/stage_description__functions.c
[0.711s] -- Up-to-date: /home/kaushal/kaushal/moveit_ws/install/moveit_task_constructor_msgs/include/moveit_task_constructor_msgs/moveit_task_constructor_msgs/msg/detail/task_description__type_support.h
[0.712s] -- Up-to-date: /home/kaushal/kaushal/moveit_ws/install/moveit_task_constructor_msgs/include/moveit_task_constructor_msgs/moveit_task_constructor_msgs/msg/detail/task_statistics__struct.h
[0.712s] -- Up-to-date: /home/kaushal/kaushal/moveit_ws/install/moveit_task_constructor_msgs/include/moveit_task_constructor_msgs/moveit_task_constructor_msgs/msg/detail/sub_trajectory__functions.c
[0.712s] -- Up-to-date: /home/kaushal/kaushal/moveit_ws/install/moveit_task_constructor_msgs/include/moveit_task_constructor_msgs/moveit_task_constructor_msgs/msg/detail/property__functions.h
[0.712s] -- Up-to-date: /home/kaushal/kaushal/moveit_ws/install/moveit_task_constructor_msgs/include/moveit_task_constructor_msgs/moveit_task_constructor_msgs/msg/detail/stage_statistics__type_support.h
[0.712s] -- Up-to-date: /home/kaushal/kaushal/moveit_ws/install/moveit_task_constructor_msgs/include/moveit_task_constructor_msgs/moveit_task_constructor_msgs/msg/detail/stage_statistics__struct.h
[0.712s] -- Up-to-date: /home/kaushal/kaushal/moveit_ws/install/moveit_task_constructor_msgs/include/moveit_task_constructor_msgs/moveit_task_constructor_msgs/msg/detail/stage_description__functions.h
[0.712s] -- Up-to-date: /home/kaushal/kaushal/moveit_ws/install/moveit_task_constructor_msgs/include/moveit_task_constructor_msgs/moveit_task_constructor_msgs/msg/detail/stage_description__struct.h
[0.712s] -- Up-to-date: /home/kaushal/kaushal/moveit_ws/install/moveit_task_constructor_msgs/include/moveit_task_constructor_msgs/moveit_task_constructor_msgs/msg/detail/solution__functions.h
[0.712s] -- Up-to-date: /home/kaushal/kaushal/moveit_ws/install/moveit_task_constructor_msgs/include/moveit_task_constructor_msgs/moveit_task_constructor_msgs/msg/detail/trajectory_execution_info__type_support.h
[0.712s] -- Up-to-date: /home/kaushal/kaushal/moveit_ws/install/moveit_task_constructor_msgs/include/moveit_task_constructor_msgs/moveit_task_constructor_msgs/msg/detail/stage_statistics__functions.c
[0.713s] -- Up-to-date: /home/kaushal/kaushal/moveit_ws/install/moveit_task_constructor_msgs/include/moveit_task_constructor_msgs/moveit_task_constructor_msgs/msg/detail/trajectory_execution_info__functions.h
[0.713s] -- Up-to-date: /home/kaushal/kaushal/moveit_ws/install/moveit_task_constructor_msgs/include/moveit_task_constructor_msgs/moveit_task_constructor_msgs/msg/detail/sub_trajectory__type_support.h
[0.713s] -- Up-to-date: /home/kaushal/kaushal/moveit_ws/install/moveit_task_constructor_msgs/include/moveit_task_constructor_msgs/moveit_task_constructor_msgs/msg/detail/task_statistics__functions.h
[0.713s] -- Up-to-date: /home/kaushal/kaushal/moveit_ws/install/moveit_task_constructor_msgs/include/moveit_task_constructor_msgs/moveit_task_constructor_msgs/msg/detail/property__struct.h
[0.713s] -- Up-to-date: /home/kaushal/kaushal/moveit_ws/install/moveit_task_constructor_msgs/include/moveit_task_constructor_msgs/moveit_task_constructor_msgs/msg/detail/stage_description__type_support.h
[0.713s] -- Up-to-date: /home/kaushal/kaushal/moveit_ws/install/moveit_task_constructor_msgs/include/moveit_task_constructor_msgs/moveit_task_constructor_msgs/msg/detail/sub_solution__functions.h
[0.713s] -- Up-to-date: /home/kaushal/kaushal/moveit_ws/install/moveit_task_constructor_msgs/include/moveit_task_constructor_msgs/moveit_task_constructor_msgs/msg/detail/sub_trajectory__functions.h
[0.713s] -- Up-to-date: /home/kaushal/kaushal/moveit_ws/install/moveit_task_constructor_msgs/include/moveit_task_constructor_msgs/moveit_task_constructor_msgs/msg/detail/solution__type_support.h
[0.713s] -- Up-to-date: /home/kaushal/kaushal/moveit_ws/install/moveit_task_constructor_msgs/include/moveit_task_constructor_msgs/moveit_task_constructor_msgs/msg/detail/task_description__struct.h
[0.713s] -- Up-to-date: /home/kaushal/kaushal/moveit_ws/install/moveit_task_constructor_msgs/include/moveit_task_constructor_msgs/moveit_task_constructor_msgs/msg/detail/sub_trajectory__struct.h
[0.713s] -- Up-to-date: /home/kaushal/kaushal/moveit_ws/install/moveit_task_constructor_msgs/include/moveit_task_constructor_msgs/moveit_task_constructor_msgs/msg/detail/solution__functions.c
[0.713s] -- Up-to-date: /home/kaushal/kaushal/moveit_ws/install/moveit_task_constructor_msgs/include/moveit_task_constructor_msgs/moveit_task_constructor_msgs/msg/detail/task_statistics__type_support.h
[0.713s] -- Up-to-date: /home/kaushal/kaushal/moveit_ws/install/moveit_task_constructor_msgs/include/moveit_task_constructor_msgs/moveit_task_constructor_msgs/msg/detail/solution_info__functions.h
[0.713s] -- Up-to-date: /home/kaushal/kaushal/moveit_ws/install/moveit_task_constructor_msgs/include/moveit_task_constructor_msgs/moveit_task_constructor_msgs/msg/detail/stage_statistics__functions.h
[0.713s] -- Up-to-date: /home/kaushal/kaushal/moveit_ws/install/moveit_task_constructor_msgs/include/moveit_task_constructor_msgs/moveit_task_constructor_msgs/msg/detail/task_statistics__functions.c
[0.713s] -- Up-to-date: /home/kaushal/kaushal/moveit_ws/install/moveit_task_constructor_msgs/include/moveit_task_constructor_msgs/moveit_task_constructor_msgs/msg/detail/sub_solution__type_support.h
[0.713s] -- Up-to-date: /home/kaushal/kaushal/moveit_ws/install/moveit_task_constructor_msgs/include/moveit_task_constructor_msgs/moveit_task_constructor_msgs/msg/solution.h
[0.713s] -- Up-to-date: /home/kaushal/kaushal/moveit_ws/install/moveit_task_constructor_msgs/include/moveit_task_constructor_msgs/moveit_task_constructor_msgs/msg/stage_description.h
[0.713s] -- Up-to-date: /home/kaushal/kaushal/moveit_ws/install/moveit_task_constructor_msgs/include/moveit_task_constructor_msgs/moveit_task_constructor_msgs/msg/trajectory_execution_info.h
[0.714s] -- Up-to-date: /home/kaushal/kaushal/moveit_ws/install/moveit_task_constructor_msgs/share/moveit_task_constructor_msgs/environment/library_path.sh
[0.714s] -- Up-to-date: /home/kaushal/kaushal/moveit_ws/install/moveit_task_constructor_msgs/share/moveit_task_constructor_msgs/environment/library_path.dsv
[0.714s] -- Up-to-date: /home/kaushal/kaushal/moveit_ws/install/moveit_task_constructor_msgs/lib/libmoveit_task_constructor_msgs__rosidl_generator_c.so
[0.714s] -- Up-to-date: /home/kaushal/kaushal/moveit_ws/install/moveit_task_constructor_msgs/include/moveit_task_constructor_msgs/moveit_task_constructor_msgs
[0.714s] -- Up-to-date: /home/kaushal/kaushal/moveit_ws/install/moveit_task_constructor_msgs/include/moveit_task_constructor_msgs/moveit_task_constructor_msgs/action
[0.714s] -- Up-to-date: /home/kaushal/kaushal/moveit_ws/install/moveit_task_constructor_msgs/include/moveit_task_constructor_msgs/moveit_task_constructor_msgs/action/detail
[0.714s] -- Up-to-date: /home/kaushal/kaushal/moveit_ws/install/moveit_task_constructor_msgs/include/moveit_task_constructor_msgs/moveit_task_constructor_msgs/action/detail/execute_task_solution__rosidl_typesupport_fastrtps_c.h
[0.714s] -- Up-to-date: /home/kaushal/kaushal/moveit_ws/install/moveit_task_constructor_msgs/include/moveit_task_constructor_msgs/moveit_task_constructor_msgs/srv
[0.714s] -- Up-to-date: /home/kaushal/kaushal/moveit_ws/install/moveit_task_constructor_msgs/include/moveit_task_constructor_msgs/moveit_task_constructor_msgs/srv/detail
[0.714s] -- Up-to-date: /home/kaushal/kaushal/moveit_ws/install/moveit_task_constructor_msgs/include/moveit_task_constructor_msgs/moveit_task_constructor_msgs/srv/detail/get_solution__rosidl_typesupport_fastrtps_c.h
[0.714s] -- Up-to-date: /home/kaushal/kaushal/moveit_ws/install/moveit_task_constructor_msgs/include/moveit_task_constructor_msgs/moveit_task_constructor_msgs/msg
[0.714s] -- Up-to-date: /home/kaushal/kaushal/moveit_ws/install/moveit_task_constructor_msgs/include/moveit_task_constructor_msgs/moveit_task_constructor_msgs/msg/detail
[0.714s] -- Up-to-date: /home/kaushal/kaushal/moveit_ws/install/moveit_task_constructor_msgs/include/moveit_task_constructor_msgs/moveit_task_constructor_msgs/msg/detail/sub_trajectory__rosidl_typesupport_fastrtps_c.h
[0.714s] -- Up-to-date: /home/kaushal/kaushal/moveit_ws/install/moveit_task_constructor_msgs/include/moveit_task_constructor_msgs/moveit_task_constructor_msgs/msg/detail/task_description__rosidl_typesupport_fastrtps_c.h
[0.714s] -- Up-to-date: /home/kaushal/kaushal/moveit_ws/install/moveit_task_constructor_msgs/include/moveit_task_constructor_msgs/moveit_task_constructor_msgs/msg/detail/solution__rosidl_typesupport_fastrtps_c.h
[0.714s] -- Up-to-date: /home/kaushal/kaushal/moveit_ws/install/moveit_task_constructor_msgs/include/moveit_task_constructor_msgs/moveit_task_constructor_msgs/msg/detail/solution_info__rosidl_typesupport_fastrtps_c.h
[0.714s] -- Up-to-date: /home/kaushal/kaushal/moveit_ws/install/moveit_task_constructor_msgs/include/moveit_task_constructor_msgs/moveit_task_constructor_msgs/msg/detail/stage_description__rosidl_typesupport_fastrtps_c.h
[0.714s] -- Up-to-date: /home/kaushal/kaushal/moveit_ws/install/moveit_task_constructor_msgs/include/moveit_task_constructor_msgs/moveit_task_constructor_msgs/msg/detail/trajectory_execution_info__rosidl_typesupport_fastrtps_c.h
[0.714s] -- Up-to-date: /home/kaushal/kaushal/moveit_ws/install/moveit_task_constructor_msgs/include/moveit_task_constructor_msgs/moveit_task_constructor_msgs/msg/detail/task_statistics__rosidl_typesupport_fastrtps_c.h
[0.714s] -- Up-to-date: /home/kaushal/kaushal/moveit_ws/install/moveit_task_constructor_msgs/include/moveit_task_constructor_msgs/moveit_task_constructor_msgs/msg/detail/stage_statistics__rosidl_typesupport_fastrtps_c.h
[0.715s] -- Up-to-date: /home/kaushal/kaushal/moveit_ws/install/moveit_task_constructor_msgs/include/moveit_task_constructor_msgs/moveit_task_constructor_msgs/msg/detail/sub_solution__rosidl_typesupport_fastrtps_c.h
[0.715s] -- Up-to-date: /home/kaushal/kaushal/moveit_ws/install/moveit_task_constructor_msgs/include/moveit_task_constructor_msgs/moveit_task_constructor_msgs/msg/detail/property__rosidl_typesupport_fastrtps_c.h
[0.715s] -- Up-to-date: /home/kaushal/kaushal/moveit_ws/install/moveit_task_constructor_msgs/include/moveit_task_constructor_msgs/moveit_task_constructor_msgs/msg/rosidl_typesupport_fastrtps_c__visibility_control.h
[0.715s] -- Up-to-date: /home/kaushal/kaushal/moveit_ws/install/moveit_task_constructor_msgs/lib/libmoveit_task_constructor_msgs__rosidl_typesupport_fastrtps_c.so
[0.715s] -- Up-to-date: /home/kaushal/kaushal/moveit_ws/install/moveit_task_constructor_msgs/include/moveit_task_constructor_msgs/moveit_task_constructor_msgs
[0.715s] -- Up-to-date: /home/kaushal/kaushal/moveit_ws/install/moveit_task_constructor_msgs/include/moveit_task_constructor_msgs/moveit_task_constructor_msgs/action
[0.715s] -- Up-to-date: /home/kaushal/kaushal/moveit_ws/install/moveit_task_constructor_msgs/include/moveit_task_constructor_msgs/moveit_task_constructor_msgs/action/execute_task_solution.hpp
[0.715s] -- Up-to-date: /home/kaushal/kaushal/moveit_ws/install/moveit_task_constructor_msgs/include/moveit_task_constructor_msgs/moveit_task_constructor_msgs/action/detail
[0.715s] -- Up-to-date: /home/kaushal/kaushal/moveit_ws/install/moveit_task_constructor_msgs/include/moveit_task_constructor_msgs/moveit_task_constructor_msgs/action/detail/execute_task_solution__traits.hpp
[0.715s] -- Up-to-date: /home/kaushal/kaushal/moveit_ws/install/moveit_task_constructor_msgs/include/moveit_task_constructor_msgs/moveit_task_constructor_msgs/action/detail/execute_task_solution__struct.hpp
[0.715s] -- Up-to-date: /home/kaushal/kaushal/moveit_ws/install/moveit_task_constructor_msgs/include/moveit_task_constructor_msgs/moveit_task_constructor_msgs/action/detail/execute_task_solution__type_support.hpp
[0.715s] -- Up-to-date: /home/kaushal/kaushal/moveit_ws/install/moveit_task_constructor_msgs/include/moveit_task_constructor_msgs/moveit_task_constructor_msgs/action/detail/execute_task_solution__builder.hpp
[0.715s] -- Up-to-date: /home/kaushal/kaushal/moveit_ws/install/moveit_task_constructor_msgs/include/moveit_task_constructor_msgs/moveit_task_constructor_msgs/srv
[0.715s] -- Up-to-date: /home/kaushal/kaushal/moveit_ws/install/moveit_task_constructor_msgs/include/moveit_task_constructor_msgs/moveit_task_constructor_msgs/srv/get_solution.hpp
[0.715s] -- Up-to-date: /home/kaushal/kaushal/moveit_ws/install/moveit_task_constructor_msgs/include/moveit_task_constructor_msgs/moveit_task_constructor_msgs/srv/detail
[0.715s] -- Up-to-date: /home/kaushal/kaushal/moveit_ws/install/moveit_task_constructor_msgs/include/moveit_task_constructor_msgs/moveit_task_constructor_msgs/srv/detail/get_solution__struct.hpp
[0.715s] -- Up-to-date: /home/kaushal/kaushal/moveit_ws/install/moveit_task_constructor_msgs/include/moveit_task_constructor_msgs/moveit_task_constructor_msgs/srv/detail/get_solution__builder.hpp
[0.715s] -- Up-to-date: /home/kaushal/kaushal/moveit_ws/install/moveit_task_constructor_msgs/include/moveit_task_constructor_msgs/moveit_task_constructor_msgs/srv/detail/get_solution__type_support.hpp
[0.715s] -- Up-to-date: /home/kaushal/kaushal/moveit_ws/install/moveit_task_constructor_msgs/include/moveit_task_constructor_msgs/moveit_task_constructor_msgs/srv/detail/get_solution__traits.hpp
[0.715s] -- Up-to-date: /home/kaushal/kaushal/moveit_ws/install/moveit_task_constructor_msgs/include/moveit_task_constructor_msgs/moveit_task_constructor_msgs/msg
[0.715s] -- Up-to-date: /home/kaushal/kaushal/moveit_ws/install/moveit_task_constructor_msgs/include/moveit_task_constructor_msgs/moveit_task_constructor_msgs/msg/stage_statistics.hpp
[0.716s] -- Up-to-date: /home/kaushal/kaushal/moveit_ws/install/moveit_task_constructor_msgs/include/moveit_task_constructor_msgs/moveit_task_constructor_msgs/msg/task_statistics.hpp
[0.716s] -- Up-to-date: /home/kaushal/kaushal/moveit_ws/install/moveit_task_constructor_msgs/include/moveit_task_constructor_msgs/moveit_task_constructor_msgs/msg/property.hpp
[0.716s] -- Up-to-date: /home/kaushal/kaushal/moveit_ws/install/moveit_task_constructor_msgs/include/moveit_task_constructor_msgs/moveit_task_constructor_msgs/msg/stage_description.hpp
[0.716s] -- Up-to-date: /home/kaushal/kaushal/moveit_ws/install/moveit_task_constructor_msgs/include/moveit_task_constructor_msgs/moveit_task_constructor_msgs/msg/rosidl_generator_cpp__visibility_control.hpp
[0.716s] -- Up-to-date: /home/kaushal/kaushal/moveit_ws/install/moveit_task_constructor_msgs/include/moveit_task_constructor_msgs/moveit_task_constructor_msgs/msg/trajectory_execution_info.hpp
[0.716s] -- Up-to-date: /home/kaushal/kaushal/moveit_ws/install/moveit_task_constructor_msgs/include/moveit_task_constructor_msgs/moveit_task_constructor_msgs/msg/task_description.hpp
[0.716s] -- Up-to-date: /home/kaushal/kaushal/moveit_ws/install/moveit_task_constructor_msgs/include/moveit_task_constructor_msgs/moveit_task_constructor_msgs/msg/solution.hpp
[0.716s] -- Up-to-date: /home/kaushal/kaushal/moveit_ws/install/moveit_task_constructor_msgs/include/moveit_task_constructor_msgs/moveit_task_constructor_msgs/msg/sub_solution.hpp
[0.716s] -- Up-to-date: /home/kaushal/kaushal/moveit_ws/install/moveit_task_constructor_msgs/include/moveit_task_constructor_msgs/moveit_task_constructor_msgs/msg/solution_info.hpp
[0.716s] -- Up-to-date: /home/kaushal/kaushal/moveit_ws/install/moveit_task_constructor_msgs/include/moveit_task_constructor_msgs/moveit_task_constructor_msgs/msg/detail
[0.717s] -- Up-to-date: /home/kaushal/kaushal/moveit_ws/install/moveit_task_constructor_msgs/include/moveit_task_constructor_msgs/moveit_task_constructor_msgs/msg/detail/property__type_support.hpp
[0.717s] -- Up-to-date: /home/kaushal/kaushal/moveit_ws/install/moveit_task_constructor_msgs/include/moveit_task_constructor_msgs/moveit_task_constructor_msgs/msg/detail/task_description__builder.hpp
[0.717s] -- Up-to-date: /home/kaushal/kaushal/moveit_ws/install/moveit_task_constructor_msgs/include/moveit_task_constructor_msgs/moveit_task_constructor_msgs/msg/detail/property__traits.hpp
[0.717s] -- Up-to-date: /home/kaushal/kaushal/moveit_ws/install/moveit_task_constructor_msgs/include/moveit_task_constructor_msgs/moveit_task_constructor_msgs/msg/detail/solution__builder.hpp
[0.717s] -- Up-to-date: /home/kaushal/kaushal/moveit_ws/install/moveit_task_constructor_msgs/include/moveit_task_constructor_msgs/moveit_task_constructor_msgs/msg/detail/stage_statistics__builder.hpp
[0.717s] -- Up-to-date: /home/kaushal/kaushal/moveit_ws/install/moveit_task_constructor_msgs/include/moveit_task_constructor_msgs/moveit_task_constructor_msgs/msg/detail/sub_trajectory__struct.hpp
[0.717s] -- Up-to-date: /home/kaushal/kaushal/moveit_ws/install/moveit_task_constructor_msgs/include/moveit_task_constructor_msgs/moveit_task_constructor_msgs/msg/detail/solution_info__traits.hpp
[0.717s] -- Up-to-date: /home/kaushal/kaushal/moveit_ws/install/moveit_task_constructor_msgs/include/moveit_task_constructor_msgs/moveit_task_constructor_msgs/msg/detail/solution__type_support.hpp
[0.717s] -- Up-to-date: /home/kaushal/kaushal/moveit_ws/install/moveit_task_constructor_msgs/include/moveit_task_constructor_msgs/moveit_task_constructor_msgs/msg/detail/trajectory_execution_info__type_support.hpp
[0.717s] -- Up-to-date: /home/kaushal/kaushal/moveit_ws/install/moveit_task_constructor_msgs/include/moveit_task_constructor_msgs/moveit_task_constructor_msgs/msg/detail/sub_solution__builder.hpp
[0.717s] -- Up-to-date: /home/kaushal/kaushal/moveit_ws/install/moveit_task_constructor_msgs/include/moveit_task_constructor_msgs/moveit_task_constructor_msgs/msg/detail/property__builder.hpp
[0.717s] -- Up-to-date: /home/kaushal/kaushal/moveit_ws/install/moveit_task_constructor_msgs/include/moveit_task_constructor_msgs/moveit_task_constructor_msgs/msg/detail/solution_info__builder.hpp
[0.717s] -- Up-to-date: /home/kaushal/kaushal/moveit_ws/install/moveit_task_constructor_msgs/include/moveit_task_constructor_msgs/moveit_task_constructor_msgs/msg/detail/task_statistics__struct.hpp
[0.717s] -- Up-to-date: /home/kaushal/kaushal/moveit_ws/install/moveit_task_constructor_msgs/include/moveit_task_constructor_msgs/moveit_task_constructor_msgs/msg/detail/stage_description__type_support.hpp
[0.717s] -- Up-to-date: /home/kaushal/kaushal/moveit_ws/install/moveit_task_constructor_msgs/include/moveit_task_constructor_msgs/moveit_task_constructor_msgs/msg/detail/trajectory_execution_info__builder.hpp
[0.717s] -- Up-to-date: /home/kaushal/kaushal/moveit_ws/install/moveit_task_constructor_msgs/include/moveit_task_constructor_msgs/moveit_task_constructor_msgs/msg/detail/stage_statistics__type_support.hpp
[0.717s] -- Up-to-date: /home/kaushal/kaushal/moveit_ws/install/moveit_task_constructor_msgs/include/moveit_task_constructor_msgs/moveit_task_constructor_msgs/msg/detail/task_statistics__type_support.hpp
[0.717s] -- Up-to-date: /home/kaushal/kaushal/moveit_ws/install/moveit_task_constructor_msgs/include/moveit_task_constructor_msgs/moveit_task_constructor_msgs/msg/detail/task_statistics__traits.hpp
[0.717s] -- Up-to-date: /home/kaushal/kaushal/moveit_ws/install/moveit_task_constructor_msgs/include/moveit_task_constructor_msgs/moveit_task_constructor_msgs/msg/detail/stage_statistics__struct.hpp
[0.717s] -- Up-to-date: /home/kaushal/kaushal/moveit_ws/install/moveit_task_constructor_msgs/include/moveit_task_constructor_msgs/moveit_task_constructor_msgs/msg/detail/task_statistics__builder.hpp
[0.717s] -- Up-to-date: /home/kaushal/kaushal/moveit_ws/install/moveit_task_constructor_msgs/include/moveit_task_constructor_msgs/moveit_task_constructor_msgs/msg/detail/solution_info__type_support.hpp
[0.717s] -- Up-to-date: /home/kaushal/kaushal/moveit_ws/install/moveit_task_constructor_msgs/include/moveit_task_constructor_msgs/moveit_task_constructor_msgs/msg/detail/task_description__type_support.hpp
[0.718s] -- Up-to-date: /home/kaushal/kaushal/moveit_ws/install/moveit_task_constructor_msgs/include/moveit_task_constructor_msgs/moveit_task_constructor_msgs/msg/detail/property__struct.hpp
[0.718s] -- Up-to-date: /home/kaushal/kaushal/moveit_ws/install/moveit_task_constructor_msgs/include/moveit_task_constructor_msgs/moveit_task_constructor_msgs/msg/detail/sub_solution__type_support.hpp
[0.718s] -- Up-to-date: /home/kaushal/kaushal/moveit_ws/install/moveit_task_constructor_msgs/include/moveit_task_constructor_msgs/moveit_task_constructor_msgs/msg/detail/sub_solution__struct.hpp
[0.718s] -- Up-to-date: /home/kaushal/kaushal/moveit_ws/install/moveit_task_constructor_msgs/include/moveit_task_constructor_msgs/moveit_task_constructor_msgs/msg/detail/stage_statistics__traits.hpp
[0.718s] -- Up-to-date: /home/kaushal/kaushal/moveit_ws/install/moveit_task_constructor_msgs/include/moveit_task_constructor_msgs/moveit_task_constructor_msgs/msg/detail/task_description__struct.hpp
[0.718s] -- Up-to-date: /home/kaushal/kaushal/moveit_ws/install/moveit_task_constructor_msgs/include/moveit_task_constructor_msgs/moveit_task_constructor_msgs/msg/detail/trajectory_execution_info__struct.hpp
[0.718s] -- Up-to-date: /home/kaushal/kaushal/moveit_ws/install/moveit_task_constructor_msgs/include/moveit_task_constructor_msgs/moveit_task_constructor_msgs/msg/detail/solution_info__struct.hpp
[0.718s] -- Up-to-date: /home/kaushal/kaushal/moveit_ws/install/moveit_task_constructor_msgs/include/moveit_task_constructor_msgs/moveit_task_constructor_msgs/msg/detail/sub_trajectory__traits.hpp
[0.718s] -- Up-to-date: /home/kaushal/kaushal/moveit_ws/install/moveit_task_constructor_msgs/include/moveit_task_constructor_msgs/moveit_task_constructor_msgs/msg/detail/stage_description__traits.hpp
[0.718s] -- Up-to-date: /home/kaushal/kaushal/moveit_ws/install/moveit_task_constructor_msgs/include/moveit_task_constructor_msgs/moveit_task_constructor_msgs/msg/detail/stage_description__builder.hpp
[0.718s] -- Up-to-date: /home/kaushal/kaushal/moveit_ws/install/moveit_task_constructor_msgs/include/moveit_task_constructor_msgs/moveit_task_constructor_msgs/msg/detail/task_description__traits.hpp
[0.718s] -- Up-to-date: /home/kaushal/kaushal/moveit_ws/install/moveit_task_constructor_msgs/include/moveit_task_constructor_msgs/moveit_task_constructor_msgs/msg/detail/trajectory_execution_info__traits.hpp
[0.718s] -- Up-to-date: /home/kaushal/kaushal/moveit_ws/install/moveit_task_constructor_msgs/include/moveit_task_constructor_msgs/moveit_task_constructor_msgs/msg/detail/sub_solution__traits.hpp
[0.718s] -- Up-to-date: /home/kaushal/kaushal/moveit_ws/install/moveit_task_constructor_msgs/include/moveit_task_constructor_msgs/moveit_task_constructor_msgs/msg/detail/sub_trajectory__type_support.hpp
[0.718s] -- Up-to-date: /home/kaushal/kaushal/moveit_ws/install/moveit_task_constructor_msgs/include/moveit_task_constructor_msgs/moveit_task_constructor_msgs/msg/detail/solution__traits.hpp
[0.718s] -- Up-to-date: /home/kaushal/kaushal/moveit_ws/install/moveit_task_constructor_msgs/include/moveit_task_constructor_msgs/moveit_task_constructor_msgs/msg/detail/stage_description__struct.hpp
[0.718s] -- Up-to-date: /home/kaushal/kaushal/moveit_ws/install/moveit_task_constructor_msgs/include/moveit_task_constructor_msgs/moveit_task_constructor_msgs/msg/detail/sub_trajectory__builder.hpp
[0.718s] -- Up-to-date: /home/kaushal/kaushal/moveit_ws/install/moveit_task_constructor_msgs/include/moveit_task_constructor_msgs/moveit_task_constructor_msgs/msg/detail/solution__struct.hpp
[0.718s] -- Up-to-date: /home/kaushal/kaushal/moveit_ws/install/moveit_task_constructor_msgs/include/moveit_task_constructor_msgs/moveit_task_constructor_msgs/msg/sub_trajectory.hpp
[0.719s] -- Up-to-date: /home/kaushal/kaushal/moveit_ws/install/moveit_task_constructor_msgs/include/moveit_task_constructor_msgs/moveit_task_constructor_msgs
[0.719s] -- Up-to-date: /home/kaushal/kaushal/moveit_ws/install/moveit_task_constructor_msgs/include/moveit_task_constructor_msgs/moveit_task_constructor_msgs/action
[0.719s] -- Up-to-date: /home/kaushal/kaushal/moveit_ws/install/moveit_task_constructor_msgs/include/moveit_task_constructor_msgs/moveit_task_constructor_msgs/action/detail
[0.719s] -- Up-to-date: /home/kaushal/kaushal/moveit_ws/install/moveit_task_constructor_msgs/include/moveit_task_constructor_msgs/moveit_task_constructor_msgs/action/detail/execute_task_solution__rosidl_typesupport_fastrtps_cpp.hpp
[0.719s] -- Up-to-date: /home/kaushal/kaushal/moveit_ws/install/moveit_task_constructor_msgs/include/moveit_task_constructor_msgs/moveit_task_constructor_msgs/action/detail/dds_fastrtps
[0.719s] -- Up-to-date: /home/kaushal/kaushal/moveit_ws/install/moveit_task_constructor_msgs/include/moveit_task_constructor_msgs/moveit_task_constructor_msgs/srv
[0.719s] -- Up-to-date: /home/kaushal/kaushal/moveit_ws/install/moveit_task_constructor_msgs/include/moveit_task_constructor_msgs/moveit_task_constructor_msgs/srv/detail
[0.719s] -- Up-to-date: /home/kaushal/kaushal/moveit_ws/install/moveit_task_constructor_msgs/include/moveit_task_constructor_msgs/moveit_task_constructor_msgs/srv/detail/get_solution__rosidl_typesupport_fastrtps_cpp.hpp
[0.719s] -- Up-to-date: /home/kaushal/kaushal/moveit_ws/install/moveit_task_constructor_msgs/include/moveit_task_constructor_msgs/moveit_task_constructor_msgs/srv/detail/dds_fastrtps
[0.719s] -- Up-to-date: /home/kaushal/kaushal/moveit_ws/install/moveit_task_constructor_msgs/include/moveit_task_constructor_msgs/moveit_task_constructor_msgs/msg
[0.719s] -- Up-to-date: /home/kaushal/kaushal/moveit_ws/install/moveit_task_constructor_msgs/include/moveit_task_constructor_msgs/moveit_task_constructor_msgs/msg/rosidl_typesupport_fastrtps_cpp__visibility_control.h
[0.719s] -- Up-to-date: /home/kaushal/kaushal/moveit_ws/install/moveit_task_constructor_msgs/include/moveit_task_constructor_msgs/moveit_task_constructor_msgs/msg/detail
[0.719s] -- Up-to-date: /home/kaushal/kaushal/moveit_ws/install/moveit_task_constructor_msgs/include/moveit_task_constructor_msgs/moveit_task_constructor_msgs/msg/detail/task_description__rosidl_typesupport_fastrtps_cpp.hpp
[0.719s] -- Up-to-date: /home/kaushal/kaushal/moveit_ws/install/moveit_task_constructor_msgs/include/moveit_task_constructor_msgs/moveit_task_constructor_msgs/msg/detail/sub_trajectory__rosidl_typesupport_fastrtps_cpp.hpp
[0.719s] -- Up-to-date: /home/kaushal/kaushal/moveit_ws/install/moveit_task_constructor_msgs/include/moveit_task_constructor_msgs/moveit_task_constructor_msgs/msg/detail/property__rosidl_typesupport_fastrtps_cpp.hpp
[0.720s] -- Up-to-date: /home/kaushal/kaushal/moveit_ws/install/moveit_task_constructor_msgs/include/moveit_task_constructor_msgs/moveit_task_constructor_msgs/msg/detail/dds_fastrtps
[0.720s] -- Up-to-date: /home/kaushal/kaushal/moveit_ws/install/moveit_task_constructor_msgs/include/moveit_task_constructor_msgs/moveit_task_constructor_msgs/msg/detail/sub_solution__rosidl_typesupport_fastrtps_cpp.hpp
[0.720s] -- Up-to-date: /home/kaushal/kaushal/moveit_ws/install/moveit_task_constructor_msgs/include/moveit_task_constructor_msgs/moveit_task_constructor_msgs/msg/detail/solution_info__rosidl_typesupport_fastrtps_cpp.hpp
[0.720s] -- Up-to-date: /home/kaushal/kaushal/moveit_ws/install/moveit_task_constructor_msgs/include/moveit_task_constructor_msgs/moveit_task_constructor_msgs/msg/detail/task_statistics__rosidl_typesupport_fastrtps_cpp.hpp
[0.720s] -- Up-to-date: /home/kaushal/kaushal/moveit_ws/install/moveit_task_constructor_msgs/include/moveit_task_constructor_msgs/moveit_task_constructor_msgs/msg/detail/trajectory_execution_info__rosidl_typesupport_fastrtps_cpp.hpp
[0.720s] -- Up-to-date: /home/kaushal/kaushal/moveit_ws/install/moveit_task_constructor_msgs/include/moveit_task_constructor_msgs/moveit_task_constructor_msgs/msg/detail/solution__rosidl_typesupport_fastrtps_cpp.hpp
[0.720s] -- Up-to-date: /home/kaushal/kaushal/moveit_ws/install/moveit_task_constructor_msgs/include/moveit_task_constructor_msgs/moveit_task_constructor_msgs/msg/detail/stage_statistics__rosidl_typesupport_fastrtps_cpp.hpp
[0.720s] -- Up-to-date: /home/kaushal/kaushal/moveit_ws/install/moveit_task_constructor_msgs/include/moveit_task_constructor_msgs/moveit_task_constructor_msgs/msg/detail/stage_description__rosidl_typesupport_fastrtps_cpp.hpp
[0.720s] -- Up-to-date: /home/kaushal/kaushal/moveit_ws/install/moveit_task_constructor_msgs/lib/libmoveit_task_constructor_msgs__rosidl_typesupport_fastrtps_cpp.so
[0.720s] -- Up-to-date: /home/kaushal/kaushal/moveit_ws/install/moveit_task_constructor_msgs/include/moveit_task_constructor_msgs/moveit_task_constructor_msgs
[0.720s] -- Up-to-date: /home/kaushal/kaushal/moveit_ws/install/moveit_task_constructor_msgs/include/moveit_task_constructor_msgs/moveit_task_constructor_msgs/action
[0.720s] -- Up-to-date: /home/kaushal/kaushal/moveit_ws/install/moveit_task_constructor_msgs/include/moveit_task_constructor_msgs/moveit_task_constructor_msgs/action/detail
[0.720s] -- Up-to-date: /home/kaushal/kaushal/moveit_ws/install/moveit_task_constructor_msgs/include/moveit_task_constructor_msgs/moveit_task_constructor_msgs/action/detail/execute_task_solution__rosidl_typesupport_introspection_c.h
[0.720s] -- Up-to-date: /home/kaushal/kaushal/moveit_ws/install/moveit_task_constructor_msgs/include/moveit_task_constructor_msgs/moveit_task_constructor_msgs/action/detail/execute_task_solution__type_support.c
[0.720s] -- Up-to-date: /home/kaushal/kaushal/moveit_ws/install/moveit_task_constructor_msgs/include/moveit_task_constructor_msgs/moveit_task_constructor_msgs/srv
[0.720s] -- Up-to-date: /home/kaushal/kaushal/moveit_ws/install/moveit_task_constructor_msgs/include/moveit_task_constructor_msgs/moveit_task_constructor_msgs/srv/detail
[0.720s] -- Up-to-date: /home/kaushal/kaushal/moveit_ws/install/moveit_task_constructor_msgs/include/moveit_task_constructor_msgs/moveit_task_constructor_msgs/srv/detail/get_solution__rosidl_typesupport_introspection_c.h
[0.720s] -- Up-to-date: /home/kaushal/kaushal/moveit_ws/install/moveit_task_constructor_msgs/include/moveit_task_constructor_msgs/moveit_task_constructor_msgs/srv/detail/get_solution__type_support.c
[0.720s] -- Up-to-date: /home/kaushal/kaushal/moveit_ws/install/moveit_task_constructor_msgs/include/moveit_task_constructor_msgs/moveit_task_constructor_msgs/msg
[0.720s] -- Up-to-date: /home/kaushal/kaushal/moveit_ws/install/moveit_task_constructor_msgs/include/moveit_task_constructor_msgs/moveit_task_constructor_msgs/msg/rosidl_typesupport_introspection_c__visibility_control.h
[0.721s] -- Up-to-date: /home/kaushal/kaushal/moveit_ws/install/moveit_task_constructor_msgs/include/moveit_task_constructor_msgs/moveit_task_constructor_msgs/msg/detail
[0.721s] -- Up-to-date: /home/kaushal/kaushal/moveit_ws/install/moveit_task_constructor_msgs/include/moveit_task_constructor_msgs/moveit_task_constructor_msgs/msg/detail/stage_statistics__type_support.c
[0.721s] -- Up-to-date: /home/kaushal/kaushal/moveit_ws/install/moveit_task_constructor_msgs/include/moveit_task_constructor_msgs/moveit_task_constructor_msgs/msg/detail/sub_trajectory__type_support.c
[0.721s] -- Up-to-date: /home/kaushal/kaushal/moveit_ws/install/moveit_task_constructor_msgs/include/moveit_task_constructor_msgs/moveit_task_constructor_msgs/msg/detail/solution__type_support.c
[0.721s] -- Up-to-date: /home/kaushal/kaushal/moveit_ws/install/moveit_task_constructor_msgs/include/moveit_task_constructor_msgs/moveit_task_constructor_msgs/msg/detail/stage_description__type_support.c
[0.721s] -- Up-to-date: /home/kaushal/kaushal/moveit_ws/install/moveit_task_constructor_msgs/include/moveit_task_constructor_msgs/moveit_task_constructor_msgs/msg/detail/trajectory_execution_info__rosidl_typesupport_introspection_c.h
[0.721s] -- Up-to-date: /home/kaushal/kaushal/moveit_ws/install/moveit_task_constructor_msgs/include/moveit_task_constructor_msgs/moveit_task_constructor_msgs/msg/detail/sub_trajectory__rosidl_typesupport_introspection_c.h
[0.721s] -- Up-to-date: /home/kaushal/kaushal/moveit_ws/install/moveit_task_constructor_msgs/include/moveit_task_constructor_msgs/moveit_task_constructor_msgs/msg/detail/solution__rosidl_typesupport_introspection_c.h
[0.721s] -- Up-to-date: /home/kaushal/kaushal/moveit_ws/install/moveit_task_constructor_msgs/include/moveit_task_constructor_msgs/moveit_task_constructor_msgs/msg/detail/property__type_support.c
[0.721s] -- Up-to-date: /home/kaushal/kaushal/moveit_ws/install/moveit_task_constructor_msgs/include/moveit_task_constructor_msgs/moveit_task_constructor_msgs/msg/detail/task_statistics__rosidl_typesupport_introspection_c.h
[0.721s] -- Up-to-date: /home/kaushal/kaushal/moveit_ws/install/moveit_task_constructor_msgs/include/moveit_task_constructor_msgs/moveit_task_constructor_msgs/msg/detail/stage_statistics__rosidl_typesupport_introspection_c.h
[0.721s] -- Up-to-date: /home/kaushal/kaushal/moveit_ws/install/moveit_task_constructor_msgs/include/moveit_task_constructor_msgs/moveit_task_constructor_msgs/msg/detail/solution_info__type_support.c
[0.722s] -- Up-to-date: /home/kaushal/kaushal/moveit_ws/install/moveit_task_constructor_msgs/include/moveit_task_constructor_msgs/moveit_task_constructor_msgs/msg/detail/task_description__rosidl_typesupport_introspection_c.h
[0.722s] -- Up-to-date: /home/kaushal/kaushal/moveit_ws/install/moveit_task_constructor_msgs/include/moveit_task_constructor_msgs/moveit_task_constructor_msgs/msg/detail/solution_info__rosidl_typesupport_introspection_c.h
[0.722s] -- Up-to-date: /home/kaushal/kaushal/moveit_ws/install/moveit_task_constructor_msgs/include/moveit_task_constructor_msgs/moveit_task_constructor_msgs/msg/detail/sub_solution__rosidl_typesupport_introspection_c.h
[0.722s] -- Up-to-date: /home/kaushal/kaushal/moveit_ws/install/moveit_task_constructor_msgs/include/moveit_task_constructor_msgs/moveit_task_constructor_msgs/msg/detail/property__rosidl_typesupport_introspection_c.h
[0.722s] -- Up-to-date: /home/kaushal/kaushal/moveit_ws/install/moveit_task_constructor_msgs/include/moveit_task_constructor_msgs/moveit_task_constructor_msgs/msg/detail/stage_description__rosidl_typesupport_introspection_c.h
[0.722s] -- Up-to-date: /home/kaushal/kaushal/moveit_ws/install/moveit_task_constructor_msgs/include/moveit_task_constructor_msgs/moveit_task_constructor_msgs/msg/detail/sub_solution__type_support.c
[0.722s] -- Up-to-date: /home/kaushal/kaushal/moveit_ws/install/moveit_task_constructor_msgs/include/moveit_task_constructor_msgs/moveit_task_constructor_msgs/msg/detail/task_description__type_support.c
[0.722s] -- Up-to-date: /home/kaushal/kaushal/moveit_ws/install/moveit_task_constructor_msgs/include/moveit_task_constructor_msgs/moveit_task_constructor_msgs/msg/detail/task_statistics__type_support.c
[0.722s] -- Up-to-date: /home/kaushal/kaushal/moveit_ws/install/moveit_task_constructor_msgs/include/moveit_task_constructor_msgs/moveit_task_constructor_msgs/msg/detail/trajectory_execution_info__type_support.c
[0.722s] -- Up-to-date: /home/kaushal/kaushal/moveit_ws/install/moveit_task_constructor_msgs/lib/libmoveit_task_constructor_msgs__rosidl_typesupport_introspection_c.so
[0.722s] -- Up-to-date: /home/kaushal/kaushal/moveit_ws/install/moveit_task_constructor_msgs/lib/libmoveit_task_constructor_msgs__rosidl_typesupport_c.so
[0.722s] -- Up-to-date: /home/kaushal/kaushal/moveit_ws/install/moveit_task_constructor_msgs/include/moveit_task_constructor_msgs/moveit_task_constructor_msgs
[0.722s] -- Up-to-date: /home/kaushal/kaushal/moveit_ws/install/moveit_task_constructor_msgs/include/moveit_task_constructor_msgs/moveit_task_constructor_msgs/action
[0.722s] -- Up-to-date: /home/kaushal/kaushal/moveit_ws/install/moveit_task_constructor_msgs/include/moveit_task_constructor_msgs/moveit_task_constructor_msgs/action/detail
[0.722s] -- Up-to-date: /home/kaushal/kaushal/moveit_ws/install/moveit_task_constructor_msgs/include/moveit_task_constructor_msgs/moveit_task_constructor_msgs/action/detail/execute_task_solution__type_support.cpp
[0.722s] -- Up-to-date: /home/kaushal/kaushal/moveit_ws/install/moveit_task_constructor_msgs/include/moveit_task_constructor_msgs/moveit_task_constructor_msgs/action/detail/execute_task_solution__rosidl_typesupport_introspection_cpp.hpp
[0.722s] -- Up-to-date: /home/kaushal/kaushal/moveit_ws/install/moveit_task_constructor_msgs/include/moveit_task_constructor_msgs/moveit_task_constructor_msgs/srv
[0.723s] -- Up-to-date: /home/kaushal/kaushal/moveit_ws/install/moveit_task_constructor_msgs/include/moveit_task_constructor_msgs/moveit_task_constructor_msgs/srv/detail
[0.723s] -- Up-to-date: /home/kaushal/kaushal/moveit_ws/install/moveit_task_constructor_msgs/include/moveit_task_constructor_msgs/moveit_task_constructor_msgs/srv/detail/get_solution__rosidl_typesupport_introspection_cpp.hpp
[0.723s] -- Up-to-date: /home/kaushal/kaushal/moveit_ws/install/moveit_task_constructor_msgs/include/moveit_task_constructor_msgs/moveit_task_constructor_msgs/srv/detail/get_solution__type_support.cpp
[0.723s] -- Up-to-date: /home/kaushal/kaushal/moveit_ws/install/moveit_task_constructor_msgs/include/moveit_task_constructor_msgs/moveit_task_constructor_msgs/msg
[0.723s] -- Up-to-date: /home/kaushal/kaushal/moveit_ws/install/moveit_task_constructor_msgs/include/moveit_task_constructor_msgs/moveit_task_constructor_msgs/msg/detail
[0.723s] -- Up-to-date: /home/kaushal/kaushal/moveit_ws/install/moveit_task_constructor_msgs/include/moveit_task_constructor_msgs/moveit_task_constructor_msgs/msg/detail/stage_description__type_support.cpp
[0.723s] -- Up-to-date: /home/kaushal/kaushal/moveit_ws/install/moveit_task_constructor_msgs/include/moveit_task_constructor_msgs/moveit_task_constructor_msgs/msg/detail/task_description__rosidl_typesupport_introspection_cpp.hpp
[0.723s] -- Up-to-date: /home/kaushal/kaushal/moveit_ws/install/moveit_task_constructor_msgs/include/moveit_task_constructor_msgs/moveit_task_constructor_msgs/msg/detail/property__type_support.cpp
[0.723s] -- Up-to-date: /home/kaushal/kaushal/moveit_ws/install/moveit_task_constructor_msgs/include/moveit_task_constructor_msgs/moveit_task_constructor_msgs/msg/detail/solution__type_support.cpp
[0.723s] -- Up-to-date: /home/kaushal/kaushal/moveit_ws/install/moveit_task_constructor_msgs/include/moveit_task_constructor_msgs/moveit_task_constructor_msgs/msg/detail/solution__rosidl_typesupport_introspection_cpp.hpp
[0.723s] -- Up-to-date: /home/kaushal/kaushal/moveit_ws/install/moveit_task_constructor_msgs/include/moveit_task_constructor_msgs/moveit_task_constructor_msgs/msg/detail/stage_statistics__rosidl_typesupport_introspection_cpp.hpp
[0.723s] -- Up-to-date: /home/kaushal/kaushal/moveit_ws/install/moveit_task_constructor_msgs/include/moveit_task_constructor_msgs/moveit_task_constructor_msgs/msg/detail/solution_info__rosidl_typesupport_introspection_cpp.hpp
[0.723s] -- Up-to-date: /home/kaushal/kaushal/moveit_ws/install/moveit_task_constructor_msgs/include/moveit_task_constructor_msgs/moveit_task_constructor_msgs/msg/detail/solution_info__type_support.cpp
[0.723s] -- Up-to-date: /home/kaushal/kaushal/moveit_ws/install/moveit_task_constructor_msgs/include/moveit_task_constructor_msgs/moveit_task_constructor_msgs/msg/detail/sub_trajectory__rosidl_typesupport_introspection_cpp.hpp
[0.723s] -- Up-to-date: /home/kaushal/kaushal/moveit_ws/install/moveit_task_constructor_msgs/include/moveit_task_constructor_msgs/moveit_task_constructor_msgs/msg/detail/sub_solution__type_support.cpp
[0.723s] -- Up-to-date: /home/kaushal/kaushal/moveit_ws/install/moveit_task_constructor_msgs/include/moveit_task_constructor_msgs/moveit_task_constructor_msgs/msg/detail/property__rosidl_typesupport_introspection_cpp.hpp
[0.723s] -- Up-to-date: /home/kaushal/kaushal/moveit_ws/install/moveit_task_constructor_msgs/include/moveit_task_constructor_msgs/moveit_task_constructor_msgs/msg/detail/trajectory_execution_info__rosidl_typesupport_introspection_cpp.hpp
[0.723s] -- Up-to-date: /home/kaushal/kaushal/moveit_ws/install/moveit_task_constructor_msgs/include/moveit_task_constructor_msgs/moveit_task_constructor_msgs/msg/detail/task_statistics__rosidl_typesupport_introspection_cpp.hpp
[0.724s] -- Up-to-date: /home/kaushal/kaushal/moveit_ws/install/moveit_task_constructor_msgs/include/moveit_task_constructor_msgs/moveit_task_constructor_msgs/msg/detail/sub_solution__rosidl_typesupport_introspection_cpp.hpp
[0.724s] -- Up-to-date: /home/kaushal/kaushal/moveit_ws/install/moveit_task_constructor_msgs/include/moveit_task_constructor_msgs/moveit_task_constructor_msgs/msg/detail/task_statistics__type_support.cpp
[0.724s] -- Up-to-date: /home/kaushal/kaushal/moveit_ws/install/moveit_task_constructor_msgs/include/moveit_task_constructor_msgs/moveit_task_constructor_msgs/msg/detail/stage_description__rosidl_typesupport_introspection_cpp.hpp
[0.724s] -- Up-to-date: /home/kaushal/kaushal/moveit_ws/install/moveit_task_constructor_msgs/include/moveit_task_constructor_msgs/moveit_task_constructor_msgs/msg/detail/sub_trajectory__type_support.cpp
[0.724s] -- Up-to-date: /home/kaushal/kaushal/moveit_ws/install/moveit_task_constructor_msgs/include/moveit_task_constructor_msgs/moveit_task_constructor_msgs/msg/detail/trajectory_execution_info__type_support.cpp
[0.724s] -- Up-to-date: /home/kaushal/kaushal/moveit_ws/install/moveit_task_constructor_msgs/include/moveit_task_constructor_msgs/moveit_task_constructor_msgs/msg/detail/stage_statistics__type_support.cpp
[0.724s] -- Up-to-date: /home/kaushal/kaushal/moveit_ws/install/moveit_task_constructor_msgs/include/moveit_task_constructor_msgs/moveit_task_constructor_msgs/msg/detail/task_description__type_support.cpp
[0.724s] -- Up-to-date: /home/kaushal/kaushal/moveit_ws/install/moveit_task_constructor_msgs/lib/libmoveit_task_constructor_msgs__rosidl_typesupport_introspection_cpp.so
[0.724s] -- Up-to-date: /home/kaushal/kaushal/moveit_ws/install/moveit_task_constructor_msgs/lib/libmoveit_task_constructor_msgs__rosidl_typesupport_cpp.so
[0.724s] -- Up-to-date: /home/kaushal/kaushal/moveit_ws/install/moveit_task_constructor_msgs/share/moveit_task_constructor_msgs/environment/pythonpath.sh
[0.724s] -- Up-to-date: /home/kaushal/kaushal/moveit_ws/install/moveit_task_constructor_msgs/share/moveit_task_constructor_msgs/environment/pythonpath.dsv
[0.724s] -- Up-to-date: /home/kaushal/kaushal/moveit_ws/install/moveit_task_constructor_msgs/local/lib/python3.10/dist-packages/moveit_task_constructor_msgs-0.1.3-py3.10.egg-info
[0.726s] -- Installing: /home/kaushal/kaushal/moveit_ws/install/moveit_task_constructor_msgs/local/lib/python3.10/dist-packages/moveit_task_constructor_msgs-0.1.3-py3.10.egg-info/PKG-INFO
[0.726s] -- Installing: /home/kaushal/kaushal/moveit_ws/install/moveit_task_constructor_msgs/local/lib/python3.10/dist-packages/moveit_task_constructor_msgs-0.1.3-py3.10.egg-info/SOURCES.txt
[0.726s] -- Installing: /home/kaushal/kaushal/moveit_ws/install/moveit_task_constructor_msgs/local/lib/python3.10/dist-packages/moveit_task_constructor_msgs-0.1.3-py3.10.egg-info/dependency_links.txt
[0.726s] -- Installing: /home/kaushal/kaushal/moveit_ws/install/moveit_task_constructor_msgs/local/lib/python3.10/dist-packages/moveit_task_constructor_msgs-0.1.3-py3.10.egg-info/top_level.txt
[0.726s] -- Up-to-date: /home/kaushal/kaushal/moveit_ws/install/moveit_task_constructor_msgs/local/lib/python3.10/dist-packages/moveit_task_constructor_msgs
[0.726s] -- Up-to-date: /home/kaushal/kaushal/moveit_ws/install/moveit_task_constructor_msgs/local/lib/python3.10/dist-packages/moveit_task_constructor_msgs/_moveit_task_constructor_msgs_s.ep.rosidl_typesupport_introspection_c.c
[0.727s] -- Up-to-date: /home/kaushal/kaushal/moveit_ws/install/moveit_task_constructor_msgs/local/lib/python3.10/dist-packages/moveit_task_constructor_msgs/moveit_task_constructor_msgs_s__rosidl_typesupport_fastrtps_c.cpython-310-x86_64-linux-gnu.so
[0.727s] -- Up-to-date: /home/kaushal/kaushal/moveit_ws/install/moveit_task_constructor_msgs/local/lib/python3.10/dist-packages/moveit_task_constructor_msgs/moveit_task_constructor_msgs_s__rosidl_typesupport_introspection_c.cpython-310-x86_64-linux-gnu.so
[0.727s] -- Up-to-date: /home/kaushal/kaushal/moveit_ws/install/moveit_task_constructor_msgs/local/lib/python3.10/dist-packages/moveit_task_constructor_msgs/__init__.py
[0.727s] -- Up-to-date: /home/kaushal/kaushal/moveit_ws/install/moveit_task_constructor_msgs/local/lib/python3.10/dist-packages/moveit_task_constructor_msgs/action
[0.727s] -- Up-to-date: /home/kaushal/kaushal/moveit_ws/install/moveit_task_constructor_msgs/local/lib/python3.10/dist-packages/moveit_task_constructor_msgs/action/_execute_task_solution.py
[0.727s] -- Up-to-date: /home/kaushal/kaushal/moveit_ws/install/moveit_task_constructor_msgs/local/lib/python3.10/dist-packages/moveit_task_constructor_msgs/action/__init__.py
[0.727s] -- Up-to-date: /home/kaushal/kaushal/moveit_ws/install/moveit_task_constructor_msgs/local/lib/python3.10/dist-packages/moveit_task_constructor_msgs/action/_execute_task_solution_s.c
[0.727s] -- Up-to-date: /home/kaushal/kaushal/moveit_ws/install/moveit_task_constructor_msgs/local/lib/python3.10/dist-packages/moveit_task_constructor_msgs/libmoveit_task_constructor_msgs__rosidl_generator_py.so
[0.727s] -- Up-to-date: /home/kaushal/kaushal/moveit_ws/install/moveit_task_constructor_msgs/local/lib/python3.10/dist-packages/moveit_task_constructor_msgs/srv
[0.727s] -- Up-to-date: /home/kaushal/kaushal/moveit_ws/install/moveit_task_constructor_msgs/local/lib/python3.10/dist-packages/moveit_task_constructor_msgs/srv/_get_solution_s.c
[0.727s] -- Up-to-date: /home/kaushal/kaushal/moveit_ws/install/moveit_task_constructor_msgs/local/lib/python3.10/dist-packages/moveit_task_constructor_msgs/srv/__init__.py
[0.727s] -- Up-to-date: /home/kaushal/kaushal/moveit_ws/install/moveit_task_constructor_msgs/local/lib/python3.10/dist-packages/moveit_task_constructor_msgs/srv/_get_solution.py
[0.728s] -- Up-to-date: /home/kaushal/kaushal/moveit_ws/install/moveit_task_constructor_msgs/local/lib/python3.10/dist-packages/moveit_task_constructor_msgs/_moveit_task_constructor_msgs_s.ep.rosidl_typesupport_c.c
[0.728s] -- Up-to-date: /home/kaushal/kaushal/moveit_ws/install/moveit_task_constructor_msgs/local/lib/python3.10/dist-packages/moveit_task_constructor_msgs/_moveit_task_constructor_msgs_s.ep.rosidl_typesupport_fastrtps_c.c
[0.728s] -- Up-to-date: /home/kaushal/kaushal/moveit_ws/install/moveit_task_constructor_msgs/local/lib/python3.10/dist-packages/moveit_task_constructor_msgs/moveit_task_constructor_msgs_s__rosidl_typesupport_c.cpython-310-x86_64-linux-gnu.so
[0.728s] -- Up-to-date: /home/kaushal/kaushal/moveit_ws/install/moveit_task_constructor_msgs/local/lib/python3.10/dist-packages/moveit_task_constructor_msgs/msg
[0.728s] -- Up-to-date: /home/kaushal/kaushal/moveit_ws/install/moveit_task_constructor_msgs/local/lib/python3.10/dist-packages/moveit_task_constructor_msgs/msg/_sub_trajectory_s.c
[0.728s] -- Up-to-date: /home/kaushal/kaushal/moveit_ws/install/moveit_task_constructor_msgs/local/lib/python3.10/dist-packages/moveit_task_constructor_msgs/msg/_task_statistics.py
[0.728s] -- Up-to-date: /home/kaushal/kaushal/moveit_ws/install/moveit_task_constructor_msgs/local/lib/python3.10/dist-packages/moveit_task_constructor_msgs/msg/_solution_info_s.c
[0.728s] -- Up-to-date: /home/kaushal/kaushal/moveit_ws/install/moveit_task_constructor_msgs/local/lib/python3.10/dist-packages/moveit_task_constructor_msgs/msg/_trajectory_execution_info_s.c
[0.728s] -- Up-to-date: /home/kaushal/kaushal/moveit_ws/install/moveit_task_constructor_msgs/local/lib/python3.10/dist-packages/moveit_task_constructor_msgs/msg/_solution_s.c
[0.729s] -- Up-to-date: /home/kaushal/kaushal/moveit_ws/install/moveit_task_constructor_msgs/local/lib/python3.10/dist-packages/moveit_task_constructor_msgs/msg/_sub_solution_s.c
[0.729s] -- Up-to-date: /home/kaushal/kaushal/moveit_ws/install/moveit_task_constructor_msgs/local/lib/python3.10/dist-packages/moveit_task_constructor_msgs/msg/_sub_solution.py
[0.729s] -- Up-to-date: /home/kaushal/kaushal/moveit_ws/install/moveit_task_constructor_msgs/local/lib/python3.10/dist-packages/moveit_task_constructor_msgs/msg/_stage_statistics.py
[0.729s] -- Up-to-date: /home/kaushal/kaushal/moveit_ws/install/moveit_task_constructor_msgs/local/lib/python3.10/dist-packages/moveit_task_constructor_msgs/msg/_solution_info.py
[0.729s] -- Up-to-date: /home/kaushal/kaushal/moveit_ws/install/moveit_task_constructor_msgs/local/lib/python3.10/dist-packages/moveit_task_constructor_msgs/msg/_sub_trajectory.py
[0.729s] -- Up-to-date: /home/kaushal/kaushal/moveit_ws/install/moveit_task_constructor_msgs/local/lib/python3.10/dist-packages/moveit_task_constructor_msgs/msg/__init__.py
[0.729s] -- Up-to-date: /home/kaushal/kaushal/moveit_ws/install/moveit_task_constructor_msgs/local/lib/python3.10/dist-packages/moveit_task_constructor_msgs/msg/_stage_description.py
[0.729s] -- Up-to-date: /home/kaushal/kaushal/moveit_ws/install/moveit_task_constructor_msgs/local/lib/python3.10/dist-packages/moveit_task_constructor_msgs/msg/_property_s.c
[0.729s] -- Up-to-date: /home/kaushal/kaushal/moveit_ws/install/moveit_task_constructor_msgs/local/lib/python3.10/dist-packages/moveit_task_constructor_msgs/msg/_task_description.py
[0.729s] -- Up-to-date: /home/kaushal/kaushal/moveit_ws/install/moveit_task_constructor_msgs/local/lib/python3.10/dist-packages/moveit_task_constructor_msgs/msg/_trajectory_execution_info.py
[0.729s] -- Up-to-date: /home/kaushal/kaushal/moveit_ws/install/moveit_task_constructor_msgs/local/lib/python3.10/dist-packages/moveit_task_constructor_msgs/msg/_stage_statistics_s.c
[0.729s] -- Up-to-date: /home/kaushal/kaushal/moveit_ws/install/moveit_task_constructor_msgs/local/lib/python3.10/dist-packages/moveit_task_constructor_msgs/msg/_task_statistics_s.c
[0.729s] -- Up-to-date: /home/kaushal/kaushal/moveit_ws/install/moveit_task_constructor_msgs/local/lib/python3.10/dist-packages/moveit_task_constructor_msgs/msg/_stage_description_s.c
[0.730s] -- Up-to-date: /home/kaushal/kaushal/moveit_ws/install/moveit_task_constructor_msgs/local/lib/python3.10/dist-packages/moveit_task_constructor_msgs/msg/_property.py
[0.730s] -- Up-to-date: /home/kaushal/kaushal/moveit_ws/install/moveit_task_constructor_msgs/local/lib/python3.10/dist-packages/moveit_task_constructor_msgs/msg/_task_description_s.c
[0.730s] -- Up-to-date: /home/kaushal/kaushal/moveit_ws/install/moveit_task_constructor_msgs/local/lib/python3.10/dist-packages/moveit_task_constructor_msgs/msg/_solution.py
[0.744s] Listing '/home/kaushal/kaushal/moveit_ws/install/moveit_task_constructor_msgs/local/lib/python3.10/dist-packages/moveit_task_constructor_msgs'...
[0.744s] Listing '/home/kaushal/kaushal/moveit_ws/install/moveit_task_constructor_msgs/local/lib/python3.10/dist-packages/moveit_task_constructor_msgs/action'...
[0.744s] Listing '/home/kaushal/kaushal/moveit_ws/install/moveit_task_constructor_msgs/local/lib/python3.10/dist-packages/moveit_task_constructor_msgs/msg'...
[0.744s] Listing '/home/kaushal/kaushal/moveit_ws/install/moveit_task_constructor_msgs/local/lib/python3.10/dist-packages/moveit_task_constructor_msgs/srv'...
[0.749s] -- Up-to-date: /home/kaushal/kaushal/moveit_ws/install/moveit_task_constructor_msgs/local/lib/python3.10/dist-packages/moveit_task_constructor_msgs/moveit_task_constructor_msgs_s__rosidl_typesupport_fastrtps_c.cpython-310-x86_64-linux-gnu.so
[0.749s] -- Up-to-date: /home/kaushal/kaushal/moveit_ws/install/moveit_task_constructor_msgs/local/lib/python3.10/dist-packages/moveit_task_constructor_msgs/moveit_task_constructor_msgs_s__rosidl_typesupport_introspection_c.cpython-310-x86_64-linux-gnu.so
[0.750s] -- Up-to-date: /home/kaushal/kaushal/moveit_ws/install/moveit_task_constructor_msgs/local/lib/python3.10/dist-packages/moveit_task_constructor_msgs/moveit_task_constructor_msgs_s__rosidl_typesupport_c.cpython-310-x86_64-linux-gnu.so
[0.750s] -- Up-to-date: /home/kaushal/kaushal/moveit_ws/install/moveit_task_constructor_msgs/lib/libmoveit_task_constructor_msgs__rosidl_generator_py.so
[0.750s] -- Up-to-date: /home/kaushal/kaushal/moveit_ws/install/moveit_task_constructor_msgs/share/moveit_task_constructor_msgs/msg/Property.idl
[0.750s] -- Up-to-date: /home/kaushal/kaushal/moveit_ws/install/moveit_task_constructor_msgs/share/moveit_task_constructor_msgs/msg/Solution.idl
[0.750s] -- Up-to-date: /home/kaushal/kaushal/moveit_ws/install/moveit_task_constructor_msgs/share/moveit_task_constructor_msgs/msg/SolutionInfo.idl
[0.750s] -- Up-to-date: /home/kaushal/kaushal/moveit_ws/install/moveit_task_constructor_msgs/share/moveit_task_constructor_msgs/msg/StageDescription.idl
[0.751s] -- Up-to-date: /home/kaushal/kaushal/moveit_ws/install/moveit_task_constructor_msgs/share/moveit_task_constructor_msgs/msg/StageStatistics.idl
[0.751s] -- Up-to-date: /home/kaushal/kaushal/moveit_ws/install/moveit_task_constructor_msgs/share/moveit_task_constructor_msgs/msg/SubSolution.idl
[0.751s] -- Up-to-date: /home/kaushal/kaushal/moveit_ws/install/moveit_task_constructor_msgs/share/moveit_task_constructor_msgs/msg/SubTrajectory.idl
[0.751s] -- Up-to-date: /home/kaushal/kaushal/moveit_ws/install/moveit_task_constructor_msgs/share/moveit_task_constructor_msgs/msg/TaskDescription.idl
[0.751s] -- Up-to-date: /home/kaushal/kaushal/moveit_ws/install/moveit_task_constructor_msgs/share/moveit_task_constructor_msgs/msg/TaskStatistics.idl
[0.751s] -- Up-to-date: /home/kaushal/kaushal/moveit_ws/install/moveit_task_constructor_msgs/share/moveit_task_constructor_msgs/msg/TrajectoryExecutionInfo.idl
[0.751s] -- Up-to-date: /home/kaushal/kaushal/moveit_ws/install/moveit_task_constructor_msgs/share/moveit_task_constructor_msgs/srv/GetSolution.idl
[0.751s] -- Up-to-date: /home/kaushal/kaushal/moveit_ws/install/moveit_task_constructor_msgs/share/moveit_task_constructor_msgs/action/ExecuteTaskSolution.idl
[0.751s] -- Up-to-date: /home/kaushal/kaushal/moveit_ws/install/moveit_task_constructor_msgs/share/moveit_task_constructor_msgs/msg/Property.msg
[0.751s] -- Up-to-date: /home/kaushal/kaushal/moveit_ws/install/moveit_task_constructor_msgs/share/moveit_task_constructor_msgs/msg/Solution.msg
[0.751s] -- Up-to-date: /home/kaushal/kaushal/moveit_ws/install/moveit_task_constructor_msgs/share/moveit_task_constructor_msgs/msg/SolutionInfo.msg
[0.751s] -- Up-to-date: /home/kaushal/kaushal/moveit_ws/install/moveit_task_constructor_msgs/share/moveit_task_constructor_msgs/msg/StageDescription.msg
[0.752s] -- Up-to-date: /home/kaushal/kaushal/moveit_ws/install/moveit_task_constructor_msgs/share/moveit_task_constructor_msgs/msg/StageStatistics.msg
[0.752s] -- Up-to-date: /home/kaushal/kaushal/moveit_ws/install/moveit_task_constructor_msgs/share/moveit_task_constructor_msgs/msg/SubSolution.msg
[0.752s] -- Up-to-date: /home/kaushal/kaushal/moveit_ws/install/moveit_task_constructor_msgs/share/moveit_task_constructor_msgs/msg/SubTrajectory.msg
[0.752s] -- Up-to-date: /home/kaushal/kaushal/moveit_ws/install/moveit_task_constructor_msgs/share/moveit_task_constructor_msgs/msg/TaskDescription.msg
[0.752s] -- Up-to-date: /home/kaushal/kaushal/moveit_ws/install/moveit_task_constructor_msgs/share/moveit_task_constructor_msgs/msg/TaskStatistics.msg
[0.752s] -- Up-to-date: /home/kaushal/kaushal/moveit_ws/install/moveit_task_constructor_msgs/share/moveit_task_constructor_msgs/msg/TrajectoryExecutionInfo.msg
[0.752s] -- Up-to-date: /home/kaushal/kaushal/moveit_ws/install/moveit_task_constructor_msgs/share/moveit_task_constructor_msgs/srv/GetSolution.srv
[0.752s] -- Up-to-date: /home/kaushal/kaushal/moveit_ws/install/moveit_task_constructor_msgs/share/moveit_task_constructor_msgs/srv/GetSolution_Request.msg
[0.752s] -- Up-to-date: /home/kaushal/kaushal/moveit_ws/install/moveit_task_constructor_msgs/share/moveit_task_constructor_msgs/srv/GetSolution_Response.msg
[0.752s] -- Up-to-date: /home/kaushal/kaushal/moveit_ws/install/moveit_task_constructor_msgs/share/moveit_task_constructor_msgs/action/ExecuteTaskSolution.action
[0.752s] -- Up-to-date: /home/kaushal/kaushal/moveit_ws/install/moveit_task_constructor_msgs/share/ament_index/resource_index/package_run_dependencies/moveit_task_constructor_msgs
[0.752s] -- Up-to-date: /home/kaushal/kaushal/moveit_ws/install/moveit_task_constructor_msgs/share/ament_index/resource_index/parent_prefix_path/moveit_task_constructor_msgs
[0.753s] -- Up-to-date: /home/kaushal/kaushal/moveit_ws/install/moveit_task_constructor_msgs/share/moveit_task_constructor_msgs/environment/ament_prefix_path.sh
[0.753s] -- Up-to-date: /home/kaushal/kaushal/moveit_ws/install/moveit_task_constructor_msgs/share/moveit_task_constructor_msgs/environment/ament_prefix_path.dsv
[0.753s] -- Up-to-date: /home/kaushal/kaushal/moveit_ws/install/moveit_task_constructor_msgs/share/moveit_task_constructor_msgs/environment/path.sh
[0.753s] -- Up-to-date: /home/kaushal/kaushal/moveit_ws/install/moveit_task_constructor_msgs/share/moveit_task_constructor_msgs/environment/path.dsv
[0.753s] -- Up-to-date: /home/kaushal/kaushal/moveit_ws/install/moveit_task_constructor_msgs/share/moveit_task_constructor_msgs/local_setup.bash
[0.753s] -- Up-to-date: /home/kaushal/kaushal/moveit_ws/install/moveit_task_constructor_msgs/share/moveit_task_constructor_msgs/local_setup.sh
[0.753s] -- Up-to-date: /home/kaushal/kaushal/moveit_ws/install/moveit_task_constructor_msgs/share/moveit_task_constructor_msgs/local_setup.zsh
[0.753s] -- Up-to-date: /home/kaushal/kaushal/moveit_ws/install/moveit_task_constructor_msgs/share/moveit_task_constructor_msgs/local_setup.dsv
[0.753s] -- Installing: /home/kaushal/kaushal/moveit_ws/install/moveit_task_constructor_msgs/share/moveit_task_constructor_msgs/package.dsv
[0.753s] -- Up-to-date: /home/kaushal/kaushal/moveit_ws/install/moveit_task_constructor_msgs/share/ament_index/resource_index/packages/moveit_task_constructor_msgs
[0.753s] -- Up-to-date: /home/kaushal/kaushal/moveit_ws/install/moveit_task_constructor_msgs/share/moveit_task_constructor_msgs/cmake/export_moveit_task_constructor_msgs__rosidl_generator_cExport.cmake
[0.753s] -- Up-to-date: /home/kaushal/kaushal/moveit_ws/install/moveit_task_constructor_msgs/share/moveit_task_constructor_msgs/cmake/export_moveit_task_constructor_msgs__rosidl_generator_cExport-debug.cmake
[0.753s] -- Up-to-date: /home/kaushal/kaushal/moveit_ws/install/moveit_task_constructor_msgs/share/moveit_task_constructor_msgs/cmake/export_moveit_task_constructor_msgs__rosidl_typesupport_fastrtps_cExport.cmake
[0.754s] -- Up-to-date: /home/kaushal/kaushal/moveit_ws/install/moveit_task_constructor_msgs/share/moveit_task_constructor_msgs/cmake/export_moveit_task_constructor_msgs__rosidl_typesupport_fastrtps_cExport-debug.cmake
[0.754s] -- Up-to-date: /home/kaushal/kaushal/moveit_ws/install/moveit_task_constructor_msgs/share/moveit_task_constructor_msgs/cmake/export_moveit_task_constructor_msgs__rosidl_generator_cppExport.cmake
[0.754s] -- Up-to-date: /home/kaushal/kaushal/moveit_ws/install/moveit_task_constructor_msgs/share/moveit_task_constructor_msgs/cmake/export_moveit_task_constructor_msgs__rosidl_typesupport_fastrtps_cppExport.cmake
[0.754s] -- Up-to-date: /home/kaushal/kaushal/moveit_ws/install/moveit_task_constructor_msgs/share/moveit_task_constructor_msgs/cmake/export_moveit_task_constructor_msgs__rosidl_typesupport_fastrtps_cppExport-debug.cmake
[0.754s] -- Up-to-date: /home/kaushal/kaushal/moveit_ws/install/moveit_task_constructor_msgs/share/moveit_task_constructor_msgs/cmake/moveit_task_constructor_msgs__rosidl_typesupport_introspection_cExport.cmake
[0.754s] -- Up-to-date: /home/kaushal/kaushal/moveit_ws/install/moveit_task_constructor_msgs/share/moveit_task_constructor_msgs/cmake/moveit_task_constructor_msgs__rosidl_typesupport_introspection_cExport-debug.cmake
[0.754s] -- Up-to-date: /home/kaushal/kaushal/moveit_ws/install/moveit_task_constructor_msgs/share/moveit_task_constructor_msgs/cmake/moveit_task_constructor_msgs__rosidl_typesupport_cExport.cmake
[0.754s] -- Up-to-date: /home/kaushal/kaushal/moveit_ws/install/moveit_task_constructor_msgs/share/moveit_task_constructor_msgs/cmake/moveit_task_constructor_msgs__rosidl_typesupport_cExport-debug.cmake
[0.754s] -- Up-to-date: /home/kaushal/kaushal/moveit_ws/install/moveit_task_constructor_msgs/share/moveit_task_constructor_msgs/cmake/moveit_task_constructor_msgs__rosidl_typesupport_introspection_cppExport.cmake
[0.754s] -- Up-to-date: /home/kaushal/kaushal/moveit_ws/install/moveit_task_constructor_msgs/share/moveit_task_constructor_msgs/cmake/moveit_task_constructor_msgs__rosidl_typesupport_introspection_cppExport-debug.cmake
[0.754s] -- Up-to-date: /home/kaushal/kaushal/moveit_ws/install/moveit_task_constructor_msgs/share/moveit_task_constructor_msgs/cmake/moveit_task_constructor_msgs__rosidl_typesupport_cppExport.cmake
[0.755s] -- Up-to-date: /home/kaushal/kaushal/moveit_ws/install/moveit_task_constructor_msgs/share/moveit_task_constructor_msgs/cmake/moveit_task_constructor_msgs__rosidl_typesupport_cppExport-debug.cmake
[0.755s] -- Up-to-date: /home/kaushal/kaushal/moveit_ws/install/moveit_task_constructor_msgs/share/moveit_task_constructor_msgs/cmake/export_moveit_task_constructor_msgs__rosidl_generator_pyExport.cmake
[0.755s] -- Up-to-date: /home/kaushal/kaushal/moveit_ws/install/moveit_task_constructor_msgs/share/moveit_task_constructor_msgs/cmake/export_moveit_task_constructor_msgs__rosidl_generator_pyExport-debug.cmake
[0.755s] -- Up-to-date: /home/kaushal/kaushal/moveit_ws/install/moveit_task_constructor_msgs/share/moveit_task_constructor_msgs/cmake/rosidl_cmake-extras.cmake
[0.755s] -- Up-to-date: /home/kaushal/kaushal/moveit_ws/install/moveit_task_constructor_msgs/share/moveit_task_constructor_msgs/cmake/ament_cmake_export_dependencies-extras.cmake
[0.755s] -- Up-to-date: /home/kaushal/kaushal/moveit_ws/install/moveit_task_constructor_msgs/share/moveit_task_constructor_msgs/cmake/ament_cmake_export_include_directories-extras.cmake
[0.755s] -- Up-to-date: /home/kaushal/kaushal/moveit_ws/install/moveit_task_constructor_msgs/share/moveit_task_constructor_msgs/cmake/ament_cmake_export_libraries-extras.cmake
[0.755s] -- Up-to-date: /home/kaushal/kaushal/moveit_ws/install/moveit_task_constructor_msgs/share/moveit_task_constructor_msgs/cmake/ament_cmake_export_targets-extras.cmake
[0.756s] -- Up-to-date: /home/kaushal/kaushal/moveit_ws/install/moveit_task_constructor_msgs/share/moveit_task_constructor_msgs/cmake/rosidl_cmake_export_typesupport_targets-extras.cmake
[0.756s] -- Up-to-date: /home/kaushal/kaushal/moveit_ws/install/moveit_task_constructor_msgs/share/moveit_task_constructor_msgs/cmake/rosidl_cmake_export_typesupport_libraries-extras.cmake
[0.756s] -- Up-to-date: /home/kaushal/kaushal/moveit_ws/install/moveit_task_constructor_msgs/share/moveit_task_constructor_msgs/cmake/moveit_task_constructor_msgsConfig.cmake
[0.756s] -- Up-to-date: /home/kaushal/kaushal/moveit_ws/install/moveit_task_constructor_msgs/share/moveit_task_constructor_msgs/cmake/moveit_task_constructor_msgsConfig-version.cmake
[0.756s] -- Up-to-date: /home/kaushal/kaushal/moveit_ws/install/moveit_task_constructor_msgs/share/moveit_task_constructor_msgs/package.xml
[0.758s] Invoked command in '/home/kaushal/kaushal/moveit_ws/build/moveit_task_constructor_msgs' returned '0': CMAKE_PREFIX_PATH=${CMAKE_PREFIX_PATH}:/home/kaushal/kaushal/moveit_ws/install/moveit_configs_utils:/home/kaushal/kaushal/moveit_ws/install/launch_param_builder:/opt/ros/humble /usr/bin/cmake --install /home/kaushal/kaushal/moveit_ws/build/moveit_task_constructor_msgs
