[ 50%] [32mBuilding CXX object CMakeFiles/cartesian_planner.dir/src/cartesian_planner.cpp.o[0m
[100%] [32m[1mLinking CXX executable cartesian_planner[0m
[100%] Built target cartesian_planner
-- Install configuration: ""
-- Installing: /home/kaushal/kaushal/moveit_ws/install/cartesian_motion/lib/cartesian_motion/cartesian_planner
-- Set runtime path of "/home/kaushal/kaushal/moveit_ws/install/cartesian_motion/lib/cartesian_motion/cartesian_planner" to ""
-- Installing: /home/kaushal/kaushal/moveit_ws/install/cartesian_motion/share/ament_index/resource_index/package_run_dependencies/cartesian_motion
-- Installing: /home/kaushal/kaushal/moveit_ws/install/cartesian_motion/share/ament_index/resource_index/parent_prefix_path/cartesian_motion
-- Up-to-date: /home/kaushal/kaushal/moveit_ws/install/cartesian_motion/share/cartesian_motion/environment/ament_prefix_path.sh
-- Installing: /home/kaushal/kaushal/moveit_ws/install/cartesian_motion/share/cartesian_motion/environment/ament_prefix_path.dsv
-- Up-to-date: /home/kaushal/kaushal/moveit_ws/install/cartesian_motion/share/cartesian_motion/environment/path.sh
-- Installing: /home/kaushal/kaushal/moveit_ws/install/cartesian_motion/share/cartesian_motion/environment/path.dsv
-- Up-to-date: /home/kaushal/kaushal/moveit_ws/install/cartesian_motion/share/cartesian_motion/local_setup.bash
-- Up-to-date: /home/kaushal/kaushal/moveit_ws/install/cartesian_motion/share/cartesian_motion/local_setup.sh
-- Up-to-date: /home/kaushal/kaushal/moveit_ws/install/cartesian_motion/share/cartesian_motion/local_setup.zsh
-- Installing: /home/kaushal/kaushal/moveit_ws/install/cartesian_motion/share/cartesian_motion/local_setup.dsv
-- Installing: /home/kaushal/kaushal/moveit_ws/install/cartesian_motion/share/cartesian_motion/package.dsv
-- Up-to-date: /home/kaushal/kaushal/moveit_ws/install/cartesian_motion/share/ament_index/resource_index/packages/cartesian_motion
-- Up-to-date: /home/kaushal/kaushal/moveit_ws/install/cartesian_motion/share/cartesian_motion/cmake/cartesian_motionConfig.cmake
-- Up-to-date: /home/kaushal/kaushal/moveit_ws/install/cartesian_motion/share/cartesian_motion/cmake/cartesian_motionConfig-version.cmake
-- Installing: /home/kaushal/kaushal/moveit_ws/install/cartesian_motion/share/cartesian_motion/package.xml
