[  2%] Built target gtest
[  6%] Built target gtest_main
[  7%] Built target gmock_main
[ 10%] Built target gmock
[ 13%] Built target planning_context_loader_base
[ 21%] Built target joint_limits_common
[ 26%] Built target trajectory_generation_common
[ 28%] Built target unittest_joint_limits_validator
[ 31%] Built target unittest_joint_limits_container
[ 33%] Built target unittest_joint_limit
[ 36%] Built target pilz_industrial_motion_planner
[ 38%] Built target unittest_cartesian_limits_aggregator
[ 40%] Built target unittest_joint_limits_aggregator
[ 44%] Built target command_list_manager
[ 51%] Built target pilz_industrial_motion_planner_test_utils
[ 51%] Built target planning_context_loader_ptp
[ 56%] Built target planning_context_loader_lin
[ 61%] Built target planning_context_loader_circ
[ 65%] Built target unittest_velocity_profile_atrap
[ 67%] Built target unittest_pilz_industrial_motion_planner
[ 69%] Built target unittest_get_solver_tip_frame
[ 74%] Built target unittest_pilz_industrial_motion_planner_direct
[ 75%] Built target unittest_trajectory_generator
[ 83%] Built target unittest_planning_context_loaders
[ 83%] Built target unittest_trajectory_functions
[ 83%] Built target unittest_trajectory_generator_common
[ 85%] Built target unittest_trajectory_generator_lin
[ 89%] Built target sequence_capability
[ 92%] Built target unittest_planning_context
[ 93%] Built target unittest_trajectory_generator_circ
[ 97%] Built target unittest_trajectory_blender_transition_window
[100%] Built target unittest_trajectory_generator_ptp
