[0.226s] Invoking command in '/home/kaushal/kaushal/moveit_ws/build/moveit_task_constructor_msgs': CMAKE_PREFIX_PATH=/opt/ros/humble /usr/bin/cmake --build /home/kaushal/kaushal/moveit_ws/build/moveit_task_constructor_msgs -- -j16 -l16
[0.323s] [  0%] Built target moveit_task_constructor_msgs__cpp
[0.328s] [ 12%] Built target moveit_task_constructor_msgs__rosidl_generator_c
[0.330s] [ 12%] Built target ament_cmake_python_copy_moveit_task_constructor_msgs
[0.330s] [ 28%] Built target moveit_task_constructor_msgs__rosidl_typesupport_introspection_cpp
[0.330s] [ 36%] Built target moveit_task_constructor_msgs__rosidl_typesupport_cpp
[0.330s] [ 52%] Built target moveit_task_constructor_msgs__rosidl_typesupport_introspection_c
[0.330s] [ 59%] Built target moveit_task_constructor_msgs__rosidl_typesupport_fastrtps_cpp
[0.330s] [ 71%] Built target moveit_task_constructor_msgs__rosidl_typesupport_c
[0.331s] [ 83%] Built target moveit_task_constructor_msgs__rosidl_typesupport_fastrtps_c
[0.340s] [ 83%] Built target moveit_task_constructor_msgs
[0.367s] [ 84%] Built target moveit_task_constructor_msgs__py
[0.388s] [ 95%] Built target moveit_task_constructor_msgs__rosidl_generator_py
[0.409s] [100%] Built target moveit_task_constructor_msgs__rosidl_typesupport_fastrtps_c__pyext
[0.409s] [100%] Built target moveit_task_constructor_msgs__rosidl_typesupport_introspection_c__pyext
[0.409s] [100%] Built target moveit_task_constructor_msgs__rosidl_typesupport_c__pyext
[0.509s] running egg_info
[0.509s] writing moveit_task_constructor_msgs.egg-info/PKG-INFO
[0.510s] writing dependency_links to moveit_task_constructor_msgs.egg-info/dependency_links.txt
[0.510s] writing top-level names to moveit_task_constructor_msgs.egg-info/top_level.txt
[0.512s] reading manifest file 'moveit_task_constructor_msgs.egg-info/SOURCES.txt'
[0.512s] writing manifest file 'moveit_task_constructor_msgs.egg-info/SOURCES.txt'
[0.541s] [100%] Built target ament_cmake_python_build_moveit_task_constructor_msgs_egg
[0.562s] Invoked command in '/home/kaushal/kaushal/moveit_ws/build/moveit_task_constructor_msgs' returned '0': CMAKE_PREFIX_PATH=/opt/ros/humble /usr/bin/cmake --build /home/kaushal/kaushal/moveit_ws/build/moveit_task_constructor_msgs -- -j16 -l16
[0.565s] Invoking command in '/home/kaushal/kaushal/moveit_ws/build/moveit_task_constructor_msgs': CMAKE_PREFIX_PATH=/opt/ros/humble /usr/bin/cmake --install /home/kaushal/kaushal/moveit_ws/build/moveit_task_constructor_msgs
[0.572s] -- Install configuration: "Debug"
[0.572s] -- Up-to-date: /home/kaushal/kaushal/moveit_ws/install/moveit_task_constructor_msgs/share/ament_index/resource_index/rosidl_interfaces/moveit_task_constructor_msgs
[0.573s] -- Up-to-date: /home/kaushal/kaushal/moveit_ws/install/moveit_task_constructor_msgs/include/moveit_task_constructor_msgs/moveit_task_constructor_msgs
[0.573s] -- Up-to-date: /home/kaushal/kaushal/moveit_ws/install/moveit_task_constructor_msgs/include/moveit_task_constructor_msgs/moveit_task_constructor_msgs/action
[0.573s] -- Up-to-date: /home/kaushal/kaushal/moveit_ws/install/moveit_task_constructor_msgs/include/moveit_task_constructor_msgs/moveit_task_constructor_msgs/action/execute_task_solution.h
[0.573s] -- Up-to-date: /home/kaushal/kaushal/moveit_ws/install/moveit_task_constructor_msgs/include/moveit_task_constructor_msgs/moveit_task_constructor_msgs/action/detail
[0.573s] -- Up-to-date: /home/kaushal/kaushal/moveit_ws/install/moveit_task_constructor_msgs/include/moveit_task_constructor_msgs/moveit_task_constructor_msgs/action/detail/execute_task_solution__functions.c
[0.573s] -- Up-to-date: /home/kaushal/kaushal/moveit_ws/install/moveit_task_constructor_msgs/include/moveit_task_constructor_msgs/moveit_task_constructor_msgs/action/detail/execute_task_solution__type_support.h
[0.573s] -- Up-to-date: /home/kaushal/kaushal/moveit_ws/install/moveit_task_constructor_msgs/include/moveit_task_constructor_msgs/moveit_task_constructor_msgs/action/detail/execute_task_solution__functions.h
[0.573s] -- Up-to-date: /home/kaushal/kaushal/moveit_ws/install/moveit_task_constructor_msgs/include/moveit_task_constructor_msgs/moveit_task_constructor_msgs/action/detail/execute_task_solution__struct.h
[0.573s] -- Up-to-date: /home/kaushal/kaushal/moveit_ws/install/moveit_task_constructor_msgs/include/moveit_task_constructor_msgs/moveit_task_constructor_msgs/srv
[0.573s] -- Up-to-date: /home/kaushal/kaushal/moveit_ws/install/moveit_task_constructor_msgs/include/moveit_task_constructor_msgs/moveit_task_constructor_msgs/srv/get_solution.h
[0.573s] -- Up-to-date: /home/kaushal/kaushal/moveit_ws/install/moveit_task_constructor_msgs/include/moveit_task_constructor_msgs/moveit_task_constructor_msgs/srv/detail
[0.574s] -- Up-to-date: /home/kaushal/kaushal/moveit_ws/install/moveit_task_constructor_msgs/include/moveit_task_constructor_msgs/moveit_task_constructor_msgs/srv/detail/get_solution__type_support.h
[0.574s] -- Up-to-date: /home/kaushal/kaushal/moveit_ws/install/moveit_task_constructor_msgs/include/moveit_task_constructor_msgs/moveit_task_constructor_msgs/srv/detail/get_solution__functions.c
[0.574s] -- Up-to-date: /home/kaushal/kaushal/moveit_ws/install/moveit_task_constructor_msgs/include/moveit_task_constructor_msgs/moveit_task_constructor_msgs/srv/detail/get_solution__struct.h
[0.574s] -- Up-to-date: /home/kaushal/kaushal/moveit_ws/install/moveit_task_constructor_msgs/include/moveit_task_constructor_msgs/moveit_task_constructor_msgs/srv/detail/get_solution__functions.h
[0.574s] -- Up-to-date: /home/kaushal/kaushal/moveit_ws/install/moveit_task_constructor_msgs/include/moveit_task_constructor_msgs/moveit_task_constructor_msgs/msg
[0.574s] -- Up-to-date: /home/kaushal/kaushal/moveit_ws/install/moveit_task_constructor_msgs/include/moveit_task_constructor_msgs/moveit_task_constructor_msgs/msg/property.h
[0.574s] -- Up-to-date: /home/kaushal/kaushal/moveit_ws/install/moveit_task_constructor_msgs/include/moveit_task_constructor_msgs/moveit_task_constructor_msgs/msg/task_statistics.h
[0.574s] -- Up-to-date: /home/kaushal/kaushal/moveit_ws/install/moveit_task_constructor_msgs/include/moveit_task_constructor_msgs/moveit_task_constructor_msgs/msg/solution_info.h
[0.574s] -- Up-to-date: /home/kaushal/kaushal/moveit_ws/install/moveit_task_constructor_msgs/include/moveit_task_constructor_msgs/moveit_task_constructor_msgs/msg/rosidl_generator_c__visibility_control.h
[0.574s] -- Up-to-date: /home/kaushal/kaushal/moveit_ws/install/moveit_task_constructor_msgs/include/moveit_task_constructor_msgs/moveit_task_constructor_msgs/msg/sub_solution.h
[0.574s] -- Up-to-date: /home/kaushal/kaushal/moveit_ws/install/moveit_task_constructor_msgs/include/moveit_task_constructor_msgs/moveit_task_constructor_msgs/msg/sub_trajectory.h
[0.574s] -- Up-to-date: /home/kaushal/kaushal/moveit_ws/install/moveit_task_constructor_msgs/include/moveit_task_constructor_msgs/moveit_task_constructor_msgs/msg/task_description.h
[0.574s] -- Up-to-date: /home/kaushal/kaushal/moveit_ws/install/moveit_task_constructor_msgs/include/moveit_task_constructor_msgs/moveit_task_constructor_msgs/msg/stage_statistics.h
[0.574s] -- Up-to-date: /home/kaushal/kaushal/moveit_ws/install/moveit_task_constructor_msgs/include/moveit_task_constructor_msgs/moveit_task_constructor_msgs/msg/detail
[0.575s] -- Up-to-date: /home/kaushal/kaushal/moveit_ws/install/moveit_task_constructor_msgs/include/moveit_task_constructor_msgs/moveit_task_constructor_msgs/msg/detail/trajectory_execution_info__functions.c
[0.575s] -- Up-to-date: /home/kaushal/kaushal/moveit_ws/install/moveit_task_constructor_msgs/include/moveit_task_constructor_msgs/moveit_task_constructor_msgs/msg/detail/property__type_support.h
[0.575s] -- Up-to-date: /home/kaushal/kaushal/moveit_ws/install/moveit_task_constructor_msgs/include/moveit_task_constructor_msgs/moveit_task_constructor_msgs/msg/detail/solution__struct.h
[0.575s] -- Up-to-date: /home/kaushal/kaushal/moveit_ws/install/moveit_task_constructor_msgs/include/moveit_task_constructor_msgs/moveit_task_constructor_msgs/msg/detail/solution_info__functions.c
[0.575s] -- Up-to-date: /home/kaushal/kaushal/moveit_ws/install/moveit_task_constructor_msgs/include/moveit_task_constructor_msgs/moveit_task_constructor_msgs/msg/detail/task_description__functions.h
[0.575s] -- Up-to-date: /home/kaushal/kaushal/moveit_ws/install/moveit_task_constructor_msgs/include/moveit_task_constructor_msgs/moveit_task_constructor_msgs/msg/detail/trajectory_execution_info__struct.h
[0.575s] -- Up-to-date: /home/kaushal/kaushal/moveit_ws/install/moveit_task_constructor_msgs/include/moveit_task_constructor_msgs/moveit_task_constructor_msgs/msg/detail/sub_solution__struct.h
[0.575s] -- Up-to-date: /home/kaushal/kaushal/moveit_ws/install/moveit_task_constructor_msgs/include/moveit_task_constructor_msgs/moveit_task_constructor_msgs/msg/detail/solution_info__struct.h
[0.575s] -- Up-to-date: /home/kaushal/kaushal/moveit_ws/install/moveit_task_constructor_msgs/include/moveit_task_constructor_msgs/moveit_task_constructor_msgs/msg/detail/solution_info__type_support.h
[0.575s] -- Up-to-date: /home/kaushal/kaushal/moveit_ws/install/moveit_task_constructor_msgs/include/moveit_task_constructor_msgs/moveit_task_constructor_msgs/msg/detail/property__functions.c
[0.575s] -- Up-to-date: /home/kaushal/kaushal/moveit_ws/install/moveit_task_constructor_msgs/include/moveit_task_constructor_msgs/moveit_task_constructor_msgs/msg/detail/sub_solution__functions.c
[0.575s] -- Up-to-date: /home/kaushal/kaushal/moveit_ws/install/moveit_task_constructor_msgs/include/moveit_task_constructor_msgs/moveit_task_constructor_msgs/msg/detail/task_description__functions.c
[0.575s] -- Up-to-date: /home/kaushal/kaushal/moveit_ws/install/moveit_task_constructor_msgs/include/moveit_task_constructor_msgs/moveit_task_constructor_msgs/msg/detail/stage_description__functions.c
[0.575s] -- Up-to-date: /home/kaushal/kaushal/moveit_ws/install/moveit_task_constructor_msgs/include/moveit_task_constructor_msgs/moveit_task_constructor_msgs/msg/detail/task_description__type_support.h
[0.575s] -- Up-to-date: /home/kaushal/kaushal/moveit_ws/install/moveit_task_constructor_msgs/include/moveit_task_constructor_msgs/moveit_task_constructor_msgs/msg/detail/task_statistics__struct.h
[0.575s] -- Up-to-date: /home/kaushal/kaushal/moveit_ws/install/moveit_task_constructor_msgs/include/moveit_task_constructor_msgs/moveit_task_constructor_msgs/msg/detail/sub_trajectory__functions.c
[0.575s] -- Up-to-date: /home/kaushal/kaushal/moveit_ws/install/moveit_task_constructor_msgs/include/moveit_task_constructor_msgs/moveit_task_constructor_msgs/msg/detail/property__functions.h
[0.575s] -- Up-to-date: /home/kaushal/kaushal/moveit_ws/install/moveit_task_constructor_msgs/include/moveit_task_constructor_msgs/moveit_task_constructor_msgs/msg/detail/stage_statistics__type_support.h
[0.576s] -- Up-to-date: /home/kaushal/kaushal/moveit_ws/install/moveit_task_constructor_msgs/include/moveit_task_constructor_msgs/moveit_task_constructor_msgs/msg/detail/stage_statistics__struct.h
[0.576s] -- Up-to-date: /home/kaushal/kaushal/moveit_ws/install/moveit_task_constructor_msgs/include/moveit_task_constructor_msgs/moveit_task_constructor_msgs/msg/detail/stage_description__functions.h
[0.576s] -- Up-to-date: /home/kaushal/kaushal/moveit_ws/install/moveit_task_constructor_msgs/include/moveit_task_constructor_msgs/moveit_task_constructor_msgs/msg/detail/stage_description__struct.h
[0.576s] -- Up-to-date: /home/kaushal/kaushal/moveit_ws/install/moveit_task_constructor_msgs/include/moveit_task_constructor_msgs/moveit_task_constructor_msgs/msg/detail/solution__functions.h
[0.576s] -- Up-to-date: /home/kaushal/kaushal/moveit_ws/install/moveit_task_constructor_msgs/include/moveit_task_constructor_msgs/moveit_task_constructor_msgs/msg/detail/trajectory_execution_info__type_support.h
[0.576s] -- Up-to-date: /home/kaushal/kaushal/moveit_ws/install/moveit_task_constructor_msgs/include/moveit_task_constructor_msgs/moveit_task_constructor_msgs/msg/detail/stage_statistics__functions.c
[0.576s] -- Up-to-date: /home/kaushal/kaushal/moveit_ws/install/moveit_task_constructor_msgs/include/moveit_task_constructor_msgs/moveit_task_constructor_msgs/msg/detail/trajectory_execution_info__functions.h
[0.576s] -- Up-to-date: /home/kaushal/kaushal/moveit_ws/install/moveit_task_constructor_msgs/include/moveit_task_constructor_msgs/moveit_task_constructor_msgs/msg/detail/sub_trajectory__type_support.h
[0.576s] -- Up-to-date: /home/kaushal/kaushal/moveit_ws/install/moveit_task_constructor_msgs/include/moveit_task_constructor_msgs/moveit_task_constructor_msgs/msg/detail/task_statistics__functions.h
[0.576s] -- Up-to-date: /home/kaushal/kaushal/moveit_ws/install/moveit_task_constructor_msgs/include/moveit_task_constructor_msgs/moveit_task_constructor_msgs/msg/detail/property__struct.h
[0.576s] -- Up-to-date: /home/kaushal/kaushal/moveit_ws/install/moveit_task_constructor_msgs/include/moveit_task_constructor_msgs/moveit_task_constructor_msgs/msg/detail/stage_description__type_support.h
[0.576s] -- Up-to-date: /home/kaushal/kaushal/moveit_ws/install/moveit_task_constructor_msgs/include/moveit_task_constructor_msgs/moveit_task_constructor_msgs/msg/detail/sub_solution__functions.h
[0.576s] -- Up-to-date: /home/kaushal/kaushal/moveit_ws/install/moveit_task_constructor_msgs/include/moveit_task_constructor_msgs/moveit_task_constructor_msgs/msg/detail/sub_trajectory__functions.h
[0.576s] -- Up-to-date: /home/kaushal/kaushal/moveit_ws/install/moveit_task_constructor_msgs/include/moveit_task_constructor_msgs/moveit_task_constructor_msgs/msg/detail/solution__type_support.h
[0.576s] -- Up-to-date: /home/kaushal/kaushal/moveit_ws/install/moveit_task_constructor_msgs/include/moveit_task_constructor_msgs/moveit_task_constructor_msgs/msg/detail/task_description__struct.h
[0.576s] -- Up-to-date: /home/kaushal/kaushal/moveit_ws/install/moveit_task_constructor_msgs/include/moveit_task_constructor_msgs/moveit_task_constructor_msgs/msg/detail/sub_trajectory__struct.h
[0.576s] -- Up-to-date: /home/kaushal/kaushal/moveit_ws/install/moveit_task_constructor_msgs/include/moveit_task_constructor_msgs/moveit_task_constructor_msgs/msg/detail/solution__functions.c
[0.577s] -- Up-to-date: /home/kaushal/kaushal/moveit_ws/install/moveit_task_constructor_msgs/include/moveit_task_constructor_msgs/moveit_task_constructor_msgs/msg/detail/task_statistics__type_support.h
[0.577s] -- Up-to-date: /home/kaushal/kaushal/moveit_ws/install/moveit_task_constructor_msgs/include/moveit_task_constructor_msgs/moveit_task_constructor_msgs/msg/detail/solution_info__functions.h
[0.577s] -- Up-to-date: /home/kaushal/kaushal/moveit_ws/install/moveit_task_constructor_msgs/include/moveit_task_constructor_msgs/moveit_task_constructor_msgs/msg/detail/stage_statistics__functions.h
[0.577s] -- Up-to-date: /home/kaushal/kaushal/moveit_ws/install/moveit_task_constructor_msgs/include/moveit_task_constructor_msgs/moveit_task_constructor_msgs/msg/detail/task_statistics__functions.c
[0.577s] -- Up-to-date: /home/kaushal/kaushal/moveit_ws/install/moveit_task_constructor_msgs/include/moveit_task_constructor_msgs/moveit_task_constructor_msgs/msg/detail/sub_solution__type_support.h
[0.577s] -- Up-to-date: /home/kaushal/kaushal/moveit_ws/install/moveit_task_constructor_msgs/include/moveit_task_constructor_msgs/moveit_task_constructor_msgs/msg/solution.h
[0.577s] -- Up-to-date: /home/kaushal/kaushal/moveit_ws/install/moveit_task_constructor_msgs/include/moveit_task_constructor_msgs/moveit_task_constructor_msgs/msg/stage_description.h
[0.577s] -- Up-to-date: /home/kaushal/kaushal/moveit_ws/install/moveit_task_constructor_msgs/include/moveit_task_constructor_msgs/moveit_task_constructor_msgs/msg/trajectory_execution_info.h
[0.577s] -- Up-to-date: /home/kaushal/kaushal/moveit_ws/install/moveit_task_constructor_msgs/share/moveit_task_constructor_msgs/environment/library_path.sh
[0.577s] -- Up-to-date: /home/kaushal/kaushal/moveit_ws/install/moveit_task_constructor_msgs/share/moveit_task_constructor_msgs/environment/library_path.dsv
[0.577s] -- Up-to-date: /home/kaushal/kaushal/moveit_ws/install/moveit_task_constructor_msgs/lib/libmoveit_task_constructor_msgs__rosidl_generator_c.so
[0.577s] -- Up-to-date: /home/kaushal/kaushal/moveit_ws/install/moveit_task_constructor_msgs/include/moveit_task_constructor_msgs/moveit_task_constructor_msgs
[0.578s] -- Up-to-date: /home/kaushal/kaushal/moveit_ws/install/moveit_task_constructor_msgs/include/moveit_task_constructor_msgs/moveit_task_constructor_msgs/action
[0.578s] -- Up-to-date: /home/kaushal/kaushal/moveit_ws/install/moveit_task_constructor_msgs/include/moveit_task_constructor_msgs/moveit_task_constructor_msgs/action/detail
[0.578s] -- Up-to-date: /home/kaushal/kaushal/moveit_ws/install/moveit_task_constructor_msgs/include/moveit_task_constructor_msgs/moveit_task_constructor_msgs/action/detail/execute_task_solution__rosidl_typesupport_fastrtps_c.h
[0.578s] -- Up-to-date: /home/kaushal/kaushal/moveit_ws/install/moveit_task_constructor_msgs/include/moveit_task_constructor_msgs/moveit_task_constructor_msgs/srv
[0.578s] -- Up-to-date: /home/kaushal/kaushal/moveit_ws/install/moveit_task_constructor_msgs/include/moveit_task_constructor_msgs/moveit_task_constructor_msgs/srv/detail
[0.578s] -- Up-to-date: /home/kaushal/kaushal/moveit_ws/install/moveit_task_constructor_msgs/include/moveit_task_constructor_msgs/moveit_task_constructor_msgs/srv/detail/get_solution__rosidl_typesupport_fastrtps_c.h
[0.579s] -- Up-to-date: /home/kaushal/kaushal/moveit_ws/install/moveit_task_constructor_msgs/include/moveit_task_constructor_msgs/moveit_task_constructor_msgs/msg
[0.579s] -- Up-to-date: /home/kaushal/kaushal/moveit_ws/install/moveit_task_constructor_msgs/include/moveit_task_constructor_msgs/moveit_task_constructor_msgs/msg/detail
[0.579s] -- Up-to-date: /home/kaushal/kaushal/moveit_ws/install/moveit_task_constructor_msgs/include/moveit_task_constructor_msgs/moveit_task_constructor_msgs/msg/detail/sub_trajectory__rosidl_typesupport_fastrtps_c.h
[0.579s] -- Up-to-date: /home/kaushal/kaushal/moveit_ws/install/moveit_task_constructor_msgs/include/moveit_task_constructor_msgs/moveit_task_constructor_msgs/msg/detail/task_description__rosidl_typesupport_fastrtps_c.h
[0.579s] -- Up-to-date: /home/kaushal/kaushal/moveit_ws/install/moveit_task_constructor_msgs/include/moveit_task_constructor_msgs/moveit_task_constructor_msgs/msg/detail/solution__rosidl_typesupport_fastrtps_c.h
[0.580s] -- Up-to-date: /home/kaushal/kaushal/moveit_ws/install/moveit_task_constructor_msgs/include/moveit_task_constructor_msgs/moveit_task_constructor_msgs/msg/detail/solution_info__rosidl_typesupport_fastrtps_c.h
[0.580s] -- Up-to-date: /home/kaushal/kaushal/moveit_ws/install/moveit_task_constructor_msgs/include/moveit_task_constructor_msgs/moveit_task_constructor_msgs/msg/detail/stage_description__rosidl_typesupport_fastrtps_c.h
[0.580s] -- Up-to-date: /home/kaushal/kaushal/moveit_ws/install/moveit_task_constructor_msgs/include/moveit_task_constructor_msgs/moveit_task_constructor_msgs/msg/detail/trajectory_execution_info__rosidl_typesupport_fastrtps_c.h
[0.580s] -- Up-to-date: /home/kaushal/kaushal/moveit_ws/install/moveit_task_constructor_msgs/include/moveit_task_constructor_msgs/moveit_task_constructor_msgs/msg/detail/task_statistics__rosidl_typesupport_fastrtps_c.h
[0.580s] -- Up-to-date: /home/kaushal/kaushal/moveit_ws/install/moveit_task_constructor_msgs/include/moveit_task_constructor_msgs/moveit_task_constructor_msgs/msg/detail/stage_statistics__rosidl_typesupport_fastrtps_c.h
[0.580s] -- Up-to-date: /home/kaushal/kaushal/moveit_ws/install/moveit_task_constructor_msgs/include/moveit_task_constructor_msgs/moveit_task_constructor_msgs/msg/detail/sub_solution__rosidl_typesupport_fastrtps_c.h
[0.580s] -- Up-to-date: /home/kaushal/kaushal/moveit_ws/install/moveit_task_constructor_msgs/include/moveit_task_constructor_msgs/moveit_task_constructor_msgs/msg/detail/property__rosidl_typesupport_fastrtps_c.h
[0.580s] -- Up-to-date: /home/kaushal/kaushal/moveit_ws/install/moveit_task_constructor_msgs/include/moveit_task_constructor_msgs/moveit_task_constructor_msgs/msg/rosidl_typesupport_fastrtps_c__visibility_control.h
[0.580s] -- Up-to-date: /home/kaushal/kaushal/moveit_ws/install/moveit_task_constructor_msgs/lib/libmoveit_task_constructor_msgs__rosidl_typesupport_fastrtps_c.so
[0.580s] -- Up-to-date: /home/kaushal/kaushal/moveit_ws/install/moveit_task_constructor_msgs/include/moveit_task_constructor_msgs/moveit_task_constructor_msgs
[0.580s] -- Up-to-date: /home/kaushal/kaushal/moveit_ws/install/moveit_task_constructor_msgs/include/moveit_task_constructor_msgs/moveit_task_constructor_msgs/action
[0.581s] -- Up-to-date: /home/kaushal/kaushal/moveit_ws/install/moveit_task_constructor_msgs/include/moveit_task_constructor_msgs/moveit_task_constructor_msgs/action/execute_task_solution.hpp
[0.581s] -- Up-to-date: /home/kaushal/kaushal/moveit_ws/install/moveit_task_constructor_msgs/include/moveit_task_constructor_msgs/moveit_task_constructor_msgs/action/detail
[0.582s] -- Up-to-date: /home/kaushal/kaushal/moveit_ws/install/moveit_task_constructor_msgs/include/moveit_task_constructor_msgs/moveit_task_constructor_msgs/action/detail/execute_task_solution__traits.hpp
[0.582s] -- Up-to-date: /home/kaushal/kaushal/moveit_ws/install/moveit_task_constructor_msgs/include/moveit_task_constructor_msgs/moveit_task_constructor_msgs/action/detail/execute_task_solution__struct.hpp
[0.582s] -- Up-to-date: /home/kaushal/kaushal/moveit_ws/install/moveit_task_constructor_msgs/include/moveit_task_constructor_msgs/moveit_task_constructor_msgs/action/detail/execute_task_solution__type_support.hpp
[0.582s] -- Up-to-date: /home/kaushal/kaushal/moveit_ws/install/moveit_task_constructor_msgs/include/moveit_task_constructor_msgs/moveit_task_constructor_msgs/action/detail/execute_task_solution__builder.hpp
[0.582s] -- Up-to-date: /home/kaushal/kaushal/moveit_ws/install/moveit_task_constructor_msgs/include/moveit_task_constructor_msgs/moveit_task_constructor_msgs/srv
[0.582s] -- Up-to-date: /home/kaushal/kaushal/moveit_ws/install/moveit_task_constructor_msgs/include/moveit_task_constructor_msgs/moveit_task_constructor_msgs/srv/get_solution.hpp
[0.582s] -- Up-to-date: /home/kaushal/kaushal/moveit_ws/install/moveit_task_constructor_msgs/include/moveit_task_constructor_msgs/moveit_task_constructor_msgs/srv/detail
[0.582s] -- Up-to-date: /home/kaushal/kaushal/moveit_ws/install/moveit_task_constructor_msgs/include/moveit_task_constructor_msgs/moveit_task_constructor_msgs/srv/detail/get_solution__struct.hpp
[0.582s] -- Up-to-date: /home/kaushal/kaushal/moveit_ws/install/moveit_task_constructor_msgs/include/moveit_task_constructor_msgs/moveit_task_constructor_msgs/srv/detail/get_solution__builder.hpp
[0.583s] -- Up-to-date: /home/kaushal/kaushal/moveit_ws/install/moveit_task_constructor_msgs/include/moveit_task_constructor_msgs/moveit_task_constructor_msgs/srv/detail/get_solution__type_support.hpp
[0.583s] -- Up-to-date: /home/kaushal/kaushal/moveit_ws/install/moveit_task_constructor_msgs/include/moveit_task_constructor_msgs/moveit_task_constructor_msgs/srv/detail/get_solution__traits.hpp
[0.583s] -- Up-to-date: /home/kaushal/kaushal/moveit_ws/install/moveit_task_constructor_msgs/include/moveit_task_constructor_msgs/moveit_task_constructor_msgs/msg
[0.583s] -- Up-to-date: /home/kaushal/kaushal/moveit_ws/install/moveit_task_constructor_msgs/include/moveit_task_constructor_msgs/moveit_task_constructor_msgs/msg/stage_statistics.hpp
[0.583s] -- Up-to-date: /home/kaushal/kaushal/moveit_ws/install/moveit_task_constructor_msgs/include/moveit_task_constructor_msgs/moveit_task_constructor_msgs/msg/task_statistics.hpp
[0.583s] -- Up-to-date: /home/kaushal/kaushal/moveit_ws/install/moveit_task_constructor_msgs/include/moveit_task_constructor_msgs/moveit_task_constructor_msgs/msg/property.hpp
[0.583s] -- Up-to-date: /home/kaushal/kaushal/moveit_ws/install/moveit_task_constructor_msgs/include/moveit_task_constructor_msgs/moveit_task_constructor_msgs/msg/stage_description.hpp
[0.583s] -- Up-to-date: /home/kaushal/kaushal/moveit_ws/install/moveit_task_constructor_msgs/include/moveit_task_constructor_msgs/moveit_task_constructor_msgs/msg/rosidl_generator_cpp__visibility_control.hpp
[0.583s] -- Up-to-date: /home/kaushal/kaushal/moveit_ws/install/moveit_task_constructor_msgs/include/moveit_task_constructor_msgs/moveit_task_constructor_msgs/msg/trajectory_execution_info.hpp
[0.583s] -- Up-to-date: /home/kaushal/kaushal/moveit_ws/install/moveit_task_constructor_msgs/include/moveit_task_constructor_msgs/moveit_task_constructor_msgs/msg/task_description.hpp
[0.584s] -- Up-to-date: /home/kaushal/kaushal/moveit_ws/install/moveit_task_constructor_msgs/include/moveit_task_constructor_msgs/moveit_task_constructor_msgs/msg/solution.hpp
[0.584s] -- Up-to-date: /home/kaushal/kaushal/moveit_ws/install/moveit_task_constructor_msgs/include/moveit_task_constructor_msgs/moveit_task_constructor_msgs/msg/sub_solution.hpp
[0.584s] -- Up-to-date: /home/kaushal/kaushal/moveit_ws/install/moveit_task_constructor_msgs/include/moveit_task_constructor_msgs/moveit_task_constructor_msgs/msg/solution_info.hpp
[0.584s] -- Up-to-date: /home/kaushal/kaushal/moveit_ws/install/moveit_task_constructor_msgs/include/moveit_task_constructor_msgs/moveit_task_constructor_msgs/msg/detail
[0.584s] -- Up-to-date: /home/kaushal/kaushal/moveit_ws/install/moveit_task_constructor_msgs/include/moveit_task_constructor_msgs/moveit_task_constructor_msgs/msg/detail/property__type_support.hpp
[0.584s] -- Up-to-date: /home/kaushal/kaushal/moveit_ws/install/moveit_task_constructor_msgs/include/moveit_task_constructor_msgs/moveit_task_constructor_msgs/msg/detail/task_description__builder.hpp
[0.584s] -- Up-to-date: /home/kaushal/kaushal/moveit_ws/install/moveit_task_constructor_msgs/include/moveit_task_constructor_msgs/moveit_task_constructor_msgs/msg/detail/property__traits.hpp
[0.584s] -- Up-to-date: /home/kaushal/kaushal/moveit_ws/install/moveit_task_constructor_msgs/include/moveit_task_constructor_msgs/moveit_task_constructor_msgs/msg/detail/solution__builder.hpp
[0.585s] -- Up-to-date: /home/kaushal/kaushal/moveit_ws/install/moveit_task_constructor_msgs/include/moveit_task_constructor_msgs/moveit_task_constructor_msgs/msg/detail/stage_statistics__builder.hpp
[0.585s] -- Up-to-date: /home/kaushal/kaushal/moveit_ws/install/moveit_task_constructor_msgs/include/moveit_task_constructor_msgs/moveit_task_constructor_msgs/msg/detail/sub_trajectory__struct.hpp
[0.585s] -- Up-to-date: /home/kaushal/kaushal/moveit_ws/install/moveit_task_constructor_msgs/include/moveit_task_constructor_msgs/moveit_task_constructor_msgs/msg/detail/solution_info__traits.hpp
[0.585s] -- Up-to-date: /home/kaushal/kaushal/moveit_ws/install/moveit_task_constructor_msgs/include/moveit_task_constructor_msgs/moveit_task_constructor_msgs/msg/detail/solution__type_support.hpp
[0.585s] -- Up-to-date: /home/kaushal/kaushal/moveit_ws/install/moveit_task_constructor_msgs/include/moveit_task_constructor_msgs/moveit_task_constructor_msgs/msg/detail/trajectory_execution_info__type_support.hpp
[0.585s] -- Up-to-date: /home/kaushal/kaushal/moveit_ws/install/moveit_task_constructor_msgs/include/moveit_task_constructor_msgs/moveit_task_constructor_msgs/msg/detail/sub_solution__builder.hpp
[0.585s] -- Up-to-date: /home/kaushal/kaushal/moveit_ws/install/moveit_task_constructor_msgs/include/moveit_task_constructor_msgs/moveit_task_constructor_msgs/msg/detail/property__builder.hpp
[0.585s] -- Up-to-date: /home/kaushal/kaushal/moveit_ws/install/moveit_task_constructor_msgs/include/moveit_task_constructor_msgs/moveit_task_constructor_msgs/msg/detail/solution_info__builder.hpp
[0.585s] -- Up-to-date: /home/kaushal/kaushal/moveit_ws/install/moveit_task_constructor_msgs/include/moveit_task_constructor_msgs/moveit_task_constructor_msgs/msg/detail/task_statistics__struct.hpp
[0.585s] -- Up-to-date: /home/kaushal/kaushal/moveit_ws/install/moveit_task_constructor_msgs/include/moveit_task_constructor_msgs/moveit_task_constructor_msgs/msg/detail/stage_description__type_support.hpp
[0.585s] -- Up-to-date: /home/kaushal/kaushal/moveit_ws/install/moveit_task_constructor_msgs/include/moveit_task_constructor_msgs/moveit_task_constructor_msgs/msg/detail/trajectory_execution_info__builder.hpp
[0.586s] -- Up-to-date: /home/kaushal/kaushal/moveit_ws/install/moveit_task_constructor_msgs/include/moveit_task_constructor_msgs/moveit_task_constructor_msgs/msg/detail/stage_statistics__type_support.hpp
[0.586s] -- Up-to-date: /home/kaushal/kaushal/moveit_ws/install/moveit_task_constructor_msgs/include/moveit_task_constructor_msgs/moveit_task_constructor_msgs/msg/detail/task_statistics__type_support.hpp
[0.586s] -- Up-to-date: /home/kaushal/kaushal/moveit_ws/install/moveit_task_constructor_msgs/include/moveit_task_constructor_msgs/moveit_task_constructor_msgs/msg/detail/task_statistics__traits.hpp
[0.586s] -- Up-to-date: /home/kaushal/kaushal/moveit_ws/install/moveit_task_constructor_msgs/include/moveit_task_constructor_msgs/moveit_task_constructor_msgs/msg/detail/stage_statistics__struct.hpp
[0.586s] -- Up-to-date: /home/kaushal/kaushal/moveit_ws/install/moveit_task_constructor_msgs/include/moveit_task_constructor_msgs/moveit_task_constructor_msgs/msg/detail/task_statistics__builder.hpp
[0.586s] -- Up-to-date: /home/kaushal/kaushal/moveit_ws/install/moveit_task_constructor_msgs/include/moveit_task_constructor_msgs/moveit_task_constructor_msgs/msg/detail/solution_info__type_support.hpp
[0.586s] -- Up-to-date: /home/kaushal/kaushal/moveit_ws/install/moveit_task_constructor_msgs/include/moveit_task_constructor_msgs/moveit_task_constructor_msgs/msg/detail/task_description__type_support.hpp
[0.586s] -- Up-to-date: /home/kaushal/kaushal/moveit_ws/install/moveit_task_constructor_msgs/include/moveit_task_constructor_msgs/moveit_task_constructor_msgs/msg/detail/property__struct.hpp
[0.586s] -- Up-to-date: /home/kaushal/kaushal/moveit_ws/install/moveit_task_constructor_msgs/include/moveit_task_constructor_msgs/moveit_task_constructor_msgs/msg/detail/sub_solution__type_support.hpp
[0.586s] -- Up-to-date: /home/kaushal/kaushal/moveit_ws/install/moveit_task_constructor_msgs/include/moveit_task_constructor_msgs/moveit_task_constructor_msgs/msg/detail/sub_solution__struct.hpp
[0.586s] -- Up-to-date: /home/kaushal/kaushal/moveit_ws/install/moveit_task_constructor_msgs/include/moveit_task_constructor_msgs/moveit_task_constructor_msgs/msg/detail/stage_statistics__traits.hpp
[0.586s] -- Up-to-date: /home/kaushal/kaushal/moveit_ws/install/moveit_task_constructor_msgs/include/moveit_task_constructor_msgs/moveit_task_constructor_msgs/msg/detail/task_description__struct.hpp
[0.586s] -- Up-to-date: /home/kaushal/kaushal/moveit_ws/install/moveit_task_constructor_msgs/include/moveit_task_constructor_msgs/moveit_task_constructor_msgs/msg/detail/trajectory_execution_info__struct.hpp
[0.586s] -- Up-to-date: /home/kaushal/kaushal/moveit_ws/install/moveit_task_constructor_msgs/include/moveit_task_constructor_msgs/moveit_task_constructor_msgs/msg/detail/solution_info__struct.hpp
[0.586s] -- Up-to-date: /home/kaushal/kaushal/moveit_ws/install/moveit_task_constructor_msgs/include/moveit_task_constructor_msgs/moveit_task_constructor_msgs/msg/detail/sub_trajectory__traits.hpp
[0.586s] -- Up-to-date: /home/kaushal/kaushal/moveit_ws/install/moveit_task_constructor_msgs/include/moveit_task_constructor_msgs/moveit_task_constructor_msgs/msg/detail/stage_description__traits.hpp
[0.587s] -- Up-to-date: /home/kaushal/kaushal/moveit_ws/install/moveit_task_constructor_msgs/include/moveit_task_constructor_msgs/moveit_task_constructor_msgs/msg/detail/stage_description__builder.hpp
[0.587s] -- Up-to-date: /home/kaushal/kaushal/moveit_ws/install/moveit_task_constructor_msgs/include/moveit_task_constructor_msgs/moveit_task_constructor_msgs/msg/detail/task_description__traits.hpp
[0.587s] -- Up-to-date: /home/kaushal/kaushal/moveit_ws/install/moveit_task_constructor_msgs/include/moveit_task_constructor_msgs/moveit_task_constructor_msgs/msg/detail/trajectory_execution_info__traits.hpp
[0.587s] -- Up-to-date: /home/kaushal/kaushal/moveit_ws/install/moveit_task_constructor_msgs/include/moveit_task_constructor_msgs/moveit_task_constructor_msgs/msg/detail/sub_solution__traits.hpp
[0.587s] -- Up-to-date: /home/kaushal/kaushal/moveit_ws/install/moveit_task_constructor_msgs/include/moveit_task_constructor_msgs/moveit_task_constructor_msgs/msg/detail/sub_trajectory__type_support.hpp
[0.587s] -- Up-to-date: /home/kaushal/kaushal/moveit_ws/install/moveit_task_constructor_msgs/include/moveit_task_constructor_msgs/moveit_task_constructor_msgs/msg/detail/solution__traits.hpp
[0.587s] -- Up-to-date: /home/kaushal/kaushal/moveit_ws/install/moveit_task_constructor_msgs/include/moveit_task_constructor_msgs/moveit_task_constructor_msgs/msg/detail/stage_description__struct.hpp
[0.587s] -- Up-to-date: /home/kaushal/kaushal/moveit_ws/install/moveit_task_constructor_msgs/include/moveit_task_constructor_msgs/moveit_task_constructor_msgs/msg/detail/sub_trajectory__builder.hpp
[0.587s] -- Up-to-date: /home/kaushal/kaushal/moveit_ws/install/moveit_task_constructor_msgs/include/moveit_task_constructor_msgs/moveit_task_constructor_msgs/msg/detail/solution__struct.hpp
[0.587s] -- Up-to-date: /home/kaushal/kaushal/moveit_ws/install/moveit_task_constructor_msgs/include/moveit_task_constructor_msgs/moveit_task_constructor_msgs/msg/sub_trajectory.hpp
[0.587s] -- Up-to-date: /home/kaushal/kaushal/moveit_ws/install/moveit_task_constructor_msgs/include/moveit_task_constructor_msgs/moveit_task_constructor_msgs
[0.587s] -- Up-to-date: /home/kaushal/kaushal/moveit_ws/install/moveit_task_constructor_msgs/include/moveit_task_constructor_msgs/moveit_task_constructor_msgs/action
[0.587s] -- Up-to-date: /home/kaushal/kaushal/moveit_ws/install/moveit_task_constructor_msgs/include/moveit_task_constructor_msgs/moveit_task_constructor_msgs/action/detail
[0.587s] -- Up-to-date: /home/kaushal/kaushal/moveit_ws/install/moveit_task_constructor_msgs/include/moveit_task_constructor_msgs/moveit_task_constructor_msgs/action/detail/execute_task_solution__rosidl_typesupport_fastrtps_cpp.hpp
[0.587s] -- Up-to-date: /home/kaushal/kaushal/moveit_ws/install/moveit_task_constructor_msgs/include/moveit_task_constructor_msgs/moveit_task_constructor_msgs/action/detail/dds_fastrtps
[0.587s] -- Up-to-date: /home/kaushal/kaushal/moveit_ws/install/moveit_task_constructor_msgs/include/moveit_task_constructor_msgs/moveit_task_constructor_msgs/srv
[0.587s] -- Up-to-date: /home/kaushal/kaushal/moveit_ws/install/moveit_task_constructor_msgs/include/moveit_task_constructor_msgs/moveit_task_constructor_msgs/srv/detail
[0.587s] -- Up-to-date: /home/kaushal/kaushal/moveit_ws/install/moveit_task_constructor_msgs/include/moveit_task_constructor_msgs/moveit_task_constructor_msgs/srv/detail/get_solution__rosidl_typesupport_fastrtps_cpp.hpp
[0.587s] -- Up-to-date: /home/kaushal/kaushal/moveit_ws/install/moveit_task_constructor_msgs/include/moveit_task_constructor_msgs/moveit_task_constructor_msgs/srv/detail/dds_fastrtps
[0.587s] -- Up-to-date: /home/kaushal/kaushal/moveit_ws/install/moveit_task_constructor_msgs/include/moveit_task_constructor_msgs/moveit_task_constructor_msgs/msg
[0.587s] -- Up-to-date: /home/kaushal/kaushal/moveit_ws/install/moveit_task_constructor_msgs/include/moveit_task_constructor_msgs/moveit_task_constructor_msgs/msg/rosidl_typesupport_fastrtps_cpp__visibility_control.h
[0.588s] -- Up-to-date: /home/kaushal/kaushal/moveit_ws/install/moveit_task_constructor_msgs/include/moveit_task_constructor_msgs/moveit_task_constructor_msgs/msg/detail
[0.588s] -- Up-to-date: /home/kaushal/kaushal/moveit_ws/install/moveit_task_constructor_msgs/include/moveit_task_constructor_msgs/moveit_task_constructor_msgs/msg/detail/task_description__rosidl_typesupport_fastrtps_cpp.hpp
[0.588s] -- Up-to-date: /home/kaushal/kaushal/moveit_ws/install/moveit_task_constructor_msgs/include/moveit_task_constructor_msgs/moveit_task_constructor_msgs/msg/detail/sub_trajectory__rosidl_typesupport_fastrtps_cpp.hpp
[0.588s] -- Up-to-date: /home/kaushal/kaushal/moveit_ws/install/moveit_task_constructor_msgs/include/moveit_task_constructor_msgs/moveit_task_constructor_msgs/msg/detail/property__rosidl_typesupport_fastrtps_cpp.hpp
[0.588s] -- Up-to-date: /home/kaushal/kaushal/moveit_ws/install/moveit_task_constructor_msgs/include/moveit_task_constructor_msgs/moveit_task_constructor_msgs/msg/detail/dds_fastrtps
[0.588s] -- Up-to-date: /home/kaushal/kaushal/moveit_ws/install/moveit_task_constructor_msgs/include/moveit_task_constructor_msgs/moveit_task_constructor_msgs/msg/detail/sub_solution__rosidl_typesupport_fastrtps_cpp.hpp
[0.588s] -- Up-to-date: /home/kaushal/kaushal/moveit_ws/install/moveit_task_constructor_msgs/include/moveit_task_constructor_msgs/moveit_task_constructor_msgs/msg/detail/solution_info__rosidl_typesupport_fastrtps_cpp.hpp
[0.588s] -- Up-to-date: /home/kaushal/kaushal/moveit_ws/install/moveit_task_constructor_msgs/include/moveit_task_constructor_msgs/moveit_task_constructor_msgs/msg/detail/task_statistics__rosidl_typesupport_fastrtps_cpp.hpp
[0.588s] -- Up-to-date: /home/kaushal/kaushal/moveit_ws/install/moveit_task_constructor_msgs/include/moveit_task_constructor_msgs/moveit_task_constructor_msgs/msg/detail/trajectory_execution_info__rosidl_typesupport_fastrtps_cpp.hpp
[0.588s] -- Up-to-date: /home/kaushal/kaushal/moveit_ws/install/moveit_task_constructor_msgs/include/moveit_task_constructor_msgs/moveit_task_constructor_msgs/msg/detail/solution__rosidl_typesupport_fastrtps_cpp.hpp
[0.588s] -- Up-to-date: /home/kaushal/kaushal/moveit_ws/install/moveit_task_constructor_msgs/include/moveit_task_constructor_msgs/moveit_task_constructor_msgs/msg/detail/stage_statistics__rosidl_typesupport_fastrtps_cpp.hpp
[0.588s] -- Up-to-date: /home/kaushal/kaushal/moveit_ws/install/moveit_task_constructor_msgs/include/moveit_task_constructor_msgs/moveit_task_constructor_msgs/msg/detail/stage_description__rosidl_typesupport_fastrtps_cpp.hpp
[0.588s] -- Up-to-date: /home/kaushal/kaushal/moveit_ws/install/moveit_task_constructor_msgs/lib/libmoveit_task_constructor_msgs__rosidl_typesupport_fastrtps_cpp.so
[0.588s] -- Up-to-date: /home/kaushal/kaushal/moveit_ws/install/moveit_task_constructor_msgs/include/moveit_task_constructor_msgs/moveit_task_constructor_msgs
[0.589s] -- Up-to-date: /home/kaushal/kaushal/moveit_ws/install/moveit_task_constructor_msgs/include/moveit_task_constructor_msgs/moveit_task_constructor_msgs/action
[0.589s] -- Up-to-date: /home/kaushal/kaushal/moveit_ws/install/moveit_task_constructor_msgs/include/moveit_task_constructor_msgs/moveit_task_constructor_msgs/action/detail
[0.589s] -- Up-to-date: /home/kaushal/kaushal/moveit_ws/install/moveit_task_constructor_msgs/include/moveit_task_constructor_msgs/moveit_task_constructor_msgs/action/detail/execute_task_solution__rosidl_typesupport_introspection_c.h
[0.589s] -- Up-to-date: /home/kaushal/kaushal/moveit_ws/install/moveit_task_constructor_msgs/include/moveit_task_constructor_msgs/moveit_task_constructor_msgs/action/detail/execute_task_solution__type_support.c
[0.589s] -- Up-to-date: /home/kaushal/kaushal/moveit_ws/install/moveit_task_constructor_msgs/include/moveit_task_constructor_msgs/moveit_task_constructor_msgs/srv
[0.589s] -- Up-to-date: /home/kaushal/kaushal/moveit_ws/install/moveit_task_constructor_msgs/include/moveit_task_constructor_msgs/moveit_task_constructor_msgs/srv/detail
[0.589s] -- Up-to-date: /home/kaushal/kaushal/moveit_ws/install/moveit_task_constructor_msgs/include/moveit_task_constructor_msgs/moveit_task_constructor_msgs/srv/detail/get_solution__rosidl_typesupport_introspection_c.h
[0.589s] -- Up-to-date: /home/kaushal/kaushal/moveit_ws/install/moveit_task_constructor_msgs/include/moveit_task_constructor_msgs/moveit_task_constructor_msgs/srv/detail/get_solution__type_support.c
[0.589s] -- Up-to-date: /home/kaushal/kaushal/moveit_ws/install/moveit_task_constructor_msgs/include/moveit_task_constructor_msgs/moveit_task_constructor_msgs/msg
[0.589s] -- Up-to-date: /home/kaushal/kaushal/moveit_ws/install/moveit_task_constructor_msgs/include/moveit_task_constructor_msgs/moveit_task_constructor_msgs/msg/rosidl_typesupport_introspection_c__visibility_control.h
[0.589s] -- Up-to-date: /home/kaushal/kaushal/moveit_ws/install/moveit_task_constructor_msgs/include/moveit_task_constructor_msgs/moveit_task_constructor_msgs/msg/detail
[0.589s] -- Up-to-date: /home/kaushal/kaushal/moveit_ws/install/moveit_task_constructor_msgs/include/moveit_task_constructor_msgs/moveit_task_constructor_msgs/msg/detail/stage_statistics__type_support.c
[0.590s] -- Up-to-date: /home/kaushal/kaushal/moveit_ws/install/moveit_task_constructor_msgs/include/moveit_task_constructor_msgs/moveit_task_constructor_msgs/msg/detail/sub_trajectory__type_support.c
[0.590s] -- Up-to-date: /home/kaushal/kaushal/moveit_ws/install/moveit_task_constructor_msgs/include/moveit_task_constructor_msgs/moveit_task_constructor_msgs/msg/detail/solution__type_support.c
[0.590s] -- Up-to-date: /home/kaushal/kaushal/moveit_ws/install/moveit_task_constructor_msgs/include/moveit_task_constructor_msgs/moveit_task_constructor_msgs/msg/detail/stage_description__type_support.c
[0.590s] -- Up-to-date: /home/kaushal/kaushal/moveit_ws/install/moveit_task_constructor_msgs/include/moveit_task_constructor_msgs/moveit_task_constructor_msgs/msg/detail/trajectory_execution_info__rosidl_typesupport_introspection_c.h
[0.590s] -- Up-to-date: /home/kaushal/kaushal/moveit_ws/install/moveit_task_constructor_msgs/include/moveit_task_constructor_msgs/moveit_task_constructor_msgs/msg/detail/sub_trajectory__rosidl_typesupport_introspection_c.h
[0.590s] -- Up-to-date: /home/kaushal/kaushal/moveit_ws/install/moveit_task_constructor_msgs/include/moveit_task_constructor_msgs/moveit_task_constructor_msgs/msg/detail/solution__rosidl_typesupport_introspection_c.h
[0.590s] -- Up-to-date: /home/kaushal/kaushal/moveit_ws/install/moveit_task_constructor_msgs/include/moveit_task_constructor_msgs/moveit_task_constructor_msgs/msg/detail/property__type_support.c
[0.590s] -- Up-to-date: /home/kaushal/kaushal/moveit_ws/install/moveit_task_constructor_msgs/include/moveit_task_constructor_msgs/moveit_task_constructor_msgs/msg/detail/task_statistics__rosidl_typesupport_introspection_c.h
[0.590s] -- Up-to-date: /home/kaushal/kaushal/moveit_ws/install/moveit_task_constructor_msgs/include/moveit_task_constructor_msgs/moveit_task_constructor_msgs/msg/detail/stage_statistics__rosidl_typesupport_introspection_c.h
[0.590s] -- Up-to-date: /home/kaushal/kaushal/moveit_ws/install/moveit_task_constructor_msgs/include/moveit_task_constructor_msgs/moveit_task_constructor_msgs/msg/detail/solution_info__type_support.c
[0.590s] -- Up-to-date: /home/kaushal/kaushal/moveit_ws/install/moveit_task_constructor_msgs/include/moveit_task_constructor_msgs/moveit_task_constructor_msgs/msg/detail/task_description__rosidl_typesupport_introspection_c.h
[0.590s] -- Up-to-date: /home/kaushal/kaushal/moveit_ws/install/moveit_task_constructor_msgs/include/moveit_task_constructor_msgs/moveit_task_constructor_msgs/msg/detail/solution_info__rosidl_typesupport_introspection_c.h
[0.590s] -- Up-to-date: /home/kaushal/kaushal/moveit_ws/install/moveit_task_constructor_msgs/include/moveit_task_constructor_msgs/moveit_task_constructor_msgs/msg/detail/sub_solution__rosidl_typesupport_introspection_c.h
[0.590s] -- Up-to-date: /home/kaushal/kaushal/moveit_ws/install/moveit_task_constructor_msgs/include/moveit_task_constructor_msgs/moveit_task_constructor_msgs/msg/detail/property__rosidl_typesupport_introspection_c.h
[0.590s] -- Up-to-date: /home/kaushal/kaushal/moveit_ws/install/moveit_task_constructor_msgs/include/moveit_task_constructor_msgs/moveit_task_constructor_msgs/msg/detail/stage_description__rosidl_typesupport_introspection_c.h
[0.590s] -- Up-to-date: /home/kaushal/kaushal/moveit_ws/install/moveit_task_constructor_msgs/include/moveit_task_constructor_msgs/moveit_task_constructor_msgs/msg/detail/sub_solution__type_support.c
[0.590s] -- Up-to-date: /home/kaushal/kaushal/moveit_ws/install/moveit_task_constructor_msgs/include/moveit_task_constructor_msgs/moveit_task_constructor_msgs/msg/detail/task_description__type_support.c
[0.591s] -- Up-to-date: /home/kaushal/kaushal/moveit_ws/install/moveit_task_constructor_msgs/include/moveit_task_constructor_msgs/moveit_task_constructor_msgs/msg/detail/task_statistics__type_support.c
[0.591s] -- Up-to-date: /home/kaushal/kaushal/moveit_ws/install/moveit_task_constructor_msgs/include/moveit_task_constructor_msgs/moveit_task_constructor_msgs/msg/detail/trajectory_execution_info__type_support.c
[0.591s] -- Up-to-date: /home/kaushal/kaushal/moveit_ws/install/moveit_task_constructor_msgs/lib/libmoveit_task_constructor_msgs__rosidl_typesupport_introspection_c.so
[0.591s] -- Up-to-date: /home/kaushal/kaushal/moveit_ws/install/moveit_task_constructor_msgs/lib/libmoveit_task_constructor_msgs__rosidl_typesupport_c.so
[0.591s] -- Up-to-date: /home/kaushal/kaushal/moveit_ws/install/moveit_task_constructor_msgs/include/moveit_task_constructor_msgs/moveit_task_constructor_msgs
[0.591s] -- Up-to-date: /home/kaushal/kaushal/moveit_ws/install/moveit_task_constructor_msgs/include/moveit_task_constructor_msgs/moveit_task_constructor_msgs/action
[0.591s] -- Up-to-date: /home/kaushal/kaushal/moveit_ws/install/moveit_task_constructor_msgs/include/moveit_task_constructor_msgs/moveit_task_constructor_msgs/action/detail
[0.593s] -- Up-to-date: /home/kaushal/kaushal/moveit_ws/install/moveit_task_constructor_msgs/include/moveit_task_constructor_msgs/moveit_task_constructor_msgs/action/detail/execute_task_solution__type_support.cpp
[0.593s] -- Up-to-date: /home/kaushal/kaushal/moveit_ws/install/moveit_task_constructor_msgs/include/moveit_task_constructor_msgs/moveit_task_constructor_msgs/action/detail/execute_task_solution__rosidl_typesupport_introspection_cpp.hpp
[0.593s] -- Up-to-date: /home/kaushal/kaushal/moveit_ws/install/moveit_task_constructor_msgs/include/moveit_task_constructor_msgs/moveit_task_constructor_msgs/srv
[0.593s] -- Up-to-date: /home/kaushal/kaushal/moveit_ws/install/moveit_task_constructor_msgs/include/moveit_task_constructor_msgs/moveit_task_constructor_msgs/srv/detail
[0.593s] -- Up-to-date: /home/kaushal/kaushal/moveit_ws/install/moveit_task_constructor_msgs/include/moveit_task_constructor_msgs/moveit_task_constructor_msgs/srv/detail/get_solution__rosidl_typesupport_introspection_cpp.hpp
[0.593s] -- Up-to-date: /home/kaushal/kaushal/moveit_ws/install/moveit_task_constructor_msgs/include/moveit_task_constructor_msgs/moveit_task_constructor_msgs/srv/detail/get_solution__type_support.cpp
[0.593s] -- Up-to-date: /home/kaushal/kaushal/moveit_ws/install/moveit_task_constructor_msgs/include/moveit_task_constructor_msgs/moveit_task_constructor_msgs/msg
[0.594s] -- Up-to-date: /home/kaushal/kaushal/moveit_ws/install/moveit_task_constructor_msgs/include/moveit_task_constructor_msgs/moveit_task_constructor_msgs/msg/detail
[0.594s] -- Up-to-date: /home/kaushal/kaushal/moveit_ws/install/moveit_task_constructor_msgs/include/moveit_task_constructor_msgs/moveit_task_constructor_msgs/msg/detail/stage_description__type_support.cpp
[0.594s] -- Up-to-date: /home/kaushal/kaushal/moveit_ws/install/moveit_task_constructor_msgs/include/moveit_task_constructor_msgs/moveit_task_constructor_msgs/msg/detail/task_description__rosidl_typesupport_introspection_cpp.hpp
[0.594s] -- Up-to-date: /home/kaushal/kaushal/moveit_ws/install/moveit_task_constructor_msgs/include/moveit_task_constructor_msgs/moveit_task_constructor_msgs/msg/detail/property__type_support.cpp
[0.595s] -- Up-to-date: /home/kaushal/kaushal/moveit_ws/install/moveit_task_constructor_msgs/include/moveit_task_constructor_msgs/moveit_task_constructor_msgs/msg/detail/solution__type_support.cpp
[0.595s] -- Up-to-date: /home/kaushal/kaushal/moveit_ws/install/moveit_task_constructor_msgs/include/moveit_task_constructor_msgs/moveit_task_constructor_msgs/msg/detail/solution__rosidl_typesupport_introspection_cpp.hpp
[0.595s] -- Up-to-date: /home/kaushal/kaushal/moveit_ws/install/moveit_task_constructor_msgs/include/moveit_task_constructor_msgs/moveit_task_constructor_msgs/msg/detail/stage_statistics__rosidl_typesupport_introspection_cpp.hpp
[0.595s] -- Up-to-date: /home/kaushal/kaushal/moveit_ws/install/moveit_task_constructor_msgs/include/moveit_task_constructor_msgs/moveit_task_constructor_msgs/msg/detail/solution_info__rosidl_typesupport_introspection_cpp.hpp
[0.595s] -- Up-to-date: /home/kaushal/kaushal/moveit_ws/install/moveit_task_constructor_msgs/include/moveit_task_constructor_msgs/moveit_task_constructor_msgs/msg/detail/solution_info__type_support.cpp
[0.595s] -- Up-to-date: /home/kaushal/kaushal/moveit_ws/install/moveit_task_constructor_msgs/include/moveit_task_constructor_msgs/moveit_task_constructor_msgs/msg/detail/sub_trajectory__rosidl_typesupport_introspection_cpp.hpp
[0.595s] -- Up-to-date: /home/kaushal/kaushal/moveit_ws/install/moveit_task_constructor_msgs/include/moveit_task_constructor_msgs/moveit_task_constructor_msgs/msg/detail/sub_solution__type_support.cpp
[0.595s] -- Up-to-date: /home/kaushal/kaushal/moveit_ws/install/moveit_task_constructor_msgs/include/moveit_task_constructor_msgs/moveit_task_constructor_msgs/msg/detail/property__rosidl_typesupport_introspection_cpp.hpp
[0.595s] -- Up-to-date: /home/kaushal/kaushal/moveit_ws/install/moveit_task_constructor_msgs/include/moveit_task_constructor_msgs/moveit_task_constructor_msgs/msg/detail/trajectory_execution_info__rosidl_typesupport_introspection_cpp.hpp
[0.595s] -- Up-to-date: /home/kaushal/kaushal/moveit_ws/install/moveit_task_constructor_msgs/include/moveit_task_constructor_msgs/moveit_task_constructor_msgs/msg/detail/task_statistics__rosidl_typesupport_introspection_cpp.hpp
[0.595s] -- Up-to-date: /home/kaushal/kaushal/moveit_ws/install/moveit_task_constructor_msgs/include/moveit_task_constructor_msgs/moveit_task_constructor_msgs/msg/detail/sub_solution__rosidl_typesupport_introspection_cpp.hpp
[0.595s] -- Up-to-date: /home/kaushal/kaushal/moveit_ws/install/moveit_task_constructor_msgs/include/moveit_task_constructor_msgs/moveit_task_constructor_msgs/msg/detail/task_statistics__type_support.cpp
[0.596s] -- Up-to-date: /home/kaushal/kaushal/moveit_ws/install/moveit_task_constructor_msgs/include/moveit_task_constructor_msgs/moveit_task_constructor_msgs/msg/detail/stage_description__rosidl_typesupport_introspection_cpp.hpp
[0.596s] -- Up-to-date: /home/kaushal/kaushal/moveit_ws/install/moveit_task_constructor_msgs/include/moveit_task_constructor_msgs/moveit_task_constructor_msgs/msg/detail/sub_trajectory__type_support.cpp
[0.596s] -- Up-to-date: /home/kaushal/kaushal/moveit_ws/install/moveit_task_constructor_msgs/include/moveit_task_constructor_msgs/moveit_task_constructor_msgs/msg/detail/trajectory_execution_info__type_support.cpp
[0.596s] -- Up-to-date: /home/kaushal/kaushal/moveit_ws/install/moveit_task_constructor_msgs/include/moveit_task_constructor_msgs/moveit_task_constructor_msgs/msg/detail/stage_statistics__type_support.cpp
[0.596s] -- Up-to-date: /home/kaushal/kaushal/moveit_ws/install/moveit_task_constructor_msgs/include/moveit_task_constructor_msgs/moveit_task_constructor_msgs/msg/detail/task_description__type_support.cpp
[0.596s] -- Up-to-date: /home/kaushal/kaushal/moveit_ws/install/moveit_task_constructor_msgs/lib/libmoveit_task_constructor_msgs__rosidl_typesupport_introspection_cpp.so
[0.596s] -- Up-to-date: /home/kaushal/kaushal/moveit_ws/install/moveit_task_constructor_msgs/lib/libmoveit_task_constructor_msgs__rosidl_typesupport_cpp.so
[0.596s] -- Up-to-date: /home/kaushal/kaushal/moveit_ws/install/moveit_task_constructor_msgs/share/moveit_task_constructor_msgs/environment/pythonpath.sh
[0.596s] -- Up-to-date: /home/kaushal/kaushal/moveit_ws/install/moveit_task_constructor_msgs/share/moveit_task_constructor_msgs/environment/pythonpath.dsv
[0.596s] -- Up-to-date: /home/kaushal/kaushal/moveit_ws/install/moveit_task_constructor_msgs/local/lib/python3.10/dist-packages/moveit_task_constructor_msgs-0.1.3-py3.10.egg-info
[0.596s] -- Installing: /home/kaushal/kaushal/moveit_ws/install/moveit_task_constructor_msgs/local/lib/python3.10/dist-packages/moveit_task_constructor_msgs-0.1.3-py3.10.egg-info/PKG-INFO
[0.596s] -- Installing: /home/kaushal/kaushal/moveit_ws/install/moveit_task_constructor_msgs/local/lib/python3.10/dist-packages/moveit_task_constructor_msgs-0.1.3-py3.10.egg-info/SOURCES.txt
[0.596s] -- Installing: /home/kaushal/kaushal/moveit_ws/install/moveit_task_constructor_msgs/local/lib/python3.10/dist-packages/moveit_task_constructor_msgs-0.1.3-py3.10.egg-info/dependency_links.txt
[0.597s] -- Installing: /home/kaushal/kaushal/moveit_ws/install/moveit_task_constructor_msgs/local/lib/python3.10/dist-packages/moveit_task_constructor_msgs-0.1.3-py3.10.egg-info/top_level.txt
[0.597s] -- Up-to-date: /home/kaushal/kaushal/moveit_ws/install/moveit_task_constructor_msgs/local/lib/python3.10/dist-packages/moveit_task_constructor_msgs
[0.597s] -- Up-to-date: /home/kaushal/kaushal/moveit_ws/install/moveit_task_constructor_msgs/local/lib/python3.10/dist-packages/moveit_task_constructor_msgs/_moveit_task_constructor_msgs_s.ep.rosidl_typesupport_introspection_c.c
[0.597s] -- Up-to-date: /home/kaushal/kaushal/moveit_ws/install/moveit_task_constructor_msgs/local/lib/python3.10/dist-packages/moveit_task_constructor_msgs/moveit_task_constructor_msgs_s__rosidl_typesupport_fastrtps_c.cpython-310-x86_64-linux-gnu.so
[0.597s] -- Up-to-date: /home/kaushal/kaushal/moveit_ws/install/moveit_task_constructor_msgs/local/lib/python3.10/dist-packages/moveit_task_constructor_msgs/moveit_task_constructor_msgs_s__rosidl_typesupport_introspection_c.cpython-310-x86_64-linux-gnu.so
[0.597s] -- Up-to-date: /home/kaushal/kaushal/moveit_ws/install/moveit_task_constructor_msgs/local/lib/python3.10/dist-packages/moveit_task_constructor_msgs/__init__.py
[0.597s] -- Up-to-date: /home/kaushal/kaushal/moveit_ws/install/moveit_task_constructor_msgs/local/lib/python3.10/dist-packages/moveit_task_constructor_msgs/action
[0.597s] -- Up-to-date: /home/kaushal/kaushal/moveit_ws/install/moveit_task_constructor_msgs/local/lib/python3.10/dist-packages/moveit_task_constructor_msgs/action/_execute_task_solution.py
[0.597s] -- Up-to-date: /home/kaushal/kaushal/moveit_ws/install/moveit_task_constructor_msgs/local/lib/python3.10/dist-packages/moveit_task_constructor_msgs/action/__init__.py
[0.597s] -- Up-to-date: /home/kaushal/kaushal/moveit_ws/install/moveit_task_constructor_msgs/local/lib/python3.10/dist-packages/moveit_task_constructor_msgs/action/_execute_task_solution_s.c
[0.597s] -- Up-to-date: /home/kaushal/kaushal/moveit_ws/install/moveit_task_constructor_msgs/local/lib/python3.10/dist-packages/moveit_task_constructor_msgs/libmoveit_task_constructor_msgs__rosidl_generator_py.so
[0.597s] -- Up-to-date: /home/kaushal/kaushal/moveit_ws/install/moveit_task_constructor_msgs/local/lib/python3.10/dist-packages/moveit_task_constructor_msgs/srv
[0.597s] -- Up-to-date: /home/kaushal/kaushal/moveit_ws/install/moveit_task_constructor_msgs/local/lib/python3.10/dist-packages/moveit_task_constructor_msgs/srv/_get_solution_s.c
[0.597s] -- Up-to-date: /home/kaushal/kaushal/moveit_ws/install/moveit_task_constructor_msgs/local/lib/python3.10/dist-packages/moveit_task_constructor_msgs/srv/__init__.py
[0.597s] -- Up-to-date: /home/kaushal/kaushal/moveit_ws/install/moveit_task_constructor_msgs/local/lib/python3.10/dist-packages/moveit_task_constructor_msgs/srv/_get_solution.py
[0.597s] -- Up-to-date: /home/kaushal/kaushal/moveit_ws/install/moveit_task_constructor_msgs/local/lib/python3.10/dist-packages/moveit_task_constructor_msgs/_moveit_task_constructor_msgs_s.ep.rosidl_typesupport_c.c
[0.597s] -- Up-to-date: /home/kaushal/kaushal/moveit_ws/install/moveit_task_constructor_msgs/local/lib/python3.10/dist-packages/moveit_task_constructor_msgs/_moveit_task_constructor_msgs_s.ep.rosidl_typesupport_fastrtps_c.c
[0.598s] -- Up-to-date: /home/kaushal/kaushal/moveit_ws/install/moveit_task_constructor_msgs/local/lib/python3.10/dist-packages/moveit_task_constructor_msgs/moveit_task_constructor_msgs_s__rosidl_typesupport_c.cpython-310-x86_64-linux-gnu.so
[0.598s] -- Up-to-date: /home/kaushal/kaushal/moveit_ws/install/moveit_task_constructor_msgs/local/lib/python3.10/dist-packages/moveit_task_constructor_msgs/msg
[0.598s] -- Up-to-date: /home/kaushal/kaushal/moveit_ws/install/moveit_task_constructor_msgs/local/lib/python3.10/dist-packages/moveit_task_constructor_msgs/msg/_sub_trajectory_s.c
[0.598s] -- Up-to-date: /home/kaushal/kaushal/moveit_ws/install/moveit_task_constructor_msgs/local/lib/python3.10/dist-packages/moveit_task_constructor_msgs/msg/_task_statistics.py
[0.598s] -- Up-to-date: /home/kaushal/kaushal/moveit_ws/install/moveit_task_constructor_msgs/local/lib/python3.10/dist-packages/moveit_task_constructor_msgs/msg/_solution_info_s.c
[0.598s] -- Up-to-date: /home/kaushal/kaushal/moveit_ws/install/moveit_task_constructor_msgs/local/lib/python3.10/dist-packages/moveit_task_constructor_msgs/msg/_trajectory_execution_info_s.c
[0.598s] -- Up-to-date: /home/kaushal/kaushal/moveit_ws/install/moveit_task_constructor_msgs/local/lib/python3.10/dist-packages/moveit_task_constructor_msgs/msg/_solution_s.c
[0.598s] -- Up-to-date: /home/kaushal/kaushal/moveit_ws/install/moveit_task_constructor_msgs/local/lib/python3.10/dist-packages/moveit_task_constructor_msgs/msg/_sub_solution_s.c
[0.598s] -- Up-to-date: /home/kaushal/kaushal/moveit_ws/install/moveit_task_constructor_msgs/local/lib/python3.10/dist-packages/moveit_task_constructor_msgs/msg/_sub_solution.py
[0.598s] -- Up-to-date: /home/kaushal/kaushal/moveit_ws/install/moveit_task_constructor_msgs/local/lib/python3.10/dist-packages/moveit_task_constructor_msgs/msg/_stage_statistics.py
[0.598s] -- Up-to-date: /home/kaushal/kaushal/moveit_ws/install/moveit_task_constructor_msgs/local/lib/python3.10/dist-packages/moveit_task_constructor_msgs/msg/_solution_info.py
[0.598s] -- Up-to-date: /home/kaushal/kaushal/moveit_ws/install/moveit_task_constructor_msgs/local/lib/python3.10/dist-packages/moveit_task_constructor_msgs/msg/_sub_trajectory.py
[0.598s] -- Up-to-date: /home/kaushal/kaushal/moveit_ws/install/moveit_task_constructor_msgs/local/lib/python3.10/dist-packages/moveit_task_constructor_msgs/msg/__init__.py
[0.598s] -- Up-to-date: /home/kaushal/kaushal/moveit_ws/install/moveit_task_constructor_msgs/local/lib/python3.10/dist-packages/moveit_task_constructor_msgs/msg/_stage_description.py
[0.598s] -- Up-to-date: /home/kaushal/kaushal/moveit_ws/install/moveit_task_constructor_msgs/local/lib/python3.10/dist-packages/moveit_task_constructor_msgs/msg/_property_s.c
[0.598s] -- Up-to-date: /home/kaushal/kaushal/moveit_ws/install/moveit_task_constructor_msgs/local/lib/python3.10/dist-packages/moveit_task_constructor_msgs/msg/_task_description.py
[0.598s] -- Up-to-date: /home/kaushal/kaushal/moveit_ws/install/moveit_task_constructor_msgs/local/lib/python3.10/dist-packages/moveit_task_constructor_msgs/msg/_trajectory_execution_info.py
[0.599s] -- Up-to-date: /home/kaushal/kaushal/moveit_ws/install/moveit_task_constructor_msgs/local/lib/python3.10/dist-packages/moveit_task_constructor_msgs/msg/_stage_statistics_s.c
[0.599s] -- Up-to-date: /home/kaushal/kaushal/moveit_ws/install/moveit_task_constructor_msgs/local/lib/python3.10/dist-packages/moveit_task_constructor_msgs/msg/_task_statistics_s.c
[0.599s] -- Up-to-date: /home/kaushal/kaushal/moveit_ws/install/moveit_task_constructor_msgs/local/lib/python3.10/dist-packages/moveit_task_constructor_msgs/msg/_stage_description_s.c
[0.599s] -- Up-to-date: /home/kaushal/kaushal/moveit_ws/install/moveit_task_constructor_msgs/local/lib/python3.10/dist-packages/moveit_task_constructor_msgs/msg/_property.py
[0.599s] -- Up-to-date: /home/kaushal/kaushal/moveit_ws/install/moveit_task_constructor_msgs/local/lib/python3.10/dist-packages/moveit_task_constructor_msgs/msg/_task_description_s.c
[0.599s] -- Up-to-date: /home/kaushal/kaushal/moveit_ws/install/moveit_task_constructor_msgs/local/lib/python3.10/dist-packages/moveit_task_constructor_msgs/msg/_solution.py
[0.612s] Listing '/home/kaushal/kaushal/moveit_ws/install/moveit_task_constructor_msgs/local/lib/python3.10/dist-packages/moveit_task_constructor_msgs'...
[0.612s] Listing '/home/kaushal/kaushal/moveit_ws/install/moveit_task_constructor_msgs/local/lib/python3.10/dist-packages/moveit_task_constructor_msgs/action'...
[0.612s] Listing '/home/kaushal/kaushal/moveit_ws/install/moveit_task_constructor_msgs/local/lib/python3.10/dist-packages/moveit_task_constructor_msgs/msg'...
[0.613s] Listing '/home/kaushal/kaushal/moveit_ws/install/moveit_task_constructor_msgs/local/lib/python3.10/dist-packages/moveit_task_constructor_msgs/srv'...
[0.616s] -- Up-to-date: /home/kaushal/kaushal/moveit_ws/install/moveit_task_constructor_msgs/local/lib/python3.10/dist-packages/moveit_task_constructor_msgs/moveit_task_constructor_msgs_s__rosidl_typesupport_fastrtps_c.cpython-310-x86_64-linux-gnu.so
[0.616s] -- Up-to-date: /home/kaushal/kaushal/moveit_ws/install/moveit_task_constructor_msgs/local/lib/python3.10/dist-packages/moveit_task_constructor_msgs/moveit_task_constructor_msgs_s__rosidl_typesupport_introspection_c.cpython-310-x86_64-linux-gnu.so
[0.616s] -- Up-to-date: /home/kaushal/kaushal/moveit_ws/install/moveit_task_constructor_msgs/local/lib/python3.10/dist-packages/moveit_task_constructor_msgs/moveit_task_constructor_msgs_s__rosidl_typesupport_c.cpython-310-x86_64-linux-gnu.so
[0.617s] -- Up-to-date: /home/kaushal/kaushal/moveit_ws/install/moveit_task_constructor_msgs/lib/libmoveit_task_constructor_msgs__rosidl_generator_py.so
[0.617s] -- Up-to-date: /home/kaushal/kaushal/moveit_ws/install/moveit_task_constructor_msgs/share/moveit_task_constructor_msgs/msg/Property.idl
[0.617s] -- Up-to-date: /home/kaushal/kaushal/moveit_ws/install/moveit_task_constructor_msgs/share/moveit_task_constructor_msgs/msg/Solution.idl
[0.617s] -- Up-to-date: /home/kaushal/kaushal/moveit_ws/install/moveit_task_constructor_msgs/share/moveit_task_constructor_msgs/msg/SolutionInfo.idl
[0.617s] -- Up-to-date: /home/kaushal/kaushal/moveit_ws/install/moveit_task_constructor_msgs/share/moveit_task_constructor_msgs/msg/StageDescription.idl
[0.617s] -- Up-to-date: /home/kaushal/kaushal/moveit_ws/install/moveit_task_constructor_msgs/share/moveit_task_constructor_msgs/msg/StageStatistics.idl
[0.617s] -- Up-to-date: /home/kaushal/kaushal/moveit_ws/install/moveit_task_constructor_msgs/share/moveit_task_constructor_msgs/msg/SubSolution.idl
[0.617s] -- Up-to-date: /home/kaushal/kaushal/moveit_ws/install/moveit_task_constructor_msgs/share/moveit_task_constructor_msgs/msg/SubTrajectory.idl
[0.617s] -- Up-to-date: /home/kaushal/kaushal/moveit_ws/install/moveit_task_constructor_msgs/share/moveit_task_constructor_msgs/msg/TaskDescription.idl
[0.617s] -- Up-to-date: /home/kaushal/kaushal/moveit_ws/install/moveit_task_constructor_msgs/share/moveit_task_constructor_msgs/msg/TaskStatistics.idl
[0.618s] -- Up-to-date: /home/kaushal/kaushal/moveit_ws/install/moveit_task_constructor_msgs/share/moveit_task_constructor_msgs/msg/TrajectoryExecutionInfo.idl
[0.618s] -- Up-to-date: /home/kaushal/kaushal/moveit_ws/install/moveit_task_constructor_msgs/share/moveit_task_constructor_msgs/srv/GetSolution.idl
[0.618s] -- Up-to-date: /home/kaushal/kaushal/moveit_ws/install/moveit_task_constructor_msgs/share/moveit_task_constructor_msgs/action/ExecuteTaskSolution.idl
[0.618s] -- Up-to-date: /home/kaushal/kaushal/moveit_ws/install/moveit_task_constructor_msgs/share/moveit_task_constructor_msgs/msg/Property.msg
[0.618s] -- Up-to-date: /home/kaushal/kaushal/moveit_ws/install/moveit_task_constructor_msgs/share/moveit_task_constructor_msgs/msg/Solution.msg
[0.618s] -- Up-to-date: /home/kaushal/kaushal/moveit_ws/install/moveit_task_constructor_msgs/share/moveit_task_constructor_msgs/msg/SolutionInfo.msg
[0.618s] -- Up-to-date: /home/kaushal/kaushal/moveit_ws/install/moveit_task_constructor_msgs/share/moveit_task_constructor_msgs/msg/StageDescription.msg
[0.618s] -- Up-to-date: /home/kaushal/kaushal/moveit_ws/install/moveit_task_constructor_msgs/share/moveit_task_constructor_msgs/msg/StageStatistics.msg
[0.618s] -- Up-to-date: /home/kaushal/kaushal/moveit_ws/install/moveit_task_constructor_msgs/share/moveit_task_constructor_msgs/msg/SubSolution.msg
[0.618s] -- Up-to-date: /home/kaushal/kaushal/moveit_ws/install/moveit_task_constructor_msgs/share/moveit_task_constructor_msgs/msg/SubTrajectory.msg
[0.618s] -- Up-to-date: /home/kaushal/kaushal/moveit_ws/install/moveit_task_constructor_msgs/share/moveit_task_constructor_msgs/msg/TaskDescription.msg
[0.618s] -- Up-to-date: /home/kaushal/kaushal/moveit_ws/install/moveit_task_constructor_msgs/share/moveit_task_constructor_msgs/msg/TaskStatistics.msg
[0.618s] -- Up-to-date: /home/kaushal/kaushal/moveit_ws/install/moveit_task_constructor_msgs/share/moveit_task_constructor_msgs/msg/TrajectoryExecutionInfo.msg
[0.618s] -- Up-to-date: /home/kaushal/kaushal/moveit_ws/install/moveit_task_constructor_msgs/share/moveit_task_constructor_msgs/srv/GetSolution.srv
[0.618s] -- Up-to-date: /home/kaushal/kaushal/moveit_ws/install/moveit_task_constructor_msgs/share/moveit_task_constructor_msgs/srv/GetSolution_Request.msg
[0.619s] -- Up-to-date: /home/kaushal/kaushal/moveit_ws/install/moveit_task_constructor_msgs/share/moveit_task_constructor_msgs/srv/GetSolution_Response.msg
[0.619s] -- Up-to-date: /home/kaushal/kaushal/moveit_ws/install/moveit_task_constructor_msgs/share/moveit_task_constructor_msgs/action/ExecuteTaskSolution.action
[0.619s] -- Up-to-date: /home/kaushal/kaushal/moveit_ws/install/moveit_task_constructor_msgs/share/ament_index/resource_index/package_run_dependencies/moveit_task_constructor_msgs
[0.619s] -- Up-to-date: /home/kaushal/kaushal/moveit_ws/install/moveit_task_constructor_msgs/share/ament_index/resource_index/parent_prefix_path/moveit_task_constructor_msgs
[0.619s] -- Up-to-date: /home/kaushal/kaushal/moveit_ws/install/moveit_task_constructor_msgs/share/moveit_task_constructor_msgs/environment/ament_prefix_path.sh
[0.619s] -- Up-to-date: /home/kaushal/kaushal/moveit_ws/install/moveit_task_constructor_msgs/share/moveit_task_constructor_msgs/environment/ament_prefix_path.dsv
[0.619s] -- Up-to-date: /home/kaushal/kaushal/moveit_ws/install/moveit_task_constructor_msgs/share/moveit_task_constructor_msgs/environment/path.sh
[0.619s] -- Up-to-date: /home/kaushal/kaushal/moveit_ws/install/moveit_task_constructor_msgs/share/moveit_task_constructor_msgs/environment/path.dsv
[0.619s] -- Up-to-date: /home/kaushal/kaushal/moveit_ws/install/moveit_task_constructor_msgs/share/moveit_task_constructor_msgs/local_setup.bash
[0.619s] -- Up-to-date: /home/kaushal/kaushal/moveit_ws/install/moveit_task_constructor_msgs/share/moveit_task_constructor_msgs/local_setup.sh
[0.619s] -- Up-to-date: /home/kaushal/kaushal/moveit_ws/install/moveit_task_constructor_msgs/share/moveit_task_constructor_msgs/local_setup.zsh
[0.619s] -- Up-to-date: /home/kaushal/kaushal/moveit_ws/install/moveit_task_constructor_msgs/share/moveit_task_constructor_msgs/local_setup.dsv
[0.619s] -- Installing: /home/kaushal/kaushal/moveit_ws/install/moveit_task_constructor_msgs/share/moveit_task_constructor_msgs/package.dsv
[0.620s] -- Up-to-date: /home/kaushal/kaushal/moveit_ws/install/moveit_task_constructor_msgs/share/ament_index/resource_index/packages/moveit_task_constructor_msgs
[0.620s] -- Up-to-date: /home/kaushal/kaushal/moveit_ws/install/moveit_task_constructor_msgs/share/moveit_task_constructor_msgs/cmake/export_moveit_task_constructor_msgs__rosidl_generator_cExport.cmake
[0.620s] -- Up-to-date: /home/kaushal/kaushal/moveit_ws/install/moveit_task_constructor_msgs/share/moveit_task_constructor_msgs/cmake/export_moveit_task_constructor_msgs__rosidl_generator_cExport-debug.cmake
[0.620s] -- Up-to-date: /home/kaushal/kaushal/moveit_ws/install/moveit_task_constructor_msgs/share/moveit_task_constructor_msgs/cmake/export_moveit_task_constructor_msgs__rosidl_typesupport_fastrtps_cExport.cmake
[0.620s] -- Up-to-date: /home/kaushal/kaushal/moveit_ws/install/moveit_task_constructor_msgs/share/moveit_task_constructor_msgs/cmake/export_moveit_task_constructor_msgs__rosidl_typesupport_fastrtps_cExport-debug.cmake
[0.620s] -- Up-to-date: /home/kaushal/kaushal/moveit_ws/install/moveit_task_constructor_msgs/share/moveit_task_constructor_msgs/cmake/export_moveit_task_constructor_msgs__rosidl_generator_cppExport.cmake
[0.620s] -- Up-to-date: /home/kaushal/kaushal/moveit_ws/install/moveit_task_constructor_msgs/share/moveit_task_constructor_msgs/cmake/export_moveit_task_constructor_msgs__rosidl_typesupport_fastrtps_cppExport.cmake
[0.620s] -- Up-to-date: /home/kaushal/kaushal/moveit_ws/install/moveit_task_constructor_msgs/share/moveit_task_constructor_msgs/cmake/export_moveit_task_constructor_msgs__rosidl_typesupport_fastrtps_cppExport-debug.cmake
[0.620s] -- Up-to-date: /home/kaushal/kaushal/moveit_ws/install/moveit_task_constructor_msgs/share/moveit_task_constructor_msgs/cmake/moveit_task_constructor_msgs__rosidl_typesupport_introspection_cExport.cmake
[0.620s] -- Up-to-date: /home/kaushal/kaushal/moveit_ws/install/moveit_task_constructor_msgs/share/moveit_task_constructor_msgs/cmake/moveit_task_constructor_msgs__rosidl_typesupport_introspection_cExport-debug.cmake
[0.620s] -- Up-to-date: /home/kaushal/kaushal/moveit_ws/install/moveit_task_constructor_msgs/share/moveit_task_constructor_msgs/cmake/moveit_task_constructor_msgs__rosidl_typesupport_cExport.cmake
[0.620s] -- Up-to-date: /home/kaushal/kaushal/moveit_ws/install/moveit_task_constructor_msgs/share/moveit_task_constructor_msgs/cmake/moveit_task_constructor_msgs__rosidl_typesupport_cExport-debug.cmake
[0.620s] -- Up-to-date: /home/kaushal/kaushal/moveit_ws/install/moveit_task_constructor_msgs/share/moveit_task_constructor_msgs/cmake/moveit_task_constructor_msgs__rosidl_typesupport_introspection_cppExport.cmake
[0.620s] -- Up-to-date: /home/kaushal/kaushal/moveit_ws/install/moveit_task_constructor_msgs/share/moveit_task_constructor_msgs/cmake/moveit_task_constructor_msgs__rosidl_typesupport_introspection_cppExport-debug.cmake
[0.620s] -- Up-to-date: /home/kaushal/kaushal/moveit_ws/install/moveit_task_constructor_msgs/share/moveit_task_constructor_msgs/cmake/moveit_task_constructor_msgs__rosidl_typesupport_cppExport.cmake
[0.621s] -- Up-to-date: /home/kaushal/kaushal/moveit_ws/install/moveit_task_constructor_msgs/share/moveit_task_constructor_msgs/cmake/moveit_task_constructor_msgs__rosidl_typesupport_cppExport-debug.cmake
[0.621s] -- Up-to-date: /home/kaushal/kaushal/moveit_ws/install/moveit_task_constructor_msgs/share/moveit_task_constructor_msgs/cmake/export_moveit_task_constructor_msgs__rosidl_generator_pyExport.cmake
[0.621s] -- Up-to-date: /home/kaushal/kaushal/moveit_ws/install/moveit_task_constructor_msgs/share/moveit_task_constructor_msgs/cmake/export_moveit_task_constructor_msgs__rosidl_generator_pyExport-debug.cmake
[0.621s] -- Up-to-date: /home/kaushal/kaushal/moveit_ws/install/moveit_task_constructor_msgs/share/moveit_task_constructor_msgs/cmake/rosidl_cmake-extras.cmake
[0.621s] -- Up-to-date: /home/kaushal/kaushal/moveit_ws/install/moveit_task_constructor_msgs/share/moveit_task_constructor_msgs/cmake/ament_cmake_export_dependencies-extras.cmake
[0.621s] -- Up-to-date: /home/kaushal/kaushal/moveit_ws/install/moveit_task_constructor_msgs/share/moveit_task_constructor_msgs/cmake/ament_cmake_export_include_directories-extras.cmake
[0.621s] -- Up-to-date: /home/kaushal/kaushal/moveit_ws/install/moveit_task_constructor_msgs/share/moveit_task_constructor_msgs/cmake/ament_cmake_export_libraries-extras.cmake
[0.621s] -- Up-to-date: /home/kaushal/kaushal/moveit_ws/install/moveit_task_constructor_msgs/share/moveit_task_constructor_msgs/cmake/ament_cmake_export_targets-extras.cmake
[0.621s] -- Up-to-date: /home/kaushal/kaushal/moveit_ws/install/moveit_task_constructor_msgs/share/moveit_task_constructor_msgs/cmake/rosidl_cmake_export_typesupport_targets-extras.cmake
[0.621s] -- Up-to-date: /home/kaushal/kaushal/moveit_ws/install/moveit_task_constructor_msgs/share/moveit_task_constructor_msgs/cmake/rosidl_cmake_export_typesupport_libraries-extras.cmake
[0.621s] -- Up-to-date: /home/kaushal/kaushal/moveit_ws/install/moveit_task_constructor_msgs/share/moveit_task_constructor_msgs/cmake/moveit_task_constructor_msgsConfig.cmake
[0.621s] -- Up-to-date: /home/kaushal/kaushal/moveit_ws/install/moveit_task_constructor_msgs/share/moveit_task_constructor_msgs/cmake/moveit_task_constructor_msgsConfig-version.cmake
[0.621s] -- Up-to-date: /home/kaushal/kaushal/moveit_ws/install/moveit_task_constructor_msgs/share/moveit_task_constructor_msgs/package.xml
[0.624s] Invoked command in '/home/kaushal/kaushal/moveit_ws/build/moveit_task_constructor_msgs' returned '0': CMAKE_PREFIX_PATH=/opt/ros/humble /usr/bin/cmake --install /home/kaushal/kaushal/moveit_ws/build/moveit_task_constructor_msgs
