[0.623s] Invoking command in '/home/kaushal/kaushal/moveit_ws/src/launch_param_builder': PYTHONPATH=/home/kaushal/kaushal/moveit_ws/build/launch_param_builder/prefix_override:/usr/lib/python3/dist-packages/colcon_core/task/python/colcon_distutils_commands:/home/kaushal/kaushal/moveit_ws/install/launch_param_builder/lib/python3.10/site-packages:${PYTHONPATH} /usr/bin/python3 -W ignore:setup.py install is deprecated -W ignore:easy_install command is deprecated setup.py egg_info --egg-base ../../build/launch_param_builder build --build-base /home/kaushal/kaushal/moveit_ws/build/launch_param_builder/build install --record /home/kaushal/kaushal/moveit_ws/build/launch_param_builder/install.log --single-version-externally-managed install_data
[0.835s] running egg_info
[0.836s] writing ../../build/launch_param_builder/launch_param_builder.egg-info/PKG-INFO
[0.836s] writing dependency_links to ../../build/launch_param_builder/launch_param_builder.egg-info/dependency_links.txt
[0.836s] writing entry points to ../../build/launch_param_builder/launch_param_builder.egg-info/entry_points.txt
[0.836s] writing requirements to ../../build/launch_param_builder/launch_param_builder.egg-info/requires.txt
[0.836s] writing top-level names to ../../build/launch_param_builder/launch_param_builder.egg-info/top_level.txt
[0.838s] reading manifest file '../../build/launch_param_builder/launch_param_builder.egg-info/SOURCES.txt'
[0.838s] adding license file 'LICENSE'
[0.838s] writing manifest file '../../build/launch_param_builder/launch_param_builder.egg-info/SOURCES.txt'
[0.839s] running build
[0.839s] running build_py
[0.839s] running install
[0.839s] running install_lib
[0.840s] running install_data
[0.840s] running install_egg_info
[0.842s] removing '/home/kaushal/kaushal/moveit_ws/install/launch_param_builder/lib/python3.10/site-packages/launch_param_builder-0.1.1-py3.10.egg-info' (and everything under it)
[0.843s] Copying ../../build/launch_param_builder/launch_param_builder.egg-info to /home/kaushal/kaushal/moveit_ws/install/launch_param_builder/lib/python3.10/site-packages/launch_param_builder-0.1.1-py3.10.egg-info
[0.843s] running install_scripts
[0.859s] writing list of installed files to '/home/kaushal/kaushal/moveit_ws/build/launch_param_builder/install.log'
[0.882s] Invoked command in '/home/kaushal/kaushal/moveit_ws/src/launch_param_builder' returned '0': PYTHONPATH=/home/kaushal/kaushal/moveit_ws/build/launch_param_builder/prefix_override:/usr/lib/python3/dist-packages/colcon_core/task/python/colcon_distutils_commands:/home/kaushal/kaushal/moveit_ws/install/launch_param_builder/lib/python3.10/site-packages:${PYTHONPATH} /usr/bin/python3 -W ignore:setup.py install is deprecated -W ignore:easy_install command is deprecated setup.py egg_info --egg-base ../../build/launch_param_builder build --build-base /home/kaushal/kaushal/moveit_ws/build/launch_param_builder/build install --record /home/kaushal/kaushal/moveit_ws/build/launch_param_builder/install.log --single-version-externally-managed install_data
