[0.233s] Invoking command in '/home/kaushal/kaushal/moveit_ws/build/rosparam_shortcuts': CMAKE_PREFIX_PATH=/opt/ros/humble /usr/bin/cmake --build /home/kaushal/kaushal/moveit_ws/build/rosparam_shortcuts -- -j16 -l16
[0.324s] [ 15%] Built target gtest
[0.324s] [ 30%] Built target gtest_main
[0.325s] [ 53%] Built target rosparam_shortcuts
[0.326s] [ 69%] Built target test_node_parameters
[0.326s] [ 84%] Built target rosparam_shortcuts_node_parameters_example
[0.326s] [100%] Built target rosparam_shortcuts_example
[0.398s] Invoked command in '/home/kaushal/kaushal/moveit_ws/build/rosparam_shortcuts' returned '0': CMAKE_PREFIX_PATH=/opt/ros/humble /usr/bin/cmake --build /home/kaushal/kaushal/moveit_ws/build/rosparam_shortcuts -- -j16 -l16
[0.401s] Invoking command in '/home/kaushal/kaushal/moveit_ws/build/rosparam_shortcuts': CMAKE_PREFIX_PATH=/opt/ros/humble /usr/bin/cmake --install /home/kaushal/kaushal/moveit_ws/build/rosparam_shortcuts
[0.420s] -- Install configuration: "Debug"
[0.420s] -- Up-to-date: /home/kaushal/kaushal/moveit_ws/install/rosparam_shortcuts/lib/librosparam_shortcuts.so
[0.420s] -- Up-to-date: /home/kaushal/kaushal/moveit_ws/install/rosparam_shortcuts/lib/rosparam_shortcuts/example
[0.420s] -- Up-to-date: /home/kaushal/kaushal/moveit_ws/install/rosparam_shortcuts/lib/rosparam_shortcuts/node_parameters_example
[0.420s] -- Up-to-date: /home/kaushal/kaushal/moveit_ws/install/rosparam_shortcuts/include
[0.420s] -- Up-to-date: /home/kaushal/kaushal/moveit_ws/install/rosparam_shortcuts/include/rosparam_shortcuts
[0.420s] -- Up-to-date: /home/kaushal/kaushal/moveit_ws/install/rosparam_shortcuts/include/rosparam_shortcuts/rosparam_shortcuts.h
[0.420s] -- Up-to-date: /home/kaushal/kaushal/moveit_ws/install/rosparam_shortcuts/include/rosparam_shortcuts/node_parameters.h
[0.421s] -- Up-to-date: /home/kaushal/kaushal/moveit_ws/install/rosparam_shortcuts/share/rosparam_shortcuts/launch
[0.421s] -- Up-to-date: /home/kaushal/kaushal/moveit_ws/install/rosparam_shortcuts/share/rosparam_shortcuts/launch/example.launch.py
[0.421s] -- Up-to-date: /home/kaushal/kaushal/moveit_ws/install/rosparam_shortcuts/share/rosparam_shortcuts/config
[0.421s] -- Up-to-date: /home/kaushal/kaushal/moveit_ws/install/rosparam_shortcuts/share/rosparam_shortcuts/config/example.yaml
[0.421s] -- Up-to-date: /home/kaushal/kaushal/moveit_ws/install/rosparam_shortcuts/share/rosparam_shortcuts/environment/library_path.sh
[0.421s] -- Up-to-date: /home/kaushal/kaushal/moveit_ws/install/rosparam_shortcuts/share/rosparam_shortcuts/environment/library_path.dsv
[0.421s] -- Up-to-date: /home/kaushal/kaushal/moveit_ws/install/rosparam_shortcuts/share/ament_index/resource_index/package_run_dependencies/rosparam_shortcuts
[0.421s] -- Up-to-date: /home/kaushal/kaushal/moveit_ws/install/rosparam_shortcuts/share/ament_index/resource_index/parent_prefix_path/rosparam_shortcuts
[0.421s] -- Up-to-date: /home/kaushal/kaushal/moveit_ws/install/rosparam_shortcuts/share/rosparam_shortcuts/environment/ament_prefix_path.sh
[0.421s] -- Up-to-date: /home/kaushal/kaushal/moveit_ws/install/rosparam_shortcuts/share/rosparam_shortcuts/environment/ament_prefix_path.dsv
[0.421s] -- Up-to-date: /home/kaushal/kaushal/moveit_ws/install/rosparam_shortcuts/share/rosparam_shortcuts/environment/path.sh
[0.421s] -- Up-to-date: /home/kaushal/kaushal/moveit_ws/install/rosparam_shortcuts/share/rosparam_shortcuts/environment/path.dsv
[0.421s] -- Up-to-date: /home/kaushal/kaushal/moveit_ws/install/rosparam_shortcuts/share/rosparam_shortcuts/local_setup.bash
[0.422s] -- Up-to-date: /home/kaushal/kaushal/moveit_ws/install/rosparam_shortcuts/share/rosparam_shortcuts/local_setup.sh
[0.422s] -- Up-to-date: /home/kaushal/kaushal/moveit_ws/install/rosparam_shortcuts/share/rosparam_shortcuts/local_setup.zsh
[0.422s] -- Up-to-date: /home/kaushal/kaushal/moveit_ws/install/rosparam_shortcuts/share/rosparam_shortcuts/local_setup.dsv
[0.422s] -- Installing: /home/kaushal/kaushal/moveit_ws/install/rosparam_shortcuts/share/rosparam_shortcuts/package.dsv
[0.422s] -- Up-to-date: /home/kaushal/kaushal/moveit_ws/install/rosparam_shortcuts/share/ament_index/resource_index/packages/rosparam_shortcuts
[0.423s] -- Up-to-date: /home/kaushal/kaushal/moveit_ws/install/rosparam_shortcuts/share/rosparam_shortcuts/cmake/export_rosparam_shortcutsExport.cmake
[0.423s] -- Up-to-date: /home/kaushal/kaushal/moveit_ws/install/rosparam_shortcuts/share/rosparam_shortcuts/cmake/export_rosparam_shortcutsExport-debug.cmake
[0.423s] -- Up-to-date: /home/kaushal/kaushal/moveit_ws/install/rosparam_shortcuts/share/rosparam_shortcuts/cmake/ament_cmake_export_targets-extras.cmake
[0.423s] -- Up-to-date: /home/kaushal/kaushal/moveit_ws/install/rosparam_shortcuts/share/rosparam_shortcuts/cmake/ament_cmake_export_dependencies-extras.cmake
[0.423s] -- Up-to-date: /home/kaushal/kaushal/moveit_ws/install/rosparam_shortcuts/share/rosparam_shortcuts/cmake/rosparam_shortcutsConfig.cmake
[0.423s] -- Up-to-date: /home/kaushal/kaushal/moveit_ws/install/rosparam_shortcuts/share/rosparam_shortcuts/cmake/rosparam_shortcutsConfig-version.cmake
[0.423s] -- Up-to-date: /home/kaushal/kaushal/moveit_ws/install/rosparam_shortcuts/share/rosparam_shortcuts/package.xml
[0.428s] Invoked command in '/home/kaushal/kaushal/moveit_ws/build/rosparam_shortcuts' returned '0': CMAKE_PREFIX_PATH=/opt/ros/humble /usr/bin/cmake --install /home/kaushal/kaushal/moveit_ws/build/rosparam_shortcuts
