[0.033s] Invoking command in '/home/kaushal/kaushal/moveit_ws/build/moveit_hybrid_planning': AMENT_PREFIX_PATH=/home/kaushal/kaushal/moveit_ws/install/moveit_ros_planning_interface:/home/kaushal/kaushal/moveit_ws/install/moveit_ros_move_group:/home/kaushal/kaushal/moveit_ws/install/moveit_ros_warehouse:/home/kaushal/kaushal/moveit_ws/install/moveit_planners_ompl:/home/kaushal/kaushal/moveit_ws/install/moveit_kinematics:/home/kaushal/kaushal/moveit_ws/install/moveit_ros_planning:/home/kaushal/kaushal/moveit_ws/install/moveit_simple_controller_manager:/home/kaushal/kaushal/moveit_ws/install/moveit_ros_occupancy_map_monitor:/home/kaushal/kaushal/moveit_ws/install/moveit_core:/home/kaushal/kaushal/moveit_ws/install/moveit_resources_panda_moveit_config:/home/kaushal/kaushal/moveit_ws/install/moveit_resources_fanuc_moveit_config:/home/kaushal/kaushal/moveit_ws/install/moveit_configs_utils:/home/kaushal/kaushal/moveit_ws/install/srdfdom:/home/kaushal/kaushal/moveit_ws/install/moveit_resources_pr2_description:/home/kaushal/kaushal/moveit_ws/install/moveit_resources_panda_description:/home/kaushal/kaushal/moveit_ws/install/moveit_resources_fanuc_description:/home/kaushal/kaushal/moveit_ws/install/moveit_common:/home/kaushal/kaushal/moveit_ws/install/launch_param_builder:${AMENT_PREFIX_PATH} CMAKE_PREFIX_PATH=/home/kaushal/kaushal/moveit_ws/install/moveit_ros_planning_interface:/home/kaushal/kaushal/moveit_ws/install/moveit_ros_move_group:/home/kaushal/kaushal/moveit_ws/install/moveit_ros_warehouse:/home/kaushal/kaushal/moveit_ws/install/moveit_planners_ompl:/home/kaushal/kaushal/moveit_ws/install/moveit_kinematics:/home/kaushal/kaushal/moveit_ws/install/moveit_ros_planning:/home/kaushal/kaushal/moveit_ws/install/moveit_simple_controller_manager:/home/kaushal/kaushal/moveit_ws/install/moveit_ros_occupancy_map_monitor:/home/kaushal/kaushal/moveit_ws/install/moveit_core:/home/kaushal/kaushal/moveit_ws/install/moveit_resources_panda_moveit_config:/home/kaushal/kaushal/moveit_ws/install/moveit_resources_fanuc_moveit_config:/home/kaushal/kaushal/moveit_ws/install/srdfdom:/home/kaushal/kaushal/moveit_ws/install/moveit_resources_pr2_description:/home/kaushal/kaushal/moveit_ws/install/moveit_resources_panda_description:/home/kaushal/kaushal/moveit_ws/install/moveit_resources_fanuc_description:/home/kaushal/kaushal/moveit_ws/install/moveit_common:/opt/ros/humble LD_LIBRARY_PATH=/home/kaushal/kaushal/moveit_ws/install/moveit_ros_planning_interface/lib:/home/kaushal/kaushal/moveit_ws/install/moveit_ros_move_group/lib:/home/kaushal/kaushal/moveit_ws/install/moveit_ros_warehouse/lib:/home/kaushal/kaushal/moveit_ws/install/moveit_planners_ompl/lib:/home/kaushal/kaushal/moveit_ws/install/moveit_kinematics/lib:/home/kaushal/kaushal/moveit_ws/install/moveit_ros_planning/lib:/home/kaushal/kaushal/moveit_ws/install/moveit_simple_controller_manager/lib:/home/kaushal/kaushal/moveit_ws/install/moveit_ros_occupancy_map_monitor/lib:/home/kaushal/kaushal/moveit_ws/install/moveit_core/lib:/home/kaushal/kaushal/moveit_ws/install/srdfdom/lib:${LD_LIBRARY_PATH} PATH=/home/kaushal/kaushal/moveit_ws/install/moveit_core/bin:${PATH} PYTHONPATH=/home/kaushal/kaushal/moveit_ws/install/moveit_configs_utils/lib/python3.10/site-packages:/home/kaushal/kaushal/moveit_ws/install/srdfdom/local/lib/python3.10/dist-packages:/home/kaushal/kaushal/moveit_ws/install/launch_param_builder/lib/python3.10/site-packages:${PYTHONPATH} /usr/bin/cmake --build /home/kaushal/kaushal/moveit_ws/build/moveit_hybrid_planning -- -j16 -l16
[0.102s] [ 10%] [32m[1mLinking CXX shared library libmoveit_hybrid_planning_manager.so[0m
[0.102s] [ 10%] [32m[1mLinking CXX shared library libsimple_sampler_plugin.so[0m
[0.106s] [ 30%] [32m[1mLinking CXX shared library libforward_trajectory_plugin.so[0m
[0.106s] [ 30%] [32m[1mLinking CXX shared library libmoveit_global_planner_component.so[0m
[0.106s] [ 30%] [32m[1mLinking CXX shared library libmotion_planning_pipeline_plugin.so[0m
[0.106s] [ 30%] [32m[1mLinking CXX shared library libmoveit_local_planner_component.so[0m
[0.556s] [ 35%] Built target moveit_global_planner_component
[0.580s] [ 40%] Built target motion_planning_pipeline_plugin
[0.614s] [ 45%] Built target moveit_hybrid_planning_manager
[0.659s] [ 50%] [32m[1mLinking CXX shared library libsingle_plan_execution_plugin.so[0m
[1.103s] [ 55%] Built target single_plan_execution_plugin
[1.150s] [ 60%] [32m[1mLinking CXX shared library libreplan_invalidated_trajectory_plugin.so[0m
[1.337s] [ 65%] Built target moveit_local_planner_component
[1.353s] [ 70%] Built target simple_sampler_plugin
[1.467s] [ 75%] Built target replan_invalidated_trajectory_plugin
[1.473s] [ 80%] Built target forward_trajectory_plugin
[1.503s] [ 85%] [32m[1mLinking CXX executable cancel_action[0m
[1.511s] [ 90%] [32m[1mLinking CXX executable hybrid_planning_demo_node[0m
[1.844s] [ 95%] Built target cancel_action
[2.344s] [100%] Built target hybrid_planning_demo_node
[2.356s] Invoked command in '/home/kaushal/kaushal/moveit_ws/build/moveit_hybrid_planning' returned '0': AMENT_PREFIX_PATH=/home/kaushal/kaushal/moveit_ws/install/moveit_ros_planning_interface:/home/kaushal/kaushal/moveit_ws/install/moveit_ros_move_group:/home/kaushal/kaushal/moveit_ws/install/moveit_ros_warehouse:/home/kaushal/kaushal/moveit_ws/install/moveit_planners_ompl:/home/kaushal/kaushal/moveit_ws/install/moveit_kinematics:/home/kaushal/kaushal/moveit_ws/install/moveit_ros_planning:/home/kaushal/kaushal/moveit_ws/install/moveit_simple_controller_manager:/home/kaushal/kaushal/moveit_ws/install/moveit_ros_occupancy_map_monitor:/home/kaushal/kaushal/moveit_ws/install/moveit_core:/home/kaushal/kaushal/moveit_ws/install/moveit_resources_panda_moveit_config:/home/kaushal/kaushal/moveit_ws/install/moveit_resources_fanuc_moveit_config:/home/kaushal/kaushal/moveit_ws/install/moveit_configs_utils:/home/kaushal/kaushal/moveit_ws/install/srdfdom:/home/kaushal/kaushal/moveit_ws/install/moveit_resources_pr2_description:/home/kaushal/kaushal/moveit_ws/install/moveit_resources_panda_description:/home/kaushal/kaushal/moveit_ws/install/moveit_resources_fanuc_description:/home/kaushal/kaushal/moveit_ws/install/moveit_common:/home/kaushal/kaushal/moveit_ws/install/launch_param_builder:${AMENT_PREFIX_PATH} CMAKE_PREFIX_PATH=/home/kaushal/kaushal/moveit_ws/install/moveit_ros_planning_interface:/home/kaushal/kaushal/moveit_ws/install/moveit_ros_move_group:/home/kaushal/kaushal/moveit_ws/install/moveit_ros_warehouse:/home/kaushal/kaushal/moveit_ws/install/moveit_planners_ompl:/home/kaushal/kaushal/moveit_ws/install/moveit_kinematics:/home/kaushal/kaushal/moveit_ws/install/moveit_ros_planning:/home/kaushal/kaushal/moveit_ws/install/moveit_simple_controller_manager:/home/kaushal/kaushal/moveit_ws/install/moveit_ros_occupancy_map_monitor:/home/kaushal/kaushal/moveit_ws/install/moveit_core:/home/kaushal/kaushal/moveit_ws/install/moveit_resources_panda_moveit_config:/home/kaushal/kaushal/moveit_ws/install/moveit_resources_fanuc_moveit_config:/home/kaushal/kaushal/moveit_ws/install/srdfdom:/home/kaushal/kaushal/moveit_ws/install/moveit_resources_pr2_description:/home/kaushal/kaushal/moveit_ws/install/moveit_resources_panda_description:/home/kaushal/kaushal/moveit_ws/install/moveit_resources_fanuc_description:/home/kaushal/kaushal/moveit_ws/install/moveit_common:/opt/ros/humble LD_LIBRARY_PATH=/home/kaushal/kaushal/moveit_ws/install/moveit_ros_planning_interface/lib:/home/kaushal/kaushal/moveit_ws/install/moveit_ros_move_group/lib:/home/kaushal/kaushal/moveit_ws/install/moveit_ros_warehouse/lib:/home/kaushal/kaushal/moveit_ws/install/moveit_planners_ompl/lib:/home/kaushal/kaushal/moveit_ws/install/moveit_kinematics/lib:/home/kaushal/kaushal/moveit_ws/install/moveit_ros_planning/lib:/home/kaushal/kaushal/moveit_ws/install/moveit_simple_controller_manager/lib:/home/kaushal/kaushal/moveit_ws/install/moveit_ros_occupancy_map_monitor/lib:/home/kaushal/kaushal/moveit_ws/install/moveit_core/lib:/home/kaushal/kaushal/moveit_ws/install/srdfdom/lib:${LD_LIBRARY_PATH} PATH=/home/kaushal/kaushal/moveit_ws/install/moveit_core/bin:${PATH} PYTHONPATH=/home/kaushal/kaushal/moveit_ws/install/moveit_configs_utils/lib/python3.10/site-packages:/home/kaushal/kaushal/moveit_ws/install/srdfdom/local/lib/python3.10/dist-packages:/home/kaushal/kaushal/moveit_ws/install/launch_param_builder/lib/python3.10/site-packages:${PYTHONPATH} /usr/bin/cmake --build /home/kaushal/kaushal/moveit_ws/build/moveit_hybrid_planning -- -j16 -l16
[2.359s] Invoking command in '/home/kaushal/kaushal/moveit_ws/build/moveit_hybrid_planning': AMENT_PREFIX_PATH=/home/kaushal/kaushal/moveit_ws/install/moveit_ros_planning_interface:/home/kaushal/kaushal/moveit_ws/install/moveit_ros_move_group:/home/kaushal/kaushal/moveit_ws/install/moveit_ros_warehouse:/home/kaushal/kaushal/moveit_ws/install/moveit_planners_ompl:/home/kaushal/kaushal/moveit_ws/install/moveit_kinematics:/home/kaushal/kaushal/moveit_ws/install/moveit_ros_planning:/home/kaushal/kaushal/moveit_ws/install/moveit_simple_controller_manager:/home/kaushal/kaushal/moveit_ws/install/moveit_ros_occupancy_map_monitor:/home/kaushal/kaushal/moveit_ws/install/moveit_core:/home/kaushal/kaushal/moveit_ws/install/moveit_resources_panda_moveit_config:/home/kaushal/kaushal/moveit_ws/install/moveit_resources_fanuc_moveit_config:/home/kaushal/kaushal/moveit_ws/install/moveit_configs_utils:/home/kaushal/kaushal/moveit_ws/install/srdfdom:/home/kaushal/kaushal/moveit_ws/install/moveit_resources_pr2_description:/home/kaushal/kaushal/moveit_ws/install/moveit_resources_panda_description:/home/kaushal/kaushal/moveit_ws/install/moveit_resources_fanuc_description:/home/kaushal/kaushal/moveit_ws/install/moveit_common:/home/kaushal/kaushal/moveit_ws/install/launch_param_builder:${AMENT_PREFIX_PATH} CMAKE_PREFIX_PATH=/home/kaushal/kaushal/moveit_ws/install/moveit_ros_planning_interface:/home/kaushal/kaushal/moveit_ws/install/moveit_ros_move_group:/home/kaushal/kaushal/moveit_ws/install/moveit_ros_warehouse:/home/kaushal/kaushal/moveit_ws/install/moveit_planners_ompl:/home/kaushal/kaushal/moveit_ws/install/moveit_kinematics:/home/kaushal/kaushal/moveit_ws/install/moveit_ros_planning:/home/kaushal/kaushal/moveit_ws/install/moveit_simple_controller_manager:/home/kaushal/kaushal/moveit_ws/install/moveit_ros_occupancy_map_monitor:/home/kaushal/kaushal/moveit_ws/install/moveit_core:/home/kaushal/kaushal/moveit_ws/install/moveit_resources_panda_moveit_config:/home/kaushal/kaushal/moveit_ws/install/moveit_resources_fanuc_moveit_config:/home/kaushal/kaushal/moveit_ws/install/srdfdom:/home/kaushal/kaushal/moveit_ws/install/moveit_resources_pr2_description:/home/kaushal/kaushal/moveit_ws/install/moveit_resources_panda_description:/home/kaushal/kaushal/moveit_ws/install/moveit_resources_fanuc_description:/home/kaushal/kaushal/moveit_ws/install/moveit_common:/opt/ros/humble LD_LIBRARY_PATH=/home/kaushal/kaushal/moveit_ws/install/moveit_ros_planning_interface/lib:/home/kaushal/kaushal/moveit_ws/install/moveit_ros_move_group/lib:/home/kaushal/kaushal/moveit_ws/install/moveit_ros_warehouse/lib:/home/kaushal/kaushal/moveit_ws/install/moveit_planners_ompl/lib:/home/kaushal/kaushal/moveit_ws/install/moveit_kinematics/lib:/home/kaushal/kaushal/moveit_ws/install/moveit_ros_planning/lib:/home/kaushal/kaushal/moveit_ws/install/moveit_simple_controller_manager/lib:/home/kaushal/kaushal/moveit_ws/install/moveit_ros_occupancy_map_monitor/lib:/home/kaushal/kaushal/moveit_ws/install/moveit_core/lib:/home/kaushal/kaushal/moveit_ws/install/srdfdom/lib:${LD_LIBRARY_PATH} PATH=/home/kaushal/kaushal/moveit_ws/install/moveit_core/bin:${PATH} PYTHONPATH=/home/kaushal/kaushal/moveit_ws/install/moveit_configs_utils/lib/python3.10/site-packages:/home/kaushal/kaushal/moveit_ws/install/srdfdom/local/lib/python3.10/dist-packages:/home/kaushal/kaushal/moveit_ws/install/launch_param_builder/lib/python3.10/site-packages:${PYTHONPATH} /usr/bin/cmake --install /home/kaushal/kaushal/moveit_ws/build/moveit_hybrid_planning
[2.367s] -- Install configuration: "Release"
[2.371s] -- Installing: /home/kaushal/kaushal/moveit_ws/install/moveit_hybrid_planning/lib/libmoveit_global_planner_component.so.2.5.9
[2.372s] -- Set runtime path of "/home/kaushal/kaushal/moveit_ws/install/moveit_hybrid_planning/lib/libmoveit_global_planner_component.so.2.5.9" to ""
[2.372s] -- Up-to-date: /home/kaushal/kaushal/moveit_ws/install/moveit_hybrid_planning/lib/libmoveit_global_planner_component.so
[2.373s] -- Installing: /home/kaushal/kaushal/moveit_ws/install/moveit_hybrid_planning/lib/libmoveit_hybrid_planning_manager.so.2.5.9
[2.375s] -- Set runtime path of "/home/kaushal/kaushal/moveit_ws/install/moveit_hybrid_planning/lib/libmoveit_hybrid_planning_manager.so.2.5.9" to ""
[2.375s] -- Up-to-date: /home/kaushal/kaushal/moveit_ws/install/moveit_hybrid_planning/lib/libmoveit_hybrid_planning_manager.so
[2.376s] -- Installing: /home/kaushal/kaushal/moveit_ws/install/moveit_hybrid_planning/lib/libmoveit_local_planner_component.so.2.5.9
[2.378s] -- Set runtime path of "/home/kaushal/kaushal/moveit_ws/install/moveit_hybrid_planning/lib/libmoveit_local_planner_component.so.2.5.9" to ""
[2.378s] -- Up-to-date: /home/kaushal/kaushal/moveit_ws/install/moveit_hybrid_planning/lib/libmoveit_local_planner_component.so
[2.378s] -- Installing: /home/kaushal/kaushal/moveit_ws/install/moveit_hybrid_planning/lib/libforward_trajectory_plugin.so.2.5.9
[2.379s] -- Set runtime path of "/home/kaushal/kaushal/moveit_ws/install/moveit_hybrid_planning/lib/libforward_trajectory_plugin.so.2.5.9" to ""
[2.379s] -- Up-to-date: /home/kaushal/kaushal/moveit_ws/install/moveit_hybrid_planning/lib/libforward_trajectory_plugin.so
[2.379s] -- Installing: /home/kaushal/kaushal/moveit_ws/install/moveit_hybrid_planning/lib/libmotion_planning_pipeline_plugin.so.2.5.9
[2.380s] -- Set runtime path of "/home/kaushal/kaushal/moveit_ws/install/moveit_hybrid_planning/lib/libmotion_planning_pipeline_plugin.so.2.5.9" to ""
[2.380s] -- Up-to-date: /home/kaushal/kaushal/moveit_ws/install/moveit_hybrid_planning/lib/libmotion_planning_pipeline_plugin.so
[2.381s] -- Installing: /home/kaushal/kaushal/moveit_ws/install/moveit_hybrid_planning/lib/libreplan_invalidated_trajectory_plugin.so.2.5.9
[2.381s] -- Set runtime path of "/home/kaushal/kaushal/moveit_ws/install/moveit_hybrid_planning/lib/libreplan_invalidated_trajectory_plugin.so.2.5.9" to ""
[2.381s] -- Up-to-date: /home/kaushal/kaushal/moveit_ws/install/moveit_hybrid_planning/lib/libreplan_invalidated_trajectory_plugin.so
[2.382s] -- Installing: /home/kaushal/kaushal/moveit_ws/install/moveit_hybrid_planning/lib/libsimple_sampler_plugin.so.2.5.9
[2.382s] -- Set runtime path of "/home/kaushal/kaushal/moveit_ws/install/moveit_hybrid_planning/lib/libsimple_sampler_plugin.so.2.5.9" to ""
[2.382s] -- Up-to-date: /home/kaushal/kaushal/moveit_ws/install/moveit_hybrid_planning/lib/libsimple_sampler_plugin.so
[2.382s] -- Installing: /home/kaushal/kaushal/moveit_ws/install/moveit_hybrid_planning/lib/libsingle_plan_execution_plugin.so.2.5.9
[2.383s] -- Set runtime path of "/home/kaushal/kaushal/moveit_ws/install/moveit_hybrid_planning/lib/libsingle_plan_execution_plugin.so.2.5.9" to ""
[2.383s] -- Up-to-date: /home/kaushal/kaushal/moveit_ws/install/moveit_hybrid_planning/lib/libsingle_plan_execution_plugin.so
[2.384s] -- Installing: /home/kaushal/kaushal/moveit_ws/install/moveit_hybrid_planning/lib/moveit_hybrid_planning/cancel_action
[2.384s] -- Set runtime path of "/home/kaushal/kaushal/moveit_ws/install/moveit_hybrid_planning/lib/moveit_hybrid_planning/cancel_action" to ""
[2.385s] -- Installing: /home/kaushal/kaushal/moveit_ws/install/moveit_hybrid_planning/lib/moveit_hybrid_planning/hybrid_planning_demo_node
[2.386s] -- Set runtime path of "/home/kaushal/kaushal/moveit_ws/install/moveit_hybrid_planning/lib/moveit_hybrid_planning/hybrid_planning_demo_node" to ""
[2.387s] -- Up-to-date: /home/kaushal/kaushal/moveit_ws/install/moveit_hybrid_planning/include
[2.387s] -- Up-to-date: /home/kaushal/kaushal/moveit_ws/install/moveit_hybrid_planning/include/moveit
[2.387s] -- Up-to-date: /home/kaushal/kaushal/moveit_ws/install/moveit_hybrid_planning/include/moveit/global_planner
[2.387s] -- Up-to-date: /home/kaushal/kaushal/moveit_ws/install/moveit_hybrid_planning/include/moveit/global_planner/global_planner_component.h
[2.387s] -- Up-to-date: /home/kaushal/kaushal/moveit_ws/install/moveit_hybrid_planning/include/moveit/global_planner/global_planner_interface.h
[2.387s] -- Up-to-date: /home/kaushal/kaushal/moveit_ws/install/moveit_hybrid_planning/include
[2.387s] -- Up-to-date: /home/kaushal/kaushal/moveit_ws/install/moveit_hybrid_planning/include/moveit
[2.387s] -- Up-to-date: /home/kaushal/kaushal/moveit_ws/install/moveit_hybrid_planning/include/moveit/global_planner
[2.387s] -- Up-to-date: /home/kaushal/kaushal/moveit_ws/install/moveit_hybrid_planning/include/moveit/global_planner/moveit_planning_pipeline.h
[2.387s] -- Up-to-date: /home/kaushal/kaushal/moveit_ws/install/moveit_hybrid_planning/include
[2.387s] -- Up-to-date: /home/kaushal/kaushal/moveit_ws/install/moveit_hybrid_planning/include/moveit
[2.387s] -- Up-to-date: /home/kaushal/kaushal/moveit_ws/install/moveit_hybrid_planning/include/moveit/hybrid_planning_manager
[2.388s] -- Up-to-date: /home/kaushal/kaushal/moveit_ws/install/moveit_hybrid_planning/include/moveit/hybrid_planning_manager/hybrid_planning_events.h
[2.388s] -- Up-to-date: /home/kaushal/kaushal/moveit_ws/install/moveit_hybrid_planning/include/moveit/hybrid_planning_manager/hybrid_planning_manager.h
[2.388s] -- Up-to-date: /home/kaushal/kaushal/moveit_ws/install/moveit_hybrid_planning/include/moveit/hybrid_planning_manager/planner_logic_interface.h
[2.388s] -- Up-to-date: /home/kaushal/kaushal/moveit_ws/install/moveit_hybrid_planning/include/moveit/hybrid_planning_manager/moveit_error_code_interface.h
[2.388s] -- Up-to-date: /home/kaushal/kaushal/moveit_ws/install/moveit_hybrid_planning/include
[2.388s] -- Up-to-date: /home/kaushal/kaushal/moveit_ws/install/moveit_hybrid_planning/include/moveit
[2.388s] -- Up-to-date: /home/kaushal/kaushal/moveit_ws/install/moveit_hybrid_planning/include/moveit/planner_logic_plugins
[2.388s] -- Up-to-date: /home/kaushal/kaushal/moveit_ws/install/moveit_hybrid_planning/include/moveit/planner_logic_plugins/replan_invalidated_trajectory.h
[2.388s] -- Up-to-date: /home/kaushal/kaushal/moveit_ws/install/moveit_hybrid_planning/include/moveit/planner_logic_plugins/single_plan_execution.h
[2.388s] -- Up-to-date: /home/kaushal/kaushal/moveit_ws/install/moveit_hybrid_planning/include
[2.388s] -- Up-to-date: /home/kaushal/kaushal/moveit_ws/install/moveit_hybrid_planning/include/moveit
[2.388s] -- Up-to-date: /home/kaushal/kaushal/moveit_ws/install/moveit_hybrid_planning/include/moveit/local_planner
[2.388s] -- Up-to-date: /home/kaushal/kaushal/moveit_ws/install/moveit_hybrid_planning/include/moveit/local_planner/local_planner_component.h
[2.389s] -- Up-to-date: /home/kaushal/kaushal/moveit_ws/install/moveit_hybrid_planning/include/moveit/local_planner/local_constraint_solver_interface.h
[2.389s] -- Up-to-date: /home/kaushal/kaushal/moveit_ws/install/moveit_hybrid_planning/include/moveit/local_planner/feedback_types.h
[2.389s] -- Up-to-date: /home/kaushal/kaushal/moveit_ws/install/moveit_hybrid_planning/include/moveit/local_planner/trajectory_operator_interface.h
[2.389s] -- Up-to-date: /home/kaushal/kaushal/moveit_ws/install/moveit_hybrid_planning/include
[2.389s] -- Up-to-date: /home/kaushal/kaushal/moveit_ws/install/moveit_hybrid_planning/include/moveit
[2.389s] -- Up-to-date: /home/kaushal/kaushal/moveit_ws/install/moveit_hybrid_planning/include/moveit/trajectory_operator_plugins
[2.389s] -- Up-to-date: /home/kaushal/kaushal/moveit_ws/install/moveit_hybrid_planning/include/moveit/trajectory_operator_plugins/simple_sampler.h
[2.389s] -- Up-to-date: /home/kaushal/kaushal/moveit_ws/install/moveit_hybrid_planning/include
[2.389s] -- Up-to-date: /home/kaushal/kaushal/moveit_ws/install/moveit_hybrid_planning/include/moveit
[2.389s] -- Up-to-date: /home/kaushal/kaushal/moveit_ws/install/moveit_hybrid_planning/include/moveit/local_constraint_solver_plugins
[2.389s] -- Up-to-date: /home/kaushal/kaushal/moveit_ws/install/moveit_hybrid_planning/include/moveit/local_constraint_solver_plugins/forward_trajectory.h
[2.389s] -- Up-to-date: /home/kaushal/kaushal/moveit_ws/install/moveit_hybrid_planning/share/moveit_hybrid_planning/launch
[2.389s] -- Up-to-date: /home/kaushal/kaushal/moveit_ws/install/moveit_hybrid_planning/share/moveit_hybrid_planning/launch/hybrid_planning_common.py
[2.389s] -- Up-to-date: /home/kaushal/kaushal/moveit_ws/install/moveit_hybrid_planning/share/moveit_hybrid_planning/launch/test_basic_integration.test.py
[2.389s] -- Up-to-date: /home/kaushal/kaushal/moveit_ws/install/moveit_hybrid_planning/share/moveit_hybrid_planning/launch/hybrid_planning_demo.launch.py
[2.389s] -- Up-to-date: /home/kaushal/kaushal/moveit_ws/install/moveit_hybrid_planning/share/moveit_hybrid_planning/config
[2.390s] -- Up-to-date: /home/kaushal/kaushal/moveit_ws/install/moveit_hybrid_planning/share/moveit_hybrid_planning/config/local_planner.yaml
[2.390s] -- Up-to-date: /home/kaushal/kaushal/moveit_ws/install/moveit_hybrid_planning/share/moveit_hybrid_planning/config/common_hybrid_planning_params.yaml
[2.390s] -- Up-to-date: /home/kaushal/kaushal/moveit_ws/install/moveit_hybrid_planning/share/moveit_hybrid_planning/config/demo_controller.yaml
[2.390s] -- Up-to-date: /home/kaushal/kaushal/moveit_ws/install/moveit_hybrid_planning/share/moveit_hybrid_planning/config/hybrid_planning_demo.rviz
[2.390s] -- Up-to-date: /home/kaushal/kaushal/moveit_ws/install/moveit_hybrid_planning/share/moveit_hybrid_planning/config/hybrid_planning_manager.yaml
[2.390s] -- Up-to-date: /home/kaushal/kaushal/moveit_ws/install/moveit_hybrid_planning/share/moveit_hybrid_planning/config/global_planner.yaml
[2.390s] -- Up-to-date: /home/kaushal/kaushal/moveit_ws/install/moveit_hybrid_planning/share/moveit_hybrid_planning/single_plan_execution_plugin.xml
[2.390s] -- Up-to-date: /home/kaushal/kaushal/moveit_ws/install/moveit_hybrid_planning/share/moveit_hybrid_planning/moveit_planning_pipeline_plugin.xml
[2.390s] -- Up-to-date: /home/kaushal/kaushal/moveit_ws/install/moveit_hybrid_planning/share/moveit_hybrid_planning/simple_sampler_plugin.xml
[2.390s] -- Up-to-date: /home/kaushal/kaushal/moveit_ws/install/moveit_hybrid_planning/share/moveit_hybrid_planning/replan_invalidated_trajectory_plugin.xml
[2.390s] -- Up-to-date: /home/kaushal/kaushal/moveit_ws/install/moveit_hybrid_planning/share/moveit_hybrid_planning/forward_trajectory_plugin.xml
[2.390s] -- Up-to-date: /home/kaushal/kaushal/moveit_ws/install/moveit_hybrid_planning/share/moveit_hybrid_planning/environment/library_path.sh
[2.390s] -- Up-to-date: /home/kaushal/kaushal/moveit_ws/install/moveit_hybrid_planning/share/moveit_hybrid_planning/environment/library_path.dsv
[2.390s] -- Up-to-date: /home/kaushal/kaushal/moveit_ws/install/moveit_hybrid_planning/share/ament_index/resource_index/package_run_dependencies/moveit_hybrid_planning
[2.390s] -- Up-to-date: /home/kaushal/kaushal/moveit_ws/install/moveit_hybrid_planning/share/ament_index/resource_index/parent_prefix_path/moveit_hybrid_planning
[2.390s] -- Up-to-date: /home/kaushal/kaushal/moveit_ws/install/moveit_hybrid_planning/share/moveit_hybrid_planning/environment/ament_prefix_path.sh
[2.390s] -- Up-to-date: /home/kaushal/kaushal/moveit_ws/install/moveit_hybrid_planning/share/moveit_hybrid_planning/environment/ament_prefix_path.dsv
[2.390s] -- Up-to-date: /home/kaushal/kaushal/moveit_ws/install/moveit_hybrid_planning/share/moveit_hybrid_planning/environment/path.sh
[2.390s] -- Up-to-date: /home/kaushal/kaushal/moveit_ws/install/moveit_hybrid_planning/share/moveit_hybrid_planning/environment/path.dsv
[2.391s] -- Up-to-date: /home/kaushal/kaushal/moveit_ws/install/moveit_hybrid_planning/share/moveit_hybrid_planning/local_setup.bash
[2.391s] -- Up-to-date: /home/kaushal/kaushal/moveit_ws/install/moveit_hybrid_planning/share/moveit_hybrid_planning/local_setup.sh
[2.391s] -- Up-to-date: /home/kaushal/kaushal/moveit_ws/install/moveit_hybrid_planning/share/moveit_hybrid_planning/local_setup.zsh
[2.391s] -- Up-to-date: /home/kaushal/kaushal/moveit_ws/install/moveit_hybrid_planning/share/moveit_hybrid_planning/local_setup.dsv
[2.391s] -- Installing: /home/kaushal/kaushal/moveit_ws/install/moveit_hybrid_planning/share/moveit_hybrid_planning/package.dsv
[2.391s] -- Up-to-date: /home/kaushal/kaushal/moveit_ws/install/moveit_hybrid_planning/share/ament_index/resource_index/packages/moveit_hybrid_planning
[2.391s] -- Up-to-date: /home/kaushal/kaushal/moveit_ws/install/moveit_hybrid_planning/share/ament_index/resource_index/moveit_hybrid_planning__pluginlib__plugin/moveit_hybrid_planning
[2.391s] -- Up-to-date: /home/kaushal/kaushal/moveit_ws/install/moveit_hybrid_planning/share/ament_index/resource_index/rclcpp_components/moveit_hybrid_planning
[2.391s] -- Up-to-date: /home/kaushal/kaushal/moveit_ws/install/moveit_hybrid_planning/share/moveit_hybrid_planning/cmake/export_moveit_hybrid_planningExport.cmake
[2.391s] -- Up-to-date: /home/kaushal/kaushal/moveit_ws/install/moveit_hybrid_planning/share/moveit_hybrid_planning/cmake/export_moveit_hybrid_planningExport-release.cmake
[2.391s] -- Up-to-date: /home/kaushal/kaushal/moveit_ws/install/moveit_hybrid_planning/share/moveit_hybrid_planning/cmake/ament_cmake_export_include_directories-extras.cmake
[2.392s] -- Up-to-date: /home/kaushal/kaushal/moveit_ws/install/moveit_hybrid_planning/share/moveit_hybrid_planning/cmake/ament_cmake_export_libraries-extras.cmake
[2.392s] -- Up-to-date: /home/kaushal/kaushal/moveit_ws/install/moveit_hybrid_planning/share/moveit_hybrid_planning/cmake/ament_cmake_export_dependencies-extras.cmake
[2.392s] -- Up-to-date: /home/kaushal/kaushal/moveit_ws/install/moveit_hybrid_planning/share/moveit_hybrid_planning/cmake/ament_cmake_export_targets-extras.cmake
[2.392s] -- Up-to-date: /home/kaushal/kaushal/moveit_ws/install/moveit_hybrid_planning/share/moveit_hybrid_planning/cmake/moveit_hybrid_planningConfig.cmake
[2.392s] -- Up-to-date: /home/kaushal/kaushal/moveit_ws/install/moveit_hybrid_planning/share/moveit_hybrid_planning/cmake/moveit_hybrid_planningConfig-version.cmake
[2.392s] -- Up-to-date: /home/kaushal/kaushal/moveit_ws/install/moveit_hybrid_planning/share/moveit_hybrid_planning/package.xml
[2.394s] Invoked command in '/home/kaushal/kaushal/moveit_ws/build/moveit_hybrid_planning' returned '0': AMENT_PREFIX_PATH=/home/kaushal/kaushal/moveit_ws/install/moveit_ros_planning_interface:/home/kaushal/kaushal/moveit_ws/install/moveit_ros_move_group:/home/kaushal/kaushal/moveit_ws/install/moveit_ros_warehouse:/home/kaushal/kaushal/moveit_ws/install/moveit_planners_ompl:/home/kaushal/kaushal/moveit_ws/install/moveit_kinematics:/home/kaushal/kaushal/moveit_ws/install/moveit_ros_planning:/home/kaushal/kaushal/moveit_ws/install/moveit_simple_controller_manager:/home/kaushal/kaushal/moveit_ws/install/moveit_ros_occupancy_map_monitor:/home/kaushal/kaushal/moveit_ws/install/moveit_core:/home/kaushal/kaushal/moveit_ws/install/moveit_resources_panda_moveit_config:/home/kaushal/kaushal/moveit_ws/install/moveit_resources_fanuc_moveit_config:/home/kaushal/kaushal/moveit_ws/install/moveit_configs_utils:/home/kaushal/kaushal/moveit_ws/install/srdfdom:/home/kaushal/kaushal/moveit_ws/install/moveit_resources_pr2_description:/home/kaushal/kaushal/moveit_ws/install/moveit_resources_panda_description:/home/kaushal/kaushal/moveit_ws/install/moveit_resources_fanuc_description:/home/kaushal/kaushal/moveit_ws/install/moveit_common:/home/kaushal/kaushal/moveit_ws/install/launch_param_builder:${AMENT_PREFIX_PATH} CMAKE_PREFIX_PATH=/home/kaushal/kaushal/moveit_ws/install/moveit_ros_planning_interface:/home/kaushal/kaushal/moveit_ws/install/moveit_ros_move_group:/home/kaushal/kaushal/moveit_ws/install/moveit_ros_warehouse:/home/kaushal/kaushal/moveit_ws/install/moveit_planners_ompl:/home/kaushal/kaushal/moveit_ws/install/moveit_kinematics:/home/kaushal/kaushal/moveit_ws/install/moveit_ros_planning:/home/kaushal/kaushal/moveit_ws/install/moveit_simple_controller_manager:/home/kaushal/kaushal/moveit_ws/install/moveit_ros_occupancy_map_monitor:/home/kaushal/kaushal/moveit_ws/install/moveit_core:/home/kaushal/kaushal/moveit_ws/install/moveit_resources_panda_moveit_config:/home/kaushal/kaushal/moveit_ws/install/moveit_resources_fanuc_moveit_config:/home/kaushal/kaushal/moveit_ws/install/srdfdom:/home/kaushal/kaushal/moveit_ws/install/moveit_resources_pr2_description:/home/kaushal/kaushal/moveit_ws/install/moveit_resources_panda_description:/home/kaushal/kaushal/moveit_ws/install/moveit_resources_fanuc_description:/home/kaushal/kaushal/moveit_ws/install/moveit_common:/opt/ros/humble LD_LIBRARY_PATH=/home/kaushal/kaushal/moveit_ws/install/moveit_ros_planning_interface/lib:/home/kaushal/kaushal/moveit_ws/install/moveit_ros_move_group/lib:/home/kaushal/kaushal/moveit_ws/install/moveit_ros_warehouse/lib:/home/kaushal/kaushal/moveit_ws/install/moveit_planners_ompl/lib:/home/kaushal/kaushal/moveit_ws/install/moveit_kinematics/lib:/home/kaushal/kaushal/moveit_ws/install/moveit_ros_planning/lib:/home/kaushal/kaushal/moveit_ws/install/moveit_simple_controller_manager/lib:/home/kaushal/kaushal/moveit_ws/install/moveit_ros_occupancy_map_monitor/lib:/home/kaushal/kaushal/moveit_ws/install/moveit_core/lib:/home/kaushal/kaushal/moveit_ws/install/srdfdom/lib:${LD_LIBRARY_PATH} PATH=/home/kaushal/kaushal/moveit_ws/install/moveit_core/bin:${PATH} PYTHONPATH=/home/kaushal/kaushal/moveit_ws/install/moveit_configs_utils/lib/python3.10/site-packages:/home/kaushal/kaushal/moveit_ws/install/srdfdom/local/lib/python3.10/dist-packages:/home/kaushal/kaushal/moveit_ws/install/launch_param_builder/lib/python3.10/site-packages:${PYTHONPATH} /usr/bin/cmake --install /home/kaushal/kaushal/moveit_ws/build/moveit_hybrid_planning
