[01m[K/home/kaushal/kaushal/moveit_ws/src/cartesian_motion/src/cartesian_planner.cpp:13:165:[m[K [01;31m[Kerror: [m[K‘[01m[Klogger[m[K’ has not been declared
   13 | ring end_effector, const double speed, moveit::core::RobotStatePtr kinematic_state, [01;31m[Klogger[m[K)
      |                                                                                     [01;31m[K^~~~~~[m[K

In file included from [01m[K/home/kaushal/kaushal/moveit_ws/install/moveit_core/include/moveit/kinematics_base/kinematics_base.h:42[m[K,
                 from [01m[K/home/kaushal/kaushal/moveit_ws/install/moveit_core/include/moveit/robot_model/joint_model_group.h:42[m[K,
                 from [01m[K/home/kaushal/kaushal/moveit_ws/install/moveit_core/include/moveit/robot_model/robot_model.h:45[m[K,
                 from [01m[K/home/kaushal/kaushal/moveit_ws/src/cartesian_motion/src/cartesian_planner.cpp:6[m[K:
[01m[K/home/kaushal/kaushal/moveit_ws/src/cartesian_motion/src/cartesian_planner.cpp:[m[K In function ‘[01m[Kvoid setAvgCartesianSpeed(moveit_msgs::msg::RobotTrajectory&, std::string, double, moveit::core::RobotStatePtr, int)[m[K’:
[01m[K/home/kaushal/kaushal/moveit_ws/src/cartesian_motion/src/cartesian_planner.cpp:61:25:[m[K [01;31m[Kerror: [m[K‘[01m[Klogger[m[K’ was not declared in this scope
   61 |             RCLCPP_WARN([01;31m[Klogger[m[K, "Average speed is too fast. Moving as fast as joint constraints allow.");
      |                         [01;31m[K^~~~~~[m[K
[01m[K/home/kaushal/kaushal/moveit_ws/src/cartesian_motion/src/cartesian_planner.cpp:61:13:[m[K [01;31m[Kerror: [m[Ktemplate argument 1 is invalid
   61 |             [01;31m[KRCLCPP_WARN[m[K(logger, "Average speed is too fast. Moving as fast as joint constraints allow.");
      |             [01;31m[K^~~~~~~~~~~[m[K
[01m[K/home/kaushal/kaushal/moveit_ws/src/cartesian_motion/src/cartesian_planner.cpp:61:13:[m[K [01;31m[Kerror: [m[Ktemplate argument 1 is invalid
   61 |             [01;31m[KRCLCPP_WARN[m[K(logger, "Average speed is too fast. Moving as fast as joint constraints allow.");
      |             [01;31m[K^~~~~~~~~~~[m[K
[01m[K/home/kaushal/kaushal/moveit_ws/src/cartesian_motion/src/cartesian_planner.cpp:61:13:[m[K [01;31m[Kerror: [m[Ktemplate argument 1 is invalid
   61 |             [01;31m[KRCLCPP_WARN[m[K(logger, "Average speed is too fast. Moving as fast as joint constraints allow.");
      |             [01;31m[K^~~~~~~~~~~[m[K
[01m[K/home/kaushal/kaushal/moveit_ws/src/cartesian_motion/src/cartesian_planner.cpp:87:26:[m[K [01;35m[Kwarning: [m[Kcomparison of integer expressions of different signedness: ‘[01m[Kint[m[K’ and ‘[01m[Kstd::vector<std::__cxx11::basic_string<char> >::size_type[m[K’ {aka ‘[01m[Klong unsigned int[m[K’} [[01;35m[K]8;;https://gcc.gnu.org/onlinedocs/gcc/Warning-Options.html#index-Wsign-compare-Wsign-compare]8;;[m[K]
   87 |         for(int j = 0; [01;35m[Kj < joint_names.size()[m[K; j++)     //loop through all joints in waypoint
      |                        [01;35m[K~~^~~~~~~~~~~~~~~~~~~~[m[K
[01m[K/home/kaushal/kaushal/moveit_ws/src/cartesian_motion/src/cartesian_planner.cpp:[m[K In function ‘[01m[Kint main(int, char**)[m[K’:
[01m[K/home/kaushal/kaushal/moveit_ws/src/cartesian_motion/src/cartesian_planner.cpp:184:73:[m[K [01;31m[Kerror: [m[Kcannot convert ‘[01m[Kconst rclcpp::Logger[m[K’ to ‘[01m[Kint[m[K’
  184 |   setAvgCartesianSpeed(trajectory, end_effector, 0.05, kinematic_state, [01;31m[Klogger[m[K);
      |                                                                         [01;31m[K^~~~~~[m[K
      |                                                                         [01;31m[K|[m[K
      |                                                                         [01;31m[Kconst rclcpp::Logger[m[K
[01m[K/home/kaushal/kaushal/moveit_ws/src/cartesian_motion/src/cartesian_planner.cpp:13:165:[m[K [01;36m[Knote: [m[K  initializing argument 5 of ‘[01m[Kvoid setAvgCartesianSpeed(moveit_msgs::msg::RobotTrajectory&, std::string, double, moveit::core::RobotStatePtr, int)[m[K’
   13 | ring end_effector, const double speed, moveit::core::RobotStatePtr kinematic_state, [01;36m[Klogger[m[K)
      |                                                                                     [01;36m[K^~~~~~[m[K

gmake[2]: *** [CMakeFiles/cartesian_planner.dir/build.make:76: CMakeFiles/cartesian_planner.dir/src/cartesian_planner.cpp.o] Error 1
gmake[1]: *** [CMakeFiles/Makefile2:137: CMakeFiles/cartesian_planner.dir/all] Error 2
gmake: *** [Makefile:146: all] Error 2
