[0.036s] Invoking command in '/home/kaushal/kaushal/moveit_ws/build/moveit_ros_visualization': AMENT_PREFIX_PATH=/home/kaushal/kaushal/moveit_ws/install/moveit_ros_planning_interface:/home/kaushal/kaushal/moveit_ws/install/moveit_ros_move_group:/home/kaushal/kaushal/moveit_ws/install/moveit_ros_warehouse:/home/kaushal/kaushal/moveit_ws/install/moveit_ros_robot_interaction:/home/kaushal/kaushal/moveit_ws/install/moveit_planners_ompl:/home/kaushal/kaushal/moveit_ws/install/moveit_kinematics:/home/kaushal/kaushal/moveit_ws/install/moveit_ros_planning:/home/kaushal/kaushal/moveit_ws/install/moveit_simple_controller_manager:/home/kaushal/kaushal/moveit_ws/install/moveit_ros_occupancy_map_monitor:/home/kaushal/kaushal/moveit_ws/install/moveit_core:/home/kaushal/kaushal/moveit_ws/install/moveit_resources_panda_moveit_config:/home/kaushal/kaushal/moveit_ws/install/moveit_resources_fanuc_moveit_config:/home/kaushal/kaushal/moveit_ws/install/moveit_configs_utils:/home/kaushal/kaushal/moveit_ws/install/srdfdom:/home/kaushal/kaushal/moveit_ws/install/moveit_resources_pr2_description:/home/kaushal/kaushal/moveit_ws/install/moveit_resources_panda_description:/home/kaushal/kaushal/moveit_ws/install/moveit_resources_fanuc_description:/home/kaushal/kaushal/moveit_ws/install/moveit_common:/home/kaushal/kaushal/moveit_ws/install/launch_param_builder:${AMENT_PREFIX_PATH} CMAKE_PREFIX_PATH=/home/kaushal/kaushal/moveit_ws/install/moveit_ros_planning_interface:/home/kaushal/kaushal/moveit_ws/install/moveit_ros_move_group:/home/kaushal/kaushal/moveit_ws/install/moveit_ros_warehouse:/home/kaushal/kaushal/moveit_ws/install/moveit_ros_robot_interaction:/home/kaushal/kaushal/moveit_ws/install/moveit_planners_ompl:/home/kaushal/kaushal/moveit_ws/install/moveit_kinematics:/home/kaushal/kaushal/moveit_ws/install/moveit_ros_planning:/home/kaushal/kaushal/moveit_ws/install/moveit_simple_controller_manager:/home/kaushal/kaushal/moveit_ws/install/moveit_ros_occupancy_map_monitor:/home/kaushal/kaushal/moveit_ws/install/moveit_core:/home/kaushal/kaushal/moveit_ws/install/moveit_resources_panda_moveit_config:/home/kaushal/kaushal/moveit_ws/install/moveit_resources_fanuc_moveit_config:/home/kaushal/kaushal/moveit_ws/install/srdfdom:/home/kaushal/kaushal/moveit_ws/install/moveit_resources_pr2_description:/home/kaushal/kaushal/moveit_ws/install/moveit_resources_panda_description:/home/kaushal/kaushal/moveit_ws/install/moveit_resources_fanuc_description:/home/kaushal/kaushal/moveit_ws/install/moveit_common:/opt/ros/humble LD_LIBRARY_PATH=/home/kaushal/kaushal/moveit_ws/install/moveit_ros_planning_interface/lib:/home/kaushal/kaushal/moveit_ws/install/moveit_ros_move_group/lib:/home/kaushal/kaushal/moveit_ws/install/moveit_ros_warehouse/lib:/home/kaushal/kaushal/moveit_ws/install/moveit_ros_robot_interaction/lib:/home/kaushal/kaushal/moveit_ws/install/moveit_planners_ompl/lib:/home/kaushal/kaushal/moveit_ws/install/moveit_kinematics/lib:/home/kaushal/kaushal/moveit_ws/install/moveit_ros_planning/lib:/home/kaushal/kaushal/moveit_ws/install/moveit_simple_controller_manager/lib:/home/kaushal/kaushal/moveit_ws/install/moveit_ros_occupancy_map_monitor/lib:/home/kaushal/kaushal/moveit_ws/install/moveit_core/lib:/home/kaushal/kaushal/moveit_ws/install/srdfdom/lib:${LD_LIBRARY_PATH} PATH=/home/kaushal/kaushal/moveit_ws/install/moveit_core/bin:${PATH} PYTHONPATH=/home/kaushal/kaushal/moveit_ws/install/moveit_configs_utils/lib/python3.10/site-packages:/home/kaushal/kaushal/moveit_ws/install/srdfdom/local/lib/python3.10/dist-packages:/home/kaushal/kaushal/moveit_ws/install/launch_param_builder/lib/python3.10/site-packages:${PYTHONPATH} /usr/bin/cmake --build /home/kaushal/kaushal/moveit_ws/build/moveit_ros_visualization -- -j16 -l16
[0.096s] [  1%] [34m[1mAutomatic MOC for target moveit_rviz_plugin_render_tools[0m
[0.119s] [  1%] Built target moveit_rviz_plugin_render_tools_autogen
[0.172s] [  3%] [32m[1mLinking CXX shared library libmoveit_rviz_plugin_render_tools.so[0m
[3.190s] [ 18%] Built target moveit_rviz_plugin_render_tools
[3.219s] [ 22%] [34m[1mAutomatic MOC for target moveit_planning_scene_rviz_plugin_core[0m
[3.219s] [ 22%] [34m[1mAutomatic MOC for target moveit_robot_state_rviz_plugin_core[0m
[3.239s] [ 22%] Built target moveit_robot_state_rviz_plugin_core_autogen
[3.239s] [ 22%] Built target moveit_planning_scene_rviz_plugin_core_autogen
[3.277s] [ 24%] [32m[1mLinking CXX shared library libmoveit_robot_state_rviz_plugin_core.so[0m
[3.281s] [ 25%] [32m[1mLinking CXX shared library libmoveit_planning_scene_rviz_plugin_core.so[0m
[7.409s] [ 29%] Built target moveit_robot_state_rviz_plugin_core
[7.441s] [ 31%] [34m[1mAutomatic MOC for target moveit_robot_state_rviz_plugin[0m
[7.464s] [ 31%] Built target moveit_robot_state_rviz_plugin_autogen
[7.502s] [ 32%] [32m[1mLinking CXX shared library libmoveit_robot_state_rviz_plugin.so[0m
[7.875s] [ 37%] Built target moveit_planning_scene_rviz_plugin_core
[7.906s] [ 41%] [34m[1mAutomatic MOC for target moveit_trajectory_rviz_plugin_core[0m
[7.906s] [ 41%] [34m[1mAutomatic MOC for target moveit_planning_scene_rviz_plugin[0m
[7.929s] [ 41%] Built target moveit_planning_scene_rviz_plugin_autogen
[7.931s] [ 41%] Built target moveit_trajectory_rviz_plugin_core_autogen
[7.970s] [ 43%] [32m[1mLinking CXX shared library libmoveit_trajectory_rviz_plugin_core.so[0m
[7.970s] [ 44%] [32m[1mLinking CXX shared library libmoveit_planning_scene_rviz_plugin.so[0m
[8.148s] [ 48%] Built target moveit_robot_state_rviz_plugin
[8.764s] [ 51%] Built target moveit_planning_scene_rviz_plugin
[8.797s] [ 53%] [34m[1mAutomatic MOC for target moveit_motion_planning_rviz_plugin_core[0m
[8.830s] [ 53%] Built target moveit_motion_planning_rviz_plugin_core_autogen
[8.915s] [ 55%] [32m[1mLinking CXX shared library libmoveit_motion_planning_rviz_plugin_core.so[0m
[9.085s] [ 58%] Built target moveit_trajectory_rviz_plugin_core
[9.116s] [ 60%] [34m[1mAutomatic MOC for target moveit_trajectory_rviz_plugin[0m
[9.138s] [ 60%] Built target moveit_trajectory_rviz_plugin_autogen
[9.179s] [ 62%] [32m[1mLinking CXX shared library libmoveit_trajectory_rviz_plugin.so[0m
[9.873s] [ 65%] Built target moveit_trajectory_rviz_plugin
[14.212s] [ 93%] Built target moveit_motion_planning_rviz_plugin_core
[14.240s] [ 94%] [34m[1mAutomatic MOC for target moveit_motion_planning_rviz_plugin[0m
[14.260s] [ 94%] Built target moveit_motion_planning_rviz_plugin_autogen
[14.301s] [ 96%] [32m[1mLinking CXX shared library libmoveit_motion_planning_rviz_plugin.so[0m
[14.909s] [100%] Built target moveit_motion_planning_rviz_plugin
[14.920s] Invoked command in '/home/kaushal/kaushal/moveit_ws/build/moveit_ros_visualization' returned '0': AMENT_PREFIX_PATH=/home/kaushal/kaushal/moveit_ws/install/moveit_ros_planning_interface:/home/kaushal/kaushal/moveit_ws/install/moveit_ros_move_group:/home/kaushal/kaushal/moveit_ws/install/moveit_ros_warehouse:/home/kaushal/kaushal/moveit_ws/install/moveit_ros_robot_interaction:/home/kaushal/kaushal/moveit_ws/install/moveit_planners_ompl:/home/kaushal/kaushal/moveit_ws/install/moveit_kinematics:/home/kaushal/kaushal/moveit_ws/install/moveit_ros_planning:/home/kaushal/kaushal/moveit_ws/install/moveit_simple_controller_manager:/home/kaushal/kaushal/moveit_ws/install/moveit_ros_occupancy_map_monitor:/home/kaushal/kaushal/moveit_ws/install/moveit_core:/home/kaushal/kaushal/moveit_ws/install/moveit_resources_panda_moveit_config:/home/kaushal/kaushal/moveit_ws/install/moveit_resources_fanuc_moveit_config:/home/kaushal/kaushal/moveit_ws/install/moveit_configs_utils:/home/kaushal/kaushal/moveit_ws/install/srdfdom:/home/kaushal/kaushal/moveit_ws/install/moveit_resources_pr2_description:/home/kaushal/kaushal/moveit_ws/install/moveit_resources_panda_description:/home/kaushal/kaushal/moveit_ws/install/moveit_resources_fanuc_description:/home/kaushal/kaushal/moveit_ws/install/moveit_common:/home/kaushal/kaushal/moveit_ws/install/launch_param_builder:${AMENT_PREFIX_PATH} CMAKE_PREFIX_PATH=/home/kaushal/kaushal/moveit_ws/install/moveit_ros_planning_interface:/home/kaushal/kaushal/moveit_ws/install/moveit_ros_move_group:/home/kaushal/kaushal/moveit_ws/install/moveit_ros_warehouse:/home/kaushal/kaushal/moveit_ws/install/moveit_ros_robot_interaction:/home/kaushal/kaushal/moveit_ws/install/moveit_planners_ompl:/home/kaushal/kaushal/moveit_ws/install/moveit_kinematics:/home/kaushal/kaushal/moveit_ws/install/moveit_ros_planning:/home/kaushal/kaushal/moveit_ws/install/moveit_simple_controller_manager:/home/kaushal/kaushal/moveit_ws/install/moveit_ros_occupancy_map_monitor:/home/kaushal/kaushal/moveit_ws/install/moveit_core:/home/kaushal/kaushal/moveit_ws/install/moveit_resources_panda_moveit_config:/home/kaushal/kaushal/moveit_ws/install/moveit_resources_fanuc_moveit_config:/home/kaushal/kaushal/moveit_ws/install/srdfdom:/home/kaushal/kaushal/moveit_ws/install/moveit_resources_pr2_description:/home/kaushal/kaushal/moveit_ws/install/moveit_resources_panda_description:/home/kaushal/kaushal/moveit_ws/install/moveit_resources_fanuc_description:/home/kaushal/kaushal/moveit_ws/install/moveit_common:/opt/ros/humble LD_LIBRARY_PATH=/home/kaushal/kaushal/moveit_ws/install/moveit_ros_planning_interface/lib:/home/kaushal/kaushal/moveit_ws/install/moveit_ros_move_group/lib:/home/kaushal/kaushal/moveit_ws/install/moveit_ros_warehouse/lib:/home/kaushal/kaushal/moveit_ws/install/moveit_ros_robot_interaction/lib:/home/kaushal/kaushal/moveit_ws/install/moveit_planners_ompl/lib:/home/kaushal/kaushal/moveit_ws/install/moveit_kinematics/lib:/home/kaushal/kaushal/moveit_ws/install/moveit_ros_planning/lib:/home/kaushal/kaushal/moveit_ws/install/moveit_simple_controller_manager/lib:/home/kaushal/kaushal/moveit_ws/install/moveit_ros_occupancy_map_monitor/lib:/home/kaushal/kaushal/moveit_ws/install/moveit_core/lib:/home/kaushal/kaushal/moveit_ws/install/srdfdom/lib:${LD_LIBRARY_PATH} PATH=/home/kaushal/kaushal/moveit_ws/install/moveit_core/bin:${PATH} PYTHONPATH=/home/kaushal/kaushal/moveit_ws/install/moveit_configs_utils/lib/python3.10/site-packages:/home/kaushal/kaushal/moveit_ws/install/srdfdom/local/lib/python3.10/dist-packages:/home/kaushal/kaushal/moveit_ws/install/launch_param_builder/lib/python3.10/site-packages:${PYTHONPATH} /usr/bin/cmake --build /home/kaushal/kaushal/moveit_ws/build/moveit_ros_visualization -- -j16 -l16
[14.923s] Invoking command in '/home/kaushal/kaushal/moveit_ws/build/moveit_ros_visualization': AMENT_PREFIX_PATH=/home/kaushal/kaushal/moveit_ws/install/moveit_ros_planning_interface:/home/kaushal/kaushal/moveit_ws/install/moveit_ros_move_group:/home/kaushal/kaushal/moveit_ws/install/moveit_ros_warehouse:/home/kaushal/kaushal/moveit_ws/install/moveit_ros_robot_interaction:/home/kaushal/kaushal/moveit_ws/install/moveit_planners_ompl:/home/kaushal/kaushal/moveit_ws/install/moveit_kinematics:/home/kaushal/kaushal/moveit_ws/install/moveit_ros_planning:/home/kaushal/kaushal/moveit_ws/install/moveit_simple_controller_manager:/home/kaushal/kaushal/moveit_ws/install/moveit_ros_occupancy_map_monitor:/home/kaushal/kaushal/moveit_ws/install/moveit_core:/home/kaushal/kaushal/moveit_ws/install/moveit_resources_panda_moveit_config:/home/kaushal/kaushal/moveit_ws/install/moveit_resources_fanuc_moveit_config:/home/kaushal/kaushal/moveit_ws/install/moveit_configs_utils:/home/kaushal/kaushal/moveit_ws/install/srdfdom:/home/kaushal/kaushal/moveit_ws/install/moveit_resources_pr2_description:/home/kaushal/kaushal/moveit_ws/install/moveit_resources_panda_description:/home/kaushal/kaushal/moveit_ws/install/moveit_resources_fanuc_description:/home/kaushal/kaushal/moveit_ws/install/moveit_common:/home/kaushal/kaushal/moveit_ws/install/launch_param_builder:${AMENT_PREFIX_PATH} CMAKE_PREFIX_PATH=/home/kaushal/kaushal/moveit_ws/install/moveit_ros_planning_interface:/home/kaushal/kaushal/moveit_ws/install/moveit_ros_move_group:/home/kaushal/kaushal/moveit_ws/install/moveit_ros_warehouse:/home/kaushal/kaushal/moveit_ws/install/moveit_ros_robot_interaction:/home/kaushal/kaushal/moveit_ws/install/moveit_planners_ompl:/home/kaushal/kaushal/moveit_ws/install/moveit_kinematics:/home/kaushal/kaushal/moveit_ws/install/moveit_ros_planning:/home/kaushal/kaushal/moveit_ws/install/moveit_simple_controller_manager:/home/kaushal/kaushal/moveit_ws/install/moveit_ros_occupancy_map_monitor:/home/kaushal/kaushal/moveit_ws/install/moveit_core:/home/kaushal/kaushal/moveit_ws/install/moveit_resources_panda_moveit_config:/home/kaushal/kaushal/moveit_ws/install/moveit_resources_fanuc_moveit_config:/home/kaushal/kaushal/moveit_ws/install/srdfdom:/home/kaushal/kaushal/moveit_ws/install/moveit_resources_pr2_description:/home/kaushal/kaushal/moveit_ws/install/moveit_resources_panda_description:/home/kaushal/kaushal/moveit_ws/install/moveit_resources_fanuc_description:/home/kaushal/kaushal/moveit_ws/install/moveit_common:/opt/ros/humble LD_LIBRARY_PATH=/home/kaushal/kaushal/moveit_ws/install/moveit_ros_planning_interface/lib:/home/kaushal/kaushal/moveit_ws/install/moveit_ros_move_group/lib:/home/kaushal/kaushal/moveit_ws/install/moveit_ros_warehouse/lib:/home/kaushal/kaushal/moveit_ws/install/moveit_ros_robot_interaction/lib:/home/kaushal/kaushal/moveit_ws/install/moveit_planners_ompl/lib:/home/kaushal/kaushal/moveit_ws/install/moveit_kinematics/lib:/home/kaushal/kaushal/moveit_ws/install/moveit_ros_planning/lib:/home/kaushal/kaushal/moveit_ws/install/moveit_simple_controller_manager/lib:/home/kaushal/kaushal/moveit_ws/install/moveit_ros_occupancy_map_monitor/lib:/home/kaushal/kaushal/moveit_ws/install/moveit_core/lib:/home/kaushal/kaushal/moveit_ws/install/srdfdom/lib:${LD_LIBRARY_PATH} PATH=/home/kaushal/kaushal/moveit_ws/install/moveit_core/bin:${PATH} PYTHONPATH=/home/kaushal/kaushal/moveit_ws/install/moveit_configs_utils/lib/python3.10/site-packages:/home/kaushal/kaushal/moveit_ws/install/srdfdom/local/lib/python3.10/dist-packages:/home/kaushal/kaushal/moveit_ws/install/launch_param_builder/lib/python3.10/site-packages:${PYTHONPATH} /usr/bin/cmake --install /home/kaushal/kaushal/moveit_ws/build/moveit_ros_visualization
[14.931s] -- Install configuration: "Release"
[14.931s] -- Up-to-date: /home/kaushal/kaushal/moveit_ws/install/moveit_ros_visualization/include
[14.931s] -- Up-to-date: /home/kaushal/kaushal/moveit_ws/install/moveit_ros_visualization/include/ogre_helpers
[14.931s] -- Up-to-date: /home/kaushal/kaushal/moveit_ws/install/moveit_ros_visualization/include/ogre_helpers/mesh_shape.hpp
[14.932s] -- Up-to-date: /home/kaushal/kaushal/moveit_ws/install/moveit_ros_visualization/include/moveit
[14.932s] -- Up-to-date: /home/kaushal/kaushal/moveit_ws/install/moveit_ros_visualization/include/moveit/rviz_plugin_render_tools
[14.932s] -- Up-to-date: /home/kaushal/kaushal/moveit_ws/install/moveit_ros_visualization/include/moveit/rviz_plugin_render_tools/planning_link_updater.h
[14.932s] -- Up-to-date: /home/kaushal/kaushal/moveit_ws/install/moveit_ros_visualization/include/moveit/rviz_plugin_render_tools/trajectory_panel.h
[14.932s] -- Up-to-date: /home/kaushal/kaushal/moveit_ws/install/moveit_ros_visualization/include/moveit/rviz_plugin_render_tools/planning_scene_render.h
[14.932s] -- Up-to-date: /home/kaushal/kaushal/moveit_ws/install/moveit_ros_visualization/include/moveit/rviz_plugin_render_tools/trajectory_visualization.h
[14.932s] -- Up-to-date: /home/kaushal/kaushal/moveit_ws/install/moveit_ros_visualization/include/moveit/rviz_plugin_render_tools/octomap_render.h
[14.932s] -- Up-to-date: /home/kaushal/kaushal/moveit_ws/install/moveit_ros_visualization/include/moveit/rviz_plugin_render_tools/robot_state_visualization.h
[14.932s] -- Up-to-date: /home/kaushal/kaushal/moveit_ws/install/moveit_ros_visualization/include/moveit/rviz_plugin_render_tools/render_shapes.h
[14.932s] -- Up-to-date: /home/kaushal/kaushal/moveit_ws/install/moveit_ros_visualization/include
[14.932s] -- Up-to-date: /home/kaushal/kaushal/moveit_ws/install/moveit_ros_visualization/include/moveit
[14.932s] -- Up-to-date: /home/kaushal/kaushal/moveit_ws/install/moveit_ros_visualization/include/moveit/robot_state_rviz_plugin
[14.932s] -- Up-to-date: /home/kaushal/kaushal/moveit_ws/install/moveit_ros_visualization/include/moveit/robot_state_rviz_plugin/robot_state_display.h
[14.933s] -- Up-to-date: /home/kaushal/kaushal/moveit_ws/install/moveit_ros_visualization/include
[14.933s] -- Up-to-date: /home/kaushal/kaushal/moveit_ws/install/moveit_ros_visualization/include/moveit
[14.933s] -- Up-to-date: /home/kaushal/kaushal/moveit_ws/install/moveit_ros_visualization/include/moveit/planning_scene_rviz_plugin
[14.933s] -- Up-to-date: /home/kaushal/kaushal/moveit_ws/install/moveit_ros_visualization/include/moveit/planning_scene_rviz_plugin/background_processing.hpp
[14.933s] -- Up-to-date: /home/kaushal/kaushal/moveit_ws/install/moveit_ros_visualization/include/moveit/planning_scene_rviz_plugin/planning_scene_display.h
[14.933s] -- Up-to-date: /home/kaushal/kaushal/moveit_ws/install/moveit_ros_visualization/include/moveit_planning_scene_rviz_plugin_core_export.h
[14.933s] -- Up-to-date: /home/kaushal/kaushal/moveit_ws/install/moveit_ros_visualization/include
[14.933s] -- Up-to-date: /home/kaushal/kaushal/moveit_ws/install/moveit_ros_visualization/include/moveit
[14.933s] -- Up-to-date: /home/kaushal/kaushal/moveit_ws/install/moveit_ros_visualization/include/moveit/motion_planning_rviz_plugin
[14.933s] -- Up-to-date: /home/kaushal/kaushal/moveit_ws/install/moveit_ros_visualization/include/moveit/motion_planning_rviz_plugin/motion_planning_param_widget.h
[14.933s] -- Up-to-date: /home/kaushal/kaushal/moveit_ws/install/moveit_ros_visualization/include/moveit/motion_planning_rviz_plugin/motion_planning_frame_joints_widget.h
[14.934s] -- Up-to-date: /home/kaushal/kaushal/moveit_ws/install/moveit_ros_visualization/include/moveit/motion_planning_rviz_plugin/interactive_marker_display.h
[14.934s] -- Up-to-date: /home/kaushal/kaushal/moveit_ws/install/moveit_ros_visualization/include/moveit/motion_planning_rviz_plugin/motion_planning_display.h
[14.934s] -- Up-to-date: /home/kaushal/kaushal/moveit_ws/install/moveit_ros_visualization/include/moveit/motion_planning_rviz_plugin/motion_planning_frame.h
[14.934s] -- Up-to-date: /home/kaushal/kaushal/moveit_ws/install/moveit_ros_visualization/include
[14.934s] -- Up-to-date: /home/kaushal/kaushal/moveit_ws/install/moveit_ros_visualization/include/moveit
[14.934s] -- Up-to-date: /home/kaushal/kaushal/moveit_ws/install/moveit_ros_visualization/include/moveit/trajectory_rviz_plugin
[14.934s] -- Up-to-date: /home/kaushal/kaushal/moveit_ws/install/moveit_ros_visualization/include/moveit/trajectory_rviz_plugin/trajectory_display.h
[14.934s] -- Up-to-date: /home/kaushal/kaushal/moveit_ws/install/moveit_ros_visualization/share/moveit_ros_visualization/icons
[14.934s] -- Up-to-date: /home/kaushal/kaushal/moveit_ws/install/moveit_ros_visualization/share/moveit_ros_visualization/icons/classes
[14.934s] -- Up-to-date: /home/kaushal/kaushal/moveit_ws/install/moveit_ros_visualization/share/moveit_ros_visualization/icons/classes/PlanningScene.png
[14.935s] -- Up-to-date: /home/kaushal/kaushal/moveit_ws/install/moveit_ros_visualization/share/moveit_ros_visualization/icons/classes/Trajectory.png
[14.935s] -- Up-to-date: /home/kaushal/kaushal/moveit_ws/install/moveit_ros_visualization/share/moveit_ros_visualization/icons/classes/MotionPlanning.png
[14.935s] -- Up-to-date: /home/kaushal/kaushal/moveit_ws/install/moveit_ros_visualization/share/moveit_ros_visualization/icons/classes/RobotState.png
[14.935s] -- Up-to-date: /home/kaushal/kaushal/moveit_ws/install/moveit_ros_visualization/share/moveit_ros_visualization/motion_planning_rviz_plugin_description.xml
[14.935s] -- Up-to-date: /home/kaushal/kaushal/moveit_ws/install/moveit_ros_visualization/share/moveit_ros_visualization/trajectory_rviz_plugin_description.xml
[14.935s] -- Up-to-date: /home/kaushal/kaushal/moveit_ws/install/moveit_ros_visualization/share/moveit_ros_visualization/planning_scene_rviz_plugin_description.xml
[14.935s] -- Up-to-date: /home/kaushal/kaushal/moveit_ws/install/moveit_ros_visualization/share/moveit_ros_visualization/robot_state_rviz_plugin_description.xml
[14.936s] -- Installing: /home/kaushal/kaushal/moveit_ws/install/moveit_ros_visualization/lib/libmoveit_motion_planning_rviz_plugin.so.2.5.9
[14.936s] -- Set runtime path of "/home/kaushal/kaushal/moveit_ws/install/moveit_ros_visualization/lib/libmoveit_motion_planning_rviz_plugin.so.2.5.9" to ""
[14.936s] -- Up-to-date: /home/kaushal/kaushal/moveit_ws/install/moveit_ros_visualization/lib/libmoveit_motion_planning_rviz_plugin.so
[14.939s] -- Installing: /home/kaushal/kaushal/moveit_ws/install/moveit_ros_visualization/lib/libmoveit_motion_planning_rviz_plugin_core.so.2.5.9
[14.944s] -- Set runtime path of "/home/kaushal/kaushal/moveit_ws/install/moveit_ros_visualization/lib/libmoveit_motion_planning_rviz_plugin_core.so.2.5.9" to ""
[14.944s] -- Up-to-date: /home/kaushal/kaushal/moveit_ws/install/moveit_ros_visualization/lib/libmoveit_motion_planning_rviz_plugin_core.so
[14.944s] -- Installing: /home/kaushal/kaushal/moveit_ws/install/moveit_ros_visualization/lib/libmoveit_planning_scene_rviz_plugin.so.2.5.9
[14.945s] -- Set runtime path of "/home/kaushal/kaushal/moveit_ws/install/moveit_ros_visualization/lib/libmoveit_planning_scene_rviz_plugin.so.2.5.9" to ""
[14.945s] -- Up-to-date: /home/kaushal/kaushal/moveit_ws/install/moveit_ros_visualization/lib/libmoveit_planning_scene_rviz_plugin.so
[14.946s] -- Installing: /home/kaushal/kaushal/moveit_ws/install/moveit_ros_visualization/lib/libmoveit_planning_scene_rviz_plugin_core.so.2.5.9
[14.946s] -- Set runtime path of "/home/kaushal/kaushal/moveit_ws/install/moveit_ros_visualization/lib/libmoveit_planning_scene_rviz_plugin_core.so.2.5.9" to ""
[14.946s] -- Up-to-date: /home/kaushal/kaushal/moveit_ws/install/moveit_ros_visualization/lib/libmoveit_planning_scene_rviz_plugin_core.so
[14.947s] -- Installing: /home/kaushal/kaushal/moveit_ws/install/moveit_ros_visualization/lib/libmoveit_robot_state_rviz_plugin.so.2.5.9
[14.947s] -- Set runtime path of "/home/kaushal/kaushal/moveit_ws/install/moveit_ros_visualization/lib/libmoveit_robot_state_rviz_plugin.so.2.5.9" to ""
[14.947s] -- Up-to-date: /home/kaushal/kaushal/moveit_ws/install/moveit_ros_visualization/lib/libmoveit_robot_state_rviz_plugin.so
[14.948s] -- Installing: /home/kaushal/kaushal/moveit_ws/install/moveit_ros_visualization/lib/libmoveit_robot_state_rviz_plugin_core.so.2.5.9
[14.949s] -- Set runtime path of "/home/kaushal/kaushal/moveit_ws/install/moveit_ros_visualization/lib/libmoveit_robot_state_rviz_plugin_core.so.2.5.9" to ""
[14.949s] -- Up-to-date: /home/kaushal/kaushal/moveit_ws/install/moveit_ros_visualization/lib/libmoveit_robot_state_rviz_plugin_core.so
[14.950s] -- Installing: /home/kaushal/kaushal/moveit_ws/install/moveit_ros_visualization/lib/libmoveit_rviz_plugin_render_tools.so.2.5.9
[14.951s] -- Set runtime path of "/home/kaushal/kaushal/moveit_ws/install/moveit_ros_visualization/lib/libmoveit_rviz_plugin_render_tools.so.2.5.9" to ""
[14.951s] -- Up-to-date: /home/kaushal/kaushal/moveit_ws/install/moveit_ros_visualization/lib/libmoveit_rviz_plugin_render_tools.so
[14.952s] -- Installing: /home/kaushal/kaushal/moveit_ws/install/moveit_ros_visualization/lib/libmoveit_trajectory_rviz_plugin.so.2.5.9
[14.952s] -- Set runtime path of "/home/kaushal/kaushal/moveit_ws/install/moveit_ros_visualization/lib/libmoveit_trajectory_rviz_plugin.so.2.5.9" to ""
[14.952s] -- Up-to-date: /home/kaushal/kaushal/moveit_ws/install/moveit_ros_visualization/lib/libmoveit_trajectory_rviz_plugin.so
[14.953s] -- Installing: /home/kaushal/kaushal/moveit_ws/install/moveit_ros_visualization/lib/libmoveit_trajectory_rviz_plugin_core.so.2.5.9
[14.953s] -- Set runtime path of "/home/kaushal/kaushal/moveit_ws/install/moveit_ros_visualization/lib/libmoveit_trajectory_rviz_plugin_core.so.2.5.9" to ""
[14.953s] -- Up-to-date: /home/kaushal/kaushal/moveit_ws/install/moveit_ros_visualization/lib/libmoveit_trajectory_rviz_plugin_core.so
[14.953s] -- Up-to-date: /home/kaushal/kaushal/moveit_ws/install/moveit_ros_visualization/share/moveit_ros_visualization/environment/library_path.sh
[14.953s] -- Up-to-date: /home/kaushal/kaushal/moveit_ws/install/moveit_ros_visualization/share/moveit_ros_visualization/environment/library_path.dsv
[14.954s] -- Up-to-date: /home/kaushal/kaushal/moveit_ws/install/moveit_ros_visualization/share/ament_index/resource_index/package_run_dependencies/moveit_ros_visualization
[14.954s] -- Up-to-date: /home/kaushal/kaushal/moveit_ws/install/moveit_ros_visualization/share/ament_index/resource_index/parent_prefix_path/moveit_ros_visualization
[14.954s] -- Up-to-date: /home/kaushal/kaushal/moveit_ws/install/moveit_ros_visualization/share/moveit_ros_visualization/environment/ament_prefix_path.sh
[14.954s] -- Up-to-date: /home/kaushal/kaushal/moveit_ws/install/moveit_ros_visualization/share/moveit_ros_visualization/environment/ament_prefix_path.dsv
[14.954s] -- Up-to-date: /home/kaushal/kaushal/moveit_ws/install/moveit_ros_visualization/share/moveit_ros_visualization/environment/path.sh
[14.954s] -- Up-to-date: /home/kaushal/kaushal/moveit_ws/install/moveit_ros_visualization/share/moveit_ros_visualization/environment/path.dsv
[14.954s] -- Up-to-date: /home/kaushal/kaushal/moveit_ws/install/moveit_ros_visualization/share/moveit_ros_visualization/local_setup.bash
[14.954s] -- Up-to-date: /home/kaushal/kaushal/moveit_ws/install/moveit_ros_visualization/share/moveit_ros_visualization/local_setup.sh
[14.954s] -- Up-to-date: /home/kaushal/kaushal/moveit_ws/install/moveit_ros_visualization/share/moveit_ros_visualization/local_setup.zsh
[14.955s] -- Up-to-date: /home/kaushal/kaushal/moveit_ws/install/moveit_ros_visualization/share/moveit_ros_visualization/local_setup.dsv
[14.955s] -- Installing: /home/kaushal/kaushal/moveit_ws/install/moveit_ros_visualization/share/moveit_ros_visualization/package.dsv
[14.955s] -- Up-to-date: /home/kaushal/kaushal/moveit_ws/install/moveit_ros_visualization/share/ament_index/resource_index/packages/moveit_ros_visualization
[14.955s] -- Up-to-date: /home/kaushal/kaushal/moveit_ws/install/moveit_ros_visualization/share/ament_index/resource_index/rviz_common__pluginlib__plugin/moveit_ros_visualization
[14.956s] -- Up-to-date: /home/kaushal/kaushal/moveit_ws/install/moveit_ros_visualization/share/moveit_ros_visualization/cmake/export_moveit_ros_visualizationExport.cmake
[14.956s] -- Up-to-date: /home/kaushal/kaushal/moveit_ws/install/moveit_ros_visualization/share/moveit_ros_visualization/cmake/export_moveit_ros_visualizationExport-release.cmake
[14.956s] -- Up-to-date: /home/kaushal/kaushal/moveit_ws/install/moveit_ros_visualization/share/moveit_ros_visualization/cmake/ConfigExtras.cmake
[14.956s] -- Up-to-date: /home/kaushal/kaushal/moveit_ws/install/moveit_ros_visualization/share/moveit_ros_visualization/cmake/ament_cmake_export_targets-extras.cmake
[14.956s] -- Up-to-date: /home/kaushal/kaushal/moveit_ws/install/moveit_ros_visualization/share/moveit_ros_visualization/cmake/ament_cmake_export_dependencies-extras.cmake
[14.956s] -- Up-to-date: /home/kaushal/kaushal/moveit_ws/install/moveit_ros_visualization/share/moveit_ros_visualization/cmake/moveit_ros_visualizationConfig.cmake
[14.956s] -- Up-to-date: /home/kaushal/kaushal/moveit_ws/install/moveit_ros_visualization/share/moveit_ros_visualization/cmake/moveit_ros_visualizationConfig-version.cmake
[14.956s] -- Up-to-date: /home/kaushal/kaushal/moveit_ws/install/moveit_ros_visualization/share/moveit_ros_visualization/package.xml
[14.958s] Invoked command in '/home/kaushal/kaushal/moveit_ws/build/moveit_ros_visualization' returned '0': AMENT_PREFIX_PATH=/home/kaushal/kaushal/moveit_ws/install/moveit_ros_planning_interface:/home/kaushal/kaushal/moveit_ws/install/moveit_ros_move_group:/home/kaushal/kaushal/moveit_ws/install/moveit_ros_warehouse:/home/kaushal/kaushal/moveit_ws/install/moveit_ros_robot_interaction:/home/kaushal/kaushal/moveit_ws/install/moveit_planners_ompl:/home/kaushal/kaushal/moveit_ws/install/moveit_kinematics:/home/kaushal/kaushal/moveit_ws/install/moveit_ros_planning:/home/kaushal/kaushal/moveit_ws/install/moveit_simple_controller_manager:/home/kaushal/kaushal/moveit_ws/install/moveit_ros_occupancy_map_monitor:/home/kaushal/kaushal/moveit_ws/install/moveit_core:/home/kaushal/kaushal/moveit_ws/install/moveit_resources_panda_moveit_config:/home/kaushal/kaushal/moveit_ws/install/moveit_resources_fanuc_moveit_config:/home/kaushal/kaushal/moveit_ws/install/moveit_configs_utils:/home/kaushal/kaushal/moveit_ws/install/srdfdom:/home/kaushal/kaushal/moveit_ws/install/moveit_resources_pr2_description:/home/kaushal/kaushal/moveit_ws/install/moveit_resources_panda_description:/home/kaushal/kaushal/moveit_ws/install/moveit_resources_fanuc_description:/home/kaushal/kaushal/moveit_ws/install/moveit_common:/home/kaushal/kaushal/moveit_ws/install/launch_param_builder:${AMENT_PREFIX_PATH} CMAKE_PREFIX_PATH=/home/kaushal/kaushal/moveit_ws/install/moveit_ros_planning_interface:/home/kaushal/kaushal/moveit_ws/install/moveit_ros_move_group:/home/kaushal/kaushal/moveit_ws/install/moveit_ros_warehouse:/home/kaushal/kaushal/moveit_ws/install/moveit_ros_robot_interaction:/home/kaushal/kaushal/moveit_ws/install/moveit_planners_ompl:/home/kaushal/kaushal/moveit_ws/install/moveit_kinematics:/home/kaushal/kaushal/moveit_ws/install/moveit_ros_planning:/home/kaushal/kaushal/moveit_ws/install/moveit_simple_controller_manager:/home/kaushal/kaushal/moveit_ws/install/moveit_ros_occupancy_map_monitor:/home/kaushal/kaushal/moveit_ws/install/moveit_core:/home/kaushal/kaushal/moveit_ws/install/moveit_resources_panda_moveit_config:/home/kaushal/kaushal/moveit_ws/install/moveit_resources_fanuc_moveit_config:/home/kaushal/kaushal/moveit_ws/install/srdfdom:/home/kaushal/kaushal/moveit_ws/install/moveit_resources_pr2_description:/home/kaushal/kaushal/moveit_ws/install/moveit_resources_panda_description:/home/kaushal/kaushal/moveit_ws/install/moveit_resources_fanuc_description:/home/kaushal/kaushal/moveit_ws/install/moveit_common:/opt/ros/humble LD_LIBRARY_PATH=/home/kaushal/kaushal/moveit_ws/install/moveit_ros_planning_interface/lib:/home/kaushal/kaushal/moveit_ws/install/moveit_ros_move_group/lib:/home/kaushal/kaushal/moveit_ws/install/moveit_ros_warehouse/lib:/home/kaushal/kaushal/moveit_ws/install/moveit_ros_robot_interaction/lib:/home/kaushal/kaushal/moveit_ws/install/moveit_planners_ompl/lib:/home/kaushal/kaushal/moveit_ws/install/moveit_kinematics/lib:/home/kaushal/kaushal/moveit_ws/install/moveit_ros_planning/lib:/home/kaushal/kaushal/moveit_ws/install/moveit_simple_controller_manager/lib:/home/kaushal/kaushal/moveit_ws/install/moveit_ros_occupancy_map_monitor/lib:/home/kaushal/kaushal/moveit_ws/install/moveit_core/lib:/home/kaushal/kaushal/moveit_ws/install/srdfdom/lib:${LD_LIBRARY_PATH} PATH=/home/kaushal/kaushal/moveit_ws/install/moveit_core/bin:${PATH} PYTHONPATH=/home/kaushal/kaushal/moveit_ws/install/moveit_configs_utils/lib/python3.10/site-packages:/home/kaushal/kaushal/moveit_ws/install/srdfdom/local/lib/python3.10/dist-packages:/home/kaushal/kaushal/moveit_ws/install/launch_param_builder/lib/python3.10/site-packages:${PYTHONPATH} /usr/bin/cmake --install /home/kaushal/kaushal/moveit_ws/build/moveit_ros_visualization
