-- Found ament_cmake: 1.3.11 (/opt/ros/humble/share/ament_cmake/cmake)
-- Found moveit_ros_planning_interface: 2.5.9 (/home/kaushal/kaushal/moveit_ws/install/moveit_ros_planning_interface/share/moveit_ros_planning_interface/cmake)
-- Found Boost: /usr/lib/x86_64-linux-gnu/cmake/Boost-1.74.0/BoostConfig.cmake (found version "1.74.0") found components: date_time filesystem program_options system thread 
-- Found rosidl_generator_c: 3.1.6 (/opt/ros/humble/share/rosidl_generator_c/cmake)
-- Found rosidl_adapter: 3.1.6 (/opt/ros/humble/share/rosidl_adapter/cmake)
-- Found rosidl_generator_cpp: 3.1.6 (/opt/ros/humble/share/rosidl_generator_cpp/cmake)
-- Using all available rosidl_typesupport_c: rosidl_typesupport_fastrtps_c;rosidl_typesupport_introspection_c
-- Using all available rosidl_typesupport_cpp: rosidl_typesupport_fastrtps_cpp;rosidl_typesupport_introspection_cpp
-- Found Boost: /usr/lib/x86_64-linux-gnu/cmake/Boost-1.74.0/BoostConfig.cmake (found version "1.74.0") found components: chrono date_time filesystem iostreams program_options regex serialization system thread 
-- Found parameter_traits: 0.5.0 (/opt/ros/humble/share/parameter_traits/cmake)
-- Found rmw_implementation_cmake: 6.1.2 (/opt/ros/humble/share/rmw_implementation_cmake/cmake)
-- Found rmw_fastrtps_cpp: 6.2.7 (/opt/ros/humble/share/rmw_fastrtps_cpp/cmake)
-- Using RMW implementation 'rmw_fastrtps_cpp' as default
-- Found rclcpp_lifecycle: 16.0.12 (/opt/ros/humble/share/rclcpp_lifecycle/cmake)
-- Found Boost: /usr/lib/x86_64-linux-gnu/cmake/Boost-1.74.0/BoostConfig.cmake (found version "1.74.0") found components: filesystem 
-- library: /usr/lib/x86_64-linux-gnu/libcurl.so
-- Ensuring Eigen3 include directory is part of orocos-kdl CMake target
-- Found Boost: /usr/lib/x86_64-linux-gnu/cmake/Boost-1.74.0/BoostConfig.cmake (found version "1.74.0") found components: system filesystem date_time program_options thread chrono 
-- Found Boost: /usr/lib/x86_64-linux-gnu/cmake/Boost-1.74.0/BoostConfig.cmake (found version "1.74.0") found components: thread system filesystem regex date_time program_options 
-- Found Boost: /usr/lib/x86_64-linux-gnu/cmake/Boost-1.74.0/BoostConfig.cmake (found version "1.74.0") found components: system filesystem date_time program_options thread 
-- Found ament_lint_auto: 0.12.12 (/opt/ros/humble/share/ament_lint_auto/cmake)
-- Added test 'cppcheck' to perform static code analysis on C / C++ code
-- Configured cppcheck include dirs: $<BUILD_INTERFACE:/home/kaushal/kaushal/moveit_ws/src/hello_moveit/src/hello_moveit/include>
-- Configured cppcheck exclude dirs and/or files: 
-- Added test 'lint_cmake' to check CMake code style
-- Added test 'uncrustify' to check C / C++ code style
-- Configured uncrustify additional arguments: 
-- Added test 'xmllint' to check XML markup files
-- Configuring done
-- Generating done
-- Build files have been written to: /home/kaushal/kaushal/moveit_ws/build/hello_moveit
[35m[1mConsolidate compiler generated dependencies of target hello_moveit[0m
[ 50%] [32mBuilding CXX object CMakeFiles/hello_moveit.dir/src/hello_moveit.cpp.o[0m
[01m[K/home/kaushal/kaushal/moveit_ws/src/hello_moveit/src/hello_moveit/src/hello_moveit.cpp:[m[K In lambda function:
[01m[K/home/kaushal/kaushal/moveit_ws/src/hello_moveit/src/hello_moveit/src/hello_moveit.cpp:32:13:[m[K [01;31m[Kerror: [m[K‘[01m[Kmoveit::planning_interfaces[m[K’ has not been declared
   32 |     moveit::[01;31m[Kplanning_interfaces[m[K::MoveGroupInterface::Plan msg;
      |             [01;31m[K^~~~~~~~~~~~~~~~~~~[m[K
[01m[K/home/kaushal/kaushal/moveit_ws/src/hello_moveit/src/hello_moveit/src/hello_moveit.cpp:33:65:[m[K [01;31m[Kerror: [m[K‘[01m[Kmsg[m[K’ was not declared in this scope
   33 |     auto const ok = static_cast<bool>(move_group_interface.plan([01;31m[Kmsg[m[K));
      |                                                                 [01;31m[K^~~[m[K
[01m[K/home/kaushal/kaushal/moveit_ws/src/hello_moveit/src/hello_moveit/src/hello_moveit.cpp:33:65:[m[K [01;36m[Knote: [m[Ksuggested alternatives:
In file included from [01m[K/opt/ros/humble/include/builtin_interfaces/builtin_interfaces/msg/duration.hpp:7[m[K,
                 from [01m[K/opt/ros/humble/include/rclcpp/rclcpp/duration.hpp:20[m[K,
                 from [01m[K/opt/ros/humble/include/rclcpp/rclcpp/qos.hpp:20[m[K,
                 from [01m[K/opt/ros/humble/include/rclcpp/rclcpp/node_interfaces/node_graph_interface.hpp:32[m[K,
                 from [01m[K/opt/ros/humble/include/rclcpp/rclcpp/client.hpp:42[m[K,
                 from [01m[K/opt/ros/humble/include/rclcpp/rclcpp/callback_group.hpp:24[m[K,
                 from [01m[K/opt/ros/humble/include/rclcpp/rclcpp/any_executable.hpp:20[m[K,
                 from [01m[K/opt/ros/humble/include/rclcpp/rclcpp/memory_strategy.hpp:25[m[K,
                 from [01m[K/opt/ros/humble/include/rclcpp/rclcpp/memory_strategies.hpp:18[m[K,
                 from [01m[K/opt/ros/humble/include/rclcpp/rclcpp/executor_options.hpp:20[m[K,
                 from [01m[K/opt/ros/humble/include/rclcpp/rclcpp/executor.hpp:37[m[K,
                 from [01m[K/opt/ros/humble/include/rclcpp/rclcpp/executors/multi_threaded_executor.hpp:25[m[K,
                 from [01m[K/opt/ros/humble/include/rclcpp/rclcpp/executors.hpp:21[m[K,
                 from [01m[K/opt/ros/humble/include/rclcpp/rclcpp/rclcpp.hpp:155[m[K,
                 from [01m[K/home/kaushal/kaushal/moveit_ws/src/hello_moveit/src/hello_moveit/src/hello_moveit.cpp:3[m[K:
[01m[K/opt/ros/humble/include/builtin_interfaces/builtin_interfaces/msg/detail/duration__struct.hpp:27:11:[m[K [01;36m[Knote: [m[K  ‘[01m[Kbuiltin_interfaces::msg[m[K’
   27 | namespace [01;36m[Kmsg[m[K
      |           [01;36m[K^~~[m[K
In file included from [01m[K/opt/ros/humble/include/rcl_interfaces/rcl_interfaces/msg/set_parameters_result.hpp:7[m[K,
                 from [01m[K/opt/ros/humble/include/rclcpp/rclcpp/qos_overriding_options.hpp:28[m[K,
                 from [01m[K/opt/ros/humble/include/rclcpp/rclcpp/subscription_options.hpp:30[m[K,
                 from [01m[K/opt/ros/humble/include/rclcpp/rclcpp/subscription.hpp:45[m[K,
                 from [01m[K/opt/ros/humble/include/rclcpp/rclcpp/any_executable.hpp:25[m[K,
                 from [01m[K/opt/ros/humble/include/rclcpp/rclcpp/memory_strategy.hpp:25[m[K,
                 from [01m[K/opt/ros/humble/include/rclcpp/rclcpp/memory_strategies.hpp:18[m[K,
                 from [01m[K/opt/ros/humble/include/rclcpp/rclcpp/executor_options.hpp:20[m[K,
                 from [01m[K/opt/ros/humble/include/rclcpp/rclcpp/executor.hpp:37[m[K,
                 from [01m[K/opt/ros/humble/include/rclcpp/rclcpp/executors/multi_threaded_executor.hpp:25[m[K,
                 from [01m[K/opt/ros/humble/include/rclcpp/rclcpp/executors.hpp:21[m[K,
                 from [01m[K/opt/ros/humble/include/rclcpp/rclcpp/rclcpp.hpp:155[m[K,
                 from [01m[K/home/kaushal/kaushal/moveit_ws/src/hello_moveit/src/hello_moveit/src/hello_moveit.cpp:3[m[K:
[01m[K/opt/ros/humble/include/rcl_interfaces/rcl_interfaces/msg/detail/set_parameters_result__struct.hpp:27:11:[m[K [01;36m[Knote: [m[K  ‘[01m[Krcl_interfaces::msg[m[K’
   27 | namespace [01;36m[Kmsg[m[K
      |           [01;36m[K^~~[m[K
In file included from [01m[K/opt/ros/humble/include/statistics_msgs/statistics_msgs/msg/detail/metrics_message__struct.hpp:23[m[K,
                 from [01m[K/opt/ros/humble/include/statistics_msgs/statistics_msgs/msg/metrics_message.hpp:7[m[K,
                 from [01m[K/opt/ros/humble/include/libstatistics_collector/libstatistics_collector/collector/generate_statistics_message.hpp:21[m[K,
                 from [01m[K/opt/ros/humble/include/rclcpp/rclcpp/topic_statistics/subscription_topic_statistics.hpp:23[m[K,
                 from [01m[K/opt/ros/humble/include/rclcpp/rclcpp/subscription.hpp:50[m[K,
                 from [01m[K/opt/ros/humble/include/rclcpp/rclcpp/any_executable.hpp:25[m[K,
                 from [01m[K/opt/ros/humble/include/rclcpp/rclcpp/memory_strategy.hpp:25[m[K,
                 from [01m[K/opt/ros/humble/include/rclcpp/rclcpp/memory_strategies.hpp:18[m[K,
                 from [01m[K/opt/ros/humble/include/rclcpp/rclcpp/executor_options.hpp:20[m[K,
                 from [01m[K/opt/ros/humble/include/rclcpp/rclcpp/executor.hpp:37[m[K,
                 from [01m[K/opt/ros/humble/include/rclcpp/rclcpp/executors/multi_threaded_executor.hpp:25[m[K,
                 from [01m[K/opt/ros/humble/include/rclcpp/rclcpp/executors.hpp:21[m[K,
                 from [01m[K/opt/ros/humble/include/rclcpp/rclcpp/rclcpp.hpp:155[m[K,
                 from [01m[K/home/kaushal/kaushal/moveit_ws/src/hello_moveit/src/hello_moveit/src/hello_moveit.cpp:3[m[K:
[01m[K/opt/ros/humble/include/statistics_msgs/statistics_msgs/msg/detail/statistic_data_point__struct.hpp:27:11:[m[K [01;36m[Knote: [m[K  ‘[01m[Kstatistics_msgs::msg[m[K’
   27 | namespace [01;36m[Kmsg[m[K
      |           [01;36m[K^~~[m[K
In file included from [01m[K/opt/ros/humble/include/moveit_msgs/moveit_msgs/msg/joint_limits.hpp:7[m[K,
                 from [01m[K/home/kaushal/kaushal/moveit_ws/install/moveit_core/include/moveit/robot_model/joint_model.h:44[m[K,
                 from [01m[K/home/kaushal/kaushal/moveit_ws/install/moveit_core/include/moveit/robot_model/joint_model_group.h:40[m[K,
                 from [01m[K/home/kaushal/kaushal/moveit_ws/install/moveit_core/include/moveit/robot_model/robot_model.h:45[m[K,
                 from [01m[K/home/kaushal/kaushal/moveit_ws/install/moveit_core/include/moveit/robot_state/robot_state.h:40[m[K,
                 from [01m[K/home/kaushal/kaushal/moveit_ws/install/moveit_ros_planning_interface/include/moveit/move_group_interface/move_group_interface.h:41[m[K,
                 from [01m[K/home/kaushal/kaushal/moveit_ws/src/hello_moveit/src/hello_moveit/src/hello_moveit.cpp:4[m[K:
[01m[K/opt/ros/humble/include/moveit_msgs/moveit_msgs/msg/detail/joint_limits__struct.hpp:27:11:[m[K [01;36m[Knote: [m[K  ‘[01m[Kmoveit_msgs::msg[m[K’
   27 | namespace [01;36m[Kmsg[m[K
      |           [01;36m[K^~~[m[K
In file included from [01m[K/opt/ros/humble/include/geometry_msgs/geometry_msgs/msg/detail/pose__struct.hpp:20[m[K,
                 from [01m[K/opt/ros/humble/include/geometry_msgs/geometry_msgs/msg/pose.hpp:7[m[K,
                 from [01m[K/home/kaushal/kaushal/moveit_ws/install/moveit_core/include/moveit/kinematics_base/kinematics_base.h:39[m[K,
                 from [01m[K/home/kaushal/kaushal/moveit_ws/install/moveit_core/include/moveit/robot_model/joint_model_group.h:42[m[K,
                 from [01m[K/home/kaushal/kaushal/moveit_ws/install/moveit_core/include/moveit/robot_model/robot_model.h:45[m[K,
                 from [01m[K/home/kaushal/kaushal/moveit_ws/install/moveit_core/include/moveit/robot_state/robot_state.h:40[m[K,
                 from [01m[K/home/kaushal/kaushal/moveit_ws/install/moveit_ros_planning_interface/include/moveit/move_group_interface/move_group_interface.h:41[m[K,
                 from [01m[K/home/kaushal/kaushal/moveit_ws/src/hello_moveit/src/hello_moveit/src/hello_moveit.cpp:4[m[K:
[01m[K/opt/ros/humble/include/geometry_msgs/geometry_msgs/msg/detail/point__struct.hpp:27:11:[m[K [01;36m[Knote: [m[K  ‘[01m[Kgeometry_msgs::msg[m[K’
   27 | namespace [01;36m[Kmsg[m[K
      |           [01;36m[K^~~[m[K
In file included from [01m[K/opt/ros/humble/include/geometry_msgs/geometry_msgs/msg/detail/transform_stamped__struct.hpp:20[m[K,
                 from [01m[K/opt/ros/humble/include/geometry_msgs/geometry_msgs/msg/transform_stamped.hpp:7[m[K,
                 from [01m[K/home/kaushal/kaushal/moveit_ws/install/moveit_core/include/moveit/transforms/transforms.h:39[m[K,
                 from [01m[K/home/kaushal/kaushal/moveit_ws/install/moveit_core/include/moveit/robot_state/attached_body.h:40[m[K,
                 from [01m[K/home/kaushal/kaushal/moveit_ws/install/moveit_core/include/moveit/robot_state/robot_state.h:41[m[K,
                 from [01m[K/home/kaushal/kaushal/moveit_ws/install/moveit_ros_planning_interface/include/moveit/move_group_interface/move_group_interface.h:41[m[K,
                 from [01m[K/home/kaushal/kaushal/moveit_ws/src/hello_moveit/src/hello_moveit/src/hello_moveit.cpp:4[m[K:
[01m[K/opt/ros/humble/include/std_msgs/std_msgs/msg/detail/header__struct.hpp:31:11:[m[K [01;36m[Knote: [m[K  ‘[01m[Kstd_msgs::msg[m[K’
   31 | namespace [01;36m[Kmsg[m[K
      |           [01;36m[K^~~[m[K
In file included from [01m[K/opt/ros/humble/include/trajectory_msgs/trajectory_msgs/msg/detail/joint_trajectory__struct.hpp:22[m[K,
                 from [01m[K/opt/ros/humble/include/trajectory_msgs/trajectory_msgs/msg/joint_trajectory.hpp:7[m[K,
                 from [01m[K/home/kaushal/kaushal/moveit_ws/install/moveit_core/include/moveit/robot_state/attached_body.h:43[m[K,
                 from [01m[K/home/kaushal/kaushal/moveit_ws/install/moveit_core/include/moveit/robot_state/robot_state.h:41[m[K,
                 from [01m[K/home/kaushal/kaushal/moveit_ws/install/moveit_ros_planning_interface/include/moveit/move_group_interface/move_group_interface.h:41[m[K,
                 from [01m[K/home/kaushal/kaushal/moveit_ws/src/hello_moveit/src/hello_moveit/src/hello_moveit.cpp:4[m[K:
[01m[K/opt/ros/humble/include/trajectory_msgs/trajectory_msgs/msg/detail/joint_trajectory_point__struct.hpp:31:11:[m[K [01;36m[Knote: [m[K  ‘[01m[Ktrajectory_msgs::msg[m[K’
   31 | namespace [01;36m[Kmsg[m[K
      |           [01;36m[K^~~[m[K
In file included from [01m[K/opt/ros/humble/include/sensor_msgs/sensor_msgs/msg/joint_state.hpp:7[m[K,
                 from [01m[K/home/kaushal/kaushal/moveit_ws/install/moveit_core/include/moveit/robot_state/robot_state.h:43[m[K,
                 from [01m[K/home/kaushal/kaushal/moveit_ws/install/moveit_ros_planning_interface/include/moveit/move_group_interface/move_group_interface.h:41[m[K,
                 from [01m[K/home/kaushal/kaushal/moveit_ws/src/hello_moveit/src/hello_moveit/src/hello_moveit.cpp:4[m[K:
[01m[K/opt/ros/humble/include/sensor_msgs/sensor_msgs/msg/detail/joint_state__struct.hpp:31:11:[m[K [01;36m[Knote: [m[K  ‘[01m[Ksensor_msgs::msg[m[K’
   31 | namespace [01;36m[Kmsg[m[K
      |           [01;36m[K^~~[m[K
In file included from [01m[K/opt/ros/humble/include/visualization_msgs/visualization_msgs/msg/detail/marker__struct.hpp:35[m[K,
                 from [01m[K/opt/ros/humble/include/visualization_msgs/visualization_msgs/msg/detail/marker_array__struct.hpp:20[m[K,
                 from [01m[K/opt/ros/humble/include/visualization_msgs/visualization_msgs/msg/marker_array.hpp:7[m[K,
                 from [01m[K/home/kaushal/kaushal/moveit_ws/install/moveit_core/include/moveit/robot_state/robot_state.h:44[m[K,
                 from [01m[K/home/kaushal/kaushal/moveit_ws/install/moveit_ros_planning_interface/include/moveit/move_group_interface/move_group_interface.h:41[m[K,
                 from [01m[K/home/kaushal/kaushal/moveit_ws/src/hello_moveit/src/hello_moveit/src/hello_moveit.cpp:4[m[K:
[01m[K/opt/ros/humble/include/visualization_msgs/visualization_msgs/msg/detail/uv_coordinate__struct.hpp:27:11:[m[K [01;36m[Knote: [m[K  ‘[01m[Kvisualization_msgs::msg[m[K’
   27 | namespace [01;36m[Kmsg[m[K
      |           [01;36m[K^~~[m[K
In file included from [01m[K/opt/ros/humble/include/moveit_msgs/moveit_msgs/msg/detail/collision_object__struct.hpp:28[m[K,
                 from [01m[K/opt/ros/humble/include/moveit_msgs/moveit_msgs/msg/detail/attached_collision_object__struct.hpp:20[m[K,
                 from [01m[K/opt/ros/humble/include/moveit_msgs/moveit_msgs/msg/detail/robot_state__struct.hpp:24[m[K,
                 from [01m[K/opt/ros/humble/include/moveit_msgs/moveit_msgs/msg/robot_state.hpp:7[m[K,
                 from [01m[K/home/kaushal/kaushal/moveit_ws/install/moveit_ros_planning_interface/include/moveit/move_group_interface/move_group_interface.h:44[m[K,
                 from [01m[K/home/kaushal/kaushal/moveit_ws/src/hello_moveit/src/hello_moveit/src/hello_moveit.cpp:4[m[K:
[01m[K/opt/ros/humble/include/object_recognition_msgs/object_recognition_msgs/msg/detail/object_type__struct.hpp:27:11:[m[K [01;36m[Knote: [m[K  ‘[01m[Kobject_recognition_msgs::msg[m[K’
   27 | namespace [01;36m[Kmsg[m[K
      |           [01;36m[K^~~[m[K
In file included from [01m[K/opt/ros/humble/include/moveit_msgs/moveit_msgs/msg/detail/collision_object__struct.hpp:30[m[K,
                 from [01m[K/opt/ros/humble/include/moveit_msgs/moveit_msgs/msg/detail/attached_collision_object__struct.hpp:20[m[K,
                 from [01m[K/opt/ros/humble/include/moveit_msgs/moveit_msgs/msg/detail/robot_state__struct.hpp:24[m[K,
                 from [01m[K/opt/ros/humble/include/moveit_msgs/moveit_msgs/msg/robot_state.hpp:7[m[K,
                 from [01m[K/home/kaushal/kaushal/moveit_ws/install/moveit_ros_planning_interface/include/moveit/move_group_interface/move_group_interface.h:44[m[K,
                 from [01m[K/home/kaushal/kaushal/moveit_ws/src/hello_moveit/src/hello_moveit/src/hello_moveit.cpp:4[m[K:
[01m[K/opt/ros/humble/include/shape_msgs/shape_msgs/msg/detail/solid_primitive__struct.hpp:31:11:[m[K [01;36m[Knote: [m[K  ‘[01m[Kshape_msgs::msg[m[K’
   31 | namespace [01;36m[Kmsg[m[K
      |           [01;36m[K^~~[m[K
In file included from [01m[K/opt/ros/humble/include/octomap_msgs/octomap_msgs/msg/detail/octomap_with_pose__struct.hpp:24[m[K,
                 from [01m[K/opt/ros/humble/include/moveit_msgs/moveit_msgs/msg/detail/planning_scene_world__struct.hpp:22[m[K,
                 from [01m[K/opt/ros/humble/include/moveit_msgs/moveit_msgs/msg/detail/planning_scene__struct.hpp:32[m[K,
                 from [01m[K/opt/ros/humble/include/moveit_msgs/moveit_msgs/msg/detail/planning_options__struct.hpp:20[m[K,
                 from [01m[K/opt/ros/humble/include/moveit_msgs/moveit_msgs/action/detail/move_group__struct.hpp:22[m[K,
                 from [01m[K/opt/ros/humble/include/moveit_msgs/moveit_msgs/action/move_group.hpp:7[m[K,
                 from [01m[K/home/kaushal/kaushal/moveit_ws/install/moveit_ros_planning_interface/include/moveit/move_group_interface/move_group_interface.h:52[m[K,
                 from [01m[K/home/kaushal/kaushal/moveit_ws/src/hello_moveit/src/hello_moveit/src/hello_moveit.cpp:4[m[K:
[01m[K/opt/ros/humble/include/octomap_msgs/octomap_msgs/msg/detail/octomap__struct.hpp:31:11:[m[K [01;36m[Knote: [m[K  ‘[01m[Koctomap_msgs::msg[m[K’
   31 | namespace [01;36m[Kmsg[m[K
      |           [01;36m[K^~~[m[K
In file included from [01m[K/opt/ros/humble/include/moveit_msgs/moveit_msgs/action/detail/move_group__struct.hpp:439[m[K,
                 from [01m[K/opt/ros/humble/include/moveit_msgs/moveit_msgs/action/move_group.hpp:7[m[K,
                 from [01m[K/home/kaushal/kaushal/moveit_ws/install/moveit_ros_planning_interface/include/moveit/move_group_interface/move_group_interface.h:52[m[K,
                 from [01m[K/home/kaushal/kaushal/moveit_ws/src/hello_moveit/src/hello_moveit/src/hello_moveit.cpp:4[m[K:
[01m[K/opt/ros/humble/include/unique_identifier_msgs/unique_identifier_msgs/msg/detail/uuid__struct.hpp:27:11:[m[K [01;36m[Knote: [m[K  ‘[01m[Kunique_identifier_msgs::msg[m[K’
   27 | namespace [01;36m[Kmsg[m[K
      |           [01;36m[K^~~[m[K
In file included from [01m[K/opt/ros/humble/include/action_msgs/action_msgs/srv/detail/cancel_goal__struct.hpp:20[m[K,
                 from [01m[K/opt/ros/humble/include/action_msgs/action_msgs/srv/cancel_goal.hpp:7[m[K,
                 from [01m[K/opt/ros/humble/include/moveit_msgs/moveit_msgs/action/detail/move_group__struct.hpp:1099[m[K,
                 from [01m[K/opt/ros/humble/include/moveit_msgs/moveit_msgs/action/move_group.hpp:7[m[K,
                 from [01m[K/home/kaushal/kaushal/moveit_ws/install/moveit_ros_planning_interface/include/moveit/move_group_interface/move_group_interface.h:52[m[K,
                 from [01m[K/home/kaushal/kaushal/moveit_ws/src/hello_moveit/src/hello_moveit/src/hello_moveit.cpp:4[m[K:
[01m[K/opt/ros/humble/include/action_msgs/action_msgs/msg/detail/goal_info__struct.hpp:33:11:[m[K [01;36m[Knote: [m[K  ‘[01m[Kaction_msgs::msg[m[K’
   33 | namespace [01;36m[Kmsg[m[K
      |           [01;36m[K^~~[m[K
gmake[2]: *** [CMakeFiles/hello_moveit.dir/build.make:76: CMakeFiles/hello_moveit.dir/src/hello_moveit.cpp.o] Error 1
gmake[1]: *** [CMakeFiles/Makefile2:137: CMakeFiles/hello_moveit.dir/all] Error 2
gmake: *** [Makefile:146: all] Error 2
