[0.065s] Invoking command in '/home/kaushal/kaushal/moveit_ws/build/moveit_common': CMAKE_PREFIX_PATH=${CMAKE_PREFIX_PATH}:/home/kaushal/kaushal/moveit_ws/install/moveit_configs_utils:/home/kaushal/kaushal/moveit_ws/install/launch_param_builder:/opt/ros/humble /usr/bin/cmake --build /home/kaushal/kaushal/moveit_ws/build/moveit_common -- -j16 -l16
[0.300s] Invoked command in '/home/kaushal/kaushal/moveit_ws/build/moveit_common' returned '0': CMAKE_PREFIX_PATH=${CMAKE_PREFIX_PATH}:/home/kaushal/kaushal/moveit_ws/install/moveit_configs_utils:/home/kaushal/kaushal/moveit_ws/install/launch_param_builder:/opt/ros/humble /usr/bin/cmake --build /home/kaushal/kaushal/moveit_ws/build/moveit_common -- -j16 -l16
[0.313s] Invoking command in '/home/kaushal/kaushal/moveit_ws/build/moveit_common': CMAKE_PREFIX_PATH=${CMAKE_PREFIX_PATH}:/home/kaushal/kaushal/moveit_ws/install/moveit_configs_utils:/home/kaushal/kaushal/moveit_ws/install/launch_param_builder:/opt/ros/humble /usr/bin/cmake --install /home/kaushal/kaushal/moveit_ws/build/moveit_common
[0.325s] -- Install configuration: "Debug"
[0.325s] -- Up-to-date: /home/kaushal/kaushal/moveit_ws/install/moveit_common/share/ament_index/resource_index/package_run_dependencies/moveit_common
[0.325s] -- Up-to-date: /home/kaushal/kaushal/moveit_ws/install/moveit_common/share/ament_index/resource_index/parent_prefix_path/moveit_common
[0.326s] -- Up-to-date: /home/kaushal/kaushal/moveit_ws/install/moveit_common/share/moveit_common/environment/ament_prefix_path.sh
[0.326s] -- Up-to-date: /home/kaushal/kaushal/moveit_ws/install/moveit_common/share/moveit_common/environment/ament_prefix_path.dsv
[0.327s] -- Up-to-date: /home/kaushal/kaushal/moveit_ws/install/moveit_common/share/moveit_common/environment/path.sh
[0.327s] -- Up-to-date: /home/kaushal/kaushal/moveit_ws/install/moveit_common/share/moveit_common/environment/path.dsv
[0.327s] -- Up-to-date: /home/kaushal/kaushal/moveit_ws/install/moveit_common/share/moveit_common/local_setup.bash
[0.327s] -- Up-to-date: /home/kaushal/kaushal/moveit_ws/install/moveit_common/share/moveit_common/local_setup.sh
[0.327s] -- Up-to-date: /home/kaushal/kaushal/moveit_ws/install/moveit_common/share/moveit_common/local_setup.zsh
[0.327s] -- Up-to-date: /home/kaushal/kaushal/moveit_ws/install/moveit_common/share/moveit_common/local_setup.dsv
[0.327s] -- Installing: /home/kaushal/kaushal/moveit_ws/install/moveit_common/share/moveit_common/package.dsv
[0.327s] -- Up-to-date: /home/kaushal/kaushal/moveit_ws/install/moveit_common/share/ament_index/resource_index/packages/moveit_common
[0.327s] -- Up-to-date: /home/kaushal/kaushal/moveit_ws/install/moveit_common/share/moveit_common/cmake/moveit_common-extras.cmake
[0.327s] -- Up-to-date: /home/kaushal/kaushal/moveit_ws/install/moveit_common/share/moveit_common/cmake/moveit_commonConfig.cmake
[0.328s] -- Up-to-date: /home/kaushal/kaushal/moveit_ws/install/moveit_common/share/moveit_common/cmake/moveit_commonConfig-version.cmake
[0.328s] -- Up-to-date: /home/kaushal/kaushal/moveit_ws/install/moveit_common/share/moveit_common/package.xml
[0.328s] -- Up-to-date: /home/kaushal/kaushal/moveit_ws/install/moveit_common/share/moveit_common/cmake
[0.328s] -- Up-to-date: /home/kaushal/kaushal/moveit_ws/install/moveit_common/share/moveit_common/cmake/moveit_package.cmake
[0.329s] Invoked command in '/home/kaushal/kaushal/moveit_ws/build/moveit_common' returned '0': CMAKE_PREFIX_PATH=${CMAKE_PREFIX_PATH}:/home/kaushal/kaushal/moveit_ws/install/moveit_configs_utils:/home/kaushal/kaushal/moveit_ws/install/launch_param_builder:/opt/ros/humble /usr/bin/cmake --install /home/kaushal/kaushal/moveit_ws/build/moveit_common
