[0.035s] Invoking command in '/home/kaushal/kaushal/moveit_ws/build/moveit_servo': AMENT_PREFIX_PATH=/home/kaushal/kaushal/moveit_ws/install/moveit_ros_planning_interface:/home/kaushal/kaushal/moveit_ws/install/moveit_ros_move_group:/home/kaushal/kaushal/moveit_ws/install/moveit_ros_warehouse:/home/kaushal/kaushal/moveit_ws/install/moveit_planners_ompl:/home/kaushal/kaushal/moveit_ws/install/moveit_kinematics:/home/kaushal/kaushal/moveit_ws/install/moveit_ros_planning:/home/kaushal/kaushal/moveit_ws/install/moveit_simple_controller_manager:/home/kaushal/kaushal/moveit_ws/install/moveit_ros_occupancy_map_monitor:/home/kaushal/kaushal/moveit_ws/install/moveit_core:/home/kaushal/kaushal/moveit_ws/install/moveit_resources_panda_moveit_config:/home/kaushal/kaushal/moveit_ws/install/moveit_resources_fanuc_moveit_config:/home/kaushal/kaushal/moveit_ws/install/moveit_configs_utils:/home/kaushal/kaushal/moveit_ws/install/srdfdom:/home/kaushal/kaushal/moveit_ws/install/moveit_resources_pr2_description:/home/kaushal/kaushal/moveit_ws/install/moveit_resources_panda_description:/home/kaushal/kaushal/moveit_ws/install/moveit_resources_fanuc_description:/home/kaushal/kaushal/moveit_ws/install/moveit_common:/home/kaushal/kaushal/moveit_ws/install/launch_param_builder:${AMENT_PREFIX_PATH} CMAKE_PREFIX_PATH=/home/kaushal/kaushal/moveit_ws/install/moveit_ros_planning_interface:/home/kaushal/kaushal/moveit_ws/install/moveit_ros_move_group:/home/kaushal/kaushal/moveit_ws/install/moveit_ros_warehouse:/home/kaushal/kaushal/moveit_ws/install/moveit_planners_ompl:/home/kaushal/kaushal/moveit_ws/install/moveit_kinematics:/home/kaushal/kaushal/moveit_ws/install/moveit_ros_planning:/home/kaushal/kaushal/moveit_ws/install/moveit_simple_controller_manager:/home/kaushal/kaushal/moveit_ws/install/moveit_ros_occupancy_map_monitor:/home/kaushal/kaushal/moveit_ws/install/moveit_core:/home/kaushal/kaushal/moveit_ws/install/moveit_resources_panda_moveit_config:/home/kaushal/kaushal/moveit_ws/install/moveit_resources_fanuc_moveit_config:/home/kaushal/kaushal/moveit_ws/install/srdfdom:/home/kaushal/kaushal/moveit_ws/install/moveit_resources_pr2_description:/home/kaushal/kaushal/moveit_ws/install/moveit_resources_panda_description:/home/kaushal/kaushal/moveit_ws/install/moveit_resources_fanuc_description:/home/kaushal/kaushal/moveit_ws/install/moveit_common:/opt/ros/humble LD_LIBRARY_PATH=/home/kaushal/kaushal/moveit_ws/install/moveit_ros_planning_interface/lib:/home/kaushal/kaushal/moveit_ws/install/moveit_ros_move_group/lib:/home/kaushal/kaushal/moveit_ws/install/moveit_ros_warehouse/lib:/home/kaushal/kaushal/moveit_ws/install/moveit_planners_ompl/lib:/home/kaushal/kaushal/moveit_ws/install/moveit_kinematics/lib:/home/kaushal/kaushal/moveit_ws/install/moveit_ros_planning/lib:/home/kaushal/kaushal/moveit_ws/install/moveit_simple_controller_manager/lib:/home/kaushal/kaushal/moveit_ws/install/moveit_ros_occupancy_map_monitor/lib:/home/kaushal/kaushal/moveit_ws/install/moveit_core/lib:/home/kaushal/kaushal/moveit_ws/install/srdfdom/lib:${LD_LIBRARY_PATH} PATH=/home/kaushal/kaushal/moveit_ws/install/moveit_core/bin:${PATH} PYTHONPATH=/home/kaushal/kaushal/moveit_ws/install/moveit_configs_utils/lib/python3.10/site-packages:/home/kaushal/kaushal/moveit_ws/install/srdfdom/local/lib/python3.10/dist-packages:/home/kaushal/kaushal/moveit_ws/install/launch_param_builder/lib/python3.10/site-packages:${PYTHONPATH} /usr/bin/cmake --build /home/kaushal/kaushal/moveit_ws/build/moveit_servo -- -j16 -l16
[0.097s] [ 12%] Built target gtest
[0.097s] [ 12%] Built target gtest_main
[0.097s] [ 18%] Built target fake_command_publisher
[0.099s] [ 21%] [32m[1mLinking CXX shared library libservo_controller_input.so[0m
[0.108s] [ 24%] [32m[1mLinking CXX shared library libmoveit_servo_lib_parameters.so[0m
[0.362s] [ 30%] Built target moveit_servo_lib_parameters
[0.400s] [ 36%] [32m[1mLinking CXX executable test_servo_integration[0m
[0.401s] [ 36%] [32m[1mLinking CXX executable test_servo_collision[0m
[0.401s] [ 39%] Built target servo_controller_input
[0.408s] [ 42%] [32m[1mLinking CXX shared library libmoveit_servo_lib.so[0m
[0.966s] [ 45%] Built target test_servo_collision
[0.982s] [ 48%] Built target test_servo_integration
[1.250s] [ 63%] Built target moveit_servo_lib
[1.288s] [ 72%] [32m[1mLinking CXX shared library libservo_node.so[0m
[1.288s] [ 72%] [32m[1mLinking CXX executable servo_calcs_unit_tests[0m
[1.288s] [ 72%] [32m[1mLinking CXX shared library libpose_tracking.so[0m
[1.653s] [ 75%] Built target servo_node
[1.698s] [ 78%] [32m[1mLinking CXX executable servo_node_main[0m
[1.815s] [ 81%] Built target pose_tracking
[1.857s] [ 87%] [32m[1mLinking CXX executable test_servo_pose_tracking[0m
[1.858s] [ 87%] [32m[1mLinking CXX executable servo_pose_tracking_demo[0m
[2.217s] [ 90%] Built target servo_node_main
[2.318s] [ 93%] Built target servo_calcs_unit_tests
[2.444s] [ 96%] Built target servo_pose_tracking_demo
[2.713s] [100%] Built target test_servo_pose_tracking
[2.725s] Invoked command in '/home/kaushal/kaushal/moveit_ws/build/moveit_servo' returned '0': AMENT_PREFIX_PATH=/home/kaushal/kaushal/moveit_ws/install/moveit_ros_planning_interface:/home/kaushal/kaushal/moveit_ws/install/moveit_ros_move_group:/home/kaushal/kaushal/moveit_ws/install/moveit_ros_warehouse:/home/kaushal/kaushal/moveit_ws/install/moveit_planners_ompl:/home/kaushal/kaushal/moveit_ws/install/moveit_kinematics:/home/kaushal/kaushal/moveit_ws/install/moveit_ros_planning:/home/kaushal/kaushal/moveit_ws/install/moveit_simple_controller_manager:/home/kaushal/kaushal/moveit_ws/install/moveit_ros_occupancy_map_monitor:/home/kaushal/kaushal/moveit_ws/install/moveit_core:/home/kaushal/kaushal/moveit_ws/install/moveit_resources_panda_moveit_config:/home/kaushal/kaushal/moveit_ws/install/moveit_resources_fanuc_moveit_config:/home/kaushal/kaushal/moveit_ws/install/moveit_configs_utils:/home/kaushal/kaushal/moveit_ws/install/srdfdom:/home/kaushal/kaushal/moveit_ws/install/moveit_resources_pr2_description:/home/kaushal/kaushal/moveit_ws/install/moveit_resources_panda_description:/home/kaushal/kaushal/moveit_ws/install/moveit_resources_fanuc_description:/home/kaushal/kaushal/moveit_ws/install/moveit_common:/home/kaushal/kaushal/moveit_ws/install/launch_param_builder:${AMENT_PREFIX_PATH} CMAKE_PREFIX_PATH=/home/kaushal/kaushal/moveit_ws/install/moveit_ros_planning_interface:/home/kaushal/kaushal/moveit_ws/install/moveit_ros_move_group:/home/kaushal/kaushal/moveit_ws/install/moveit_ros_warehouse:/home/kaushal/kaushal/moveit_ws/install/moveit_planners_ompl:/home/kaushal/kaushal/moveit_ws/install/moveit_kinematics:/home/kaushal/kaushal/moveit_ws/install/moveit_ros_planning:/home/kaushal/kaushal/moveit_ws/install/moveit_simple_controller_manager:/home/kaushal/kaushal/moveit_ws/install/moveit_ros_occupancy_map_monitor:/home/kaushal/kaushal/moveit_ws/install/moveit_core:/home/kaushal/kaushal/moveit_ws/install/moveit_resources_panda_moveit_config:/home/kaushal/kaushal/moveit_ws/install/moveit_resources_fanuc_moveit_config:/home/kaushal/kaushal/moveit_ws/install/srdfdom:/home/kaushal/kaushal/moveit_ws/install/moveit_resources_pr2_description:/home/kaushal/kaushal/moveit_ws/install/moveit_resources_panda_description:/home/kaushal/kaushal/moveit_ws/install/moveit_resources_fanuc_description:/home/kaushal/kaushal/moveit_ws/install/moveit_common:/opt/ros/humble LD_LIBRARY_PATH=/home/kaushal/kaushal/moveit_ws/install/moveit_ros_planning_interface/lib:/home/kaushal/kaushal/moveit_ws/install/moveit_ros_move_group/lib:/home/kaushal/kaushal/moveit_ws/install/moveit_ros_warehouse/lib:/home/kaushal/kaushal/moveit_ws/install/moveit_planners_ompl/lib:/home/kaushal/kaushal/moveit_ws/install/moveit_kinematics/lib:/home/kaushal/kaushal/moveit_ws/install/moveit_ros_planning/lib:/home/kaushal/kaushal/moveit_ws/install/moveit_simple_controller_manager/lib:/home/kaushal/kaushal/moveit_ws/install/moveit_ros_occupancy_map_monitor/lib:/home/kaushal/kaushal/moveit_ws/install/moveit_core/lib:/home/kaushal/kaushal/moveit_ws/install/srdfdom/lib:${LD_LIBRARY_PATH} PATH=/home/kaushal/kaushal/moveit_ws/install/moveit_core/bin:${PATH} PYTHONPATH=/home/kaushal/kaushal/moveit_ws/install/moveit_configs_utils/lib/python3.10/site-packages:/home/kaushal/kaushal/moveit_ws/install/srdfdom/local/lib/python3.10/dist-packages:/home/kaushal/kaushal/moveit_ws/install/launch_param_builder/lib/python3.10/site-packages:${PYTHONPATH} /usr/bin/cmake --build /home/kaushal/kaushal/moveit_ws/build/moveit_servo -- -j16 -l16
[2.738s] Invoking command in '/home/kaushal/kaushal/moveit_ws/build/moveit_servo': AMENT_PREFIX_PATH=/home/kaushal/kaushal/moveit_ws/install/moveit_ros_planning_interface:/home/kaushal/kaushal/moveit_ws/install/moveit_ros_move_group:/home/kaushal/kaushal/moveit_ws/install/moveit_ros_warehouse:/home/kaushal/kaushal/moveit_ws/install/moveit_planners_ompl:/home/kaushal/kaushal/moveit_ws/install/moveit_kinematics:/home/kaushal/kaushal/moveit_ws/install/moveit_ros_planning:/home/kaushal/kaushal/moveit_ws/install/moveit_simple_controller_manager:/home/kaushal/kaushal/moveit_ws/install/moveit_ros_occupancy_map_monitor:/home/kaushal/kaushal/moveit_ws/install/moveit_core:/home/kaushal/kaushal/moveit_ws/install/moveit_resources_panda_moveit_config:/home/kaushal/kaushal/moveit_ws/install/moveit_resources_fanuc_moveit_config:/home/kaushal/kaushal/moveit_ws/install/moveit_configs_utils:/home/kaushal/kaushal/moveit_ws/install/srdfdom:/home/kaushal/kaushal/moveit_ws/install/moveit_resources_pr2_description:/home/kaushal/kaushal/moveit_ws/install/moveit_resources_panda_description:/home/kaushal/kaushal/moveit_ws/install/moveit_resources_fanuc_description:/home/kaushal/kaushal/moveit_ws/install/moveit_common:/home/kaushal/kaushal/moveit_ws/install/launch_param_builder:${AMENT_PREFIX_PATH} CMAKE_PREFIX_PATH=/home/kaushal/kaushal/moveit_ws/install/moveit_ros_planning_interface:/home/kaushal/kaushal/moveit_ws/install/moveit_ros_move_group:/home/kaushal/kaushal/moveit_ws/install/moveit_ros_warehouse:/home/kaushal/kaushal/moveit_ws/install/moveit_planners_ompl:/home/kaushal/kaushal/moveit_ws/install/moveit_kinematics:/home/kaushal/kaushal/moveit_ws/install/moveit_ros_planning:/home/kaushal/kaushal/moveit_ws/install/moveit_simple_controller_manager:/home/kaushal/kaushal/moveit_ws/install/moveit_ros_occupancy_map_monitor:/home/kaushal/kaushal/moveit_ws/install/moveit_core:/home/kaushal/kaushal/moveit_ws/install/moveit_resources_panda_moveit_config:/home/kaushal/kaushal/moveit_ws/install/moveit_resources_fanuc_moveit_config:/home/kaushal/kaushal/moveit_ws/install/srdfdom:/home/kaushal/kaushal/moveit_ws/install/moveit_resources_pr2_description:/home/kaushal/kaushal/moveit_ws/install/moveit_resources_panda_description:/home/kaushal/kaushal/moveit_ws/install/moveit_resources_fanuc_description:/home/kaushal/kaushal/moveit_ws/install/moveit_common:/opt/ros/humble LD_LIBRARY_PATH=/home/kaushal/kaushal/moveit_ws/install/moveit_ros_planning_interface/lib:/home/kaushal/kaushal/moveit_ws/install/moveit_ros_move_group/lib:/home/kaushal/kaushal/moveit_ws/install/moveit_ros_warehouse/lib:/home/kaushal/kaushal/moveit_ws/install/moveit_planners_ompl/lib:/home/kaushal/kaushal/moveit_ws/install/moveit_kinematics/lib:/home/kaushal/kaushal/moveit_ws/install/moveit_ros_planning/lib:/home/kaushal/kaushal/moveit_ws/install/moveit_simple_controller_manager/lib:/home/kaushal/kaushal/moveit_ws/install/moveit_ros_occupancy_map_monitor/lib:/home/kaushal/kaushal/moveit_ws/install/moveit_core/lib:/home/kaushal/kaushal/moveit_ws/install/srdfdom/lib:${LD_LIBRARY_PATH} PATH=/home/kaushal/kaushal/moveit_ws/install/moveit_core/bin:${PATH} PYTHONPATH=/home/kaushal/kaushal/moveit_ws/install/moveit_configs_utils/lib/python3.10/site-packages:/home/kaushal/kaushal/moveit_ws/install/srdfdom/local/lib/python3.10/dist-packages:/home/kaushal/kaushal/moveit_ws/install/launch_param_builder/lib/python3.10/site-packages:${PYTHONPATH} /usr/bin/cmake --install /home/kaushal/kaushal/moveit_ws/build/moveit_servo
[2.753s] -- Install configuration: "Release"
[2.763s] -- Installing: /home/kaushal/kaushal/moveit_ws/install/moveit_servo/lib/libmoveit_servo_lib.so.2.5.9
[2.768s] -- Set runtime path of "/home/kaushal/kaushal/moveit_ws/install/moveit_servo/lib/libmoveit_servo_lib.so.2.5.9" to ""
[2.768s] -- Up-to-date: /home/kaushal/kaushal/moveit_ws/install/moveit_servo/lib/libmoveit_servo_lib.so
[2.778s] -- Installing: /home/kaushal/kaushal/moveit_ws/install/moveit_servo/lib/libmoveit_servo_lib_parameters.so.2.5.9
[2.778s] -- Set runtime path of "/home/kaushal/kaushal/moveit_ws/install/moveit_servo/lib/libmoveit_servo_lib_parameters.so.2.5.9" to ""
[2.779s] -- Up-to-date: /home/kaushal/kaushal/moveit_ws/install/moveit_servo/lib/libmoveit_servo_lib_parameters.so
[2.792s] -- Installing: /home/kaushal/kaushal/moveit_ws/install/moveit_servo/lib/libpose_tracking.so
[2.794s] -- Set runtime path of "/home/kaushal/kaushal/moveit_ws/install/moveit_servo/lib/libpose_tracking.so" to ""
[2.815s] -- Installing: /home/kaushal/kaushal/moveit_ws/install/moveit_servo/lib/libservo_node.so
[2.816s] -- Set runtime path of "/home/kaushal/kaushal/moveit_ws/install/moveit_servo/lib/libservo_node.so" to ""
[2.829s] -- Installing: /home/kaushal/kaushal/moveit_ws/install/moveit_servo/lib/libservo_controller_input.so
[2.831s] -- Set runtime path of "/home/kaushal/kaushal/moveit_ws/install/moveit_servo/lib/libservo_controller_input.so" to ""
[2.852s] -- Installing: /home/kaushal/kaushal/moveit_ws/install/moveit_servo/lib/moveit_servo/servo_node_main
[2.853s] -- Set runtime path of "/home/kaushal/kaushal/moveit_ws/install/moveit_servo/lib/moveit_servo/servo_node_main" to ""
[2.865s] -- Installing: /home/kaushal/kaushal/moveit_ws/install/moveit_servo/lib/moveit_servo/servo_pose_tracking_demo
[2.867s] -- Set runtime path of "/home/kaushal/kaushal/moveit_ws/install/moveit_servo/lib/moveit_servo/servo_pose_tracking_demo" to ""
[2.881s] -- Up-to-date: /home/kaushal/kaushal/moveit_ws/install/moveit_servo/lib/moveit_servo/fake_command_publisher
[2.882s] -- Up-to-date: /home/kaushal/kaushal/moveit_ws/install/moveit_servo/include
[2.884s] -- Up-to-date: /home/kaushal/kaushal/moveit_ws/install/moveit_servo/include/moveit_servo
[2.885s] -- Up-to-date: /home/kaushal/kaushal/moveit_ws/install/moveit_servo/include/moveit_servo/parameter_descriptor_builder.hpp
[2.886s] -- Up-to-date: /home/kaushal/kaushal/moveit_ws/install/moveit_servo/include/moveit_servo/make_shared_from_pool.h
[2.886s] -- Up-to-date: /home/kaushal/kaushal/moveit_ws/install/moveit_servo/include/moveit_servo/enforce_limits.hpp
[2.886s] -- Up-to-date: /home/kaushal/kaushal/moveit_ws/install/moveit_servo/include/moveit_servo/servo_server.h
[2.886s] -- Up-to-date: /home/kaushal/kaushal/moveit_ws/install/moveit_servo/include/moveit_servo/status_codes.h
[2.886s] -- Up-to-date: /home/kaushal/kaushal/moveit_ws/install/moveit_servo/include/moveit_servo/servo_calcs.h
[2.886s] -- Up-to-date: /home/kaushal/kaushal/moveit_ws/install/moveit_servo/include/moveit_servo/utilities.h
[2.886s] -- Up-to-date: /home/kaushal/kaushal/moveit_ws/install/moveit_servo/include/moveit_servo/servo.h
[2.886s] -- Up-to-date: /home/kaushal/kaushal/moveit_ws/install/moveit_servo/include/moveit_servo/servo_node.h
[2.886s] -- Up-to-date: /home/kaushal/kaushal/moveit_ws/install/moveit_servo/include/moveit_servo/servo_parameters.h
[2.886s] -- Up-to-date: /home/kaushal/kaushal/moveit_ws/install/moveit_servo/include/moveit_servo/pose_tracking.h
[2.886s] -- Up-to-date: /home/kaushal/kaushal/moveit_ws/install/moveit_servo/include/moveit_servo/collision_check.h
[2.891s] -- Up-to-date: /home/kaushal/kaushal/moveit_ws/install/moveit_servo/share/moveit_servo/launch
[2.892s] -- Up-to-date: /home/kaushal/kaushal/moveit_ws/install/moveit_servo/share/moveit_servo/launch/servo_example.launch.py
[2.892s] -- Up-to-date: /home/kaushal/kaushal/moveit_ws/install/moveit_servo/share/moveit_servo/launch/pose_tracking_example.launch.py
[2.892s] -- Up-to-date: /home/kaushal/kaushal/moveit_ws/install/moveit_servo/share/moveit_servo/config
[2.895s] -- Up-to-date: /home/kaushal/kaushal/moveit_ws/install/moveit_servo/share/moveit_servo/config/pose_tracking_settings.yaml
[2.895s] -- Up-to-date: /home/kaushal/kaushal/moveit_ws/install/moveit_servo/share/moveit_servo/config/panda_simulated_config.yaml
[2.895s] -- Up-to-date: /home/kaushal/kaushal/moveit_ws/install/moveit_servo/share/moveit_servo/config/panda_simulated_config_pose_tracking.yaml
[2.895s] -- Up-to-date: /home/kaushal/kaushal/moveit_ws/install/moveit_servo/share/moveit_servo/config/demo_rviz_pose_tracking.rviz
[2.895s] -- Up-to-date: /home/kaushal/kaushal/moveit_ws/install/moveit_servo/share/moveit_servo/config/demo_rviz_config.rviz
[2.897s] -- Up-to-date: /home/kaushal/kaushal/moveit_ws/install/moveit_servo/share/moveit_servo/environment/library_path.sh
[2.897s] -- Up-to-date: /home/kaushal/kaushal/moveit_ws/install/moveit_servo/share/moveit_servo/environment/library_path.dsv
[2.904s] -- Up-to-date: /home/kaushal/kaushal/moveit_ws/install/moveit_servo/share/ament_index/resource_index/package_run_dependencies/moveit_servo
[2.906s] -- Up-to-date: /home/kaushal/kaushal/moveit_ws/install/moveit_servo/share/ament_index/resource_index/parent_prefix_path/moveit_servo
[2.906s] -- Up-to-date: /home/kaushal/kaushal/moveit_ws/install/moveit_servo/share/moveit_servo/environment/ament_prefix_path.sh
[2.906s] -- Up-to-date: /home/kaushal/kaushal/moveit_ws/install/moveit_servo/share/moveit_servo/environment/ament_prefix_path.dsv
[2.906s] -- Up-to-date: /home/kaushal/kaushal/moveit_ws/install/moveit_servo/share/moveit_servo/environment/path.sh
[2.907s] -- Up-to-date: /home/kaushal/kaushal/moveit_ws/install/moveit_servo/share/moveit_servo/environment/path.dsv
[2.907s] -- Up-to-date: /home/kaushal/kaushal/moveit_ws/install/moveit_servo/share/moveit_servo/local_setup.bash
[2.907s] -- Up-to-date: /home/kaushal/kaushal/moveit_ws/install/moveit_servo/share/moveit_servo/local_setup.sh
[2.907s] -- Up-to-date: /home/kaushal/kaushal/moveit_ws/install/moveit_servo/share/moveit_servo/local_setup.zsh
[2.907s] -- Up-to-date: /home/kaushal/kaushal/moveit_ws/install/moveit_servo/share/moveit_servo/local_setup.dsv
[2.907s] -- Installing: /home/kaushal/kaushal/moveit_ws/install/moveit_servo/share/moveit_servo/package.dsv
[2.915s] -- Up-to-date: /home/kaushal/kaushal/moveit_ws/install/moveit_servo/share/ament_index/resource_index/packages/moveit_servo
[2.917s] -- Up-to-date: /home/kaushal/kaushal/moveit_ws/install/moveit_servo/share/ament_index/resource_index/rclcpp_components/moveit_servo
[2.925s] -- Up-to-date: /home/kaushal/kaushal/moveit_ws/install/moveit_servo/share/moveit_servo/cmake/export_moveit_servoExport.cmake
[2.925s] -- Up-to-date: /home/kaushal/kaushal/moveit_ws/install/moveit_servo/share/moveit_servo/cmake/export_moveit_servoExport-release.cmake
[2.925s] -- Up-to-date: /home/kaushal/kaushal/moveit_ws/install/moveit_servo/share/moveit_servo/cmake/ament_cmake_export_targets-extras.cmake
[2.925s] -- Up-to-date: /home/kaushal/kaushal/moveit_ws/install/moveit_servo/share/moveit_servo/cmake/ament_cmake_export_dependencies-extras.cmake
[2.925s] -- Up-to-date: /home/kaushal/kaushal/moveit_ws/install/moveit_servo/share/moveit_servo/cmake/moveit_servoConfig.cmake
[2.926s] -- Up-to-date: /home/kaushal/kaushal/moveit_ws/install/moveit_servo/share/moveit_servo/cmake/moveit_servoConfig-version.cmake
[2.926s] -- Up-to-date: /home/kaushal/kaushal/moveit_ws/install/moveit_servo/share/moveit_servo/package.xml
[2.928s] Invoked command in '/home/kaushal/kaushal/moveit_ws/build/moveit_servo' returned '0': AMENT_PREFIX_PATH=/home/kaushal/kaushal/moveit_ws/install/moveit_ros_planning_interface:/home/kaushal/kaushal/moveit_ws/install/moveit_ros_move_group:/home/kaushal/kaushal/moveit_ws/install/moveit_ros_warehouse:/home/kaushal/kaushal/moveit_ws/install/moveit_planners_ompl:/home/kaushal/kaushal/moveit_ws/install/moveit_kinematics:/home/kaushal/kaushal/moveit_ws/install/moveit_ros_planning:/home/kaushal/kaushal/moveit_ws/install/moveit_simple_controller_manager:/home/kaushal/kaushal/moveit_ws/install/moveit_ros_occupancy_map_monitor:/home/kaushal/kaushal/moveit_ws/install/moveit_core:/home/kaushal/kaushal/moveit_ws/install/moveit_resources_panda_moveit_config:/home/kaushal/kaushal/moveit_ws/install/moveit_resources_fanuc_moveit_config:/home/kaushal/kaushal/moveit_ws/install/moveit_configs_utils:/home/kaushal/kaushal/moveit_ws/install/srdfdom:/home/kaushal/kaushal/moveit_ws/install/moveit_resources_pr2_description:/home/kaushal/kaushal/moveit_ws/install/moveit_resources_panda_description:/home/kaushal/kaushal/moveit_ws/install/moveit_resources_fanuc_description:/home/kaushal/kaushal/moveit_ws/install/moveit_common:/home/kaushal/kaushal/moveit_ws/install/launch_param_builder:${AMENT_PREFIX_PATH} CMAKE_PREFIX_PATH=/home/kaushal/kaushal/moveit_ws/install/moveit_ros_planning_interface:/home/kaushal/kaushal/moveit_ws/install/moveit_ros_move_group:/home/kaushal/kaushal/moveit_ws/install/moveit_ros_warehouse:/home/kaushal/kaushal/moveit_ws/install/moveit_planners_ompl:/home/kaushal/kaushal/moveit_ws/install/moveit_kinematics:/home/kaushal/kaushal/moveit_ws/install/moveit_ros_planning:/home/kaushal/kaushal/moveit_ws/install/moveit_simple_controller_manager:/home/kaushal/kaushal/moveit_ws/install/moveit_ros_occupancy_map_monitor:/home/kaushal/kaushal/moveit_ws/install/moveit_core:/home/kaushal/kaushal/moveit_ws/install/moveit_resources_panda_moveit_config:/home/kaushal/kaushal/moveit_ws/install/moveit_resources_fanuc_moveit_config:/home/kaushal/kaushal/moveit_ws/install/srdfdom:/home/kaushal/kaushal/moveit_ws/install/moveit_resources_pr2_description:/home/kaushal/kaushal/moveit_ws/install/moveit_resources_panda_description:/home/kaushal/kaushal/moveit_ws/install/moveit_resources_fanuc_description:/home/kaushal/kaushal/moveit_ws/install/moveit_common:/opt/ros/humble LD_LIBRARY_PATH=/home/kaushal/kaushal/moveit_ws/install/moveit_ros_planning_interface/lib:/home/kaushal/kaushal/moveit_ws/install/moveit_ros_move_group/lib:/home/kaushal/kaushal/moveit_ws/install/moveit_ros_warehouse/lib:/home/kaushal/kaushal/moveit_ws/install/moveit_planners_ompl/lib:/home/kaushal/kaushal/moveit_ws/install/moveit_kinematics/lib:/home/kaushal/kaushal/moveit_ws/install/moveit_ros_planning/lib:/home/kaushal/kaushal/moveit_ws/install/moveit_simple_controller_manager/lib:/home/kaushal/kaushal/moveit_ws/install/moveit_ros_occupancy_map_monitor/lib:/home/kaushal/kaushal/moveit_ws/install/moveit_core/lib:/home/kaushal/kaushal/moveit_ws/install/srdfdom/lib:${LD_LIBRARY_PATH} PATH=/home/kaushal/kaushal/moveit_ws/install/moveit_core/bin:${PATH} PYTHONPATH=/home/kaushal/kaushal/moveit_ws/install/moveit_configs_utils/lib/python3.10/site-packages:/home/kaushal/kaushal/moveit_ws/install/srdfdom/local/lib/python3.10/dist-packages:/home/kaushal/kaushal/moveit_ws/install/launch_param_builder/lib/python3.10/site-packages:${PYTHONPATH} /usr/bin/cmake --install /home/kaushal/kaushal/moveit_ws/build/moveit_servo
