[01m[K/home/kaushal/kaushal/moveit_ws/src/hello_moveit/src/hello_moveit/src/cartesian_waypoints.cpp:[m[K In function ‘[01m[Kint main(int, char**)[m[K’:
[01m[K/home/kaushal/kaushal/moveit_ws/src/hello_moveit/src/hello_moveit/src/cartesian_waypoints.cpp:49:3:[m[K [01;31m[Kerror: [m[K‘[01m[Kjmg[m[K’ was not declared in this scope
   49 |   [01;31m[Kjmg[m[K = move_group_interface.getRobotModel()->getJointModelGroup("panda_arm")
      |   [01;31m[K^~~[m[K
[01m[K/home/kaushal/kaushal/moveit_ws/src/hello_moveit/src/hello_moveit/src/cartesian_waypoints.cpp:56:3:[m[K [01;31m[Kerror: [m[K‘[01m[Kstart_state[m[K’ was not declared in this scope; did you mean ‘[01m[Ksetstate[m[K’?
   56 |   [01;31m[Kstart_state[m[K.setFromIK(jmg, new_start_pose);
      |   [01;31m[K^~~~~~~~~~~[m[K
      |   [32m[Ksetstate[m[K
[01m[K/home/kaushal/kaushal/moveit_ws/src/hello_moveit/src/hello_moveit/src/cartesian_waypoints.cpp:79:3:[m[K [01;31m[Kerror: [m[K‘[01m[Kvisual_tools[m[K’ was not declared in this scope; did you mean ‘[01m[Krviz_visual_tools[m[K’?
   79 |   [01;31m[Kvisual_tools[m[K.deleteAllMarkers();
      |   [01;31m[K^~~~~~~~~~~~[m[K
      |   [32m[Krviz_visual_tools[m[K
[01m[K/home/kaushal/kaushal/moveit_ws/src/hello_moveit/src/hello_moveit/src/cartesian_waypoints.cpp:80:28:[m[K [01;31m[Kerror: [m[K‘[01m[Ktext_pose[m[K’ was not declared in this scope; did you mean ‘[01m[Ktarget_pose[m[K’?
   80 |   visual_tools.publishText([01;31m[Ktext_pose[m[K, "Cartesian_Path", rvt::WHITE, rvt::XLARGE);
      |                            [01;31m[K^~~~~~~~~[m[K
      |                            [32m[Ktarget_pose[m[K
[01m[K/home/kaushal/kaushal/moveit_ws/src/hello_moveit/src/hello_moveit/src/cartesian_waypoints.cpp:80:57:[m[K [01;31m[Kerror: [m[K‘[01m[Krvt[m[K’ has not been declared
   80 |   visual_tools.publishText(text_pose, "Cartesian_Path", [01;31m[Krvt[m[K::WHITE, rvt::XLARGE);
      |                                                         [01;31m[K^~~[m[K
[01m[K/home/kaushal/kaushal/moveit_ws/src/hello_moveit/src/hello_moveit/src/cartesian_waypoints.cpp:80:69:[m[K [01;31m[Kerror: [m[K‘[01m[Krvt[m[K’ has not been declared
   80 |   visual_tools.publishText(text_pose, "Cartesian_Path", rvt::WHITE, [01;31m[Krvt[m[K::XLARGE);
      |                                                                     [01;31m[K^~~[m[K
[01m[K/home/kaushal/kaushal/moveit_ws/src/hello_moveit/src/hello_moveit/src/cartesian_waypoints.cpp:81:39:[m[K [01;31m[Kerror: [m[K‘[01m[Krvt[m[K’ has not been declared
   81 |   visual_tools.publishPath(waypoints, [01;31m[Krvt[m[K::LIME_GREEN, rvt::SMALL);
      |                                       [01;31m[K^~~[m[K
[01m[K/home/kaushal/kaushal/moveit_ws/src/hello_moveit/src/hello_moveit/src/cartesian_waypoints.cpp:81:56:[m[K [01;31m[Kerror: [m[K‘[01m[Krvt[m[K’ has not been declared
   81 |   visual_tools.publishPath(waypoints, rvt::LIME_GREEN, [01;31m[Krvt[m[K::SMALL);
      |                                                        [01;31m[K^~~[m[K
[01m[K/home/kaushal/kaushal/moveit_ws/src/hello_moveit/src/hello_moveit/src/cartesian_waypoints.cpp:83:77:[m[K [01;31m[Kerror: [m[K‘[01m[Krvt[m[K’ has not been declared
   83 |     visual_tools.publishAxisLabeled(waypoints[i], "pt" + std::to_string(i), [01;31m[Krvt[m[K::SMALL);
      |                                                                             [01;31m[K^~~[m[K
gmake[2]: *** [CMakeFiles/cartesian_waypoints.dir/build.make:76: CMakeFiles/cartesian_waypoints.dir/src/cartesian_waypoints.cpp.o] Error 1
gmake[1]: *** [CMakeFiles/Makefile2:165: CMakeFiles/cartesian_waypoints.dir/all] Error 2
gmake: *** [Makefile:146: all] Error 2
