[01m[K/home/kaushal/kaushal/moveit_ws/src/cartesian_motion/src/cartesian_planner.cpp:[m[K In function ‘[01m[Kvoid setAvgCartesianSpeed(moveit_msgs::msg::RobotTrajectory&, std::string, double, moveit::core::RobotStatePtr, const rclcpp::Logger&)[m[K’:
[01m[K/home/kaushal/kaushal/moveit_ws/src/cartesian_motion/src/cartesian_planner.cpp:76:26:[m[K [01;35m[Kwarning: [m[Kcomparison of integer expressions of different signedness: ‘[01m[Kint[m[K’ and ‘[01m[Kstd::vector<std::__cxx11::basic_string<char> >::size_type[m[K’ {aka ‘[01m[Klong unsigned int[m[K’} [[01;35m[K]8;;https://gcc.gnu.org/onlinedocs/gcc/Warning-Options.html#index-Wsign-compare-Wsign-compare]8;;[m[K]
   76 |         for(int j = 0; [01;35m[Kj < joint_names.size()[m[K; j++)
      |                        [01;35m[K~~^~~~~~~~~~~~~~~~~~~~[m[K
[01m[K/home/kaushal/kaushal/moveit_ws/src/cartesian_motion/src/cartesian_planner.cpp:[m[K In function ‘[01m[Kint main(int, char**)[m[K’:
[01m[K/home/kaushal/kaushal/moveit_ws/src/cartesian_motion/src/cartesian_planner.cpp:159:28:[m[K [01;31m[Kerror: [m[Kconflicting declaration ‘[01m[Kgeometry_msgs::msg::Pose target_pose[m[K’
  159 |   geometry_msgs::msg::Pose [01;31m[Ktarget_pose[m[K = current_pose.pose;
      |                            [01;31m[K^~~~~~~~~~~[m[K
[01m[K/home/kaushal/kaushal/moveit_ws/src/cartesian_motion/src/cartesian_planner.cpp:137:14:[m[K [01;36m[Knote: [m[Kprevious declaration as ‘[01m[Kconst geometry_msgs::msg::Pose_<std::allocator<void> > target_pose[m[K’
  137 |   auto const [01;36m[Ktarget_pose[m[K = [] {
      |              [01;36m[K^~~~~~~~~~~[m[K
[01m[K/home/kaushal/kaushal/moveit_ws/src/cartesian_motion/src/cartesian_planner.cpp:162:26:[m[K [01;31m[Kerror: [m[Kassignment of member ‘[01m[Kgeometry_msgs::msg::Point_<std::allocator<void> >::x[m[K’ in read-only object
  162 |   [01;31m[Ktarget_pose.position.x -= 0.2[m[K;
      |   [01;31m[K~~~~~~~~~~~~~~~~~~~~~~~^~~~~~[m[K
[01m[K/home/kaushal/kaushal/moveit_ws/src/cartesian_motion/src/cartesian_planner.cpp:165:26:[m[K [01;31m[Kerror: [m[Kassignment of member ‘[01m[Kgeometry_msgs::msg::Point_<std::allocator<void> >::y[m[K’ in read-only object
  165 |   [01;31m[Ktarget_pose.position.y -= 0.2[m[K;
      |   [01;31m[K~~~~~~~~~~~~~~~~~~~~~~~^~~~~~[m[K
[01m[K/home/kaushal/kaushal/moveit_ws/src/cartesian_motion/src/cartesian_planner.cpp:168:26:[m[K [01;31m[Kerror: [m[Kassignment of member ‘[01m[Kgeometry_msgs::msg::Point_<std::allocator<void> >::x[m[K’ in read-only object
  168 |   [01;31m[Ktarget_pose.position.x -= 0.2[m[K;
      |   [01;31m[K~~~~~~~~~~~~~~~~~~~~~~~^~~~~~[m[K
gmake[2]: *** [CMakeFiles/cartesian_planner.dir/build.make:76: CMakeFiles/cartesian_planner.dir/src/cartesian_planner.cpp.o] Error 1
gmake[1]: *** [CMakeFiles/Makefile2:137: CMakeFiles/cartesian_planner.dir/all] Error 2
gmake: *** [Makefile:146: all] Error 2
