[0.058s] Invoking command in '/home/kaushal/kaushal/moveit_ws/build/srdfdom': CMAKE_PREFIX_PATH=${CMAKE_PREFIX_PATH}:/home/kaushal/kaushal/moveit_ws/install/moveit_configs_utils:/home/kaushal/kaushal/moveit_ws/install/launch_param_builder:/opt/ros/humble /usr/bin/cmake --build /home/kaushal/kaushal/moveit_ws/build/srdfdom -- -j16 -l16
[0.285s] [ 27%] Built target gtest
[0.285s] [ 36%] Built target gtest_main
[0.285s] [ 36%] Built target ament_cmake_python_copy_srdfdom
[0.285s] [ 63%] Built target srdfdom
[0.285s] [100%] Built target test_cpp_nl_NL.UTF-8
[0.286s] [100%] Built target test_cpp_C
[0.383s] running egg_info
[0.383s] writing srdfdom.egg-info/PKG-INFO
[0.384s] writing dependency_links to srdfdom.egg-info/dependency_links.txt
[0.384s] writing top-level names to srdfdom.egg-info/top_level.txt
[0.387s] reading manifest file 'srdfdom.egg-info/SOURCES.txt'
[0.388s] writing manifest file 'srdfdom.egg-info/SOURCES.txt'
[0.430s] [100%] Built target ament_cmake_python_build_srdfdom_egg
[0.510s] Invoked command in '/home/kaushal/kaushal/moveit_ws/build/srdfdom' returned '0': CMAKE_PREFIX_PATH=${CMAKE_PREFIX_PATH}:/home/kaushal/kaushal/moveit_ws/install/moveit_configs_utils:/home/kaushal/kaushal/moveit_ws/install/launch_param_builder:/opt/ros/humble /usr/bin/cmake --build /home/kaushal/kaushal/moveit_ws/build/srdfdom -- -j16 -l16
[0.513s] Invoking command in '/home/kaushal/kaushal/moveit_ws/build/srdfdom': CMAKE_PREFIX_PATH=${CMAKE_PREFIX_PATH}:/home/kaushal/kaushal/moveit_ws/install/moveit_configs_utils:/home/kaushal/kaushal/moveit_ws/install/launch_param_builder:/opt/ros/humble /usr/bin/cmake --install /home/kaushal/kaushal/moveit_ws/build/srdfdom
[0.524s] -- Install configuration: "Debug"
[0.524s] -- Up-to-date: /home/kaushal/kaushal/moveit_ws/install/srdfdom/lib/libsrdfdom.so.2.0.8
[0.525s] -- Up-to-date: /home/kaushal/kaushal/moveit_ws/install/srdfdom/lib/libsrdfdom.so
[0.525s] -- Up-to-date: /home/kaushal/kaushal/moveit_ws/install/srdfdom/include/srdfdom
[0.525s] -- Up-to-date: /home/kaushal/kaushal/moveit_ws/install/srdfdom/include/srdfdom/srdfdom
[0.525s] -- Up-to-date: /home/kaushal/kaushal/moveit_ws/install/srdfdom/include/srdfdom/srdfdom/srdf_writer.h
[0.525s] -- Up-to-date: /home/kaushal/kaushal/moveit_ws/install/srdfdom/include/srdfdom/srdfdom/model.h
[0.525s] -- Up-to-date: /home/kaushal/kaushal/moveit_ws/install/srdfdom/include/srdfdom/srdfdom/visibility_control.h
[0.525s] -- Up-to-date: /home/kaushal/kaushal/moveit_ws/install/srdfdom/lib/srdfdom/display_srdf
[0.526s] -- Up-to-date: /home/kaushal/kaushal/moveit_ws/install/srdfdom/share/srdfdom/environment/pythonpath.sh
[0.526s] -- Up-to-date: /home/kaushal/kaushal/moveit_ws/install/srdfdom/share/srdfdom/environment/pythonpath.dsv
[0.526s] -- Up-to-date: /home/kaushal/kaushal/moveit_ws/install/srdfdom/local/lib/python3.10/dist-packages/srdfdom-2.0.8-py3.10.egg-info
[0.526s] -- Installing: /home/kaushal/kaushal/moveit_ws/install/srdfdom/local/lib/python3.10/dist-packages/srdfdom-2.0.8-py3.10.egg-info/PKG-INFO
[0.526s] -- Installing: /home/kaushal/kaushal/moveit_ws/install/srdfdom/local/lib/python3.10/dist-packages/srdfdom-2.0.8-py3.10.egg-info/SOURCES.txt
[0.526s] -- Installing: /home/kaushal/kaushal/moveit_ws/install/srdfdom/local/lib/python3.10/dist-packages/srdfdom-2.0.8-py3.10.egg-info/dependency_links.txt
[0.526s] -- Installing: /home/kaushal/kaushal/moveit_ws/install/srdfdom/local/lib/python3.10/dist-packages/srdfdom-2.0.8-py3.10.egg-info/top_level.txt
[0.526s] -- Up-to-date: /home/kaushal/kaushal/moveit_ws/install/srdfdom/local/lib/python3.10/dist-packages/srdfdom
[0.526s] -- Up-to-date: /home/kaushal/kaushal/moveit_ws/install/srdfdom/local/lib/python3.10/dist-packages/srdfdom/__init__.py
[0.527s] -- Up-to-date: /home/kaushal/kaushal/moveit_ws/install/srdfdom/local/lib/python3.10/dist-packages/srdfdom/srdf.py
[0.562s] Listing '/home/kaushal/kaushal/moveit_ws/install/srdfdom/local/lib/python3.10/dist-packages/srdfdom'...
[0.565s] -- Up-to-date: /home/kaushal/kaushal/moveit_ws/install/srdfdom/share/srdfdom/environment/library_path.sh
[0.565s] -- Up-to-date: /home/kaushal/kaushal/moveit_ws/install/srdfdom/share/srdfdom/environment/library_path.dsv
[0.566s] -- Up-to-date: /home/kaushal/kaushal/moveit_ws/install/srdfdom/share/ament_index/resource_index/package_run_dependencies/srdfdom
[0.566s] -- Up-to-date: /home/kaushal/kaushal/moveit_ws/install/srdfdom/share/ament_index/resource_index/parent_prefix_path/srdfdom
[0.566s] -- Up-to-date: /home/kaushal/kaushal/moveit_ws/install/srdfdom/share/srdfdom/environment/ament_prefix_path.sh
[0.566s] -- Up-to-date: /home/kaushal/kaushal/moveit_ws/install/srdfdom/share/srdfdom/environment/ament_prefix_path.dsv
[0.566s] -- Up-to-date: /home/kaushal/kaushal/moveit_ws/install/srdfdom/share/srdfdom/environment/path.sh
[0.566s] -- Up-to-date: /home/kaushal/kaushal/moveit_ws/install/srdfdom/share/srdfdom/environment/path.dsv
[0.566s] -- Up-to-date: /home/kaushal/kaushal/moveit_ws/install/srdfdom/share/srdfdom/local_setup.bash
[0.566s] -- Up-to-date: /home/kaushal/kaushal/moveit_ws/install/srdfdom/share/srdfdom/local_setup.sh
[0.566s] -- Up-to-date: /home/kaushal/kaushal/moveit_ws/install/srdfdom/share/srdfdom/local_setup.zsh
[0.566s] -- Up-to-date: /home/kaushal/kaushal/moveit_ws/install/srdfdom/share/srdfdom/local_setup.dsv
[0.566s] -- Installing: /home/kaushal/kaushal/moveit_ws/install/srdfdom/share/srdfdom/package.dsv
[0.567s] -- Up-to-date: /home/kaushal/kaushal/moveit_ws/install/srdfdom/share/ament_index/resource_index/packages/srdfdom
[0.567s] -- Up-to-date: /home/kaushal/kaushal/moveit_ws/install/srdfdom/share/srdfdom/cmake/srdfdomTargetsExport.cmake
[0.567s] -- Up-to-date: /home/kaushal/kaushal/moveit_ws/install/srdfdom/share/srdfdom/cmake/srdfdomTargetsExport-debug.cmake
[0.568s] -- Up-to-date: /home/kaushal/kaushal/moveit_ws/install/srdfdom/share/srdfdom/cmake/ament_cmake_export_targets-extras.cmake
[0.568s] -- Up-to-date: /home/kaushal/kaushal/moveit_ws/install/srdfdom/share/srdfdom/cmake/ament_cmake_export_dependencies-extras.cmake
[0.568s] -- Up-to-date: /home/kaushal/kaushal/moveit_ws/install/srdfdom/share/srdfdom/cmake/srdfdomConfig.cmake
[0.568s] -- Up-to-date: /home/kaushal/kaushal/moveit_ws/install/srdfdom/share/srdfdom/cmake/srdfdomConfig-version.cmake
[0.568s] -- Up-to-date: /home/kaushal/kaushal/moveit_ws/install/srdfdom/share/srdfdom/package.xml
[0.570s] Invoked command in '/home/kaushal/kaushal/moveit_ws/build/srdfdom' returned '0': CMAKE_PREFIX_PATH=${CMAKE_PREFIX_PATH}:/home/kaushal/kaushal/moveit_ws/install/moveit_configs_utils:/home/kaushal/kaushal/moveit_ws/install/launch_param_builder:/opt/ros/humble /usr/bin/cmake --install /home/kaushal/kaushal/moveit_ws/build/srdfdom
