[0.266s] Invoking command in '/home/kaushal/kaushal/moveit_ws/build/rosparam_shortcuts': CMAKE_PREFIX_PATH=${CMAKE_PREFIX_PATH}:/home/kaushal/kaushal/moveit_ws/install/moveit_configs_utils:/home/kaushal/kaushal/moveit_ws/install/launch_param_builder:/opt/ros/humble /usr/bin/cmake --build /home/kaushal/kaushal/moveit_ws/build/rosparam_shortcuts -- -j16 -l16
[0.359s] [ 30%] Built target gtest_main
[0.359s] [ 30%] Built target gtest
[0.383s] [ 53%] Built target rosparam_shortcuts
[0.430s] [ 84%] Built target rosparam_shortcuts_example
[0.430s] [ 84%] Built target test_node_parameters
[0.431s] [100%] Built target rosparam_shortcuts_node_parameters_example
[0.475s] Invoked command in '/home/kaushal/kaushal/moveit_ws/build/rosparam_shortcuts' returned '0': CMAKE_PREFIX_PATH=${CMAKE_PREFIX_PATH}:/home/kaushal/kaushal/moveit_ws/install/moveit_configs_utils:/home/kaushal/kaushal/moveit_ws/install/launch_param_builder:/opt/ros/humble /usr/bin/cmake --build /home/kaushal/kaushal/moveit_ws/build/rosparam_shortcuts -- -j16 -l16
[0.477s] Invoking command in '/home/kaushal/kaushal/moveit_ws/build/rosparam_shortcuts': CMAKE_PREFIX_PATH=${CMAKE_PREFIX_PATH}:/home/kaushal/kaushal/moveit_ws/install/moveit_configs_utils:/home/kaushal/kaushal/moveit_ws/install/launch_param_builder:/opt/ros/humble /usr/bin/cmake --install /home/kaushal/kaushal/moveit_ws/build/rosparam_shortcuts
[0.487s] -- Install configuration: "Debug"
[0.487s] -- Up-to-date: /home/kaushal/kaushal/moveit_ws/install/rosparam_shortcuts/lib/librosparam_shortcuts.so
[0.488s] -- Up-to-date: /home/kaushal/kaushal/moveit_ws/install/rosparam_shortcuts/lib/rosparam_shortcuts/example
[0.490s] -- Up-to-date: /home/kaushal/kaushal/moveit_ws/install/rosparam_shortcuts/lib/rosparam_shortcuts/node_parameters_example
[0.490s] -- Up-to-date: /home/kaushal/kaushal/moveit_ws/install/rosparam_shortcuts/include
[0.490s] -- Up-to-date: /home/kaushal/kaushal/moveit_ws/install/rosparam_shortcuts/include/rosparam_shortcuts
[0.491s] -- Up-to-date: /home/kaushal/kaushal/moveit_ws/install/rosparam_shortcuts/include/rosparam_shortcuts/rosparam_shortcuts.h
[0.491s] -- Up-to-date: /home/kaushal/kaushal/moveit_ws/install/rosparam_shortcuts/include/rosparam_shortcuts/node_parameters.h
[0.491s] -- Up-to-date: /home/kaushal/kaushal/moveit_ws/install/rosparam_shortcuts/share/rosparam_shortcuts/launch
[0.491s] -- Up-to-date: /home/kaushal/kaushal/moveit_ws/install/rosparam_shortcuts/share/rosparam_shortcuts/launch/example.launch.py
[0.491s] -- Up-to-date: /home/kaushal/kaushal/moveit_ws/install/rosparam_shortcuts/share/rosparam_shortcuts/config
[0.491s] -- Up-to-date: /home/kaushal/kaushal/moveit_ws/install/rosparam_shortcuts/share/rosparam_shortcuts/config/example.yaml
[0.491s] -- Up-to-date: /home/kaushal/kaushal/moveit_ws/install/rosparam_shortcuts/share/rosparam_shortcuts/environment/library_path.sh
[0.491s] -- Up-to-date: /home/kaushal/kaushal/moveit_ws/install/rosparam_shortcuts/share/rosparam_shortcuts/environment/library_path.dsv
[0.492s] -- Up-to-date: /home/kaushal/kaushal/moveit_ws/install/rosparam_shortcuts/share/ament_index/resource_index/package_run_dependencies/rosparam_shortcuts
[0.492s] -- Up-to-date: /home/kaushal/kaushal/moveit_ws/install/rosparam_shortcuts/share/ament_index/resource_index/parent_prefix_path/rosparam_shortcuts
[0.492s] -- Up-to-date: /home/kaushal/kaushal/moveit_ws/install/rosparam_shortcuts/share/rosparam_shortcuts/environment/ament_prefix_path.sh
[0.492s] -- Up-to-date: /home/kaushal/kaushal/moveit_ws/install/rosparam_shortcuts/share/rosparam_shortcuts/environment/ament_prefix_path.dsv
[0.492s] -- Up-to-date: /home/kaushal/kaushal/moveit_ws/install/rosparam_shortcuts/share/rosparam_shortcuts/environment/path.sh
[0.492s] -- Up-to-date: /home/kaushal/kaushal/moveit_ws/install/rosparam_shortcuts/share/rosparam_shortcuts/environment/path.dsv
[0.492s] -- Up-to-date: /home/kaushal/kaushal/moveit_ws/install/rosparam_shortcuts/share/rosparam_shortcuts/local_setup.bash
[0.492s] -- Up-to-date: /home/kaushal/kaushal/moveit_ws/install/rosparam_shortcuts/share/rosparam_shortcuts/local_setup.sh
[0.492s] -- Up-to-date: /home/kaushal/kaushal/moveit_ws/install/rosparam_shortcuts/share/rosparam_shortcuts/local_setup.zsh
[0.493s] -- Up-to-date: /home/kaushal/kaushal/moveit_ws/install/rosparam_shortcuts/share/rosparam_shortcuts/local_setup.dsv
[0.493s] -- Installing: /home/kaushal/kaushal/moveit_ws/install/rosparam_shortcuts/share/rosparam_shortcuts/package.dsv
[0.493s] -- Up-to-date: /home/kaushal/kaushal/moveit_ws/install/rosparam_shortcuts/share/ament_index/resource_index/packages/rosparam_shortcuts
[0.493s] -- Up-to-date: /home/kaushal/kaushal/moveit_ws/install/rosparam_shortcuts/share/rosparam_shortcuts/cmake/export_rosparam_shortcutsExport.cmake
[0.494s] -- Up-to-date: /home/kaushal/kaushal/moveit_ws/install/rosparam_shortcuts/share/rosparam_shortcuts/cmake/export_rosparam_shortcutsExport-debug.cmake
[0.494s] -- Up-to-date: /home/kaushal/kaushal/moveit_ws/install/rosparam_shortcuts/share/rosparam_shortcuts/cmake/ament_cmake_export_targets-extras.cmake
[0.494s] -- Up-to-date: /home/kaushal/kaushal/moveit_ws/install/rosparam_shortcuts/share/rosparam_shortcuts/cmake/ament_cmake_export_dependencies-extras.cmake
[0.494s] -- Up-to-date: /home/kaushal/kaushal/moveit_ws/install/rosparam_shortcuts/share/rosparam_shortcuts/cmake/rosparam_shortcutsConfig.cmake
[0.494s] -- Up-to-date: /home/kaushal/kaushal/moveit_ws/install/rosparam_shortcuts/share/rosparam_shortcuts/cmake/rosparam_shortcutsConfig-version.cmake
[0.494s] -- Up-to-date: /home/kaushal/kaushal/moveit_ws/install/rosparam_shortcuts/share/rosparam_shortcuts/package.xml
[0.496s] Invoked command in '/home/kaushal/kaushal/moveit_ws/build/rosparam_shortcuts' returned '0': CMAKE_PREFIX_PATH=${CMAKE_PREFIX_PATH}:/home/kaushal/kaushal/moveit_ws/install/moveit_configs_utils:/home/kaushal/kaushal/moveit_ws/install/launch_param_builder:/opt/ros/humble /usr/bin/cmake --install /home/kaushal/kaushal/moveit_ws/build/rosparam_shortcuts
