[0.040s] Invoking command in '/home/kaushal/kaushal/moveit_ws/build/pilz_industrial_motion_planner': AMENT_PREFIX_PATH=/home/kaushal/kaushal/moveit_ws/install/moveit_resources_prbt_pg70_support:/home/kaushal/kaushal/moveit_ws/install/moveit_ros_planning_interface:/home/kaushal/kaushal/moveit_ws/install/moveit_resources_prbt_moveit_config:/home/kaushal/kaushal/moveit_ws/install/moveit_ros_move_group:/home/kaushal/kaushal/moveit_ws/install/moveit_ros_warehouse:/home/kaushal/kaushal/moveit_ws/install/moveit_planners_ompl:/home/kaushal/kaushal/moveit_ws/install/moveit_kinematics:/home/kaushal/kaushal/moveit_ws/install/moveit_ros_planning:/home/kaushal/kaushal/moveit_ws/install/pilz_industrial_motion_planner_testutils:/home/kaushal/kaushal/moveit_ws/install/moveit_simple_controller_manager:/home/kaushal/kaushal/moveit_ws/install/moveit_ros_occupancy_map_monitor:/home/kaushal/kaushal/moveit_ws/install/moveit_resources_prbt_ikfast_manipulator_plugin:/home/kaushal/kaushal/moveit_ws/install/moveit_core:/home/kaushal/kaushal/moveit_ws/install/moveit_resources_panda_moveit_config:/home/kaushal/kaushal/moveit_ws/install/moveit_resources_fanuc_moveit_config:/home/kaushal/kaushal/moveit_ws/install/moveit_configs_utils:/home/kaushal/kaushal/moveit_ws/install/srdfdom:/home/kaushal/kaushal/moveit_ws/install/moveit_resources_prbt_support:/home/kaushal/kaushal/moveit_ws/install/moveit_resources_pr2_description:/home/kaushal/kaushal/moveit_ws/install/moveit_resources_panda_description:/home/kaushal/kaushal/moveit_ws/install/moveit_resources_fanuc_description:/home/kaushal/kaushal/moveit_ws/install/moveit_common:/home/kaushal/kaushal/moveit_ws/install/launch_param_builder:${AMENT_PREFIX_PATH} CMAKE_PREFIX_PATH=/home/kaushal/kaushal/moveit_ws/install/moveit_resources_prbt_pg70_support:/home/kaushal/kaushal/moveit_ws/install/moveit_ros_planning_interface:/home/kaushal/kaushal/moveit_ws/install/moveit_resources_prbt_moveit_config:/home/kaushal/kaushal/moveit_ws/install/moveit_ros_move_group:/home/kaushal/kaushal/moveit_ws/install/moveit_ros_warehouse:/home/kaushal/kaushal/moveit_ws/install/moveit_planners_ompl:/home/kaushal/kaushal/moveit_ws/install/moveit_kinematics:/home/kaushal/kaushal/moveit_ws/install/moveit_ros_planning:/home/kaushal/kaushal/moveit_ws/install/pilz_industrial_motion_planner_testutils:/home/kaushal/kaushal/moveit_ws/install/moveit_simple_controller_manager:/home/kaushal/kaushal/moveit_ws/install/moveit_ros_occupancy_map_monitor:/home/kaushal/kaushal/moveit_ws/install/moveit_resources_prbt_ikfast_manipulator_plugin:/home/kaushal/kaushal/moveit_ws/install/moveit_core:/home/kaushal/kaushal/moveit_ws/install/moveit_resources_panda_moveit_config:/home/kaushal/kaushal/moveit_ws/install/moveit_resources_fanuc_moveit_config:/home/kaushal/kaushal/moveit_ws/install/srdfdom:/home/kaushal/kaushal/moveit_ws/install/moveit_resources_prbt_support:/home/kaushal/kaushal/moveit_ws/install/moveit_resources_pr2_description:/home/kaushal/kaushal/moveit_ws/install/moveit_resources_panda_description:/home/kaushal/kaushal/moveit_ws/install/moveit_resources_fanuc_description:/home/kaushal/kaushal/moveit_ws/install/moveit_common:/opt/ros/humble LD_LIBRARY_PATH=/home/kaushal/kaushal/moveit_ws/install/moveit_ros_planning_interface/lib:/home/kaushal/kaushal/moveit_ws/install/moveit_ros_move_group/lib:/home/kaushal/kaushal/moveit_ws/install/moveit_ros_warehouse/lib:/home/kaushal/kaushal/moveit_ws/install/moveit_planners_ompl/lib:/home/kaushal/kaushal/moveit_ws/install/moveit_kinematics/lib:/home/kaushal/kaushal/moveit_ws/install/moveit_ros_planning/lib:/home/kaushal/kaushal/moveit_ws/install/pilz_industrial_motion_planner_testutils/lib:/home/kaushal/kaushal/moveit_ws/install/moveit_simple_controller_manager/lib:/home/kaushal/kaushal/moveit_ws/install/moveit_ros_occupancy_map_monitor/lib:/home/kaushal/kaushal/moveit_ws/install/moveit_resources_prbt_ikfast_manipulator_plugin/lib:/home/kaushal/kaushal/moveit_ws/install/moveit_core/lib:/home/kaushal/kaushal/moveit_ws/install/srdfdom/lib:${LD_LIBRARY_PATH} PATH=/home/kaushal/kaushal/moveit_ws/install/moveit_core/bin:${PATH} PYTHONPATH=/home/kaushal/kaushal/moveit_ws/install/moveit_configs_utils/lib/python3.10/site-packages:/home/kaushal/kaushal/moveit_ws/install/srdfdom/local/lib/python3.10/dist-packages:/home/kaushal/kaushal/moveit_ws/install/launch_param_builder/lib/python3.10/site-packages:${PYTHONPATH} /usr/bin/cmake --build /home/kaushal/kaushal/moveit_ws/build/pilz_industrial_motion_planner -- -j16 -l16
[0.105s] [  7%] Built target gtest
[0.105s] [  7%] Built target gmock_main
[0.105s] [  7%] Built target gtest_main
[0.105s] [ 10%] Built target gmock
[0.111s] [ 12%] [32m[1mLinking CXX shared library libplanning_context_loader_base.so[0m
[0.113s] [ 13%] [32m[1mLinking CXX shared library libjoint_limits_common.so[0m
[0.119s] [ 14%] [32m[1mLinking CXX shared library libtrajectory_generation_common.so[0m
[0.661s] [ 18%] Built target trajectory_generation_common
[1.235s] [ 25%] Built target joint_limits_common
[1.264s] [ 27%] [32m[1mLinking CXX executable unittest_joint_limits_validator[0m
[1.264s] [ 27%] [32m[1mLinking CXX executable unittest_joint_limits_container[0m
[1.264s] [ 28%] [32m[1mLinking CXX executable unittest_cartesian_limits_aggregator[0m
[1.264s] [ 30%] [32m[1mLinking CXX executable unittest_joint_limit[0m
[1.269s] [ 32%] [32m[1mLinking CXX executable unittest_joint_limits_aggregator[0m
[1.269s] [ 33%] Built target pilz_industrial_motion_planner_test_utils
[1.270s] [ 34%] [32m[1mLinking CXX shared library libcommand_list_manager.so[0m
[1.313s] [ 36%] [32m[1mLinking CXX executable unittest_trajectory_functions[0m
[1.639s] [ 37%] Built target unittest_joint_limits_validator
[1.640s] [ 38%] Built target unittest_joint_limits_container
[1.679s] [ 39%] Built target unittest_cartesian_limits_aggregator
[1.680s] [ 40%] Built target unittest_joint_limit
[1.855s] [ 42%] Built target unittest_joint_limits_aggregator
[2.101s] [ 44%] Built target command_list_manager
[2.148s] [ 45%] [32m[1mLinking CXX shared library libsequence_capability.so[0m
[2.545s] [ 46%] Built target unittest_trajectory_functions
[2.743s] [ 49%] Built target sequence_capability
[8.834s] [ 50%] Built target planning_context_loader_base
[8.876s] [ 51%] [32m[1mLinking CXX shared library libpilz_industrial_motion_planner.so[0m
[8.878s] [ 55%] [32m[1mLinking CXX shared library libplanning_context_loader_lin.so[0m
[8.878s] [ 55%] [32m[1mLinking CXX shared library libplanning_context_loader_circ.so[0m
[8.878s] [ 55%] [32m[1mLinking CXX shared library libplanning_context_loader_ptp.so[0m
[9.256s] [ 56%] Built target pilz_industrial_motion_planner
[9.296s] [ 57%] [32m[1mLinking CXX executable unittest_velocity_profile_atrap[0m
[9.299s] [ 59%] [32m[1mLinking CXX executable unittest_get_solver_tip_frame[0m
[9.302s] [ 60%] [32m[1mLinking CXX executable unittest_pilz_industrial_motion_planner[0m
[9.302s] [ 61%] [32m[1mLinking CXX executable unittest_planning_context_loaders[0m
[9.306s] [ 62%] [32m[1mLinking CXX executable unittest_trajectory_generator[0m
[9.877s] [ 66%] Built target planning_context_loader_ptp
[9.941s] [ 68%] [32m[1mLinking CXX executable unittest_pilz_industrial_motion_planner_direct[0m
[9.941s] [ 68%] [32m[1mLinking CXX executable unittest_trajectory_generator_ptp[0m
[10.201s] [ 69%] Built target unittest_pilz_industrial_motion_planner
[10.838s] [ 71%] Built target unittest_pilz_industrial_motion_planner_direct
[10.916s] [ 74%] Built target planning_context_loader_circ
[10.972s] [ 75%] [32m[1mLinking CXX executable unittest_trajectory_generator_circ[0m
[10.997s] [ 79%] Built target planning_context_loader_lin
[11.055s] [ 80%] [32m[1mLinking CXX executable unittest_trajectory_generator_common[0m
[11.057s] [ 81%] [32m[1mLinking CXX executable unittest_trajectory_generator_lin[0m
[11.057s] [ 84%] [32m[1mLinking CXX executable unittest_trajectory_blender_transition_window[0m
[11.057s] [ 84%] [32m[1mLinking CXX executable unittest_planning_context[0m
[11.804s] [ 85%] Built target unittest_planning_context_loaders
[11.895s] [ 87%] Built target unittest_trajectory_generator
[11.907s] [ 89%] Built target unittest_get_solver_tip_frame
[11.947s] [ 91%] Built target unittest_velocity_profile_atrap
[13.408s] [ 92%] Built target unittest_trajectory_generator_ptp
[14.381s] [ 93%] Built target unittest_trajectory_generator_lin
[14.417s] [ 95%] Built target unittest_planning_context
[14.434s] [ 96%] Built target unittest_trajectory_generator_circ
[14.456s] [ 98%] Built target unittest_trajectory_blender_transition_window
[14.474s] [100%] Built target unittest_trajectory_generator_common
[14.487s] Invoked command in '/home/kaushal/kaushal/moveit_ws/build/pilz_industrial_motion_planner' returned '0': AMENT_PREFIX_PATH=/home/kaushal/kaushal/moveit_ws/install/moveit_resources_prbt_pg70_support:/home/kaushal/kaushal/moveit_ws/install/moveit_ros_planning_interface:/home/kaushal/kaushal/moveit_ws/install/moveit_resources_prbt_moveit_config:/home/kaushal/kaushal/moveit_ws/install/moveit_ros_move_group:/home/kaushal/kaushal/moveit_ws/install/moveit_ros_warehouse:/home/kaushal/kaushal/moveit_ws/install/moveit_planners_ompl:/home/kaushal/kaushal/moveit_ws/install/moveit_kinematics:/home/kaushal/kaushal/moveit_ws/install/moveit_ros_planning:/home/kaushal/kaushal/moveit_ws/install/pilz_industrial_motion_planner_testutils:/home/kaushal/kaushal/moveit_ws/install/moveit_simple_controller_manager:/home/kaushal/kaushal/moveit_ws/install/moveit_ros_occupancy_map_monitor:/home/kaushal/kaushal/moveit_ws/install/moveit_resources_prbt_ikfast_manipulator_plugin:/home/kaushal/kaushal/moveit_ws/install/moveit_core:/home/kaushal/kaushal/moveit_ws/install/moveit_resources_panda_moveit_config:/home/kaushal/kaushal/moveit_ws/install/moveit_resources_fanuc_moveit_config:/home/kaushal/kaushal/moveit_ws/install/moveit_configs_utils:/home/kaushal/kaushal/moveit_ws/install/srdfdom:/home/kaushal/kaushal/moveit_ws/install/moveit_resources_prbt_support:/home/kaushal/kaushal/moveit_ws/install/moveit_resources_pr2_description:/home/kaushal/kaushal/moveit_ws/install/moveit_resources_panda_description:/home/kaushal/kaushal/moveit_ws/install/moveit_resources_fanuc_description:/home/kaushal/kaushal/moveit_ws/install/moveit_common:/home/kaushal/kaushal/moveit_ws/install/launch_param_builder:${AMENT_PREFIX_PATH} CMAKE_PREFIX_PATH=/home/kaushal/kaushal/moveit_ws/install/moveit_resources_prbt_pg70_support:/home/kaushal/kaushal/moveit_ws/install/moveit_ros_planning_interface:/home/kaushal/kaushal/moveit_ws/install/moveit_resources_prbt_moveit_config:/home/kaushal/kaushal/moveit_ws/install/moveit_ros_move_group:/home/kaushal/kaushal/moveit_ws/install/moveit_ros_warehouse:/home/kaushal/kaushal/moveit_ws/install/moveit_planners_ompl:/home/kaushal/kaushal/moveit_ws/install/moveit_kinematics:/home/kaushal/kaushal/moveit_ws/install/moveit_ros_planning:/home/kaushal/kaushal/moveit_ws/install/pilz_industrial_motion_planner_testutils:/home/kaushal/kaushal/moveit_ws/install/moveit_simple_controller_manager:/home/kaushal/kaushal/moveit_ws/install/moveit_ros_occupancy_map_monitor:/home/kaushal/kaushal/moveit_ws/install/moveit_resources_prbt_ikfast_manipulator_plugin:/home/kaushal/kaushal/moveit_ws/install/moveit_core:/home/kaushal/kaushal/moveit_ws/install/moveit_resources_panda_moveit_config:/home/kaushal/kaushal/moveit_ws/install/moveit_resources_fanuc_moveit_config:/home/kaushal/kaushal/moveit_ws/install/srdfdom:/home/kaushal/kaushal/moveit_ws/install/moveit_resources_prbt_support:/home/kaushal/kaushal/moveit_ws/install/moveit_resources_pr2_description:/home/kaushal/kaushal/moveit_ws/install/moveit_resources_panda_description:/home/kaushal/kaushal/moveit_ws/install/moveit_resources_fanuc_description:/home/kaushal/kaushal/moveit_ws/install/moveit_common:/opt/ros/humble LD_LIBRARY_PATH=/home/kaushal/kaushal/moveit_ws/install/moveit_ros_planning_interface/lib:/home/kaushal/kaushal/moveit_ws/install/moveit_ros_move_group/lib:/home/kaushal/kaushal/moveit_ws/install/moveit_ros_warehouse/lib:/home/kaushal/kaushal/moveit_ws/install/moveit_planners_ompl/lib:/home/kaushal/kaushal/moveit_ws/install/moveit_kinematics/lib:/home/kaushal/kaushal/moveit_ws/install/moveit_ros_planning/lib:/home/kaushal/kaushal/moveit_ws/install/pilz_industrial_motion_planner_testutils/lib:/home/kaushal/kaushal/moveit_ws/install/moveit_simple_controller_manager/lib:/home/kaushal/kaushal/moveit_ws/install/moveit_ros_occupancy_map_monitor/lib:/home/kaushal/kaushal/moveit_ws/install/moveit_resources_prbt_ikfast_manipulator_plugin/lib:/home/kaushal/kaushal/moveit_ws/install/moveit_core/lib:/home/kaushal/kaushal/moveit_ws/install/srdfdom/lib:${LD_LIBRARY_PATH} PATH=/home/kaushal/kaushal/moveit_ws/install/moveit_core/bin:${PATH} PYTHONPATH=/home/kaushal/kaushal/moveit_ws/install/moveit_configs_utils/lib/python3.10/site-packages:/home/kaushal/kaushal/moveit_ws/install/srdfdom/local/lib/python3.10/dist-packages:/home/kaushal/kaushal/moveit_ws/install/launch_param_builder/lib/python3.10/site-packages:${PYTHONPATH} /usr/bin/cmake --build /home/kaushal/kaushal/moveit_ws/build/pilz_industrial_motion_planner -- -j16 -l16
[14.490s] Invoking command in '/home/kaushal/kaushal/moveit_ws/build/pilz_industrial_motion_planner': AMENT_PREFIX_PATH=/home/kaushal/kaushal/moveit_ws/install/moveit_resources_prbt_pg70_support:/home/kaushal/kaushal/moveit_ws/install/moveit_ros_planning_interface:/home/kaushal/kaushal/moveit_ws/install/moveit_resources_prbt_moveit_config:/home/kaushal/kaushal/moveit_ws/install/moveit_ros_move_group:/home/kaushal/kaushal/moveit_ws/install/moveit_ros_warehouse:/home/kaushal/kaushal/moveit_ws/install/moveit_planners_ompl:/home/kaushal/kaushal/moveit_ws/install/moveit_kinematics:/home/kaushal/kaushal/moveit_ws/install/moveit_ros_planning:/home/kaushal/kaushal/moveit_ws/install/pilz_industrial_motion_planner_testutils:/home/kaushal/kaushal/moveit_ws/install/moveit_simple_controller_manager:/home/kaushal/kaushal/moveit_ws/install/moveit_ros_occupancy_map_monitor:/home/kaushal/kaushal/moveit_ws/install/moveit_resources_prbt_ikfast_manipulator_plugin:/home/kaushal/kaushal/moveit_ws/install/moveit_core:/home/kaushal/kaushal/moveit_ws/install/moveit_resources_panda_moveit_config:/home/kaushal/kaushal/moveit_ws/install/moveit_resources_fanuc_moveit_config:/home/kaushal/kaushal/moveit_ws/install/moveit_configs_utils:/home/kaushal/kaushal/moveit_ws/install/srdfdom:/home/kaushal/kaushal/moveit_ws/install/moveit_resources_prbt_support:/home/kaushal/kaushal/moveit_ws/install/moveit_resources_pr2_description:/home/kaushal/kaushal/moveit_ws/install/moveit_resources_panda_description:/home/kaushal/kaushal/moveit_ws/install/moveit_resources_fanuc_description:/home/kaushal/kaushal/moveit_ws/install/moveit_common:/home/kaushal/kaushal/moveit_ws/install/launch_param_builder:${AMENT_PREFIX_PATH} CMAKE_PREFIX_PATH=/home/kaushal/kaushal/moveit_ws/install/moveit_resources_prbt_pg70_support:/home/kaushal/kaushal/moveit_ws/install/moveit_ros_planning_interface:/home/kaushal/kaushal/moveit_ws/install/moveit_resources_prbt_moveit_config:/home/kaushal/kaushal/moveit_ws/install/moveit_ros_move_group:/home/kaushal/kaushal/moveit_ws/install/moveit_ros_warehouse:/home/kaushal/kaushal/moveit_ws/install/moveit_planners_ompl:/home/kaushal/kaushal/moveit_ws/install/moveit_kinematics:/home/kaushal/kaushal/moveit_ws/install/moveit_ros_planning:/home/kaushal/kaushal/moveit_ws/install/pilz_industrial_motion_planner_testutils:/home/kaushal/kaushal/moveit_ws/install/moveit_simple_controller_manager:/home/kaushal/kaushal/moveit_ws/install/moveit_ros_occupancy_map_monitor:/home/kaushal/kaushal/moveit_ws/install/moveit_resources_prbt_ikfast_manipulator_plugin:/home/kaushal/kaushal/moveit_ws/install/moveit_core:/home/kaushal/kaushal/moveit_ws/install/moveit_resources_panda_moveit_config:/home/kaushal/kaushal/moveit_ws/install/moveit_resources_fanuc_moveit_config:/home/kaushal/kaushal/moveit_ws/install/srdfdom:/home/kaushal/kaushal/moveit_ws/install/moveit_resources_prbt_support:/home/kaushal/kaushal/moveit_ws/install/moveit_resources_pr2_description:/home/kaushal/kaushal/moveit_ws/install/moveit_resources_panda_description:/home/kaushal/kaushal/moveit_ws/install/moveit_resources_fanuc_description:/home/kaushal/kaushal/moveit_ws/install/moveit_common:/opt/ros/humble LD_LIBRARY_PATH=/home/kaushal/kaushal/moveit_ws/install/moveit_ros_planning_interface/lib:/home/kaushal/kaushal/moveit_ws/install/moveit_ros_move_group/lib:/home/kaushal/kaushal/moveit_ws/install/moveit_ros_warehouse/lib:/home/kaushal/kaushal/moveit_ws/install/moveit_planners_ompl/lib:/home/kaushal/kaushal/moveit_ws/install/moveit_kinematics/lib:/home/kaushal/kaushal/moveit_ws/install/moveit_ros_planning/lib:/home/kaushal/kaushal/moveit_ws/install/pilz_industrial_motion_planner_testutils/lib:/home/kaushal/kaushal/moveit_ws/install/moveit_simple_controller_manager/lib:/home/kaushal/kaushal/moveit_ws/install/moveit_ros_occupancy_map_monitor/lib:/home/kaushal/kaushal/moveit_ws/install/moveit_resources_prbt_ikfast_manipulator_plugin/lib:/home/kaushal/kaushal/moveit_ws/install/moveit_core/lib:/home/kaushal/kaushal/moveit_ws/install/srdfdom/lib:${LD_LIBRARY_PATH} PATH=/home/kaushal/kaushal/moveit_ws/install/moveit_core/bin:${PATH} PYTHONPATH=/home/kaushal/kaushal/moveit_ws/install/moveit_configs_utils/lib/python3.10/site-packages:/home/kaushal/kaushal/moveit_ws/install/srdfdom/local/lib/python3.10/dist-packages:/home/kaushal/kaushal/moveit_ws/install/launch_param_builder/lib/python3.10/site-packages:${PYTHONPATH} /usr/bin/cmake --install /home/kaushal/kaushal/moveit_ws/build/pilz_industrial_motion_planner
[14.498s] -- Install configuration: "Release"
[14.498s] -- Up-to-date: /home/kaushal/kaushal/moveit_ws/install/pilz_industrial_motion_planner/share/pilz_industrial_motion_planner/plugins/pilz_industrial_motion_planner_plugin_description.xml
[14.498s] -- Up-to-date: /home/kaushal/kaushal/moveit_ws/install/pilz_industrial_motion_planner/share/pilz_industrial_motion_planner/plugins/sequence_capability_plugin_description.xml
[14.498s] -- Up-to-date: /home/kaushal/kaushal/moveit_ws/install/pilz_industrial_motion_planner/share/pilz_industrial_motion_planner/plugins/planning_context_plugin_description.xml
[14.499s] -- Installing: /home/kaushal/kaushal/moveit_ws/install/pilz_industrial_motion_planner/lib/libpilz_industrial_motion_planner.so
[14.500s] -- Set runtime path of "/home/kaushal/kaushal/moveit_ws/install/pilz_industrial_motion_planner/lib/libpilz_industrial_motion_planner.so" to ""
[14.501s] -- Installing: /home/kaushal/kaushal/moveit_ws/install/pilz_industrial_motion_planner/lib/libjoint_limits_common.so
[14.501s] -- Set runtime path of "/home/kaushal/kaushal/moveit_ws/install/pilz_industrial_motion_planner/lib/libjoint_limits_common.so" to ""
[14.502s] -- Installing: /home/kaushal/kaushal/moveit_ws/install/pilz_industrial_motion_planner/lib/libplanning_context_loader_base.so
[14.502s] -- Set runtime path of "/home/kaushal/kaushal/moveit_ws/install/pilz_industrial_motion_planner/lib/libplanning_context_loader_base.so" to ""
[14.503s] -- Installing: /home/kaushal/kaushal/moveit_ws/install/pilz_industrial_motion_planner/lib/libplanning_context_loader_ptp.so
[14.503s] -- Set runtime path of "/home/kaushal/kaushal/moveit_ws/install/pilz_industrial_motion_planner/lib/libplanning_context_loader_ptp.so" to ""
[14.504s] -- Installing: /home/kaushal/kaushal/moveit_ws/install/pilz_industrial_motion_planner/lib/libplanning_context_loader_lin.so
[14.505s] -- Set runtime path of "/home/kaushal/kaushal/moveit_ws/install/pilz_industrial_motion_planner/lib/libplanning_context_loader_lin.so" to ""
[14.505s] -- Installing: /home/kaushal/kaushal/moveit_ws/install/pilz_industrial_motion_planner/lib/libplanning_context_loader_circ.so
[14.506s] -- Set runtime path of "/home/kaushal/kaushal/moveit_ws/install/pilz_industrial_motion_planner/lib/libplanning_context_loader_circ.so" to ""
[14.506s] -- Installing: /home/kaushal/kaushal/moveit_ws/install/pilz_industrial_motion_planner/lib/libcommand_list_manager.so
[14.507s] -- Set runtime path of "/home/kaushal/kaushal/moveit_ws/install/pilz_industrial_motion_planner/lib/libcommand_list_manager.so" to ""
[14.508s] -- Installing: /home/kaushal/kaushal/moveit_ws/install/pilz_industrial_motion_planner/lib/libsequence_capability.so
[14.509s] -- Set runtime path of "/home/kaushal/kaushal/moveit_ws/install/pilz_industrial_motion_planner/lib/libsequence_capability.so" to ""
[14.509s] -- Installing: /home/kaushal/kaushal/moveit_ws/install/pilz_industrial_motion_planner/lib/libtrajectory_generation_common.so
[14.510s] -- Set runtime path of "/home/kaushal/kaushal/moveit_ws/install/pilz_industrial_motion_planner/lib/libtrajectory_generation_common.so" to ""
[14.510s] -- Up-to-date: /home/kaushal/kaushal/moveit_ws/install/pilz_industrial_motion_planner/include
[14.510s] -- Up-to-date: /home/kaushal/kaushal/moveit_ws/install/pilz_industrial_motion_planner/include/joint_limits_copy
[14.510s] -- Up-to-date: /home/kaushal/kaushal/moveit_ws/install/pilz_industrial_motion_planner/include/joint_limits_copy/joint_limits_rosparam.hpp
[14.510s] -- Up-to-date: /home/kaushal/kaushal/moveit_ws/install/pilz_industrial_motion_planner/include/joint_limits_copy/joint_limits.hpp
[14.510s] -- Up-to-date: /home/kaushal/kaushal/moveit_ws/install/pilz_industrial_motion_planner/include/pilz_industrial_motion_planner
[14.511s] -- Up-to-date: /home/kaushal/kaushal/moveit_ws/install/pilz_industrial_motion_planner/include/pilz_industrial_motion_planner/cartesian_limit.h
[14.511s] -- Up-to-date: /home/kaushal/kaushal/moveit_ws/install/pilz_industrial_motion_planner/include/pilz_industrial_motion_planner/command_list_manager.h
[14.511s] -- Up-to-date: /home/kaushal/kaushal/moveit_ws/install/pilz_industrial_motion_planner/include/pilz_industrial_motion_planner/planning_context_circ.h
[14.511s] -- Up-to-date: /home/kaushal/kaushal/moveit_ws/install/pilz_industrial_motion_planner/include/pilz_industrial_motion_planner/plan_components_builder.h
[14.511s] -- Up-to-date: /home/kaushal/kaushal/moveit_ws/install/pilz_industrial_motion_planner/include/pilz_industrial_motion_planner/move_group_sequence_action.h
[14.511s] -- Up-to-date: /home/kaushal/kaushal/moveit_ws/install/pilz_industrial_motion_planner/include/pilz_industrial_motion_planner/pilz_industrial_motion_planner.h
[14.511s] -- Up-to-date: /home/kaushal/kaushal/moveit_ws/install/pilz_industrial_motion_planner/include/pilz_industrial_motion_planner/planning_context_loader_circ.h
[14.511s] -- Up-to-date: /home/kaushal/kaushal/moveit_ws/install/pilz_industrial_motion_planner/include/pilz_industrial_motion_planner/tip_frame_getter.h
[14.511s] -- Up-to-date: /home/kaushal/kaushal/moveit_ws/install/pilz_industrial_motion_planner/include/pilz_industrial_motion_planner/planning_exceptions.h
[14.511s] -- Up-to-date: /home/kaushal/kaushal/moveit_ws/install/pilz_industrial_motion_planner/include/pilz_industrial_motion_planner/planning_context_loader_ptp.h
[14.511s] -- Up-to-date: /home/kaushal/kaushal/moveit_ws/install/pilz_industrial_motion_planner/include/pilz_industrial_motion_planner/capability_names.h
[14.511s] -- Up-to-date: /home/kaushal/kaushal/moveit_ws/install/pilz_industrial_motion_planner/include/pilz_industrial_motion_planner/joint_limits_aggregator.h
[14.511s] -- Up-to-date: /home/kaushal/kaushal/moveit_ws/install/pilz_industrial_motion_planner/include/pilz_industrial_motion_planner/joint_limits_container.h
[14.511s] -- Up-to-date: /home/kaushal/kaushal/moveit_ws/install/pilz_industrial_motion_planner/include/pilz_industrial_motion_planner/trajectory_functions.h
[14.511s] -- Up-to-date: /home/kaushal/kaushal/moveit_ws/install/pilz_industrial_motion_planner/include/pilz_industrial_motion_planner/planning_context_ptp.h
[14.511s] -- Up-to-date: /home/kaushal/kaushal/moveit_ws/install/pilz_industrial_motion_planner/include/pilz_industrial_motion_planner/trajectory_blender_transition_window.h
[14.512s] -- Up-to-date: /home/kaushal/kaushal/moveit_ws/install/pilz_industrial_motion_planner/include/pilz_industrial_motion_planner/planning_context_loader_lin.h
[14.512s] -- Up-to-date: /home/kaushal/kaushal/moveit_ws/install/pilz_industrial_motion_planner/include/pilz_industrial_motion_planner/trajectory_generator_ptp.h
[14.512s] -- Up-to-date: /home/kaushal/kaushal/moveit_ws/install/pilz_industrial_motion_planner/include/pilz_industrial_motion_planner/joint_limits_extension.h
[14.512s] -- Up-to-date: /home/kaushal/kaushal/moveit_ws/install/pilz_industrial_motion_planner/include/pilz_industrial_motion_planner/planning_context_lin.h
[14.512s] -- Up-to-date: /home/kaushal/kaushal/moveit_ws/install/pilz_industrial_motion_planner/include/pilz_industrial_motion_planner/move_group_sequence_service.h
[14.512s] -- Up-to-date: /home/kaushal/kaushal/moveit_ws/install/pilz_industrial_motion_planner/include/pilz_industrial_motion_planner/joint_limits_interface_extension.h
[14.512s] -- Up-to-date: /home/kaushal/kaushal/moveit_ws/install/pilz_industrial_motion_planner/include/pilz_industrial_motion_planner/cartesian_trajectory_point.h
[14.512s] -- Up-to-date: /home/kaushal/kaushal/moveit_ws/install/pilz_industrial_motion_planner/include/pilz_industrial_motion_planner/trajectory_blend_response.h
[14.512s] -- Up-to-date: /home/kaushal/kaushal/moveit_ws/install/pilz_industrial_motion_planner/include/pilz_industrial_motion_planner/planning_context_base.h
[14.512s] -- Up-to-date: /home/kaushal/kaushal/moveit_ws/install/pilz_industrial_motion_planner/include/pilz_industrial_motion_planner/trajectory_generator_circ.h
[14.512s] -- Up-to-date: /home/kaushal/kaushal/moveit_ws/install/pilz_industrial_motion_planner/include/pilz_industrial_motion_planner/trajectory_generation_exceptions.h
[14.512s] -- Up-to-date: /home/kaushal/kaushal/moveit_ws/install/pilz_industrial_motion_planner/include/pilz_industrial_motion_planner/cartesian_trajectory.h
[14.512s] -- Up-to-date: /home/kaushal/kaushal/moveit_ws/install/pilz_industrial_motion_planner/include/pilz_industrial_motion_planner/path_circle_generator.h
[14.512s] -- Up-to-date: /home/kaushal/kaushal/moveit_ws/install/pilz_industrial_motion_planner/include/pilz_industrial_motion_planner/trajectory_generator_lin.h
[14.512s] -- Up-to-date: /home/kaushal/kaushal/moveit_ws/install/pilz_industrial_motion_planner/include/pilz_industrial_motion_planner/cartesian_limits_aggregator.h
[14.512s] -- Up-to-date: /home/kaushal/kaushal/moveit_ws/install/pilz_industrial_motion_planner/include/pilz_industrial_motion_planner/trajectory_blender.h
[14.512s] -- Up-to-date: /home/kaushal/kaushal/moveit_ws/install/pilz_industrial_motion_planner/include/pilz_industrial_motion_planner/trajectory_blend_request.h
[14.513s] -- Up-to-date: /home/kaushal/kaushal/moveit_ws/install/pilz_industrial_motion_planner/include/pilz_industrial_motion_planner/trajectory_generator.h
[14.513s] -- Up-to-date: /home/kaushal/kaushal/moveit_ws/install/pilz_industrial_motion_planner/include/pilz_industrial_motion_planner/velocity_profile_atrap.h
[14.513s] -- Up-to-date: /home/kaushal/kaushal/moveit_ws/install/pilz_industrial_motion_planner/include/pilz_industrial_motion_planner/joint_limits_validator.h
[14.513s] -- Up-to-date: /home/kaushal/kaushal/moveit_ws/install/pilz_industrial_motion_planner/include/pilz_industrial_motion_planner/limits_container.h
[14.513s] -- Up-to-date: /home/kaushal/kaushal/moveit_ws/install/pilz_industrial_motion_planner/include/pilz_industrial_motion_planner/planning_context_loader.h
[14.513s] -- Up-to-date: /home/kaushal/kaushal/moveit_ws/install/pilz_industrial_motion_planner/share/pilz_industrial_motion_planner/environment/library_path.sh
[14.513s] -- Up-to-date: /home/kaushal/kaushal/moveit_ws/install/pilz_industrial_motion_planner/share/pilz_industrial_motion_planner/environment/library_path.dsv
[14.514s] -- Installing: /home/kaushal/kaushal/moveit_ws/install/pilz_industrial_motion_planner/lib/pilz_industrial_motion_planner/unittest_pilz_industrial_motion_planner_direct
[14.515s] -- Set runtime path of "/home/kaushal/kaushal/moveit_ws/install/pilz_industrial_motion_planner/lib/pilz_industrial_motion_planner/unittest_pilz_industrial_motion_planner_direct" to ""
[14.517s] -- Installing: /home/kaushal/kaushal/moveit_ws/install/pilz_industrial_motion_planner/lib/pilz_industrial_motion_planner/unittest_velocity_profile_atrap
[14.518s] -- Set runtime path of "/home/kaushal/kaushal/moveit_ws/install/pilz_industrial_motion_planner/lib/pilz_industrial_motion_planner/unittest_velocity_profile_atrap" to ""
[14.519s] -- Installing: /home/kaushal/kaushal/moveit_ws/install/pilz_industrial_motion_planner/lib/pilz_industrial_motion_planner/unittest_trajectory_generator
[14.520s] -- Set runtime path of "/home/kaushal/kaushal/moveit_ws/install/pilz_industrial_motion_planner/lib/pilz_industrial_motion_planner/unittest_trajectory_generator" to ""
[14.521s] -- Installing: /home/kaushal/kaushal/moveit_ws/install/pilz_industrial_motion_planner/lib/pilz_industrial_motion_planner/unittest_trajectory_functions
[14.522s] -- Set runtime path of "/home/kaushal/kaushal/moveit_ws/install/pilz_industrial_motion_planner/lib/pilz_industrial_motion_planner/unittest_trajectory_functions" to ""
[14.523s] -- Installing: /home/kaushal/kaushal/moveit_ws/install/pilz_industrial_motion_planner/lib/pilz_industrial_motion_planner/unittest_trajectory_blender_transition_window
[14.524s] -- Set runtime path of "/home/kaushal/kaushal/moveit_ws/install/pilz_industrial_motion_planner/lib/pilz_industrial_motion_planner/unittest_trajectory_blender_transition_window" to ""
[14.525s] -- Installing: /home/kaushal/kaushal/moveit_ws/install/pilz_industrial_motion_planner/lib/pilz_industrial_motion_planner/unittest_trajectory_generator_common
[14.526s] -- Set runtime path of "/home/kaushal/kaushal/moveit_ws/install/pilz_industrial_motion_planner/lib/pilz_industrial_motion_planner/unittest_trajectory_generator_common" to ""
[14.528s] -- Installing: /home/kaushal/kaushal/moveit_ws/install/pilz_industrial_motion_planner/lib/pilz_industrial_motion_planner/unittest_trajectory_generator_circ
[14.529s] -- Set runtime path of "/home/kaushal/kaushal/moveit_ws/install/pilz_industrial_motion_planner/lib/pilz_industrial_motion_planner/unittest_trajectory_generator_circ" to ""
[14.529s] -- Installing: /home/kaushal/kaushal/moveit_ws/install/pilz_industrial_motion_planner/lib/pilz_industrial_motion_planner/unittest_trajectory_generator_lin
[14.531s] -- Set runtime path of "/home/kaushal/kaushal/moveit_ws/install/pilz_industrial_motion_planner/lib/pilz_industrial_motion_planner/unittest_trajectory_generator_lin" to ""
[14.531s] -- Installing: /home/kaushal/kaushal/moveit_ws/install/pilz_industrial_motion_planner/lib/pilz_industrial_motion_planner/unittest_trajectory_generator_ptp
[14.533s] -- Set runtime path of "/home/kaushal/kaushal/moveit_ws/install/pilz_industrial_motion_planner/lib/pilz_industrial_motion_planner/unittest_trajectory_generator_ptp" to ""
[14.533s] -- Installing: /home/kaushal/kaushal/moveit_ws/install/pilz_industrial_motion_planner/lib/pilz_industrial_motion_planner/unittest_pilz_industrial_motion_planner
[14.535s] -- Set runtime path of "/home/kaushal/kaushal/moveit_ws/install/pilz_industrial_motion_planner/lib/pilz_industrial_motion_planner/unittest_pilz_industrial_motion_planner" to ""
[14.535s] -- Installing: /home/kaushal/kaushal/moveit_ws/install/pilz_industrial_motion_planner/lib/pilz_industrial_motion_planner/unittest_joint_limit
[14.536s] -- Set runtime path of "/home/kaushal/kaushal/moveit_ws/install/pilz_industrial_motion_planner/lib/pilz_industrial_motion_planner/unittest_joint_limit" to ""
[14.536s] -- Installing: /home/kaushal/kaushal/moveit_ws/install/pilz_industrial_motion_planner/lib/pilz_industrial_motion_planner/unittest_joint_limits_aggregator
[14.537s] -- Set runtime path of "/home/kaushal/kaushal/moveit_ws/install/pilz_industrial_motion_planner/lib/pilz_industrial_motion_planner/unittest_joint_limits_aggregator" to ""
[14.538s] -- Installing: /home/kaushal/kaushal/moveit_ws/install/pilz_industrial_motion_planner/lib/pilz_industrial_motion_planner/unittest_joint_limits_container
[14.539s] -- Set runtime path of "/home/kaushal/kaushal/moveit_ws/install/pilz_industrial_motion_planner/lib/pilz_industrial_motion_planner/unittest_joint_limits_container" to ""
[14.539s] -- Installing: /home/kaushal/kaushal/moveit_ws/install/pilz_industrial_motion_planner/lib/pilz_industrial_motion_planner/unittest_joint_limits_validator
[14.540s] -- Set runtime path of "/home/kaushal/kaushal/moveit_ws/install/pilz_industrial_motion_planner/lib/pilz_industrial_motion_planner/unittest_joint_limits_validator" to ""
[14.541s] -- Installing: /home/kaushal/kaushal/moveit_ws/install/pilz_industrial_motion_planner/lib/pilz_industrial_motion_planner/unittest_cartesian_limits_aggregator
[14.542s] -- Set runtime path of "/home/kaushal/kaushal/moveit_ws/install/pilz_industrial_motion_planner/lib/pilz_industrial_motion_planner/unittest_cartesian_limits_aggregator" to ""
[14.543s] -- Installing: /home/kaushal/kaushal/moveit_ws/install/pilz_industrial_motion_planner/lib/pilz_industrial_motion_planner/unittest_planning_context_loaders
[14.544s] -- Set runtime path of "/home/kaushal/kaushal/moveit_ws/install/pilz_industrial_motion_planner/lib/pilz_industrial_motion_planner/unittest_planning_context_loaders" to ""
[14.545s] -- Installing: /home/kaushal/kaushal/moveit_ws/install/pilz_industrial_motion_planner/lib/pilz_industrial_motion_planner/unittest_planning_context
[14.546s] -- Set runtime path of "/home/kaushal/kaushal/moveit_ws/install/pilz_industrial_motion_planner/lib/pilz_industrial_motion_planner/unittest_planning_context" to ""
[14.547s] -- Installing: /home/kaushal/kaushal/moveit_ws/install/pilz_industrial_motion_planner/lib/pilz_industrial_motion_planner/unittest_get_solver_tip_frame
[14.548s] -- Set runtime path of "/home/kaushal/kaushal/moveit_ws/install/pilz_industrial_motion_planner/lib/pilz_industrial_motion_planner/unittest_get_solver_tip_frame" to ""
[14.548s] -- Up-to-date: /home/kaushal/kaushal/moveit_ws/install/pilz_industrial_motion_planner/share/pilz_industrial_motion_planner/config
[14.548s] -- Up-to-date: /home/kaushal/kaushal/moveit_ws/install/pilz_industrial_motion_planner/share/pilz_industrial_motion_planner/config/unittest_trajectory_generator_lin.yaml
[14.548s] -- Up-to-date: /home/kaushal/kaushal/moveit_ws/install/pilz_industrial_motion_planner/share/pilz_industrial_motion_planner/config/unittest_trajectory_blender_transition_window.yaml
[14.548s] -- Up-to-date: /home/kaushal/kaushal/moveit_ws/install/pilz_industrial_motion_planner/share/pilz_industrial_motion_planner/config/unittest_trajectory_generator_circ.yaml
[14.548s] -- Up-to-date: /home/kaushal/kaushal/moveit_ws/install/pilz_industrial_motion_planner/share/pilz_industrial_motion_planner/config/unittest_joint_limit_config.yaml
[14.548s] -- Up-to-date: /home/kaushal/kaushal/moveit_ws/install/pilz_industrial_motion_planner/share/pilz_industrial_motion_planner/config/unittest_trajectory_functions.yaml
[14.548s] -- Up-to-date: /home/kaushal/kaushal/moveit_ws/install/pilz_industrial_motion_planner/share/pilz_industrial_motion_planner/config/unittest_cartesian_limits_aggregator.yaml
[14.549s] -- Up-to-date: /home/kaushal/kaushal/moveit_ws/install/pilz_industrial_motion_planner/share/pilz_industrial_motion_planner/config/unittest_joint_limits_aggregator.yaml
[14.549s] -- Up-to-date: /home/kaushal/kaushal/moveit_ws/install/pilz_industrial_motion_planner/share/pilz_industrial_motion_planner/config/unittest_trajectory_generator_ptp.yaml
[14.549s] -- Up-to-date: /home/kaushal/kaushal/moveit_ws/install/pilz_industrial_motion_planner/share/pilz_industrial_motion_planner/config/unittest_trajectory_generator_common.yaml
[14.549s] -- Up-to-date: /home/kaushal/kaushal/moveit_ws/install/pilz_industrial_motion_planner/share/pilz_industrial_motion_planner/launch
[14.549s] -- Up-to-date: /home/kaushal/kaushal/moveit_ws/install/pilz_industrial_motion_planner/share/pilz_industrial_motion_planner/launch/unittest_planning_context_loaders.test.py
[14.549s] -- Up-to-date: /home/kaushal/kaushal/moveit_ws/install/pilz_industrial_motion_planner/share/pilz_industrial_motion_planner/launch/unittest_pilz_industrial_motion_planner.test.py
[14.549s] -- Up-to-date: /home/kaushal/kaushal/moveit_ws/install/pilz_industrial_motion_planner/share/pilz_industrial_motion_planner/launch/unittest_trajectory_generator_common.test.py
[14.549s] -- Up-to-date: /home/kaushal/kaushal/moveit_ws/install/pilz_industrial_motion_planner/share/pilz_industrial_motion_planner/launch/unittest_planning_context.test.py
[14.549s] -- Up-to-date: /home/kaushal/kaushal/moveit_ws/install/pilz_industrial_motion_planner/share/pilz_industrial_motion_planner/launch/common_parameters.py
[14.549s] -- Up-to-date: /home/kaushal/kaushal/moveit_ws/install/pilz_industrial_motion_planner/share/pilz_industrial_motion_planner/launch/unittest_trajectory_generator_circ.test.py
[14.549s] -- Up-to-date: /home/kaushal/kaushal/moveit_ws/install/pilz_industrial_motion_planner/share/pilz_industrial_motion_planner/launch/unittest_trajectory_generator_lin.test.py
[14.549s] -- Up-to-date: /home/kaushal/kaushal/moveit_ws/install/pilz_industrial_motion_planner/share/pilz_industrial_motion_planner/launch/unittest_trajectory_functions.test.py
[14.549s] -- Up-to-date: /home/kaushal/kaushal/moveit_ws/install/pilz_industrial_motion_planner/share/pilz_industrial_motion_planner/launch/unittest_joint_limit.test.py
[14.549s] -- Up-to-date: /home/kaushal/kaushal/moveit_ws/install/pilz_industrial_motion_planner/share/pilz_industrial_motion_planner/launch/unittest_trajectory_blender_transition_window.test.py
[14.549s] -- Up-to-date: /home/kaushal/kaushal/moveit_ws/install/pilz_industrial_motion_planner/share/pilz_industrial_motion_planner/launch/unittest_cartesian_limits_aggregator.test.py
[14.549s] -- Up-to-date: /home/kaushal/kaushal/moveit_ws/install/pilz_industrial_motion_planner/share/pilz_industrial_motion_planner/launch/unittest_joint_limits_aggregator.test.py
[14.549s] -- Up-to-date: /home/kaushal/kaushal/moveit_ws/install/pilz_industrial_motion_planner/share/pilz_industrial_motion_planner/launch/unittest_trajectory_generator_ptp.test.py
[14.550s] -- Up-to-date: /home/kaushal/kaushal/moveit_ws/install/pilz_industrial_motion_planner/share/pilz_industrial_motion_planner/test_data
[14.550s] -- Up-to-date: /home/kaushal/kaushal/moveit_ws/install/pilz_industrial_motion_planner/share/pilz_industrial_motion_planner/test_data/concept_testdata.odp
[14.550s] -- Up-to-date: /home/kaushal/kaushal/moveit_ws/install/pilz_industrial_motion_planner/share/pilz_industrial_motion_planner/test_data/frankaemika_panda
[14.550s] -- Up-to-date: /home/kaushal/kaushal/moveit_ws/install/pilz_industrial_motion_planner/share/pilz_industrial_motion_planner/test_data/frankaemika_panda/testdata_sequence.xml
[14.550s] -- Up-to-date: /home/kaushal/kaushal/moveit_ws/install/pilz_industrial_motion_planner/share/pilz_industrial_motion_planner/test_data/testpoints.py
[14.550s] -- Up-to-date: /home/kaushal/kaushal/moveit_ws/install/pilz_industrial_motion_planner/share/pilz_industrial_motion_planner/test_data/prbt
[14.550s] -- Up-to-date: /home/kaushal/kaushal/moveit_ws/install/pilz_industrial_motion_planner/share/pilz_industrial_motion_planner/test_data/prbt/testdata_with_gripper.xml
[14.550s] -- Up-to-date: /home/kaushal/kaushal/moveit_ws/install/pilz_industrial_motion_planner/share/pilz_industrial_motion_planner/test_data/prbt/testdata_deprecated.xml
[14.550s] -- Up-to-date: /home/kaushal/kaushal/moveit_ws/install/pilz_industrial_motion_planner/share/pilz_industrial_motion_planner/test_data/prbt/testdata_sequence.xml
[14.550s] -- Up-to-date: /home/kaushal/kaushal/moveit_ws/install/pilz_industrial_motion_planner/share/pilz_industrial_motion_planner/test_data/concept_testdata.png
[14.550s] -- Up-to-date: /home/kaushal/kaushal/moveit_ws/install/pilz_industrial_motion_planner/share/ament_index/resource_index/package_run_dependencies/pilz_industrial_motion_planner
[14.550s] -- Up-to-date: /home/kaushal/kaushal/moveit_ws/install/pilz_industrial_motion_planner/share/ament_index/resource_index/parent_prefix_path/pilz_industrial_motion_planner
[14.550s] -- Up-to-date: /home/kaushal/kaushal/moveit_ws/install/pilz_industrial_motion_planner/share/pilz_industrial_motion_planner/environment/ament_prefix_path.sh
[14.550s] -- Up-to-date: /home/kaushal/kaushal/moveit_ws/install/pilz_industrial_motion_planner/share/pilz_industrial_motion_planner/environment/ament_prefix_path.dsv
[14.550s] -- Up-to-date: /home/kaushal/kaushal/moveit_ws/install/pilz_industrial_motion_planner/share/pilz_industrial_motion_planner/environment/path.sh
[14.550s] -- Up-to-date: /home/kaushal/kaushal/moveit_ws/install/pilz_industrial_motion_planner/share/pilz_industrial_motion_planner/environment/path.dsv
[14.550s] -- Up-to-date: /home/kaushal/kaushal/moveit_ws/install/pilz_industrial_motion_planner/share/pilz_industrial_motion_planner/local_setup.bash
[14.550s] -- Up-to-date: /home/kaushal/kaushal/moveit_ws/install/pilz_industrial_motion_planner/share/pilz_industrial_motion_planner/local_setup.sh
[14.550s] -- Up-to-date: /home/kaushal/kaushal/moveit_ws/install/pilz_industrial_motion_planner/share/pilz_industrial_motion_planner/local_setup.zsh
[14.550s] -- Up-to-date: /home/kaushal/kaushal/moveit_ws/install/pilz_industrial_motion_planner/share/pilz_industrial_motion_planner/local_setup.dsv
[14.551s] -- Installing: /home/kaushal/kaushal/moveit_ws/install/pilz_industrial_motion_planner/share/pilz_industrial_motion_planner/package.dsv
[14.551s] -- Up-to-date: /home/kaushal/kaushal/moveit_ws/install/pilz_industrial_motion_planner/share/ament_index/resource_index/packages/pilz_industrial_motion_planner
[14.551s] -- Up-to-date: /home/kaushal/kaushal/moveit_ws/install/pilz_industrial_motion_planner/share/ament_index/resource_index/moveit_core__pluginlib__plugin/pilz_industrial_motion_planner
[14.551s] -- Up-to-date: /home/kaushal/kaushal/moveit_ws/install/pilz_industrial_motion_planner/share/ament_index/resource_index/moveit_ros_move_group__pluginlib__plugin/pilz_industrial_motion_planner
[14.551s] -- Up-to-date: /home/kaushal/kaushal/moveit_ws/install/pilz_industrial_motion_planner/share/ament_index/resource_index/pilz_industrial_motion_planner__pluginlib__plugin/pilz_industrial_motion_planner
[14.552s] -- Up-to-date: /home/kaushal/kaushal/moveit_ws/install/pilz_industrial_motion_planner/share/pilz_industrial_motion_planner/cmake/pilz_industrial_motion_plannerTargetsExport.cmake
[14.552s] -- Up-to-date: /home/kaushal/kaushal/moveit_ws/install/pilz_industrial_motion_planner/share/pilz_industrial_motion_planner/cmake/pilz_industrial_motion_plannerTargetsExport-release.cmake
[14.552s] -- Up-to-date: /home/kaushal/kaushal/moveit_ws/install/pilz_industrial_motion_planner/share/pilz_industrial_motion_planner/cmake/ament_cmake_export_include_directories-extras.cmake
[14.552s] -- Up-to-date: /home/kaushal/kaushal/moveit_ws/install/pilz_industrial_motion_planner/share/pilz_industrial_motion_planner/cmake/ament_cmake_export_targets-extras.cmake
[14.552s] -- Up-to-date: /home/kaushal/kaushal/moveit_ws/install/pilz_industrial_motion_planner/share/pilz_industrial_motion_planner/cmake/ament_cmake_export_dependencies-extras.cmake
[14.552s] -- Up-to-date: /home/kaushal/kaushal/moveit_ws/install/pilz_industrial_motion_planner/share/pilz_industrial_motion_planner/cmake/pilz_industrial_motion_plannerConfig.cmake
[14.552s] -- Up-to-date: /home/kaushal/kaushal/moveit_ws/install/pilz_industrial_motion_planner/share/pilz_industrial_motion_planner/cmake/pilz_industrial_motion_plannerConfig-version.cmake
[14.552s] -- Up-to-date: /home/kaushal/kaushal/moveit_ws/install/pilz_industrial_motion_planner/share/pilz_industrial_motion_planner/package.xml
[14.555s] Invoked command in '/home/kaushal/kaushal/moveit_ws/build/pilz_industrial_motion_planner' returned '0': AMENT_PREFIX_PATH=/home/kaushal/kaushal/moveit_ws/install/moveit_resources_prbt_pg70_support:/home/kaushal/kaushal/moveit_ws/install/moveit_ros_planning_interface:/home/kaushal/kaushal/moveit_ws/install/moveit_resources_prbt_moveit_config:/home/kaushal/kaushal/moveit_ws/install/moveit_ros_move_group:/home/kaushal/kaushal/moveit_ws/install/moveit_ros_warehouse:/home/kaushal/kaushal/moveit_ws/install/moveit_planners_ompl:/home/kaushal/kaushal/moveit_ws/install/moveit_kinematics:/home/kaushal/kaushal/moveit_ws/install/moveit_ros_planning:/home/kaushal/kaushal/moveit_ws/install/pilz_industrial_motion_planner_testutils:/home/kaushal/kaushal/moveit_ws/install/moveit_simple_controller_manager:/home/kaushal/kaushal/moveit_ws/install/moveit_ros_occupancy_map_monitor:/home/kaushal/kaushal/moveit_ws/install/moveit_resources_prbt_ikfast_manipulator_plugin:/home/kaushal/kaushal/moveit_ws/install/moveit_core:/home/kaushal/kaushal/moveit_ws/install/moveit_resources_panda_moveit_config:/home/kaushal/kaushal/moveit_ws/install/moveit_resources_fanuc_moveit_config:/home/kaushal/kaushal/moveit_ws/install/moveit_configs_utils:/home/kaushal/kaushal/moveit_ws/install/srdfdom:/home/kaushal/kaushal/moveit_ws/install/moveit_resources_prbt_support:/home/kaushal/kaushal/moveit_ws/install/moveit_resources_pr2_description:/home/kaushal/kaushal/moveit_ws/install/moveit_resources_panda_description:/home/kaushal/kaushal/moveit_ws/install/moveit_resources_fanuc_description:/home/kaushal/kaushal/moveit_ws/install/moveit_common:/home/kaushal/kaushal/moveit_ws/install/launch_param_builder:${AMENT_PREFIX_PATH} CMAKE_PREFIX_PATH=/home/kaushal/kaushal/moveit_ws/install/moveit_resources_prbt_pg70_support:/home/kaushal/kaushal/moveit_ws/install/moveit_ros_planning_interface:/home/kaushal/kaushal/moveit_ws/install/moveit_resources_prbt_moveit_config:/home/kaushal/kaushal/moveit_ws/install/moveit_ros_move_group:/home/kaushal/kaushal/moveit_ws/install/moveit_ros_warehouse:/home/kaushal/kaushal/moveit_ws/install/moveit_planners_ompl:/home/kaushal/kaushal/moveit_ws/install/moveit_kinematics:/home/kaushal/kaushal/moveit_ws/install/moveit_ros_planning:/home/kaushal/kaushal/moveit_ws/install/pilz_industrial_motion_planner_testutils:/home/kaushal/kaushal/moveit_ws/install/moveit_simple_controller_manager:/home/kaushal/kaushal/moveit_ws/install/moveit_ros_occupancy_map_monitor:/home/kaushal/kaushal/moveit_ws/install/moveit_resources_prbt_ikfast_manipulator_plugin:/home/kaushal/kaushal/moveit_ws/install/moveit_core:/home/kaushal/kaushal/moveit_ws/install/moveit_resources_panda_moveit_config:/home/kaushal/kaushal/moveit_ws/install/moveit_resources_fanuc_moveit_config:/home/kaushal/kaushal/moveit_ws/install/srdfdom:/home/kaushal/kaushal/moveit_ws/install/moveit_resources_prbt_support:/home/kaushal/kaushal/moveit_ws/install/moveit_resources_pr2_description:/home/kaushal/kaushal/moveit_ws/install/moveit_resources_panda_description:/home/kaushal/kaushal/moveit_ws/install/moveit_resources_fanuc_description:/home/kaushal/kaushal/moveit_ws/install/moveit_common:/opt/ros/humble LD_LIBRARY_PATH=/home/kaushal/kaushal/moveit_ws/install/moveit_ros_planning_interface/lib:/home/kaushal/kaushal/moveit_ws/install/moveit_ros_move_group/lib:/home/kaushal/kaushal/moveit_ws/install/moveit_ros_warehouse/lib:/home/kaushal/kaushal/moveit_ws/install/moveit_planners_ompl/lib:/home/kaushal/kaushal/moveit_ws/install/moveit_kinematics/lib:/home/kaushal/kaushal/moveit_ws/install/moveit_ros_planning/lib:/home/kaushal/kaushal/moveit_ws/install/pilz_industrial_motion_planner_testutils/lib:/home/kaushal/kaushal/moveit_ws/install/moveit_simple_controller_manager/lib:/home/kaushal/kaushal/moveit_ws/install/moveit_ros_occupancy_map_monitor/lib:/home/kaushal/kaushal/moveit_ws/install/moveit_resources_prbt_ikfast_manipulator_plugin/lib:/home/kaushal/kaushal/moveit_ws/install/moveit_core/lib:/home/kaushal/kaushal/moveit_ws/install/srdfdom/lib:${LD_LIBRARY_PATH} PATH=/home/kaushal/kaushal/moveit_ws/install/moveit_core/bin:${PATH} PYTHONPATH=/home/kaushal/kaushal/moveit_ws/install/moveit_configs_utils/lib/python3.10/site-packages:/home/kaushal/kaushal/moveit_ws/install/srdfdom/local/lib/python3.10/dist-packages:/home/kaushal/kaushal/moveit_ws/install/launch_param_builder/lib/python3.10/site-packages:${PYTHONPATH} /usr/bin/cmake --install /home/kaushal/kaushal/moveit_ws/build/pilz_industrial_motion_planner
