[0.005s] Invoking command in '/home/kaushal/kaushal/moveit_ws/build/moveit_common': CMAKE_PREFIX_PATH=/opt/ros/humble /usr/bin/cmake --build /home/kaushal/kaushal/moveit_ws/build/moveit_common -- -j16 -l16
[0.039s] Invoked command in '/home/kaushal/kaushal/moveit_ws/build/moveit_common' returned '0': CMAKE_PREFIX_PATH=/opt/ros/humble /usr/bin/cmake --build /home/kaushal/kaushal/moveit_ws/build/moveit_common -- -j16 -l16
[0.047s] Invoking command in '/home/kaushal/kaushal/moveit_ws/build/moveit_common': CMAKE_PREFIX_PATH=/opt/ros/humble /usr/bin/cmake --install /home/kaushal/kaushal/moveit_ws/build/moveit_common
[0.053s] -- Install configuration: "Debug"
[0.054s] -- Up-to-date: /home/kaushal/kaushal/moveit_ws/install/moveit_common/share/ament_index/resource_index/package_run_dependencies/moveit_common
[0.054s] -- Up-to-date: /home/kaushal/kaushal/moveit_ws/install/moveit_common/share/ament_index/resource_index/parent_prefix_path/moveit_common
[0.054s] -- Up-to-date: /home/kaushal/kaushal/moveit_ws/install/moveit_common/share/moveit_common/environment/ament_prefix_path.sh
[0.054s] -- Up-to-date: /home/kaushal/kaushal/moveit_ws/install/moveit_common/share/moveit_common/environment/ament_prefix_path.dsv
[0.054s] -- Up-to-date: /home/kaushal/kaushal/moveit_ws/install/moveit_common/share/moveit_common/environment/path.sh
[0.054s] -- Up-to-date: /home/kaushal/kaushal/moveit_ws/install/moveit_common/share/moveit_common/environment/path.dsv
[0.054s] -- Up-to-date: /home/kaushal/kaushal/moveit_ws/install/moveit_common/share/moveit_common/local_setup.bash
[0.054s] -- Up-to-date: /home/kaushal/kaushal/moveit_ws/install/moveit_common/share/moveit_common/local_setup.sh
[0.054s] -- Up-to-date: /home/kaushal/kaushal/moveit_ws/install/moveit_common/share/moveit_common/local_setup.zsh
[0.054s] -- Up-to-date: /home/kaushal/kaushal/moveit_ws/install/moveit_common/share/moveit_common/local_setup.dsv
[0.054s] -- Up-to-date: /home/kaushal/kaushal/moveit_ws/install/moveit_common/share/moveit_common/package.dsv
[0.054s] -- Up-to-date: /home/kaushal/kaushal/moveit_ws/install/moveit_common/share/ament_index/resource_index/packages/moveit_common
[0.054s] -- Up-to-date: /home/kaushal/kaushal/moveit_ws/install/moveit_common/share/moveit_common/cmake/moveit_common-extras.cmake
[0.054s] -- Up-to-date: /home/kaushal/kaushal/moveit_ws/install/moveit_common/share/moveit_common/cmake/moveit_commonConfig.cmake
[0.054s] -- Up-to-date: /home/kaushal/kaushal/moveit_ws/install/moveit_common/share/moveit_common/cmake/moveit_commonConfig-version.cmake
[0.054s] -- Up-to-date: /home/kaushal/kaushal/moveit_ws/install/moveit_common/share/moveit_common/package.xml
[0.055s] -- Up-to-date: /home/kaushal/kaushal/moveit_ws/install/moveit_common/share/moveit_common/cmake
[0.055s] -- Up-to-date: /home/kaushal/kaushal/moveit_ws/install/moveit_common/share/moveit_common/cmake/moveit_package.cmake
[0.055s] Invoked command in '/home/kaushal/kaushal/moveit_ws/build/moveit_common' returned '0': CMAKE_PREFIX_PATH=/opt/ros/humble /usr/bin/cmake --install /home/kaushal/kaushal/moveit_ws/build/moveit_common
