[0.033s] Invoking command in '/home/kaushal/kaushal/moveit_ws/build/moveit_ros_visualization': AMENT_PREFIX_PATH=/home/kaushal/kaushal/moveit_ws/install/moveit_ros_planning_interface:/home/kaushal/kaushal/moveit_ws/install/moveit_ros_move_group:/home/kaushal/kaushal/moveit_ws/install/moveit_ros_warehouse:/home/kaushal/kaushal/moveit_ws/install/moveit_ros_robot_interaction:/home/kaushal/kaushal/moveit_ws/install/moveit_planners_ompl:/home/kaushal/kaushal/moveit_ws/install/moveit_kinematics:/home/kaushal/kaushal/moveit_ws/install/moveit_ros_planning:/home/kaushal/kaushal/moveit_ws/install/moveit_simple_controller_manager:/home/kaushal/kaushal/moveit_ws/install/moveit_ros_occupancy_map_monitor:/home/kaushal/kaushal/moveit_ws/install/moveit_core:/home/kaushal/kaushal/moveit_ws/install/moveit_resources_panda_moveit_config:/home/kaushal/kaushal/moveit_ws/install/moveit_resources_fanuc_moveit_config:/home/kaushal/kaushal/moveit_ws/install/moveit_configs_utils:/home/kaushal/kaushal/moveit_ws/install/srdfdom:/home/kaushal/kaushal/moveit_ws/install/moveit_resources_pr2_description:/home/kaushal/kaushal/moveit_ws/install/moveit_resources_panda_description:/home/kaushal/kaushal/moveit_ws/install/moveit_resources_fanuc_description:/home/kaushal/kaushal/moveit_ws/install/moveit_common:/home/kaushal/kaushal/moveit_ws/install/launch_param_builder:${AMENT_PREFIX_PATH} CMAKE_PREFIX_PATH=/home/kaushal/kaushal/moveit_ws/install/moveit_ros_planning_interface:/home/kaushal/kaushal/moveit_ws/install/moveit_ros_move_group:/home/kaushal/kaushal/moveit_ws/install/moveit_ros_warehouse:/home/kaushal/kaushal/moveit_ws/install/moveit_ros_robot_interaction:/home/kaushal/kaushal/moveit_ws/install/moveit_planners_ompl:/home/kaushal/kaushal/moveit_ws/install/moveit_kinematics:/home/kaushal/kaushal/moveit_ws/install/moveit_ros_planning:/home/kaushal/kaushal/moveit_ws/install/moveit_simple_controller_manager:/home/kaushal/kaushal/moveit_ws/install/moveit_ros_occupancy_map_monitor:/home/kaushal/kaushal/moveit_ws/install/moveit_core:/home/kaushal/kaushal/moveit_ws/install/moveit_resources_panda_moveit_config:/home/kaushal/kaushal/moveit_ws/install/moveit_resources_fanuc_moveit_config:/home/kaushal/kaushal/moveit_ws/install/srdfdom:/home/kaushal/kaushal/moveit_ws/install/moveit_resources_pr2_description:/home/kaushal/kaushal/moveit_ws/install/moveit_resources_panda_description:/home/kaushal/kaushal/moveit_ws/install/moveit_resources_fanuc_description:/home/kaushal/kaushal/moveit_ws/install/moveit_common:/opt/ros/humble LD_LIBRARY_PATH=/home/kaushal/kaushal/moveit_ws/install/moveit_ros_planning_interface/lib:/home/kaushal/kaushal/moveit_ws/install/moveit_ros_move_group/lib:/home/kaushal/kaushal/moveit_ws/install/moveit_ros_warehouse/lib:/home/kaushal/kaushal/moveit_ws/install/moveit_ros_robot_interaction/lib:/home/kaushal/kaushal/moveit_ws/install/moveit_planners_ompl/lib:/home/kaushal/kaushal/moveit_ws/install/moveit_kinematics/lib:/home/kaushal/kaushal/moveit_ws/install/moveit_ros_planning/lib:/home/kaushal/kaushal/moveit_ws/install/moveit_simple_controller_manager/lib:/home/kaushal/kaushal/moveit_ws/install/moveit_ros_occupancy_map_monitor/lib:/home/kaushal/kaushal/moveit_ws/install/moveit_core/lib:/home/kaushal/kaushal/moveit_ws/install/srdfdom/lib:${LD_LIBRARY_PATH} PATH=/home/kaushal/kaushal/moveit_ws/install/moveit_core/bin:${PATH} PYTHONPATH=/home/kaushal/kaushal/moveit_ws/install/moveit_configs_utils/lib/python3.10/site-packages:/home/kaushal/kaushal/moveit_ws/install/srdfdom/local/lib/python3.10/dist-packages:/home/kaushal/kaushal/moveit_ws/install/launch_param_builder/lib/python3.10/site-packages:${PYTHONPATH} /usr/bin/cmake --build /home/kaushal/kaushal/moveit_ws/build/moveit_ros_visualization -- -j16 -l16
[0.088s] [  1%] [34m[1mAutomatic MOC for target moveit_rviz_plugin_render_tools[0m
[0.118s] [  1%] Built target moveit_rviz_plugin_render_tools_autogen
[0.181s] [ 18%] Built target moveit_rviz_plugin_render_tools
[0.212s] [ 20%] [34m[1mAutomatic MOC for target moveit_robot_state_rviz_plugin_core[0m
[0.212s] [ 22%] [34m[1mAutomatic MOC for target moveit_planning_scene_rviz_plugin_core[0m
[0.249s] [ 22%] Built target moveit_robot_state_rviz_plugin_core_autogen
[0.249s] [ 22%] Built target moveit_planning_scene_rviz_plugin_core_autogen
[0.298s] [ 27%] Built target moveit_robot_state_rviz_plugin_core
[0.303s] [ 34%] Built target moveit_planning_scene_rviz_plugin_core
[0.323s] [ 36%] [34m[1mAutomatic MOC for target moveit_robot_state_rviz_plugin[0m
[0.324s] [ 39%] [34m[1mAutomatic MOC for target moveit_planning_scene_rviz_plugin[0m
[0.324s] [ 39%] [34m[1mAutomatic MOC for target moveit_trajectory_rviz_plugin_core[0m
[0.340s] [ 39%] Built target moveit_robot_state_rviz_plugin_autogen
[0.340s] [ 39%] Built target moveit_planning_scene_rviz_plugin_autogen
[0.342s] [ 39%] Built target moveit_trajectory_rviz_plugin_core_autogen
[0.373s] [ 44%] Built target moveit_robot_state_rviz_plugin
[0.375s] [ 50%] Built target moveit_trajectory_rviz_plugin_core
[0.375s] [ 55%] Built target moveit_planning_scene_rviz_plugin
[0.396s] [ 58%] [34m[1mAutomatic MOC for target moveit_motion_planning_rviz_plugin_core[0m
[0.396s] [ 58%] [34m[1mAutomatic MOC for target moveit_trajectory_rviz_plugin[0m
[0.414s] [ 58%] Built target moveit_trajectory_rviz_plugin_autogen
[0.422s] [ 58%] Built target moveit_motion_planning_rviz_plugin_core_autogen
[0.448s] [ 63%] Built target moveit_trajectory_rviz_plugin
[0.501s] [ 93%] Built target moveit_motion_planning_rviz_plugin_core
[0.521s] [ 94%] [34m[1mAutomatic MOC for target moveit_motion_planning_rviz_plugin[0m
[0.540s] [ 94%] Built target moveit_motion_planning_rviz_plugin_autogen
[0.582s] [100%] Built target moveit_motion_planning_rviz_plugin
[0.594s] Invoked command in '/home/kaushal/kaushal/moveit_ws/build/moveit_ros_visualization' returned '0': AMENT_PREFIX_PATH=/home/kaushal/kaushal/moveit_ws/install/moveit_ros_planning_interface:/home/kaushal/kaushal/moveit_ws/install/moveit_ros_move_group:/home/kaushal/kaushal/moveit_ws/install/moveit_ros_warehouse:/home/kaushal/kaushal/moveit_ws/install/moveit_ros_robot_interaction:/home/kaushal/kaushal/moveit_ws/install/moveit_planners_ompl:/home/kaushal/kaushal/moveit_ws/install/moveit_kinematics:/home/kaushal/kaushal/moveit_ws/install/moveit_ros_planning:/home/kaushal/kaushal/moveit_ws/install/moveit_simple_controller_manager:/home/kaushal/kaushal/moveit_ws/install/moveit_ros_occupancy_map_monitor:/home/kaushal/kaushal/moveit_ws/install/moveit_core:/home/kaushal/kaushal/moveit_ws/install/moveit_resources_panda_moveit_config:/home/kaushal/kaushal/moveit_ws/install/moveit_resources_fanuc_moveit_config:/home/kaushal/kaushal/moveit_ws/install/moveit_configs_utils:/home/kaushal/kaushal/moveit_ws/install/srdfdom:/home/kaushal/kaushal/moveit_ws/install/moveit_resources_pr2_description:/home/kaushal/kaushal/moveit_ws/install/moveit_resources_panda_description:/home/kaushal/kaushal/moveit_ws/install/moveit_resources_fanuc_description:/home/kaushal/kaushal/moveit_ws/install/moveit_common:/home/kaushal/kaushal/moveit_ws/install/launch_param_builder:${AMENT_PREFIX_PATH} CMAKE_PREFIX_PATH=/home/kaushal/kaushal/moveit_ws/install/moveit_ros_planning_interface:/home/kaushal/kaushal/moveit_ws/install/moveit_ros_move_group:/home/kaushal/kaushal/moveit_ws/install/moveit_ros_warehouse:/home/kaushal/kaushal/moveit_ws/install/moveit_ros_robot_interaction:/home/kaushal/kaushal/moveit_ws/install/moveit_planners_ompl:/home/kaushal/kaushal/moveit_ws/install/moveit_kinematics:/home/kaushal/kaushal/moveit_ws/install/moveit_ros_planning:/home/kaushal/kaushal/moveit_ws/install/moveit_simple_controller_manager:/home/kaushal/kaushal/moveit_ws/install/moveit_ros_occupancy_map_monitor:/home/kaushal/kaushal/moveit_ws/install/moveit_core:/home/kaushal/kaushal/moveit_ws/install/moveit_resources_panda_moveit_config:/home/kaushal/kaushal/moveit_ws/install/moveit_resources_fanuc_moveit_config:/home/kaushal/kaushal/moveit_ws/install/srdfdom:/home/kaushal/kaushal/moveit_ws/install/moveit_resources_pr2_description:/home/kaushal/kaushal/moveit_ws/install/moveit_resources_panda_description:/home/kaushal/kaushal/moveit_ws/install/moveit_resources_fanuc_description:/home/kaushal/kaushal/moveit_ws/install/moveit_common:/opt/ros/humble LD_LIBRARY_PATH=/home/kaushal/kaushal/moveit_ws/install/moveit_ros_planning_interface/lib:/home/kaushal/kaushal/moveit_ws/install/moveit_ros_move_group/lib:/home/kaushal/kaushal/moveit_ws/install/moveit_ros_warehouse/lib:/home/kaushal/kaushal/moveit_ws/install/moveit_ros_robot_interaction/lib:/home/kaushal/kaushal/moveit_ws/install/moveit_planners_ompl/lib:/home/kaushal/kaushal/moveit_ws/install/moveit_kinematics/lib:/home/kaushal/kaushal/moveit_ws/install/moveit_ros_planning/lib:/home/kaushal/kaushal/moveit_ws/install/moveit_simple_controller_manager/lib:/home/kaushal/kaushal/moveit_ws/install/moveit_ros_occupancy_map_monitor/lib:/home/kaushal/kaushal/moveit_ws/install/moveit_core/lib:/home/kaushal/kaushal/moveit_ws/install/srdfdom/lib:${LD_LIBRARY_PATH} PATH=/home/kaushal/kaushal/moveit_ws/install/moveit_core/bin:${PATH} PYTHONPATH=/home/kaushal/kaushal/moveit_ws/install/moveit_configs_utils/lib/python3.10/site-packages:/home/kaushal/kaushal/moveit_ws/install/srdfdom/local/lib/python3.10/dist-packages:/home/kaushal/kaushal/moveit_ws/install/launch_param_builder/lib/python3.10/site-packages:${PYTHONPATH} /usr/bin/cmake --build /home/kaushal/kaushal/moveit_ws/build/moveit_ros_visualization -- -j16 -l16
[0.596s] Invoking command in '/home/kaushal/kaushal/moveit_ws/build/moveit_ros_visualization': AMENT_PREFIX_PATH=/home/kaushal/kaushal/moveit_ws/install/moveit_ros_planning_interface:/home/kaushal/kaushal/moveit_ws/install/moveit_ros_move_group:/home/kaushal/kaushal/moveit_ws/install/moveit_ros_warehouse:/home/kaushal/kaushal/moveit_ws/install/moveit_ros_robot_interaction:/home/kaushal/kaushal/moveit_ws/install/moveit_planners_ompl:/home/kaushal/kaushal/moveit_ws/install/moveit_kinematics:/home/kaushal/kaushal/moveit_ws/install/moveit_ros_planning:/home/kaushal/kaushal/moveit_ws/install/moveit_simple_controller_manager:/home/kaushal/kaushal/moveit_ws/install/moveit_ros_occupancy_map_monitor:/home/kaushal/kaushal/moveit_ws/install/moveit_core:/home/kaushal/kaushal/moveit_ws/install/moveit_resources_panda_moveit_config:/home/kaushal/kaushal/moveit_ws/install/moveit_resources_fanuc_moveit_config:/home/kaushal/kaushal/moveit_ws/install/moveit_configs_utils:/home/kaushal/kaushal/moveit_ws/install/srdfdom:/home/kaushal/kaushal/moveit_ws/install/moveit_resources_pr2_description:/home/kaushal/kaushal/moveit_ws/install/moveit_resources_panda_description:/home/kaushal/kaushal/moveit_ws/install/moveit_resources_fanuc_description:/home/kaushal/kaushal/moveit_ws/install/moveit_common:/home/kaushal/kaushal/moveit_ws/install/launch_param_builder:${AMENT_PREFIX_PATH} CMAKE_PREFIX_PATH=/home/kaushal/kaushal/moveit_ws/install/moveit_ros_planning_interface:/home/kaushal/kaushal/moveit_ws/install/moveit_ros_move_group:/home/kaushal/kaushal/moveit_ws/install/moveit_ros_warehouse:/home/kaushal/kaushal/moveit_ws/install/moveit_ros_robot_interaction:/home/kaushal/kaushal/moveit_ws/install/moveit_planners_ompl:/home/kaushal/kaushal/moveit_ws/install/moveit_kinematics:/home/kaushal/kaushal/moveit_ws/install/moveit_ros_planning:/home/kaushal/kaushal/moveit_ws/install/moveit_simple_controller_manager:/home/kaushal/kaushal/moveit_ws/install/moveit_ros_occupancy_map_monitor:/home/kaushal/kaushal/moveit_ws/install/moveit_core:/home/kaushal/kaushal/moveit_ws/install/moveit_resources_panda_moveit_config:/home/kaushal/kaushal/moveit_ws/install/moveit_resources_fanuc_moveit_config:/home/kaushal/kaushal/moveit_ws/install/srdfdom:/home/kaushal/kaushal/moveit_ws/install/moveit_resources_pr2_description:/home/kaushal/kaushal/moveit_ws/install/moveit_resources_panda_description:/home/kaushal/kaushal/moveit_ws/install/moveit_resources_fanuc_description:/home/kaushal/kaushal/moveit_ws/install/moveit_common:/opt/ros/humble LD_LIBRARY_PATH=/home/kaushal/kaushal/moveit_ws/install/moveit_ros_planning_interface/lib:/home/kaushal/kaushal/moveit_ws/install/moveit_ros_move_group/lib:/home/kaushal/kaushal/moveit_ws/install/moveit_ros_warehouse/lib:/home/kaushal/kaushal/moveit_ws/install/moveit_ros_robot_interaction/lib:/home/kaushal/kaushal/moveit_ws/install/moveit_planners_ompl/lib:/home/kaushal/kaushal/moveit_ws/install/moveit_kinematics/lib:/home/kaushal/kaushal/moveit_ws/install/moveit_ros_planning/lib:/home/kaushal/kaushal/moveit_ws/install/moveit_simple_controller_manager/lib:/home/kaushal/kaushal/moveit_ws/install/moveit_ros_occupancy_map_monitor/lib:/home/kaushal/kaushal/moveit_ws/install/moveit_core/lib:/home/kaushal/kaushal/moveit_ws/install/srdfdom/lib:${LD_LIBRARY_PATH} PATH=/home/kaushal/kaushal/moveit_ws/install/moveit_core/bin:${PATH} PYTHONPATH=/home/kaushal/kaushal/moveit_ws/install/moveit_configs_utils/lib/python3.10/site-packages:/home/kaushal/kaushal/moveit_ws/install/srdfdom/local/lib/python3.10/dist-packages:/home/kaushal/kaushal/moveit_ws/install/launch_param_builder/lib/python3.10/site-packages:${PYTHONPATH} /usr/bin/cmake --install /home/kaushal/kaushal/moveit_ws/build/moveit_ros_visualization
[0.603s] -- Install configuration: "Release"
[0.604s] -- Up-to-date: /home/kaushal/kaushal/moveit_ws/install/moveit_ros_visualization/include
[0.604s] -- Up-to-date: /home/kaushal/kaushal/moveit_ws/install/moveit_ros_visualization/include/ogre_helpers
[0.604s] -- Up-to-date: /home/kaushal/kaushal/moveit_ws/install/moveit_ros_visualization/include/ogre_helpers/mesh_shape.hpp
[0.604s] -- Up-to-date: /home/kaushal/kaushal/moveit_ws/install/moveit_ros_visualization/include/moveit
[0.604s] -- Up-to-date: /home/kaushal/kaushal/moveit_ws/install/moveit_ros_visualization/include/moveit/rviz_plugin_render_tools
[0.604s] -- Up-to-date: /home/kaushal/kaushal/moveit_ws/install/moveit_ros_visualization/include/moveit/rviz_plugin_render_tools/planning_link_updater.h
[0.604s] -- Up-to-date: /home/kaushal/kaushal/moveit_ws/install/moveit_ros_visualization/include/moveit/rviz_plugin_render_tools/trajectory_panel.h
[0.604s] -- Up-to-date: /home/kaushal/kaushal/moveit_ws/install/moveit_ros_visualization/include/moveit/rviz_plugin_render_tools/planning_scene_render.h
[0.605s] -- Up-to-date: /home/kaushal/kaushal/moveit_ws/install/moveit_ros_visualization/include/moveit/rviz_plugin_render_tools/trajectory_visualization.h
[0.605s] -- Up-to-date: /home/kaushal/kaushal/moveit_ws/install/moveit_ros_visualization/include/moveit/rviz_plugin_render_tools/octomap_render.h
[0.605s] -- Up-to-date: /home/kaushal/kaushal/moveit_ws/install/moveit_ros_visualization/include/moveit/rviz_plugin_render_tools/robot_state_visualization.h
[0.605s] -- Up-to-date: /home/kaushal/kaushal/moveit_ws/install/moveit_ros_visualization/include/moveit/rviz_plugin_render_tools/render_shapes.h
[0.605s] -- Up-to-date: /home/kaushal/kaushal/moveit_ws/install/moveit_ros_visualization/include
[0.605s] -- Up-to-date: /home/kaushal/kaushal/moveit_ws/install/moveit_ros_visualization/include/moveit
[0.605s] -- Up-to-date: /home/kaushal/kaushal/moveit_ws/install/moveit_ros_visualization/include/moveit/robot_state_rviz_plugin
[0.605s] -- Up-to-date: /home/kaushal/kaushal/moveit_ws/install/moveit_ros_visualization/include/moveit/robot_state_rviz_plugin/robot_state_display.h
[0.605s] -- Up-to-date: /home/kaushal/kaushal/moveit_ws/install/moveit_ros_visualization/include
[0.605s] -- Up-to-date: /home/kaushal/kaushal/moveit_ws/install/moveit_ros_visualization/include/moveit
[0.605s] -- Up-to-date: /home/kaushal/kaushal/moveit_ws/install/moveit_ros_visualization/include/moveit/planning_scene_rviz_plugin
[0.605s] -- Up-to-date: /home/kaushal/kaushal/moveit_ws/install/moveit_ros_visualization/include/moveit/planning_scene_rviz_plugin/background_processing.hpp
[0.605s] -- Up-to-date: /home/kaushal/kaushal/moveit_ws/install/moveit_ros_visualization/include/moveit/planning_scene_rviz_plugin/planning_scene_display.h
[0.606s] -- Up-to-date: /home/kaushal/kaushal/moveit_ws/install/moveit_ros_visualization/include/moveit_planning_scene_rviz_plugin_core_export.h
[0.606s] -- Up-to-date: /home/kaushal/kaushal/moveit_ws/install/moveit_ros_visualization/include
[0.606s] -- Up-to-date: /home/kaushal/kaushal/moveit_ws/install/moveit_ros_visualization/include/moveit
[0.606s] -- Up-to-date: /home/kaushal/kaushal/moveit_ws/install/moveit_ros_visualization/include/moveit/motion_planning_rviz_plugin
[0.606s] -- Up-to-date: /home/kaushal/kaushal/moveit_ws/install/moveit_ros_visualization/include/moveit/motion_planning_rviz_plugin/motion_planning_param_widget.h
[0.606s] -- Up-to-date: /home/kaushal/kaushal/moveit_ws/install/moveit_ros_visualization/include/moveit/motion_planning_rviz_plugin/motion_planning_frame_joints_widget.h
[0.606s] -- Up-to-date: /home/kaushal/kaushal/moveit_ws/install/moveit_ros_visualization/include/moveit/motion_planning_rviz_plugin/interactive_marker_display.h
[0.606s] -- Up-to-date: /home/kaushal/kaushal/moveit_ws/install/moveit_ros_visualization/include/moveit/motion_planning_rviz_plugin/motion_planning_display.h
[0.606s] -- Up-to-date: /home/kaushal/kaushal/moveit_ws/install/moveit_ros_visualization/include/moveit/motion_planning_rviz_plugin/motion_planning_frame.h
[0.606s] -- Up-to-date: /home/kaushal/kaushal/moveit_ws/install/moveit_ros_visualization/include
[0.606s] -- Up-to-date: /home/kaushal/kaushal/moveit_ws/install/moveit_ros_visualization/include/moveit
[0.606s] -- Up-to-date: /home/kaushal/kaushal/moveit_ws/install/moveit_ros_visualization/include/moveit/trajectory_rviz_plugin
[0.606s] -- Up-to-date: /home/kaushal/kaushal/moveit_ws/install/moveit_ros_visualization/include/moveit/trajectory_rviz_plugin/trajectory_display.h
[0.606s] -- Up-to-date: /home/kaushal/kaushal/moveit_ws/install/moveit_ros_visualization/share/moveit_ros_visualization/icons
[0.607s] -- Up-to-date: /home/kaushal/kaushal/moveit_ws/install/moveit_ros_visualization/share/moveit_ros_visualization/icons/classes
[0.607s] -- Up-to-date: /home/kaushal/kaushal/moveit_ws/install/moveit_ros_visualization/share/moveit_ros_visualization/icons/classes/PlanningScene.png
[0.607s] -- Up-to-date: /home/kaushal/kaushal/moveit_ws/install/moveit_ros_visualization/share/moveit_ros_visualization/icons/classes/Trajectory.png
[0.607s] -- Up-to-date: /home/kaushal/kaushal/moveit_ws/install/moveit_ros_visualization/share/moveit_ros_visualization/icons/classes/MotionPlanning.png
[0.607s] -- Up-to-date: /home/kaushal/kaushal/moveit_ws/install/moveit_ros_visualization/share/moveit_ros_visualization/icons/classes/RobotState.png
[0.607s] -- Up-to-date: /home/kaushal/kaushal/moveit_ws/install/moveit_ros_visualization/share/moveit_ros_visualization/motion_planning_rviz_plugin_description.xml
[0.607s] -- Up-to-date: /home/kaushal/kaushal/moveit_ws/install/moveit_ros_visualization/share/moveit_ros_visualization/trajectory_rviz_plugin_description.xml
[0.607s] -- Up-to-date: /home/kaushal/kaushal/moveit_ws/install/moveit_ros_visualization/share/moveit_ros_visualization/planning_scene_rviz_plugin_description.xml
[0.607s] -- Up-to-date: /home/kaushal/kaushal/moveit_ws/install/moveit_ros_visualization/share/moveit_ros_visualization/robot_state_rviz_plugin_description.xml
[0.607s] -- Up-to-date: /home/kaushal/kaushal/moveit_ws/install/moveit_ros_visualization/lib/libmoveit_motion_planning_rviz_plugin.so.2.5.9
[0.607s] -- Up-to-date: /home/kaushal/kaushal/moveit_ws/install/moveit_ros_visualization/lib/libmoveit_motion_planning_rviz_plugin.so
[0.607s] -- Up-to-date: /home/kaushal/kaushal/moveit_ws/install/moveit_ros_visualization/lib/libmoveit_motion_planning_rviz_plugin_core.so.2.5.9
[0.608s] -- Up-to-date: /home/kaushal/kaushal/moveit_ws/install/moveit_ros_visualization/lib/libmoveit_motion_planning_rviz_plugin_core.so
[0.608s] -- Up-to-date: /home/kaushal/kaushal/moveit_ws/install/moveit_ros_visualization/lib/libmoveit_planning_scene_rviz_plugin.so.2.5.9
[0.608s] -- Up-to-date: /home/kaushal/kaushal/moveit_ws/install/moveit_ros_visualization/lib/libmoveit_planning_scene_rviz_plugin.so
[0.608s] -- Up-to-date: /home/kaushal/kaushal/moveit_ws/install/moveit_ros_visualization/lib/libmoveit_planning_scene_rviz_plugin_core.so.2.5.9
[0.608s] -- Up-to-date: /home/kaushal/kaushal/moveit_ws/install/moveit_ros_visualization/lib/libmoveit_planning_scene_rviz_plugin_core.so
[0.608s] -- Up-to-date: /home/kaushal/kaushal/moveit_ws/install/moveit_ros_visualization/lib/libmoveit_robot_state_rviz_plugin.so.2.5.9
[0.608s] -- Up-to-date: /home/kaushal/kaushal/moveit_ws/install/moveit_ros_visualization/lib/libmoveit_robot_state_rviz_plugin.so
[0.608s] -- Up-to-date: /home/kaushal/kaushal/moveit_ws/install/moveit_ros_visualization/lib/libmoveit_robot_state_rviz_plugin_core.so.2.5.9
[0.608s] -- Up-to-date: /home/kaushal/kaushal/moveit_ws/install/moveit_ros_visualization/lib/libmoveit_robot_state_rviz_plugin_core.so
[0.608s] -- Up-to-date: /home/kaushal/kaushal/moveit_ws/install/moveit_ros_visualization/lib/libmoveit_rviz_plugin_render_tools.so.2.5.9
[0.608s] -- Up-to-date: /home/kaushal/kaushal/moveit_ws/install/moveit_ros_visualization/lib/libmoveit_rviz_plugin_render_tools.so
[0.608s] -- Up-to-date: /home/kaushal/kaushal/moveit_ws/install/moveit_ros_visualization/lib/libmoveit_trajectory_rviz_plugin.so.2.5.9
[0.609s] -- Up-to-date: /home/kaushal/kaushal/moveit_ws/install/moveit_ros_visualization/lib/libmoveit_trajectory_rviz_plugin.so
[0.609s] -- Up-to-date: /home/kaushal/kaushal/moveit_ws/install/moveit_ros_visualization/lib/libmoveit_trajectory_rviz_plugin_core.so.2.5.9
[0.609s] -- Up-to-date: /home/kaushal/kaushal/moveit_ws/install/moveit_ros_visualization/lib/libmoveit_trajectory_rviz_plugin_core.so
[0.609s] -- Up-to-date: /home/kaushal/kaushal/moveit_ws/install/moveit_ros_visualization/share/moveit_ros_visualization/environment/library_path.sh
[0.609s] -- Up-to-date: /home/kaushal/kaushal/moveit_ws/install/moveit_ros_visualization/share/moveit_ros_visualization/environment/library_path.dsv
[0.609s] -- Up-to-date: /home/kaushal/kaushal/moveit_ws/install/moveit_ros_visualization/share/ament_index/resource_index/package_run_dependencies/moveit_ros_visualization
[0.609s] -- Up-to-date: /home/kaushal/kaushal/moveit_ws/install/moveit_ros_visualization/share/ament_index/resource_index/parent_prefix_path/moveit_ros_visualization
[0.609s] -- Up-to-date: /home/kaushal/kaushal/moveit_ws/install/moveit_ros_visualization/share/moveit_ros_visualization/environment/ament_prefix_path.sh
[0.609s] -- Up-to-date: /home/kaushal/kaushal/moveit_ws/install/moveit_ros_visualization/share/moveit_ros_visualization/environment/ament_prefix_path.dsv
[0.609s] -- Up-to-date: /home/kaushal/kaushal/moveit_ws/install/moveit_ros_visualization/share/moveit_ros_visualization/environment/path.sh
[0.609s] -- Up-to-date: /home/kaushal/kaushal/moveit_ws/install/moveit_ros_visualization/share/moveit_ros_visualization/environment/path.dsv
[0.609s] -- Up-to-date: /home/kaushal/kaushal/moveit_ws/install/moveit_ros_visualization/share/moveit_ros_visualization/local_setup.bash
[0.609s] -- Up-to-date: /home/kaushal/kaushal/moveit_ws/install/moveit_ros_visualization/share/moveit_ros_visualization/local_setup.sh
[0.610s] -- Up-to-date: /home/kaushal/kaushal/moveit_ws/install/moveit_ros_visualization/share/moveit_ros_visualization/local_setup.zsh
[0.610s] -- Up-to-date: /home/kaushal/kaushal/moveit_ws/install/moveit_ros_visualization/share/moveit_ros_visualization/local_setup.dsv
[0.610s] -- Installing: /home/kaushal/kaushal/moveit_ws/install/moveit_ros_visualization/share/moveit_ros_visualization/package.dsv
[0.610s] -- Up-to-date: /home/kaushal/kaushal/moveit_ws/install/moveit_ros_visualization/share/ament_index/resource_index/packages/moveit_ros_visualization
[0.610s] -- Up-to-date: /home/kaushal/kaushal/moveit_ws/install/moveit_ros_visualization/share/ament_index/resource_index/rviz_common__pluginlib__plugin/moveit_ros_visualization
[0.610s] -- Up-to-date: /home/kaushal/kaushal/moveit_ws/install/moveit_ros_visualization/share/moveit_ros_visualization/cmake/export_moveit_ros_visualizationExport.cmake
[0.610s] -- Up-to-date: /home/kaushal/kaushal/moveit_ws/install/moveit_ros_visualization/share/moveit_ros_visualization/cmake/export_moveit_ros_visualizationExport-release.cmake
[0.610s] -- Up-to-date: /home/kaushal/kaushal/moveit_ws/install/moveit_ros_visualization/share/moveit_ros_visualization/cmake/ConfigExtras.cmake
[0.610s] -- Up-to-date: /home/kaushal/kaushal/moveit_ws/install/moveit_ros_visualization/share/moveit_ros_visualization/cmake/ament_cmake_export_targets-extras.cmake
[0.610s] -- Up-to-date: /home/kaushal/kaushal/moveit_ws/install/moveit_ros_visualization/share/moveit_ros_visualization/cmake/ament_cmake_export_dependencies-extras.cmake
[0.610s] -- Up-to-date: /home/kaushal/kaushal/moveit_ws/install/moveit_ros_visualization/share/moveit_ros_visualization/cmake/moveit_ros_visualizationConfig.cmake
[0.610s] -- Up-to-date: /home/kaushal/kaushal/moveit_ws/install/moveit_ros_visualization/share/moveit_ros_visualization/cmake/moveit_ros_visualizationConfig-version.cmake
[0.610s] -- Up-to-date: /home/kaushal/kaushal/moveit_ws/install/moveit_ros_visualization/share/moveit_ros_visualization/package.xml
[0.611s] Invoked command in '/home/kaushal/kaushal/moveit_ws/build/moveit_ros_visualization' returned '0': AMENT_PREFIX_PATH=/home/kaushal/kaushal/moveit_ws/install/moveit_ros_planning_interface:/home/kaushal/kaushal/moveit_ws/install/moveit_ros_move_group:/home/kaushal/kaushal/moveit_ws/install/moveit_ros_warehouse:/home/kaushal/kaushal/moveit_ws/install/moveit_ros_robot_interaction:/home/kaushal/kaushal/moveit_ws/install/moveit_planners_ompl:/home/kaushal/kaushal/moveit_ws/install/moveit_kinematics:/home/kaushal/kaushal/moveit_ws/install/moveit_ros_planning:/home/kaushal/kaushal/moveit_ws/install/moveit_simple_controller_manager:/home/kaushal/kaushal/moveit_ws/install/moveit_ros_occupancy_map_monitor:/home/kaushal/kaushal/moveit_ws/install/moveit_core:/home/kaushal/kaushal/moveit_ws/install/moveit_resources_panda_moveit_config:/home/kaushal/kaushal/moveit_ws/install/moveit_resources_fanuc_moveit_config:/home/kaushal/kaushal/moveit_ws/install/moveit_configs_utils:/home/kaushal/kaushal/moveit_ws/install/srdfdom:/home/kaushal/kaushal/moveit_ws/install/moveit_resources_pr2_description:/home/kaushal/kaushal/moveit_ws/install/moveit_resources_panda_description:/home/kaushal/kaushal/moveit_ws/install/moveit_resources_fanuc_description:/home/kaushal/kaushal/moveit_ws/install/moveit_common:/home/kaushal/kaushal/moveit_ws/install/launch_param_builder:${AMENT_PREFIX_PATH} CMAKE_PREFIX_PATH=/home/kaushal/kaushal/moveit_ws/install/moveit_ros_planning_interface:/home/kaushal/kaushal/moveit_ws/install/moveit_ros_move_group:/home/kaushal/kaushal/moveit_ws/install/moveit_ros_warehouse:/home/kaushal/kaushal/moveit_ws/install/moveit_ros_robot_interaction:/home/kaushal/kaushal/moveit_ws/install/moveit_planners_ompl:/home/kaushal/kaushal/moveit_ws/install/moveit_kinematics:/home/kaushal/kaushal/moveit_ws/install/moveit_ros_planning:/home/kaushal/kaushal/moveit_ws/install/moveit_simple_controller_manager:/home/kaushal/kaushal/moveit_ws/install/moveit_ros_occupancy_map_monitor:/home/kaushal/kaushal/moveit_ws/install/moveit_core:/home/kaushal/kaushal/moveit_ws/install/moveit_resources_panda_moveit_config:/home/kaushal/kaushal/moveit_ws/install/moveit_resources_fanuc_moveit_config:/home/kaushal/kaushal/moveit_ws/install/srdfdom:/home/kaushal/kaushal/moveit_ws/install/moveit_resources_pr2_description:/home/kaushal/kaushal/moveit_ws/install/moveit_resources_panda_description:/home/kaushal/kaushal/moveit_ws/install/moveit_resources_fanuc_description:/home/kaushal/kaushal/moveit_ws/install/moveit_common:/opt/ros/humble LD_LIBRARY_PATH=/home/kaushal/kaushal/moveit_ws/install/moveit_ros_planning_interface/lib:/home/kaushal/kaushal/moveit_ws/install/moveit_ros_move_group/lib:/home/kaushal/kaushal/moveit_ws/install/moveit_ros_warehouse/lib:/home/kaushal/kaushal/moveit_ws/install/moveit_ros_robot_interaction/lib:/home/kaushal/kaushal/moveit_ws/install/moveit_planners_ompl/lib:/home/kaushal/kaushal/moveit_ws/install/moveit_kinematics/lib:/home/kaushal/kaushal/moveit_ws/install/moveit_ros_planning/lib:/home/kaushal/kaushal/moveit_ws/install/moveit_simple_controller_manager/lib:/home/kaushal/kaushal/moveit_ws/install/moveit_ros_occupancy_map_monitor/lib:/home/kaushal/kaushal/moveit_ws/install/moveit_core/lib:/home/kaushal/kaushal/moveit_ws/install/srdfdom/lib:${LD_LIBRARY_PATH} PATH=/home/kaushal/kaushal/moveit_ws/install/moveit_core/bin:${PATH} PYTHONPATH=/home/kaushal/kaushal/moveit_ws/install/moveit_configs_utils/lib/python3.10/site-packages:/home/kaushal/kaushal/moveit_ws/install/srdfdom/local/lib/python3.10/dist-packages:/home/kaushal/kaushal/moveit_ws/install/launch_param_builder/lib/python3.10/site-packages:${PYTHONPATH} /usr/bin/cmake --install /home/kaushal/kaushal/moveit_ws/build/moveit_ros_visualization
