[35m[1mConsolidate compiler generated dependencies of target lifted_arm_test[0m
[ 66%] Built target hello_moveit
[ 66%] Built target cartesian_waypoints
[ 83%] [32mBuilding CXX object CMakeFiles/lifted_arm_test.dir/src/lifted_arm_test.cpp.o[0m
[01m[K/home/kaushal/kaushal/moveit_ws/src/hello_moveit/src/hello_moveit/src/lifted_arm_test.cpp:[m[K In function ‘[01m[Kint main(int, char**)[m[K’:
[01m[K/home/kaushal/kaushal/moveit_ws/src/hello_moveit/src/hello_moveit/src/lifted_arm_test.cpp:27:8:[m[K [01;35m[Kwarning: [m[Kunused variable ‘[01m[Kjmg[m[K’ [[01;35m[K]8;;https://gcc.gnu.org/onlinedocs/gcc/Warning-Options.html#index-Wunused-variable-Wunused-variable]8;;[m[K]
   27 |   auto [01;35m[Kjmg[m[K = move_group_interface.getRobotModel()->getJointModelGroup("lifted_arm");
      |        [01;35m[K^~~[m[K
[100%] [32m[1mLinking CXX executable lifted_arm_test[0m
[100%] Built target lifted_arm_test
-- Install configuration: ""
-- Up-to-date: /home/kaushal/kaushal/moveit_ws/install/hello_moveit/lib/hello_moveit/hello_moveit
-- Up-to-date: /home/kaushal/kaushal/moveit_ws/install/hello_moveit/lib/hello_moveit/cartesian_waypoints
-- Installing: /home/kaushal/kaushal/moveit_ws/install/hello_moveit/lib/hello_moveit/lifted_arm_test
-- Set runtime path of "/home/kaushal/kaushal/moveit_ws/install/hello_moveit/lib/hello_moveit/lifted_arm_test" to ""
-- Up-to-date: /home/kaushal/kaushal/moveit_ws/install/hello_moveit/share/ament_index/resource_index/package_run_dependencies/hello_moveit
-- Up-to-date: /home/kaushal/kaushal/moveit_ws/install/hello_moveit/share/ament_index/resource_index/parent_prefix_path/hello_moveit
-- Up-to-date: /home/kaushal/kaushal/moveit_ws/install/hello_moveit/share/hello_moveit/environment/ament_prefix_path.sh
-- Up-to-date: /home/kaushal/kaushal/moveit_ws/install/hello_moveit/share/hello_moveit/environment/ament_prefix_path.dsv
-- Up-to-date: /home/kaushal/kaushal/moveit_ws/install/hello_moveit/share/hello_moveit/environment/path.sh
-- Up-to-date: /home/kaushal/kaushal/moveit_ws/install/hello_moveit/share/hello_moveit/environment/path.dsv
-- Up-to-date: /home/kaushal/kaushal/moveit_ws/install/hello_moveit/share/hello_moveit/local_setup.bash
-- Up-to-date: /home/kaushal/kaushal/moveit_ws/install/hello_moveit/share/hello_moveit/local_setup.sh
-- Up-to-date: /home/kaushal/kaushal/moveit_ws/install/hello_moveit/share/hello_moveit/local_setup.zsh
-- Up-to-date: /home/kaushal/kaushal/moveit_ws/install/hello_moveit/share/hello_moveit/local_setup.dsv
-- Installing: /home/kaushal/kaushal/moveit_ws/install/hello_moveit/share/hello_moveit/package.dsv
-- Up-to-date: /home/kaushal/kaushal/moveit_ws/install/hello_moveit/share/ament_index/resource_index/packages/hello_moveit
-- Up-to-date: /home/kaushal/kaushal/moveit_ws/install/hello_moveit/share/hello_moveit/cmake/hello_moveitConfig.cmake
-- Up-to-date: /home/kaushal/kaushal/moveit_ws/install/hello_moveit/share/hello_moveit/cmake/hello_moveitConfig-version.cmake
-- Up-to-date: /home/kaushal/kaushal/moveit_ws/install/hello_moveit/share/hello_moveit/package.xml
